[0.026s] Invoking command in '/home/sheila/march/ros1/build/computed_torque': /usr/bin/cmake --build /home/sheila/march/ros1/build/computed_torque -- -j4 -l4
[0.119s] [  0%] Built target sensor_msgs_generate_messages_nodejs
[0.119s] [  0%] Built target sensor_msgs_generate_messages_cpp
[0.119s] [  0%] Built target dynamic_reconfigure_generate_messages_nodejs
[0.123s] [  0%] Built target sensor_msgs_generate_messages_py
[0.150s] [  0%] Built target march_shared_msgs_generate_messages_py
[0.157s] [  0%] Built target march_shared_msgs_generate_messages_nodejs
[0.162s] [  0%] Built target march_shared_msgs_generate_messages_eus
[0.176s] [  0%] Built target roscpp_generate_messages_eus
[0.192s] [  0%] Built target roscpp_generate_messages_cpp
[0.194s] [  0%] Built target control_toolbox_gencfg
[0.212s] [  0%] Built target std_msgs_generate_messages_py
[0.214s] [  0%] Built target march_shared_msgs_generate_messages_cpp
[0.235s] [  0%] Built target geometry_msgs_generate_messages_eus
[0.247s] [  0%] Built target std_msgs_generate_messages_nodejs
[0.249s] [  0%] Built target roscpp_generate_messages_nodejs
[0.269s] [  0%] Built target std_msgs_generate_messages_cpp
[0.271s] [  0%] Built target actionlib_msgs_generate_messages_py
[0.289s] [  0%] Built target march_shared_msgs_generate_messages_lisp
[0.290s] [  0%] Built target actionlib_generate_messages_cpp
[0.308s] [  0%] Built target rosgraph_msgs_generate_messages_nodejs
[0.309s] [  0%] Built target rosgraph_msgs_generate_messages_lisp
[0.328s] [  0%] Built target actionlib_generate_messages_lisp
[0.329s] [  0%] Built target actionlib_generate_messages_py
[0.349s] [  0%] Built target _catkin_empty_exported_target
[0.349s] [  0%] Built target actionlib_generate_messages_nodejs
[0.367s] [  0%] Built target control_msgs_generate_messages_eus
[0.368s] [  0%] Built target trajectory_msgs_generate_messages_nodejs
[0.387s] [  0%] Built target trajectory_msgs_generate_messages_cpp
[0.388s] [  0%] Built target control_toolbox_generate_messages_py
[0.406s] [  0%] Built target rosgraph_msgs_generate_messages_py
[0.406s] [  0%] Built target std_msgs_generate_messages_eus
[0.425s] [  0%] Built target actionlib_msgs_generate_messages_lisp
[0.425s] [  0%] Built target actionlib_msgs_generate_messages_nodejs
[0.446s] [  0%] Built target rosgraph_msgs_generate_messages_eus
[0.458s] [  0%] Built target actionlib_msgs_generate_messages_cpp
[0.464s] [  0%] Built target sensor_msgs_generate_messages_lisp
[0.465s] [  0%] Built target sensor_msgs_generate_messages_eus
[0.484s] [  0%] Built target control_msgs_generate_messages_lisp
[0.499s] [  0%] Built target std_msgs_generate_messages_lisp
[0.503s] [  0%] Built target roscpp_generate_messages_lisp
[0.504s] [  0%] Built target control_msgs_generate_messages_cpp
[0.522s] [  0%] Built target control_toolbox_generate_messages_nodejs
[0.541s] [  0%] Built target actionlib_msgs_generate_messages_eus
[0.542s] [  0%] Built target dynamic_reconfigure_generate_messages_py
[0.546s] [  0%] Built target control_msgs_generate_messages_nodejs
[0.561s] [  0%] Built target control_msgs_generate_messages_py
[0.579s] [  0%] Built target geometry_msgs_generate_messages_cpp
[0.580s] [  0%] Built target geometry_msgs_generate_messages_lisp
[0.592s] [  0%] Built target geometry_msgs_generate_messages_py
[0.599s] [  0%] Built target trajectory_msgs_generate_messages_lisp
[0.617s] [  0%] Built target rosgraph_msgs_generate_messages_cpp
[0.618s] [  0%] Built target actionlib_generate_messages_eus
[0.635s] [  0%] Built target trajectory_msgs_generate_messages_py
[0.639s] [  0%] Built target trajectory_msgs_generate_messages_eus
[0.657s] [  0%] Built target control_toolbox_generate_messages_cpp
[0.658s] [  0%] Built target roscpp_generate_messages_py
[0.675s] [  0%] Built target control_toolbox_generate_messages_eus
[0.677s] [  0%] Built target control_toolbox_generate_messages_lisp
[0.695s] [  0%] Built target geometry_msgs_generate_messages_nodejs
[0.696s] [  0%] Built target dynamic_reconfigure_generate_messages_cpp
[0.710s] [  0%] Built target dynamic_reconfigure_gencfg
[0.715s] [  0%] Built target dynamic_reconfigure_generate_messages_eus
[0.727s] [  0%] Built target dynamic_reconfigure_generate_messages_lisp
[0.758s] [ 50%] [32mBuilding CXX object CMakeFiles/computed_torque_lib.dir/src/computed_torque_controller.cpp.o[0m
[3.669s] In file included from [01m[K/home/sheila/march/ros1/src/control/computed_torque/include/computed_torque/computed_torque_controller.h:32[m[K,
[3.669s]                  from [01m[K/home/sheila/march/ros1/src/control/computed_torque/src/computed_torque_controller.cpp:5[m[K:
[3.670s] [01m[K/home/sheila/march/ros1/src/control/computed_torque/include/trajectory_interface/joint_trajectory_segment.h:70:7:[m[K [01;31m[Kerror: [m[Kredefinition of ‘[01m[Kclass joint_trajectory_controller::JointTrajectorySegment<Segment>[m[K’
[3.670s]    70 | class [01;31m[KJointTrajectorySegment[m[K : public Segment
[3.670s]       |       [01;31m[K^~~~~~~~~~~~~~~~~~~~~~[m[K
[3.670s] In file included from [01m[K/opt/ros/noetic/include/joint_trajectory_controller/joint_trajectory_controller.h:73[m[K,
[3.670s]                  from [01m[K/home/sheila/march/ros1/src/control/computed_torque/include/computed_torque/computed_torque_controller.h:29[m[K,
[3.670s]                  from [01m[K/home/sheila/march/ros1/src/control/computed_torque/src/computed_torque_controller.cpp:5[m[K:
[3.670s] [01m[K/opt/ros/noetic/include/joint_trajectory_controller/joint_trajectory_segment.h:70:7:[m[K [01;36m[Knote: [m[Kprevious definition of ‘[01m[Kclass joint_trajectory_controller::JointTrajectorySegment<Segment>[m[K’
[3.671s]    70 | class [01;36m[KJointTrajectorySegment[m[K : public Segment
[3.671s]       |       [01;36m[K^~~~~~~~~~~~~~~~~~~~~~[m[K
[3.671s] In file included from [01m[K/home/sheila/march/ros1/src/control/computed_torque/include/computed_torque/computed_torque_controller.h:32[m[K,
[3.671s]                  from [01m[K/home/sheila/march/ros1/src/control/computed_torque/src/computed_torque_controller.cpp:5[m[K:
[3.671s] [01m[K/home/sheila/march/ros1/src/control/computed_torque/include/trajectory_interface/joint_trajectory_segment.h:221:8:[m[K [01;31m[Kerror: [m[Kredefinition of ‘[01m[Ktemplate<class Scalar> Scalar joint_trajectory_controller::wraparoundJointOffset(const Scalar&, const Scalar&, const bool&)[m[K’
[3.671s]   221 | Scalar [01;31m[KwraparoundJointOffset[m[K(const Scalar& prev_position,
[3.672s]       |        [01;31m[K^~~~~~~~~~~~~~~~~~~~~[m[K
[3.672s] In file included from [01m[K/opt/ros/noetic/include/joint_trajectory_controller/joint_trajectory_controller.h:73[m[K,
[3.672s]                  from [01m[K/home/sheila/march/ros1/src/control/computed_torque/include/computed_torque/computed_torque_controller.h:29[m[K,
[3.672s]                  from [01m[K/home/sheila/march/ros1/src/control/computed_torque/src/computed_torque_controller.cpp:5[m[K:
[3.672s] [01m[K/opt/ros/noetic/include/joint_trajectory_controller/joint_trajectory_segment.h:221:8:[m[K [01;36m[Knote: [m[K‘[01m[Ktemplate<class Scalar> Scalar joint_trajectory_controller::wraparoundJointOffset(const Scalar&, const Scalar&, const bool&)[m[K’ previously declared here
[3.672s]   221 | Scalar [01;36m[KwraparoundJointOffset[m[K(const Scalar& prev_position,
[3.672s]       |        [01;36m[K^~~~~~~~~~~~~~~~~~~~~[m[K
[4.155s] In file included from [01m[K/home/sheila/march/ros1/src/control/computed_torque/src/computed_torque_controller.cpp:5[m[K:
[4.155s] [01m[K/home/sheila/march/ros1/src/control/computed_torque/include/computed_torque/computed_torque_controller.h:81:31:[m[K [01;31m[Kerror: [m[K‘[01m[KState[m[K’ does not name a type
[4.155s]    81 |                         const [01;31m[KState[m[K& desired_state,
[4.156s]       |                               [01;31m[K^~~~~[m[K
[4.157s] [01m[K/home/sheila/march/ros1/src/control/computed_torque/include/computed_torque/computed_torque_controller.h:82:31:[m[K [01;31m[Kerror: [m[K‘[01m[KState[m[K’ does not name a type
[4.157s]    82 |                         const [01;31m[KState[m[K& state_error );
[4.158s]       |                               [01;31m[K^~~~~[m[K
[4.178s] [01m[K/home/sheila/march/ros1/src/control/computed_torque/include/computed_torque/computed_torque_controller.h:112:21:[m[K [01;31m[Kerror: [m[K‘[01m[KJointTrajectorySegment[m[K’ does not name a type
[4.178s]   112 |             typedef [01;31m[KJointTrajectorySegment[m[K<SegmentImpl> Segment;
[4.179s]       |                     [01;31m[K^~~~~~~~~~~~~~~~~~~~~~[m[K
[4.180s] [01m[K/home/sheila/march/ros1/src/control/computed_torque/include/computed_torque/computed_torque_controller.h:114:46:[m[K [01;31m[Kerror: [m[K‘[01m[KHardwareInterface[m[K’ was not declared in this scope; did you mean ‘[01m[Khardware_interface::HardwareInterface[m[K’?
[4.180s]   114 |             typedef HardwareInterfaceAdapter<[01;31m[KHardwareInterface[m[K, typename Segment::State> HwIfaceAdapter;
[4.180s]       |                                              [01;31m[K^~~~~~~~~~~~~~~~~[m[K
[4.180s]       |                                              [32m[Khardware_interface::HardwareInterface[m[K
[4.180s] In file included from [01m[K/opt/ros/noetic/include/hardware_interface/robot_hw.h:37[m[K,
[4.180s]                  from [01m[K/opt/ros/noetic/include/controller_interface/controller_base.h:36[m[K,
[4.180s]                  from [01m[K/opt/ros/noetic/include/controller_interface/controller.h:35[m[K,
[4.180s]                  from [01m[K/home/sheila/march/ros1/src/control/computed_torque/include/computed_torque/computed_torque_controller.h:24[m[K,
[4.180s]                  from [01m[K/home/sheila/march/ros1/src/control/computed_torque/src/computed_torque_controller.cpp:5[m[K:
[4.180s] [01m[K/opt/ros/noetic/include/hardware_interface/hardware_interface.h:46:7:[m[K [01;36m[Knote: [m[K‘[01m[Khardware_interface::HardwareInterface[m[K’ declared here
[4.180s]    46 | class [01;36m[KHardwareInterface[m[K
[4.181s]       |       [01;36m[K^~~~~~~~~~~~~~~~~[m[K
[4.181s] In file included from [01m[K/home/sheila/march/ros1/src/control/computed_torque/src/computed_torque_controller.cpp:5[m[K:
[4.181s] [01m[K/home/sheila/march/ros1/src/control/computed_torque/include/computed_torque/computed_torque_controller.h:114:88:[m[K [01;31m[Kerror: [m[Ktemplate argument 1 is invalid
[4.181s]   114 |             typedef HardwareInterfaceAdapter<HardwareInterface, typename Segment::State[01;31m[K>[m[K HwIfaceAdapter;
[4.181s]       |                                                                                        [01;31m[K^[m[K
[4.181s] [01m[K/home/sheila/march/ros1/src/control/computed_torque/include/computed_torque/computed_torque_controller.h:114:88:[m[K [01;31m[Kerror: [m[Ktemplate argument 2 is invalid
[4.181s] [01m[K/home/sheila/march/ros1/src/control/computed_torque/include/computed_torque/computed_torque_controller.h:115:22:[m[K [01;31m[Kerror: [m[K‘[01m[KSegment[m[K’ has not been declared
[4.181s]   115 |             typename [01;31m[KSegment[m[K::State state_error_;           ///< Preallocated workspace variable.
[4.181s]       |                      [01;31m[K^~~~~~~[m[K
[4.181s] [01m[K/home/sheila/march/ros1/src/control/computed_torque/include/computed_torque/computed_torque_controller.h:116:22:[m[K [01;31m[Kerror: [m[K‘[01m[KSegment[m[K’ has not been declared
[4.181s]   116 |             typename [01;31m[KSegment[m[K::State desired_joint_state_;   ///< Preallocated workspace variable.
[4.181s]       |                      [01;31m[K^~~~~~~[m[K
[4.211s] In file included from [01m[K/home/sheila/march/ros1/src/control/computed_torque/include/computed_torque/computed_torque_controller.h:159[m[K,
[4.211s]                  from [01m[K/home/sheila/march/ros1/src/control/computed_torque/src/computed_torque_controller.cpp:5[m[K:
[4.211s] [01m[K/home/sheila/march/ros1/src/control/computed_torque/include/computed_torque/computed_torque_controller.hpp:76:53:[m[K [01;31m[Kerror: [m[K‘[01m[KState[m[K’ does not name a type
[4.211s]    76 |                                               const [01;31m[KState[m[K& desired_state,
[4.212s]       |                                                     [01;31m[K^~~~~[m[K
[4.213s] [01m[K/home/sheila/march/ros1/src/control/computed_torque/include/computed_torque/computed_torque_controller.hpp:77:53:[m[K [01;31m[Kerror: [m[K‘[01m[KState[m[K’ does not name a type
[4.214s]    77 |                                               const [01;31m[KState[m[K& state_error ){
[4.214s]       |                                                     [01;31m[K^~~~~[m[K
[4.214s] [01m[K/home/sheila/march/ros1/src/control/computed_torque/include/computed_torque/computed_torque_controller.hpp:[m[K In member function ‘[01m[Kvoid controller_ns::computed_torque_controller_class::update(const ros::Time&, const ros::Duration&, const int&, const int&)[m[K’:
[4.214s] [01m[K/home/sheila/march/ros1/src/control/computed_torque/include/computed_torque/computed_torque_controller.hpp:88:42:[m[K [01;31m[Kerror: [m[Krequest for member ‘[01m[Kacceleration[m[K’ in ‘[01m[Kdesired_state[m[K’, which is of non-class type ‘[01m[Kconst int[m[K’
[4.214s]    88 |       desired.qdotdot(i) = desired_state.[01;31m[Kacceleration[m[K[i];
[4.215s]       |                                          [01;31m[K^~~~~~~~~~~~[m[K
[4.215s] [01m[K/home/sheila/march/ros1/src/control/computed_torque/include/computed_torque/computed_torque_controller.hpp:90:32:[m[K [01;31m[Kerror: [m[Krequest for member ‘[01m[Kposition[m[K’ in ‘[01m[Kstate_error[m[K’, which is of non-class type ‘[01m[Kconst int[m[K’
[4.215s]    90 |       error.q(i) = state_error.[01;31m[Kposition[m[K[i];
[4.215s]       |                                [01;31m[K^~~~~~~~[m[K
[4.215s] [01m[K/home/sheila/march/ros1/src/control/computed_torque/include/computed_torque/computed_torque_controller.hpp:91:35:[m[K [01;31m[Kerror: [m[Krequest for member ‘[01m[Kvelocity[m[K’ in ‘[01m[Kstate_error[m[K’, which is of non-class type ‘[01m[Kconst int[m[K’
[4.215s]    91 |       error.qdot(i) = state_error.[01;31m[Kvelocity[m[K[i];
[4.216s]       |                                   [01;31m[K^~~~~~~~[m[K
[4.315s] [01m[K/home/sheila/march/ros1/src/control/computed_torque/include/computed_torque/computed_torque_controller.hpp:118:54:[m[K [01;31m[Kerror: [m[K‘[01m[Kerrror[m[K’ was not declared in this scope; did you mean ‘[01m[Kerror[m[K’?
[4.316s]   118 |         const double command = -Kp*error.q.data - Kv*[01;31m[Kerrror[m[K.qdot.data;
[4.316s]       |                                                      [01;31m[K^~~~~~[m[K
[4.316s]       |                                                      [32m[Kerror[m[K
[5.242s] In file included from [01m[K/opt/ros/noetic/include/class_loader/class_loader_core.hpp:45[m[K,
[5.242s]                  from [01m[K/opt/ros/noetic/include/class_loader/class_loader.hpp:46[m[K,
[5.243s]                  from [01m[K/opt/ros/noetic/include/pluginlib/./class_list_macros.hpp:40[m[K,
[5.243s]                  from [01m[K/opt/ros/noetic/include/pluginlib/class_list_macros.h:35[m[K,
[5.243s]                  from [01m[K/home/sheila/march/ros1/src/control/computed_torque/src/computed_torque_controller.cpp:2[m[K:
[5.243s] /opt/ros/noetic/include/class_loader/meta_object.hpp: In instantiation of ‘[01m[KB* class_loader::impl::MetaObject<C, B>::create() const [with C = controller_ns::computed_torque_controller_class; B = controller_interface::ControllerBase][m[K’:
[5.243s] [01m[K/opt/ros/noetic/include/class_loader/meta_object.hpp:196:7:[m[K   required from here
[5.243s] [01m[K/opt/ros/noetic/include/class_loader/meta_object.hpp:198:12:[m[K [01;31m[Kerror: [m[Kinvalid new-expression of abstract class type ‘[01m[Kcontroller_ns::computed_torque_controller_class[m[K’
[5.244s]   198 |     return [01;31m[Knew C[m[K;
[5.244s]       |            [01;31m[K^~~~~[m[K
[5.244s] In file included from [01m[K/home/sheila/march/ros1/src/control/computed_torque/src/computed_torque_controller.cpp:5[m[K:
[5.244s] [01m[K/home/sheila/march/ros1/src/control/computed_torque/include/computed_torque/computed_torque_controller.h:75:11:[m[K [01;36m[Knote: [m[K  because the following virtual functions are pure within ‘[01m[Kcontroller_ns::computed_torque_controller_class[m[K’:
[5.244s]    75 |     class [01;36m[Kcomputed_torque_controller_class[m[K : public controller_interface::Controller<hardware_interface::EffortJointInterface> {
[5.244s]       |           [01;36m[K^~~~~~~~~~~~~~~~~~~~~~~~~~~~~~~~[m[K
[5.244s] In file included from [01m[K/opt/ros/noetic/include/controller_interface/controller.h:35[m[K,
[5.245s]                  from [01m[K/home/sheila/march/ros1/src/control/computed_torque/include/computed_torque/computed_torque_controller.h:24[m[K,
[5.245s]                  from [01m[K/home/sheila/march/ros1/src/control/computed_torque/src/computed_torque_controller.cpp:5[m[K:
[5.245s] [01m[K/opt/ros/noetic/include/controller_interface/controller_base.h:73:16:[m[K [01;36m[Knote: [m[K	‘[01m[Kvirtual void controller_interface::ControllerBase::update(const ros::Time&, const ros::Duration&)[m[K’
[5.245s]    73 |   virtual void [01;36m[Kupdate[m[K(const ros::Time& time, const ros::Duration& period) = 0;
[5.245s]       |                [01;36m[K^~~~~~[m[K
[5.615s] make[2]: *** [CMakeFiles/computed_torque_lib.dir/build.make:63: CMakeFiles/computed_torque_lib.dir/src/computed_torque_controller.cpp.o] Error 1
[5.615s] make[1]: *** [CMakeFiles/Makefile2:265: CMakeFiles/computed_torque_lib.dir/all] Error 2
[5.615s] make: *** [Makefile:141: all] Error 2
[5.617s] Invoked command in '/home/sheila/march/ros1/build/computed_torque' returned '2': /usr/bin/cmake --build /home/sheila/march/ros1/build/computed_torque -- -j4 -l4
