In file included from [01m[K/home/sheila/march/ros1/src/control/computed_torque/src/computed_torque_controller.cpp:5[m[K:
[01m[K/home/sheila/march/ros1/src/control/computed_torque/include/computed_torque/computed_torque_controller.h:65:157:[m[K [01;31m[Kerror: [m[K‘[01m[KState[m[K’ is not a member of ‘[01m[Kjoint_trajectory_controller[m[K’
   65 | hardware_interface::EffortJointInterface, joint_trajectory_controller::[01;31m[KState[m[K> {
      |                                                                        [01;31m[K^~~~~[m[K

[01m[K/home/sheila/march/ros1/src/control/computed_torque/include/computed_torque/computed_torque_controller.h:65:157:[m[K [01;31m[Kerror: [m[K‘[01m[KState[m[K’ is not a member of ‘[01m[Kjoint_trajectory_controller[m[K’
[01m[K/home/sheila/march/ros1/src/control/computed_torque/include/computed_torque/computed_torque_controller.h:65:162:[m[K [01;31m[Kerror: [m[Kwrong number of template arguments (2, should be 1)
   65 | ace::EffortJointInterface, joint_trajectory_controller::State[01;31m[K>[m[K {
      |                                                              [01;31m[K^[m[K

In file included from [01m[K/home/sheila/march/ros1/src/control/computed_torque/include/computed_torque/computed_torque_controller.h:24[m[K,
                 from [01m[K/home/sheila/march/ros1/src/control/computed_torque/src/computed_torque_controller.cpp:5[m[K:
[01m[K/opt/ros/noetic/include/controller_interface/controller.h:52:7:[m[K [01;36m[Knote: [m[Kprovided for ‘[01m[Ktemplate<class T> class controller_interface::Controller[m[K’
   52 | class [01;36m[KController[m[K: public virtual ControllerBase
      |       [01;36m[K^~~~~~~~~~[m[K
In file included from [01m[K/home/sheila/march/ros1/src/control/computed_torque/src/computed_torque_controller.cpp:5[m[K:
[01m[K/home/sheila/march/ros1/src/control/computed_torque/include/computed_torque/computed_torque_controller.h:71:77:[m[K [01;31m[Kerror: [m[K‘[01m[KState[m[K’ in ‘[01m[Kcontrol_msgs::JointTrajectoryControllerState[m[K’ {aka ‘[01m[Kstruct control_msgs::JointTrajectoryControllerState_<std::allocator<void> >[m[K’} does not name a type
   71 |          const control_msgs::JointTrajectoryControllerState::[01;31m[KState[m[K& desired_state,
      |                                                              [01;31m[K^~~~~[m[K

[01m[K/home/sheila/march/ros1/src/control/computed_torque/include/computed_torque/computed_torque_controller.h:72:60:[m[K [01;31m[Kerror: [m[K‘[01m[KState[m[K’ in namespace ‘[01m[Kjoint_trajectory_controller[m[K’ does not name a type
   72 |                         const joint_trajectory_controller::[01;31m[KState[m[K& state_error );
      |                                                            [01;31m[K^~~~~[m[K
In file included from [01m[K/home/sheila/march/ros1/src/control/computed_torque/include/computed_torque/computed_torque_controller.h:141[m[K,
                 from [01m[K/home/sheila/march/ros1/src/control/computed_torque/src/computed_torque_controller.cpp:5[m[K:
[01m[K/home/sheila/march/ros1/src/control/computed_torque/include/computed_torque/computed_torque_controller.hpp:75:99:[m[K [01;31m[Kerror: [m[K‘[01m[KState[m[K’ in ‘[01m[Kcontrol_msgs::JointTrajectoryControllerState[m[K’ {aka ‘[01m[Kstruct control_msgs::JointTrajectoryControllerState_<std::allocator<void> >[m[K’} does not name a type
   75 |          const control_msgs::JointTrajectoryControllerState::[01;31m[KState[m[K& desired_state,
      |                                                              [01;31m[K^~~~~[m[K

[01m[K/home/sheila/march/ros1/src/control/computed_torque/include/computed_torque/computed_torque_controller.hpp:76:82:[m[K [01;31m[Kerror: [m[K‘[01m[KState[m[K’ in namespace ‘[01m[Kjoint_trajectory_controller[m[K’ does not name a type
   76 |                           const joint_trajectory_controller::[01;31m[KState[m[K& state_error ){
      |                                                              [01;31m[K^~~~~[m[K

[01m[K/home/sheila/march/ros1/src/control/computed_torque/include/computed_torque/computed_torque_controller.hpp:[m[K In member function ‘[01m[Kvoid controller_ns::computed_torque_controller_class::update(const ros::Time&, const ros::Duration&, const int&, const int&)[m[K’:
[01m[K/home/sheila/march/ros1/src/control/computed_torque/include/computed_torque/computed_torque_controller.hpp:85:36:[m[K [01;31m[Kerror: [m[Krequest for member ‘[01m[Kposition[m[K’ in ‘[01m[Kdesired_state[m[K’, which is of non-class type ‘[01m[Kconst int[m[K’
   85 |       desired.q(i) = desired_state.[01;31m[Kposition[m[K[i];
      |                                    [01;31m[K^~~~~~~~[m[K
[01m[K/home/sheila/march/ros1/src/control/computed_torque/include/computed_torque/computed_torque_controller.hpp:86:39:[m[K [01;31m[Kerror: [m[Krequest for member ‘[01m[Kvelocity[m[K’ in ‘[01m[Kdesired_state[m[K’, which is of non-class type ‘[01m[Kconst int[m[K’
   86 |       desired.qdot(i) = desired_state.[01;31m[Kvelocity[m[K[i];
      |                                       [01;31m[K^~~~~~~~[m[K
[01m[K/home/sheila/march/ros1/src/control/computed_torque/include/computed_torque/computed_torque_controller.hpp:87:42:[m[K [01;31m[Kerror: [m[Krequest for member ‘[01m[Kacceleration[m[K’ in ‘[01m[Kdesired_state[m[K’, which is of non-class type ‘[01m[Kconst int[m[K’
   87 |       desired.qdotdot(i) = desired_state.[01;31m[Kacceleration[m[K[i];
      |                                          [01;31m[K^~~~~~~~~~~~[m[K
[01m[K/home/sheila/march/ros1/src/control/computed_torque/include/computed_torque/computed_torque_controller.hpp:89:32:[m[K [01;31m[Kerror: [m[Krequest for member ‘[01m[Kposition[m[K’ in ‘[01m[Kstate_error[m[K’, which is of non-class type ‘[01m[Kconst int[m[K’
   89 |       error.q(i) = state_error.[01;31m[Kposition[m[K[i];
      |                                [01;31m[K^~~~~~~~[m[K
[01m[K/home/sheila/march/ros1/src/control/computed_torque/include/computed_torque/computed_torque_controller.hpp:90:35:[m[K [01;31m[Kerror: [m[Krequest for member ‘[01m[Kvelocity[m[K’ in ‘[01m[Kstate_error[m[K’, which is of non-class type ‘[01m[Kconst int[m[K’
   90 |       error.qdot(i) = state_error.[01;31m[Kvelocity[m[K[i];
      |                                   [01;31m[K^~~~~~~~[m[K
[01m[K/home/sheila/march/ros1/src/control/computed_torque/include/computed_torque/computed_torque_controller.hpp:117:54:[m[K [01;31m[Kerror: [m[K‘[01m[Kerrror[m[K’ was not declared in this scope; did you mean ‘[01m[Kerror[m[K’?
  117 |         const double command = -Kp*error.q.data - Kv*[01;31m[Kerrror[m[K.qdot.data;
      |                                                      [01;31m[K^~~~~~[m[K
      |                                                      [32m[Kerror[m[K
In file included from [01m[K/opt/ros/noetic/include/class_loader/class_loader_core.hpp:45[m[K,
                 from [01m[K/opt/ros/noetic/include/class_loader/class_loader.hpp:46[m[K,
                 from [01m[K/opt/ros/noetic/include/pluginlib/./class_list_macros.hpp:40[m[K,
                 from [01m[K/opt/ros/noetic/include/pluginlib/class_list_macros.h:35[m[K,
                 from [01m[K/home/sheila/march/ros1/src/control/computed_torque/src/computed_torque_controller.cpp:2[m[K:
/opt/ros/noetic/include/class_loader/meta_object.hpp: In instantiation of ‘[01m[KB* class_loader::impl::MetaObject<C, B>::create() const [with C = controller_ns::computed_torque_controller_class; B = controller_interface::ControllerBase][m[K’:
[01m[K/opt/ros/noetic/include/class_loader/meta_object.hpp:196:7:[m[K   required from here
[01m[K/opt/ros/noetic/include/class_loader/meta_object.hpp:198:16:[m[K [01;31m[Kerror: [m[Kcannot convert ‘[01m[Kcontroller_ns::computed_torque_controller_class*[m[K’ to ‘[01m[Kcontroller_interface::ControllerBase*[m[K’ in return
  198 |     return new [01;31m[KC[m[K;
      |                [01;31m[K^[m[K
make[2]: *** [CMakeFiles/computed_torque_lib.dir/build.make:63: CMakeFiles/computed_torque_lib.dir/src/computed_torque_controller.cpp.o] Error 1
make[1]: *** [CMakeFiles/Makefile2:1811: CMakeFiles/computed_torque_lib.dir/all] Error 2
make: *** [Makefile:141: all] Error 2
