[0.127s] Invoking command in '/home/sheila/march/ros1/build/march_moveit': CMAKE_PREFIX_PATH=/home/sheila/march/ros1/install/march_description:${CMAKE_PREFIX_PATH} PKG_CONFIG_PATH=/home/sheila/march/ros1/install/march_description/lib/x86_64-linux-gnu/pkgconfig:/home/sheila/march/ros1/install/march_description/lib/pkgconfig:${PKG_CONFIG_PATH} ROS_PACKAGE_PATH=/home/sheila/march/ros1/install/march_description/share:${ROS_PACKAGE_PATH} /usr/bin/cmake /home/sheila/march/ros1/src/balance/march_moveit -DCATKIN_INSTALL_INTO_PREFIX_ROOT=0 -DCMAKE_INSTALL_PREFIX=/home/sheila/march/ros1/install/march_moveit
[0.433s] -- The C compiler identification is GNU 9.3.0
[0.759s] -- The CXX compiler identification is GNU 9.3.0
[0.772s] -- Check for working C compiler: /usr/bin/cc
[1.161s] -- Check for working C compiler: /usr/bin/cc -- works
[1.163s] -- Detecting C compiler ABI info
[1.589s] -- Detecting C compiler ABI info - done
[1.660s] -- Detecting C compile features
[1.661s] -- Detecting C compile features - done
[1.666s] -- Check for working CXX compiler: /usr/bin/c++
[2.220s] -- Check for working CXX compiler: /usr/bin/c++ -- works
[2.222s] -- Detecting CXX compiler ABI info
[2.684s] -- Detecting CXX compiler ABI info - done
[2.752s] -- Detecting CXX compile features
[2.756s] -- Detecting CXX compile features - done
[2.772s] -- Using CATKIN_DEVEL_PREFIX: /home/sheila/march/ros1/build/march_moveit/devel
[2.773s] -- Using CMAKE_PREFIX_PATH: /home/sheila/march/ros1/install/march_description;/opt/ros/noetic
[2.773s] -- This workspace overlays: /home/sheila/march/ros1/install/march_description;/opt/ros/noetic
[2.855s] -- Found PythonInterp: /usr/bin/python3 (found suitable version "3.8.5", minimum required is "3") 
[2.855s] -- Using PYTHON_EXECUTABLE: /usr/bin/python3
[2.855s] -- Using Debian Python package layout
[3.048s] -- Found PY_em: /usr/lib/python3/dist-packages/em.py  
[3.048s] -- Using empy: /usr/lib/python3/dist-packages/em.py
[3.652s] -- Using CATKIN_ENABLE_TESTING: ON
[3.653s] -- Call enable_testing()
[3.656s] -- Using CATKIN_TEST_RESULTS_DIR: /home/sheila/march/ros1/build/march_moveit/test_results
[5.195s] -- Forcing gtest/gmock from source, though one was otherwise available.
[5.196s] -- Found gtest sources under '/usr/src/googletest': gtests will be built
[5.196s] -- Found gmock sources under '/usr/src/googletest': gmock will be built
[5.294s] -- Found PythonInterp: /usr/bin/python3 (found version "3.8.5") 
[5.298s] -- Found Threads: TRUE  
[5.332s] -- Using Python nosetests: /usr/bin/nosetests3
[5.667s] -- catkin 0.8.9
[5.667s] -- BUILD_SHARED_LIBS is on
[7.139s] -- Configuring done
[7.169s] -- Generating done
[7.172s] -- Build files have been written to: /home/sheila/march/ros1/build/march_moveit
[7.198s] Invoked command in '/home/sheila/march/ros1/build/march_moveit' returned '0': CMAKE_PREFIX_PATH=/home/sheila/march/ros1/install/march_description:${CMAKE_PREFIX_PATH} PKG_CONFIG_PATH=/home/sheila/march/ros1/install/march_description/lib/x86_64-linux-gnu/pkgconfig:/home/sheila/march/ros1/install/march_description/lib/pkgconfig:${PKG_CONFIG_PATH} ROS_PACKAGE_PATH=/home/sheila/march/ros1/install/march_description/share:${ROS_PACKAGE_PATH} /usr/bin/cmake /home/sheila/march/ros1/src/balance/march_moveit -DCATKIN_INSTALL_INTO_PREFIX_ROOT=0 -DCMAKE_INSTALL_PREFIX=/home/sheila/march/ros1/install/march_moveit
[7.199s] Invoking command in '/home/sheila/march/ros1/build/march_moveit': CMAKE_PREFIX_PATH=/home/sheila/march/ros1/install/march_description:${CMAKE_PREFIX_PATH} PKG_CONFIG_PATH=/home/sheila/march/ros1/install/march_description/lib/x86_64-linux-gnu/pkgconfig:/home/sheila/march/ros1/install/march_description/lib/pkgconfig:${PKG_CONFIG_PATH} ROS_PACKAGE_PATH=/home/sheila/march/ros1/install/march_description/share:${ROS_PACKAGE_PATH} /usr/bin/cmake --build /home/sheila/march/ros1/build/march_moveit -- -j4 -l4
[7.394s] Invoked command in '/home/sheila/march/ros1/build/march_moveit' returned '0': CMAKE_PREFIX_PATH=/home/sheila/march/ros1/install/march_description:${CMAKE_PREFIX_PATH} PKG_CONFIG_PATH=/home/sheila/march/ros1/install/march_description/lib/x86_64-linux-gnu/pkgconfig:/home/sheila/march/ros1/install/march_description/lib/pkgconfig:${PKG_CONFIG_PATH} ROS_PACKAGE_PATH=/home/sheila/march/ros1/install/march_description/share:${ROS_PACKAGE_PATH} /usr/bin/cmake --build /home/sheila/march/ros1/build/march_moveit -- -j4 -l4
[7.795s] Invoking command in '/home/sheila/march/ros1/build/march_moveit': CMAKE_PREFIX_PATH=/home/sheila/march/ros1/install/march_description:${CMAKE_PREFIX_PATH} PKG_CONFIG_PATH=/home/sheila/march/ros1/install/march_description/lib/x86_64-linux-gnu/pkgconfig:/home/sheila/march/ros1/install/march_description/lib/pkgconfig:${PKG_CONFIG_PATH} ROS_PACKAGE_PATH=/home/sheila/march/ros1/install/march_description/share:${ROS_PACKAGE_PATH} /usr/bin/cmake --build /home/sheila/march/ros1/build/march_moveit --target tests -- -j4 -l4
[8.064s] [35m[1mScanning dependencies of target tests[0m
[8.143s] Built target tests
[8.198s] Invoked command in '/home/sheila/march/ros1/build/march_moveit' returned '0': CMAKE_PREFIX_PATH=/home/sheila/march/ros1/install/march_description:${CMAKE_PREFIX_PATH} PKG_CONFIG_PATH=/home/sheila/march/ros1/install/march_description/lib/x86_64-linux-gnu/pkgconfig:/home/sheila/march/ros1/install/march_description/lib/pkgconfig:${PKG_CONFIG_PATH} ROS_PACKAGE_PATH=/home/sheila/march/ros1/install/march_description/share:${ROS_PACKAGE_PATH} /usr/bin/cmake --build /home/sheila/march/ros1/build/march_moveit --target tests -- -j4 -l4
[8.583s] Invoking command in '/home/sheila/march/ros1/build/march_moveit': CMAKE_PREFIX_PATH=/home/sheila/march/ros1/install/march_description:${CMAKE_PREFIX_PATH} PKG_CONFIG_PATH=/home/sheila/march/ros1/install/march_description/lib/x86_64-linux-gnu/pkgconfig:/home/sheila/march/ros1/install/march_description/lib/pkgconfig:${PKG_CONFIG_PATH} ROS_PACKAGE_PATH=/home/sheila/march/ros1/install/march_description/share:${ROS_PACKAGE_PATH} /usr/bin/cmake --install /home/sheila/march/ros1/build/march_moveit
[8.641s] -- Install configuration: ""
[8.648s] -- Installing: /home/sheila/march/ros1/install/march_moveit/lib/pkgconfig/march_moveit.pc
[8.648s] -- Installing: /home/sheila/march/ros1/install/march_moveit/share/march_moveit/cmake/march_moveitConfig.cmake
[8.649s] -- Installing: /home/sheila/march/ros1/install/march_moveit/share/march_moveit/cmake/march_moveitConfig-version.cmake
[8.649s] -- Installing: /home/sheila/march/ros1/install/march_moveit/share/march_moveit/package.xml
[8.649s] -- Installing: /home/sheila/march/ros1/install/march_moveit/share/march_moveit/launch
[8.649s] -- Installing: /home/sheila/march/ros1/install/march_moveit/share/march_moveit/launch/demo_gazebo.launch
[8.650s] -- Installing: /home/sheila/march/ros1/install/march_moveit/share/march_moveit/launch/warehouse_settings.launch.xml
[8.650s] -- Installing: /home/sheila/march/ros1/install/march_moveit/share/march_moveit/launch/joystick_control.launch
[8.650s] -- Installing: /home/sheila/march/ros1/install/march_moveit/share/march_moveit/launch/move_group.launch
[8.650s] -- Installing: /home/sheila/march/ros1/install/march_moveit/share/march_moveit/launch/fake_moveit_controller_manager.launch.xml
[8.650s] -- Installing: /home/sheila/march/ros1/install/march_moveit/share/march_moveit/launch/moveit.rviz
[8.650s] -- Installing: /home/sheila/march/ros1/install/march_moveit/share/march_moveit/launch/trajectory_execution.launch.xml
[8.651s] -- Installing: /home/sheila/march/ros1/install/march_moveit/share/march_moveit/launch/chomp_planning_pipeline.launch.xml
[8.651s] -- Installing: /home/sheila/march/ros1/install/march_moveit/share/march_moveit/launch/warehouse.launch
[8.652s] -- Installing: /home/sheila/march/ros1/install/march_moveit/share/march_moveit/launch/ompl_planning_pipeline.launch.xml
[8.652s] -- Installing: /home/sheila/march/ros1/install/march_moveit/share/march_moveit/launch/demo.launch
[8.652s] -- Installing: /home/sheila/march/ros1/install/march_moveit/share/march_moveit/launch/sensor_manager.launch.xml
[8.653s] -- Installing: /home/sheila/march/ros1/install/march_moveit/share/march_moveit/launch/march_moveit.launch
[8.653s] -- Installing: /home/sheila/march/ros1/install/march_moveit/share/march_moveit/launch/run_benchmark_ompl.launch
[8.653s] -- Installing: /home/sheila/march/ros1/install/march_moveit/share/march_moveit/launch/planning_pipeline.launch.xml
[8.664s] -- Installing: /home/sheila/march/ros1/install/march_moveit/share/march_moveit/launch/march_moveit_sensor_manager.launch.xml
[8.664s] -- Installing: /home/sheila/march/ros1/install/march_moveit/share/march_moveit/launch/march_moveit_controller_manager.launch.xml
[8.665s] -- Installing: /home/sheila/march/ros1/install/march_moveit/share/march_moveit/launch/planning_context.launch
[8.665s] -- Installing: /home/sheila/march/ros1/install/march_moveit/share/march_moveit/launch/ros_controllers.launch
[8.666s] -- Installing: /home/sheila/march/ros1/install/march_moveit/share/march_moveit/launch/default_warehouse_db.launch
[8.666s] -- Installing: /home/sheila/march/ros1/install/march_moveit/share/march_moveit/launch/gazebo.launch
[8.666s] -- Installing: /home/sheila/march/ros1/install/march_moveit/share/march_moveit/launch/moveit_rviz.launch
[8.666s] -- Installing: /home/sheila/march/ros1/install/march_moveit/share/march_moveit/config
[8.666s] -- Installing: /home/sheila/march/ros1/install/march_moveit/share/march_moveit/config/fake_controllers.yaml
[8.667s] -- Installing: /home/sheila/march/ros1/install/march_moveit/share/march_moveit/config/sensors_3d.yaml
[8.667s] -- Installing: /home/sheila/march/ros1/install/march_moveit/share/march_moveit/config/kinematics.yaml
[8.667s] -- Installing: /home/sheila/march/ros1/install/march_moveit/share/march_moveit/config/chomp_planning.yaml
[8.667s] -- Installing: /home/sheila/march/ros1/install/march_moveit/share/march_moveit/config/ros_controllers.yaml
[8.667s] -- Installing: /home/sheila/march/ros1/install/march_moveit/share/march_moveit/config/joint_limits.yaml
[8.667s] -- Installing: /home/sheila/march/ros1/install/march_moveit/share/march_moveit/config/march.srdf
[8.668s] -- Installing: /home/sheila/march/ros1/install/march_moveit/share/march_moveit/config/ompl_planning.yaml
[8.673s] Invoked command in '/home/sheila/march/ros1/build/march_moveit' returned '0': CMAKE_PREFIX_PATH=/home/sheila/march/ros1/install/march_description:${CMAKE_PREFIX_PATH} PKG_CONFIG_PATH=/home/sheila/march/ros1/install/march_description/lib/x86_64-linux-gnu/pkgconfig:/home/sheila/march/ros1/install/march_description/lib/pkgconfig:${PKG_CONFIG_PATH} ROS_PACKAGE_PATH=/home/sheila/march/ros1/install/march_description/share:${ROS_PACKAGE_PATH} /usr/bin/cmake --install /home/sheila/march/ros1/build/march_moveit
