[0.017s] Invoking command in '/home/sheila/march/ros1/build/computed_torque': /usr/bin/cmake --build /home/sheila/march/ros1/build/computed_torque -- -j4 -l4
[0.110s] [  0%] Built target actionlib_msgs_generate_messages_nodejs
[0.110s] [  0%] Built target rosgraph_msgs_generate_messages_py
[0.110s] [  0%] Built target dynamic_reconfigure_generate_messages_nodejs
[0.111s] [  0%] Built target std_msgs_generate_messages_eus
[0.147s] [  0%] Built target rosgraph_msgs_generate_messages_eus
[0.152s] [  0%] Built target actionlib_msgs_generate_messages_lisp
[0.155s] [  0%] Built target control_msgs_generate_messages_lisp
[0.155s] [  0%] Built target actionlib_msgs_generate_messages_cpp
[0.186s] [  0%] Built target std_msgs_generate_messages_lisp
[0.191s] [  0%] Built target control_toolbox_generate_messages_nodejs
[0.191s] [  0%] Built target roscpp_generate_messages_lisp
[0.202s] [  0%] Built target control_msgs_generate_messages_cpp
[0.227s] [  0%] Built target actionlib_msgs_generate_messages_eus
[0.230s] [  0%] Built target dynamic_reconfigure_generate_messages_py
[0.232s] [  0%] Built target control_msgs_generate_messages_nodejs
[0.240s] [  0%] Built target rosgraph_msgs_generate_messages_lisp
[0.267s] [  0%] Built target actionlib_generate_messages_lisp
[0.267s] [  0%] Built target actionlib_generate_messages_py
[0.270s] [  0%] Built target _catkin_empty_exported_target
[0.280s] [  0%] Built target actionlib_generate_messages_nodejs
[0.304s] [  0%] Built target control_msgs_generate_messages_eus
[0.305s] [  0%] Built target trajectory_msgs_generate_messages_nodejs
[0.309s] [  0%] Built target trajectory_msgs_generate_messages_cpp
[0.320s] [  0%] Built target control_toolbox_generate_messages_py
[0.338s] [  0%] Built target std_msgs_generate_messages_nodejs
[0.344s] [  0%] Built target std_msgs_generate_messages_py
[0.357s] [  0%] Built target geometry_msgs_generate_messages_eus
[0.357s] [  0%] Built target roscpp_generate_messages_nodejs
[0.376s] [  0%] Built target std_msgs_generate_messages_cpp
[0.382s] [  0%] Built target actionlib_msgs_generate_messages_py
[0.399s] [  0%] Built target actionlib_generate_messages_cpp
[0.399s] [  0%] Built target rosgraph_msgs_generate_messages_nodejs
[0.417s] [  0%] Built target roscpp_generate_messages_eus
[0.418s] [  0%] Built target roscpp_generate_messages_cpp
[0.437s] [  0%] Built target control_msgs_generate_messages_py
[0.437s] [  0%] Built target control_toolbox_gencfg
[0.455s] [  0%] Built target geometry_msgs_generate_messages_cpp
[0.456s] [  0%] Built target geometry_msgs_generate_messages_lisp
[0.474s] [  0%] Built target geometry_msgs_generate_messages_py
[0.474s] [  0%] Built target trajectory_msgs_generate_messages_lisp
[0.492s] [  0%] Built target rosgraph_msgs_generate_messages_cpp
[0.493s] [  0%] Built target actionlib_generate_messages_eus
[0.511s] [  0%] Built target trajectory_msgs_generate_messages_py
[0.511s] [  0%] Built target trajectory_msgs_generate_messages_eus
[0.531s] [  0%] Built target roscpp_generate_messages_py
[0.533s] [  0%] Built target control_toolbox_generate_messages_cpp
[0.549s] [  0%] Built target control_toolbox_generate_messages_lisp
[0.550s] [  0%] Built target control_toolbox_generate_messages_eus
[0.570s] [  0%] Built target dynamic_reconfigure_generate_messages_cpp
[0.570s] [  0%] Built target geometry_msgs_generate_messages_nodejs
[0.582s] [  0%] Built target dynamic_reconfigure_generate_messages_eus
[0.587s] [  0%] Built target dynamic_reconfigure_gencfg
[0.601s] [  0%] Built target dynamic_reconfigure_generate_messages_lisp
[0.615s] [35m[1mScanning dependencies of target computed_torque_lib[0m
[0.653s] [ 50%] [32mBuilding CXX object CMakeFiles/computed_torque_lib.dir/src/computed_torque_controller.cpp.o[0m
[3.922s] In file included from [01m[K/home/sheila/march/ros1/src/control/computed_torque/src/computed_torque_controller.cpp:5[m[K:
[3.922s] [01m[K/home/sheila/march/ros1/src/control/computed_torque/include/computed_torque/computed_torque_controller.h:64:83:[m[K [01;31m[Kerror: [m[K‘[01m[KState[m[K’ does not name a type
[3.922s]    64 | d update(const ros::Time &time, const ros::Duration &period, const [01;31m[KState[m[K& desired_state, const State& state_error );
[3.922s]       |                                                                    [01;31m[K^~~~~[m[K
[3.923s] 
[3.924s] [01m[K/home/sheila/march/ros1/src/control/computed_torque/include/computed_torque/computed_torque_controller.h:64:111:[m[K [01;31m[Kerror: [m[K‘[01m[KState[m[K’ does not name a type
[3.924s]    64 | me, const ros::Duration &period, const State& desired_state, const [01;31m[KState[m[K& state_error );
[3.924s]       |                                                                    [01;31m[K^~~~~[m[K
[3.924s] 
[3.957s] In file included from [01m[K/home/sheila/march/ros1/src/control/computed_torque/include/computed_torque/computed_torque_controller.h:119[m[K,
[3.957s]                  from [01m[K/home/sheila/march/ros1/src/control/computed_torque/src/computed_torque_controller.cpp:5[m[K:
[3.957s] [01m[K/home/sheila/march/ros1/src/control/computed_torque/include/computed_torque/computed_torque_controller.hpp:75:53:[m[K [01;31m[Kerror: [m[K‘[01m[KState[m[K’ does not name a type
[3.957s]    75 |                                               const [01;31m[KState[m[K& desired_state, const State& state_error ){
[3.958s]       |                                                     [01;31m[K^~~~~[m[K
[3.959s] [01m[K/home/sheila/march/ros1/src/control/computed_torque/include/computed_torque/computed_torque_controller.hpp:75:81:[m[K [01;31m[Kerror: [m[K‘[01m[KState[m[K’ does not name a type
[3.959s]    75 |                                  const State& desired_state, const [01;31m[KState[m[K& state_error ){
[3.959s]       |                                                                    [01;31m[K^~~~~[m[K
[3.959s] 
[3.963s] [01m[K/home/sheila/march/ros1/src/control/computed_torque/include/computed_torque/computed_torque_controller.hpp:[m[K In member function ‘[01m[Kvoid controller_ns::computed_torque_controller_class::update(const ros::Time&, const ros::Duration&, const int&, const int&)[m[K’:
[3.963s] [01m[K/home/sheila/march/ros1/src/control/computed_torque/include/computed_torque/computed_torque_controller.hpp:80:7:[m[K [01;31m[Kerror: [m[K‘[01m[Kcurrent[m[K’ was not declared in this scope; did you mean ‘[01m[Kcurrent_vel[m[K’?
[3.963s]    80 |       [01;31m[Kcurrent[m[K.q(i) = (*joint_handles_ptr_)[i].getPosition();
[3.963s]       |       [01;31m[K^~~~~~~[m[K
[3.963s]       |       [32m[Kcurrent_vel[m[K
[3.966s] [01m[K/home/sheila/march/ros1/src/control/computed_torque/include/computed_torque/computed_torque_controller.hpp:84:7:[m[K [01;31m[Kerror: [m[K‘[01m[Kdesired[m[K’ was not declared in this scope
[3.966s]    84 |       [01;31m[Kdesired[m[K.q(i) = desired_state.position[i];
[3.966s]       |       [01;31m[K^~~~~~~[m[K
[3.966s] [01m[K/home/sheila/march/ros1/src/control/computed_torque/include/computed_torque/computed_torque_controller.hpp:84:36:[m[K [01;31m[Kerror: [m[Krequest for member ‘[01m[Kposition[m[K’ in ‘[01m[Kdesired_state[m[K’, which is of non-class type ‘[01m[Kconst int[m[K’
[3.967s]    84 |       desired.q(i) = desired_state.[01;31m[Kposition[m[K[i];
[3.967s]       |                                    [01;31m[K^~~~~~~~[m[K
[3.967s] [01m[K/home/sheila/march/ros1/src/control/computed_torque/include/computed_torque/computed_torque_controller.hpp:85:39:[m[K [01;31m[Kerror: [m[Krequest for member ‘[01m[Kvelocity[m[K’ in ‘[01m[Kdesired_state[m[K’, which is of non-class type ‘[01m[Kconst int[m[K’
[3.967s]    85 |       desired.qdot(i) = desired_state.[01;31m[Kvelocity[m[K[i];
[3.967s]       |                                       [01;31m[K^~~~~~~~[m[K
[3.967s] [01m[K/home/sheila/march/ros1/src/control/computed_torque/include/computed_torque/computed_torque_controller.hpp:86:42:[m[K [01;31m[Kerror: [m[Krequest for member ‘[01m[Kacceleration[m[K’ in ‘[01m[Kdesired_state[m[K’, which is of non-class type ‘[01m[Kconst int[m[K’
[3.967s]    86 |       desired.qdotdot(i) = desired_state.[01;31m[Kacceleration[m[K[i];
[3.967s]       |                                          [01;31m[K^~~~~~~~~~~~[m[K
[3.969s] [01m[K/home/sheila/march/ros1/src/control/computed_torque/include/computed_torque/computed_torque_controller.hpp:88:7:[m[K [01;31m[Kerror: [m[K‘[01m[Kerror[m[K’ was not declared in this scope; did you mean ‘[01m[Kperror[m[K’?
[3.969s]    88 |       [01;31m[Kerror[m[K.q(i) = state_error.position[i];
[3.969s]       |       [01;31m[K^~~~~[m[K
[3.969s]       |       [32m[Kperror[m[K
[3.969s] [01m[K/home/sheila/march/ros1/src/control/computed_torque/include/computed_torque/computed_torque_controller.hpp:88:32:[m[K [01;31m[Kerror: [m[Krequest for member ‘[01m[Kposition[m[K’ in ‘[01m[Kstate_error[m[K’, which is of non-class type ‘[01m[Kconst int[m[K’
[3.969s]    88 |       error.q(i) = state_error.[01;31m[Kposition[m[K[i];
[3.969s]       |                                [01;31m[K^~~~~~~~[m[K
[3.969s] [01m[K/home/sheila/march/ros1/src/control/computed_torque/include/computed_torque/computed_torque_controller.hpp:89:35:[m[K [01;31m[Kerror: [m[Krequest for member ‘[01m[Kvelocity[m[K’ in ‘[01m[Kstate_error[m[K’, which is of non-class type ‘[01m[Kconst int[m[K’
[3.970s]    89 |       error.qdot(i) = state_error.[01;31m[Kvelocity[m[K[i];
[3.970s]       |                                   [01;31m[K^~~~~~~~[m[K
[3.972s] [01m[K/home/sheila/march/ros1/src/control/computed_torque/include/computed_torque/computed_torque_controller.hpp:104:54:[m[K [01;31m[Kerror: [m[K‘[01m[Kchain[m[K’ was not declared in this scope
[3.972s]   104 |     KDL::ChainDynParam dynamics = KDL::ChainDynParam([01;31m[Kchain[m[K, KDL::Vector(0.0,0.0,-9.81));
[3.972s]       |                                                      [01;31m[K^~~~~[m[K
[3.975s] [01m[K/home/sheila/march/ros1/src/control/computed_torque/include/computed_torque/computed_torque_controller.hpp:107:27:[m[K [01;31m[Kerror: [m[K‘[01m[Kcurrent[m[K’ was not declared in this scope; did you mean ‘[01m[Kcurrent_vel[m[K’?
[3.975s]   107 |     dynamics.JntToGravity([01;31m[Kcurrent[m[K.q,G);
[3.976s]       |                           [01;31m[K^~~~~~~[m[K
[3.976s]       |                           [32m[Kcurrent_vel[m[K
[3.979s] [01m[K/home/sheila/march/ros1/src/control/computed_torque/include/computed_torque/computed_torque_controller.hpp:111:24:[m[K [01;31m[Kerror: [m[K‘[01m[Kdesired[m[K’ was not declared in this scope
[3.979s]   111 |     tau.data = M.data*([01;31m[Kdesired[m[K.qdotdot.data + Kp*error.q.data + Kv*error.qdot.data) + C.data + G.data - F * current.qdot.data;
[3.979s]       |                        [01;31m[K^~~~~~~[m[K
[3.981s] [01m[K/home/sheila/march/ros1/src/control/computed_torque/include/computed_torque/computed_torque_controller.hpp:111:50:[m[K [01;31m[Kerror: [m[K‘[01m[Kerror[m[K’ was not declared in this scope; did you mean ‘[01m[Kperror[m[K’?
[3.981s]   111 |     tau.data = M.data*(desired.qdotdot.data + Kp*[01;31m[Kerror[m[K.q.data + Kv*error.qdot.data) + C.data + G.data - F * current.qdot.data;
[3.981s]       |                                                  [01;31m[K^~~~~[m[K
[3.982s]       |                                                  [32m[Kperror[m[K
[3.993s] [01m[K/home/sheila/march/ros1/src/control/computed_torque/include/computed_torque/computed_torque_controller.hpp:116:54:[m[K [01;31m[Kerror: [m[K‘[01m[Kerrror[m[K’ was not declared in this scope; did you mean ‘[01m[Kperror[m[K’?
[3.993s]   116 |         const double command = -Kp*error.q.data - Kv*[01;31m[Kerrror[m[K.qdot.data;
[3.993s]       |                                                      [01;31m[K^~~~~~[m[K
[3.993s]       |                                                      [32m[Kperror[m[K
[4.015s] In file included from [01m[K/opt/ros/noetic/include/class_loader/class_loader.hpp:47[m[K,
[4.015s]                  from [01m[K/opt/ros/noetic/include/pluginlib/./class_list_macros.hpp:40[m[K,
[4.016s]                  from [01m[K/opt/ros/noetic/include/pluginlib/class_list_macros.h:35[m[K,
[4.016s]                  from [01m[K/home/sheila/march/ros1/src/control/computed_torque/src/computed_torque_controller.cpp:2[m[K:
[4.016s] [01m[K/home/sheila/march/ros1/src/control/computed_torque/src/computed_torque_controller.cpp:[m[K At global scope:
[4.016s] [01m[K/home/sheila/march/ros1/src/control/computed_torque/src/computed_torque_controller.cpp:13:24:[m[K [01;31m[Kerror: [m[K‘[01m[Kcomputed_torque_controller[m[K’ does not name a type
[4.016s]    13 | PLUGINLIB_EXPORT_CLASS([01;31m[Kcomputed_torque_controller[m[K::ComputedTorque, controller_interface::ControllerBase);
[4.016s]       |                        [01;31m[K^~~~~~~~~~~~~~~~~~~~~~~~~~[m[K
[4.016s] [01m[K/opt/ros/noetic/include/class_loader/register_macro.hpp:43:14:[m[K [01;36m[Knote: [m[Kin definition of macro ‘[01m[KCLASS_LOADER_REGISTER_CLASS_INTERNAL_WITH_MESSAGE[m[K’
[4.016s]    43 |     typedef  [01;36m[KDerived[m[K _derived; \
[4.016s]       |              [01;36m[K^~~~~~~[m[K
[4.016s] [01m[K/opt/ros/noetic/include/class_loader/register_macro.hpp:63:3:[m[K [01;36m[Knote: [m[Kin expansion of macro ‘[01m[KCLASS_LOADER_REGISTER_CLASS_INTERNAL_HOP1_WITH_MESSAGE[m[K’
[4.016s]    63 |   [01;36m[KCLASS_LOADER_REGISTER_CLASS_INTERNAL_HOP1_WITH_MESSAGE[m[K(Derived, Base, __COUNTER__, Message)
[4.016s]       |   [01;36m[K^~~~~~~~~~~~~~~~~~~~~~~~~~~~~~~~~~~~~~~~~~~~~~~~~~~~~~[m[K
[4.017s] [01m[K/opt/ros/noetic/include/class_loader/register_macro.hpp:70:3:[m[K [01;36m[Knote: [m[Kin expansion of macro ‘[01m[KCLASS_LOADER_REGISTER_CLASS_WITH_MESSAGE[m[K’
[4.017s]    70 |   [01;36m[KCLASS_LOADER_REGISTER_CLASS_WITH_MESSAGE[m[K(Derived, Base, "")
[4.017s]       |   [01;36m[K^~~~~~~~~~~~~~~~~~~~~~~~~~~~~~~~~~~~~~~~[m[K
[4.017s] [01m[K/opt/ros/noetic/include/pluginlib/./class_list_macros.hpp:49:3:[m[K [01;36m[Knote: [m[Kin expansion of macro ‘[01m[KCLASS_LOADER_REGISTER_CLASS[m[K’
[4.017s]    49 |   [01;36m[KCLASS_LOADER_REGISTER_CLASS[m[K(class_type, base_class_type)
[4.017s]       |   [01;36m[K^~~~~~~~~~~~~~~~~~~~~~~~~~~[m[K
[4.017s] [01m[K/home/sheila/march/ros1/src/control/computed_torque/src/computed_torque_controller.cpp:13:1:[m[K [01;36m[Knote: [m[Kin expansion of macro ‘[01m[KPLUGINLIB_EXPORT_CLASS[m[K’
[4.017s]    13 | [01;36m[KPLUGINLIB_EXPORT_CLASS[m[K(computed_torque_controller::ComputedTorque, controller_interface::ControllerBase);
[4.017s]       | [01;36m[K^~~~~~~~~~~~~~~~~~~~~~[m[K
[4.020s] [01m[K/home/sheila/march/ros1/src/control/computed_torque/src/computed_torque_controller.cpp:[m[K In constructor ‘[01m[K{anonymous}::ProxyExec0::ProxyExec0()[m[K’:
[4.020s] [01m[K/opt/ros/noetic/include/class_loader/register_macro.hpp:49:42:[m[K [01;31m[Kerror: [m[K‘[01m[K_derived[m[K’ was not declared in this scope
[4.021s]    49 |       class_loader::impl::registerPlugin<[01;31m[K_derived[m[K, _base>(#Derived, #Base); \
[4.021s]       |                                          [01;31m[K^~~~~~~~[m[K
[4.021s] [01m[K/opt/ros/noetic/include/class_loader/register_macro.hpp:56:3:[m[K [01;36m[Knote: [m[Kin expansion of macro ‘[01m[KCLASS_LOADER_REGISTER_CLASS_INTERNAL_WITH_MESSAGE[m[K’
[4.021s]    56 |   [01;36m[KCLASS_LOADER_REGISTER_CLASS_INTERNAL_WITH_MESSAGE[m[K(Derived, Base, UniqueID, Message)
[4.021s]       |   [01;36m[K^~~~~~~~~~~~~~~~~~~~~~~~~~~~~~~~~~~~~~~~~~~~~~~~~[m[K
[4.021s] [01m[K/opt/ros/noetic/include/class_loader/register_macro.hpp:63:3:[m[K [01;36m[Knote: [m[Kin expansion of macro ‘[01m[KCLASS_LOADER_REGISTER_CLASS_INTERNAL_HOP1_WITH_MESSAGE[m[K’
[4.021s]    63 |   [01;36m[KCLASS_LOADER_REGISTER_CLASS_INTERNAL_HOP1_WITH_MESSAGE[m[K(Derived, Base, __COUNTER__, Message)
[4.021s]       |   [01;36m[K^~~~~~~~~~~~~~~~~~~~~~~~~~~~~~~~~~~~~~~~~~~~~~~~~~~~~~[m[K
[4.021s] [01m[K/opt/ros/noetic/include/class_loader/register_macro.hpp:70:3:[m[K [01;36m[Knote: [m[Kin expansion of macro ‘[01m[KCLASS_LOADER_REGISTER_CLASS_WITH_MESSAGE[m[K’
[4.021s]    70 |   [01;36m[KCLASS_LOADER_REGISTER_CLASS_WITH_MESSAGE[m[K(Derived, Base, "")
[4.021s]       |   [01;36m[K^~~~~~~~~~~~~~~~~~~~~~~~~~~~~~~~~~~~~~~~[m[K
[4.021s] [01m[K/opt/ros/noetic/include/pluginlib/./class_list_macros.hpp:49:3:[m[K [01;36m[Knote: [m[Kin expansion of macro ‘[01m[KCLASS_LOADER_REGISTER_CLASS[m[K’
[4.022s]    49 |   [01;36m[KCLASS_LOADER_REGISTER_CLASS[m[K(class_type, base_class_type)
[4.022s]       |   [01;36m[K^~~~~~~~~~~~~~~~~~~~~~~~~~~[m[K
[4.022s] [01m[K/home/sheila/march/ros1/src/control/computed_torque/src/computed_torque_controller.cpp:13:1:[m[K [01;36m[Knote: [m[Kin expansion of macro ‘[01m[KPLUGINLIB_EXPORT_CLASS[m[K’
[4.022s]    13 | [01;36m[KPLUGINLIB_EXPORT_CLASS[m[K(computed_torque_controller::ComputedTorque, controller_interface::ControllerBase);
[4.022s]       | [01;36m[K^~~~~~~~~~~~~~~~~~~~~~[m[K
[4.022s] [01m[K/opt/ros/noetic/include/class_loader/register_macro.hpp:49:74:[m[K [01;31m[Kerror: [m[Kno matching function for call to ‘[01m[KregisterPlugin<<expression error>, {anonymous}::ProxyExec0::_base>(const char [43], const char [37])[m[K’
[4.022s]    49 |       class_loader::impl::registerPlugin<_derived, _base>(#Derived, #Base[01;31m[K)[m[K; \
[4.022s]       |                                                                          [01;31m[K^[m[K
[4.022s] [01m[K/opt/ros/noetic/include/class_loader/register_macro.hpp:56:3:[m[K [01;36m[Knote: [m[Kin expansion of macro ‘[01m[KCLASS_LOADER_REGISTER_CLASS_INTERNAL_WITH_MESSAGE[m[K’
[4.022s]    56 |   [01;36m[KCLASS_LOADER_REGISTER_CLASS_INTERNAL_WITH_MESSAGE[m[K(Derived, Base, UniqueID, Message)
[4.022s]       |   [01;36m[K^~~~~~~~~~~~~~~~~~~~~~~~~~~~~~~~~~~~~~~~~~~~~~~~~[m[K
[4.022s] [01m[K/opt/ros/noetic/include/class_loader/register_macro.hpp:63:3:[m[K [01;36m[Knote: [m[Kin expansion of macro ‘[01m[KCLASS_LOADER_REGISTER_CLASS_INTERNAL_HOP1_WITH_MESSAGE[m[K’
[4.022s]    63 |   [01;36m[KCLASS_LOADER_REGISTER_CLASS_INTERNAL_HOP1_WITH_MESSAGE[m[K(Derived, Base, __COUNTER__, Message)
[4.023s]       |   [01;36m[K^~~~~~~~~~~~~~~~~~~~~~~~~~~~~~~~~~~~~~~~~~~~~~~~~~~~~~[m[K
[4.023s] [01m[K/opt/ros/noetic/include/class_loader/register_macro.hpp:70:3:[m[K [01;36m[Knote: [m[Kin expansion of macro ‘[01m[KCLASS_LOADER_REGISTER_CLASS_WITH_MESSAGE[m[K’
[4.023s]    70 |   [01;36m[KCLASS_LOADER_REGISTER_CLASS_WITH_MESSAGE[m[K(Derived, Base, "")
[4.023s]       |   [01;36m[K^~~~~~~~~~~~~~~~~~~~~~~~~~~~~~~~~~~~~~~~[m[K
[4.023s] [01m[K/opt/ros/noetic/include/pluginlib/./class_list_macros.hpp:49:3:[m[K [01;36m[Knote: [m[Kin expansion of macro ‘[01m[KCLASS_LOADER_REGISTER_CLASS[m[K’
[4.023s]    49 |   [01;36m[KCLASS_LOADER_REGISTER_CLASS[m[K(class_type, base_class_type)
[4.023s]       |   [01;36m[K^~~~~~~~~~~~~~~~~~~~~~~~~~~[m[K
[4.023s] [01m[K/home/sheila/march/ros1/src/control/computed_torque/src/computed_torque_controller.cpp:13:1:[m[K [01;36m[Knote: [m[Kin expansion of macro ‘[01m[KPLUGINLIB_EXPORT_CLASS[m[K’
[4.023s]    13 | [01;36m[KPLUGINLIB_EXPORT_CLASS[m[K(computed_torque_controller::ComputedTorque, controller_interface::ControllerBase);
[4.023s]       | [01;36m[K^~~~~~~~~~~~~~~~~~~~~~[m[K
[4.023s] In file included from [01m[K/opt/ros/noetic/include/class_loader/class_loader.hpp:46[m[K,
[4.023s]                  from [01m[K/opt/ros/noetic/include/pluginlib/./class_list_macros.hpp:40[m[K,
[4.023s]                  from [01m[K/opt/ros/noetic/include/pluginlib/class_list_macros.h:35[m[K,
[4.024s]                  from [01m[K/home/sheila/march/ros1/src/control/computed_torque/src/computed_torque_controller.cpp:2[m[K:
[4.024s] [01m[K/opt/ros/noetic/include/class_loader/class_loader_core.hpp:176:6:[m[K [01;36m[Knote: [m[Kcandidate: ‘[01m[Ktemplate<class Derived, class Base> void class_loader::impl::registerPlugin(const string&, const string&)[m[K’
[4.024s]   176 | void [01;36m[KregisterPlugin[m[K(const std::string & class_name, const std::string & base_class_name)
[4.024s]       |      [01;36m[K^~~~~~~~~~~~~~[m[K
[4.024s] [01m[K/opt/ros/noetic/include/class_loader/class_loader_core.hpp:176:6:[m[K [01;36m[Knote: [m[K  template argument deduction/substitution failed:
[4.024s] In file included from [01m[K/opt/ros/noetic/include/class_loader/class_loader.hpp:47[m[K,
[4.024s]                  from [01m[K/opt/ros/noetic/include/pluginlib/./class_list_macros.hpp:40[m[K,
[4.024s]                  from [01m[K/opt/ros/noetic/include/pluginlib/class_list_macros.h:35[m[K,
[4.024s]                  from [01m[K/home/sheila/march/ros1/src/control/computed_torque/src/computed_torque_controller.cpp:2[m[K:
[4.024s] [01m[K/opt/ros/noetic/include/class_loader/register_macro.hpp:49:74:[m[K [01;31m[Kerror: [m[Ktemplate argument 1 is invalid
[4.024s]    49 |       class_loader::impl::registerPlugin<_derived, _base>(#Derived, #Base[01;31m[K)[m[K; \
[4.024s]       |                                                                          [01;31m[K^[m[K
[4.025s] [01m[K/opt/ros/noetic/include/class_loader/register_macro.hpp:56:3:[m[K [01;36m[Knote: [m[Kin expansion of macro ‘[01m[KCLASS_LOADER_REGISTER_CLASS_INTERNAL_WITH_MESSAGE[m[K’
[4.025s]    56 |   [01;36m[KCLASS_LOADER_REGISTER_CLASS_INTERNAL_WITH_MESSAGE[m[K(Derived, Base, UniqueID, Message)
[4.025s]       |   [01;36m[K^~~~~~~~~~~~~~~~~~~~~~~~~~~~~~~~~~~~~~~~~~~~~~~~~[m[K
[4.025s] [01m[K/opt/ros/noetic/include/class_loader/register_macro.hpp:63:3:[m[K [01;36m[Knote: [m[Kin expansion of macro ‘[01m[KCLASS_LOADER_REGISTER_CLASS_INTERNAL_HOP1_WITH_MESSAGE[m[K’
[4.025s]    63 |   [01;36m[KCLASS_LOADER_REGISTER_CLASS_INTERNAL_HOP1_WITH_MESSAGE[m[K(Derived, Base, __COUNTER__, Message)
[4.025s]       |   [01;36m[K^~~~~~~~~~~~~~~~~~~~~~~~~~~~~~~~~~~~~~~~~~~~~~~~~~~~~~[m[K
[4.025s] [01m[K/opt/ros/noetic/include/class_loader/register_macro.hpp:70:3:[m[K [01;36m[Knote: [m[Kin expansion of macro ‘[01m[KCLASS_LOADER_REGISTER_CLASS_WITH_MESSAGE[m[K’
[4.025s]    70 |   [01;36m[KCLASS_LOADER_REGISTER_CLASS_WITH_MESSAGE[m[K(Derived, Base, "")
[4.025s]       |   [01;36m[K^~~~~~~~~~~~~~~~~~~~~~~~~~~~~~~~~~~~~~~~[m[K
[4.025s] [01m[K/opt/ros/noetic/include/pluginlib/./class_list_macros.hpp:49:3:[m[K [01;36m[Knote: [m[Kin expansion of macro ‘[01m[KCLASS_LOADER_REGISTER_CLASS[m[K’
[4.025s]    49 |   [01;36m[KCLASS_LOADER_REGISTER_CLASS[m[K(class_type, base_class_type)
[4.025s]       |   [01;36m[K^~~~~~~~~~~~~~~~~~~~~~~~~~~[m[K
[4.025s] [01m[K/home/sheila/march/ros1/src/control/computed_torque/src/computed_torque_controller.cpp:13:1:[m[K [01;36m[Knote: [m[Kin expansion of macro ‘[01m[KPLUGINLIB_EXPORT_CLASS[m[K’
[4.026s]    13 | [01;36m[KPLUGINLIB_EXPORT_CLASS[m[K(computed_torque_controller::ComputedTorque, controller_interface::ControllerBase);
[4.026s]       | [01;36m[K^~~~~~~~~~~~~~~~~~~~~~[m[K
[5.134s] make[2]: *** [CMakeFiles/computed_torque_lib.dir/build.make:63: CMakeFiles/computed_torque_lib.dir/src/computed_torque_controller.cpp.o] Error 1
[5.134s] make[1]: *** [CMakeFiles/Makefile2:1811: CMakeFiles/computed_torque_lib.dir/all] Error 2
[5.134s] make: *** [Makefile:141: all] Error 2
[5.137s] Invoked command in '/home/sheila/march/ros1/build/computed_torque' returned '2': /usr/bin/cmake --build /home/sheila/march/ros1/build/computed_torque -- -j4 -l4
