[0.021s] Invoking command in '/home/sheila/march/ros1/build/computed_torque': /usr/bin/cmake --build /home/sheila/march/ros1/build/computed_torque -- -j4 -l4
[0.113s] [  0%] Built target sensor_msgs_generate_messages_cpp
[0.114s] [  0%] Built target sensor_msgs_generate_messages_nodejs
[0.121s] [  0%] Built target dynamic_reconfigure_generate_messages_nodejs
[0.122s] [  0%] Built target sensor_msgs_generate_messages_py
[0.159s] [  0%] Built target march_shared_msgs_generate_messages_py
[0.159s] [  0%] Built target march_shared_msgs_generate_messages_eus
[0.161s] [  0%] Built target march_shared_msgs_generate_messages_nodejs
[0.164s] [  0%] Built target roscpp_generate_messages_eus
[0.196s] [  0%] Built target roscpp_generate_messages_cpp
[0.197s] [  0%] Built target control_toolbox_gencfg
[0.204s] [  0%] Built target std_msgs_generate_messages_py
[0.204s] [  0%] Built target march_shared_msgs_generate_messages_cpp
[0.236s] [  0%] Built target geometry_msgs_generate_messages_eus
[0.246s] [  0%] Built target roscpp_generate_messages_nodejs
[0.246s] [  0%] Built target std_msgs_generate_messages_cpp
[0.246s] [  0%] Built target std_msgs_generate_messages_nodejs
[0.276s] [  0%] Built target actionlib_msgs_generate_messages_py
[0.283s] [  0%] Built target march_shared_msgs_generate_messages_lisp
[0.284s] [  0%] Built target rosgraph_msgs_generate_messages_nodejs
[0.294s] [  0%] Built target actionlib_generate_messages_cpp
[0.316s] [  0%] Built target rosgraph_msgs_generate_messages_lisp
[0.320s] [  0%] Built target actionlib_generate_messages_lisp
[0.321s] [  0%] Built target actionlib_generate_messages_py
[0.339s] [  0%] Built target _catkin_empty_exported_target
[0.361s] [  0%] Built target control_msgs_generate_messages_eus
[0.366s] [  0%] Built target trajectory_msgs_generate_messages_nodejs
[0.367s] [  0%] Built target actionlib_generate_messages_nodejs
[0.380s] [  0%] Built target trajectory_msgs_generate_messages_cpp
[0.400s] [  0%] Built target control_toolbox_generate_messages_py
[0.406s] [  0%] Built target std_msgs_generate_messages_eus
[0.408s] [  0%] Built target rosgraph_msgs_generate_messages_py
[0.419s] [  0%] Built target actionlib_msgs_generate_messages_nodejs
[0.446s] [  0%] Built target rosgraph_msgs_generate_messages_eus
[0.446s] [  0%] Built target actionlib_msgs_generate_messages_cpp
[0.446s] [  0%] Built target actionlib_msgs_generate_messages_lisp
[0.474s] [  0%] Built target sensor_msgs_generate_messages_lisp
[0.485s] [  0%] Built target std_msgs_generate_messages_lisp
[0.494s] [  0%] Built target control_msgs_generate_messages_lisp
[0.494s] [  0%] Built target sensor_msgs_generate_messages_eus
[0.514s] [  0%] Built target control_msgs_generate_messages_cpp
[0.535s] [  0%] Built target roscpp_generate_messages_lisp
[0.537s] [  0%] Built target control_toolbox_generate_messages_nodejs
[0.549s] [  0%] Built target actionlib_msgs_generate_messages_eus
[0.556s] [  0%] Built target dynamic_reconfigure_generate_messages_py
[0.578s] [  0%] Built target control_msgs_generate_messages_nodejs
[0.578s] [  0%] Built target control_msgs_generate_messages_py
[0.591s] [  0%] Built target geometry_msgs_generate_messages_cpp
[0.599s] [  0%] Built target geometry_msgs_generate_messages_lisp
[0.619s] [  0%] Built target trajectory_msgs_generate_messages_lisp
[0.624s] [  0%] Built target geometry_msgs_generate_messages_py
[0.637s] [  0%] Built target rosgraph_msgs_generate_messages_cpp
[0.650s] [  0%] Built target actionlib_generate_messages_eus
[0.664s] [  0%] Built target trajectory_msgs_generate_messages_eus
[0.671s] [  0%] Built target trajectory_msgs_generate_messages_py
[0.689s] [  0%] Built target roscpp_generate_messages_py
[0.694s] [  0%] Built target control_toolbox_generate_messages_cpp
[0.707s] [  0%] Built target control_toolbox_generate_messages_eus
[0.713s] [  0%] Built target control_toolbox_generate_messages_lisp
[0.730s] [  0%] Built target dynamic_reconfigure_generate_messages_cpp
[0.733s] [  0%] Built target geometry_msgs_generate_messages_nodejs
[0.746s] [  0%] Built target dynamic_reconfigure_generate_messages_eus
[0.754s] [  0%] Built target dynamic_reconfigure_gencfg
[0.765s] [  0%] Built target dynamic_reconfigure_generate_messages_lisp
[0.779s] [35m[1mScanning dependencies of target computed_torque_lib[0m
[0.808s] [ 50%] [32mBuilding CXX object CMakeFiles/computed_torque_lib.dir/src/computed_torque_controller.cpp.o[0m
[3.803s] In file included from [01m[K/home/sheila/march/ros1/src/control/computed_torque/include/computed_torque/computed_torque_controller.h:32[m[K,
[3.803s]                  from [01m[K/home/sheila/march/ros1/src/control/computed_torque/src/computed_torque_controller.cpp:5[m[K:
[3.803s] [01m[K/home/sheila/march/ros1/src/control/computed_torque/include/trajectory_interface/joint_trajectory_segment.h:70:7:[m[K [01;31m[Kerror: [m[Kredefinition of ‘[01m[Kclass joint_trajectory_controller::JointTrajectorySegment<Segment>[m[K’
[3.803s]    70 | class [01;31m[KJointTrajectorySegment[m[K : public Segment
[3.803s]       |       [01;31m[K^~~~~~~~~~~~~~~~~~~~~~[m[K
[3.803s] In file included from [01m[K/opt/ros/noetic/include/joint_trajectory_controller/joint_trajectory_controller.h:73[m[K,
[3.803s]                  from [01m[K/home/sheila/march/ros1/src/control/computed_torque/include/computed_torque/computed_torque_controller.h:29[m[K,
[3.803s]                  from [01m[K/home/sheila/march/ros1/src/control/computed_torque/src/computed_torque_controller.cpp:5[m[K:
[3.803s] [01m[K/opt/ros/noetic/include/joint_trajectory_controller/joint_trajectory_segment.h:70:7:[m[K [01;36m[Knote: [m[Kprevious definition of ‘[01m[Kclass joint_trajectory_controller::JointTrajectorySegment<Segment>[m[K’
[3.803s]    70 | class [01;36m[KJointTrajectorySegment[m[K : public Segment
[3.804s]       |       [01;36m[K^~~~~~~~~~~~~~~~~~~~~~[m[K
[3.804s] In file included from [01m[K/home/sheila/march/ros1/src/control/computed_torque/include/computed_torque/computed_torque_controller.h:32[m[K,
[3.804s]                  from [01m[K/home/sheila/march/ros1/src/control/computed_torque/src/computed_torque_controller.cpp:5[m[K:
[3.804s] [01m[K/home/sheila/march/ros1/src/control/computed_torque/include/trajectory_interface/joint_trajectory_segment.h:221:8:[m[K [01;31m[Kerror: [m[Kredefinition of ‘[01m[Ktemplate<class Scalar> Scalar joint_trajectory_controller::wraparoundJointOffset(const Scalar&, const Scalar&, const bool&)[m[K’
[3.804s]   221 | Scalar [01;31m[KwraparoundJointOffset[m[K(const Scalar& prev_position,
[3.804s]       |        [01;31m[K^~~~~~~~~~~~~~~~~~~~~[m[K
[3.804s] In file included from [01m[K/opt/ros/noetic/include/joint_trajectory_controller/joint_trajectory_controller.h:73[m[K,
[3.804s]                  from [01m[K/home/sheila/march/ros1/src/control/computed_torque/include/computed_torque/computed_torque_controller.h:29[m[K,
[3.804s]                  from [01m[K/home/sheila/march/ros1/src/control/computed_torque/src/computed_torque_controller.cpp:5[m[K:
[3.804s] [01m[K/opt/ros/noetic/include/joint_trajectory_controller/joint_trajectory_segment.h:221:8:[m[K [01;36m[Knote: [m[K‘[01m[Ktemplate<class Scalar> Scalar joint_trajectory_controller::wraparoundJointOffset(const Scalar&, const Scalar&, const bool&)[m[K’ previously declared here
[3.804s]   221 | Scalar [01;36m[KwraparoundJointOffset[m[K(const Scalar& prev_position,
[3.804s]       |        [01;36m[K^~~~~~~~~~~~~~~~~~~~~[m[K
[4.303s] In file included from [01m[K/home/sheila/march/ros1/src/control/computed_torque/src/computed_torque_controller.cpp:5[m[K:
[4.303s] [01m[K/home/sheila/march/ros1/src/control/computed_torque/include/computed_torque/computed_torque_controller.h:79:31:[m[K [01;31m[Kerror: [m[K‘[01m[KState[m[K’ does not name a type
[4.303s]    79 |                         const [01;31m[KState[m[K& desired_state,
[4.303s]       |                               [01;31m[K^~~~~[m[K
[4.305s] [01m[K/home/sheila/march/ros1/src/control/computed_torque/include/computed_torque/computed_torque_controller.h:80:31:[m[K [01;31m[Kerror: [m[K‘[01m[KState[m[K’ does not name a type
[4.305s]    80 |                         const [01;31m[KState[m[K& state_error );
[4.305s]       |                               [01;31m[K^~~~~[m[K
[4.306s] [01m[K/home/sheila/march/ros1/src/control/computed_torque/include/computed_torque/computed_torque_controller.h:113:22:[m[K [01;31m[Kerror: [m[K‘[01m[KSegment[m[K’ has not been declared
[4.306s]   113 |             typename [01;31m[KSegment[m[K::State state_error_;           ///< Preallocated workspace variable.
[4.306s]       |                      [01;31m[K^~~~~~~[m[K
[4.306s] [01m[K/home/sheila/march/ros1/src/control/computed_torque/include/computed_torque/computed_torque_controller.h:114:22:[m[K [01;31m[Kerror: [m[K‘[01m[KSegment[m[K’ has not been declared
[4.306s]   114 |             typename [01;31m[KSegment[m[K::State desired_joint_state_;   ///< Preallocated workspace variable.
[4.306s]       |                      [01;31m[K^~~~~~~[m[K
[4.342s] In file included from [01m[K/home/sheila/march/ros1/src/control/computed_torque/include/computed_torque/computed_torque_controller.h:157[m[K,
[4.342s]                  from [01m[K/home/sheila/march/ros1/src/control/computed_torque/src/computed_torque_controller.cpp:5[m[K:
[4.342s] [01m[K/home/sheila/march/ros1/src/control/computed_torque/include/computed_torque/computed_torque_controller.hpp:76:53:[m[K [01;31m[Kerror: [m[K‘[01m[KState[m[K’ does not name a type
[4.342s]    76 |                                               const [01;31m[KState[m[K& desired_state,
[4.342s]       |                                                     [01;31m[K^~~~~[m[K
[4.344s] [01m[K/home/sheila/march/ros1/src/control/computed_torque/include/computed_torque/computed_torque_controller.hpp:77:53:[m[K [01;31m[Kerror: [m[K‘[01m[KState[m[K’ does not name a type
[4.344s]    77 |                                               const [01;31m[KState[m[K& state_error ){
[4.344s]       |                                                     [01;31m[K^~~~~[m[K
[4.344s] [01m[K/home/sheila/march/ros1/src/control/computed_torque/include/computed_torque/computed_torque_controller.hpp:[m[K In member function ‘[01m[Kvoid controller_ns::computed_torque_controller_class::update(const ros::Time&, const ros::Duration&, const int&, const int&)[m[K’:
[4.344s] [01m[K/home/sheila/march/ros1/src/control/computed_torque/include/computed_torque/computed_torque_controller.hpp:88:42:[m[K [01;31m[Kerror: [m[Krequest for member ‘[01m[Kacceleration[m[K’ in ‘[01m[Kdesired_state[m[K’, which is of non-class type ‘[01m[Kconst int[m[K’
[4.345s]    88 |       desired.qdotdot(i) = desired_state.[01;31m[Kacceleration[m[K[i];
[4.345s]       |                                          [01;31m[K^~~~~~~~~~~~[m[K
[4.345s] [01m[K/home/sheila/march/ros1/src/control/computed_torque/include/computed_torque/computed_torque_controller.hpp:90:32:[m[K [01;31m[Kerror: [m[Krequest for member ‘[01m[Kposition[m[K’ in ‘[01m[Kstate_error[m[K’, which is of non-class type ‘[01m[Kconst int[m[K’
[4.345s]    90 |       error.q(i) = state_error.[01;31m[Kposition[m[K[i];
[4.345s]       |                                [01;31m[K^~~~~~~~[m[K
[4.345s] [01m[K/home/sheila/march/ros1/src/control/computed_torque/include/computed_torque/computed_torque_controller.hpp:91:35:[m[K [01;31m[Kerror: [m[Krequest for member ‘[01m[Kvelocity[m[K’ in ‘[01m[Kstate_error[m[K’, which is of non-class type ‘[01m[Kconst int[m[K’
[4.345s]    91 |       error.qdot(i) = state_error.[01;31m[Kvelocity[m[K[i];
[4.345s]       |                                   [01;31m[K^~~~~~~~[m[K
[4.450s] [01m[K/home/sheila/march/ros1/src/control/computed_torque/include/computed_torque/computed_torque_controller.hpp:118:54:[m[K [01;31m[Kerror: [m[K‘[01m[Kerrror[m[K’ was not declared in this scope; did you mean ‘[01m[Kerror[m[K’?
[4.450s]   118 |         const double command = -Kp*error.q.data - Kv*[01;31m[Kerrror[m[K.qdot.data;
[4.450s]       |                                                      [01;31m[K^~~~~~[m[K
[4.450s]       |                                                      [32m[Kerror[m[K
[5.410s] In file included from [01m[K/opt/ros/noetic/include/class_loader/class_loader_core.hpp:45[m[K,
[5.410s]                  from [01m[K/opt/ros/noetic/include/class_loader/class_loader.hpp:46[m[K,
[5.410s]                  from [01m[K/opt/ros/noetic/include/pluginlib/./class_list_macros.hpp:40[m[K,
[5.410s]                  from [01m[K/opt/ros/noetic/include/pluginlib/class_list_macros.h:35[m[K,
[5.410s]                  from [01m[K/home/sheila/march/ros1/src/control/computed_torque/src/computed_torque_controller.cpp:2[m[K:
[5.410s] /opt/ros/noetic/include/class_loader/meta_object.hpp: In instantiation of ‘[01m[KB* class_loader::impl::MetaObject<C, B>::create() const [with C = controller_ns::computed_torque_controller_class; B = controller_interface::ControllerBase][m[K’:
[5.411s] [01m[K/opt/ros/noetic/include/class_loader/meta_object.hpp:196:7:[m[K   required from here
[5.411s] [01m[K/opt/ros/noetic/include/class_loader/meta_object.hpp:198:12:[m[K [01;31m[Kerror: [m[Kinvalid new-expression of abstract class type ‘[01m[Kcontroller_ns::computed_torque_controller_class[m[K’
[5.411s]   198 |     return [01;31m[Knew C[m[K;
[5.411s]       |            [01;31m[K^~~~~[m[K
[5.411s] In file included from [01m[K/home/sheila/march/ros1/src/control/computed_torque/src/computed_torque_controller.cpp:5[m[K:
[5.411s] [01m[K/home/sheila/march/ros1/src/control/computed_torque/include/computed_torque/computed_torque_controller.h:73:11:[m[K [01;36m[Knote: [m[K  because the following virtual functions are pure within ‘[01m[Kcontroller_ns::computed_torque_controller_class[m[K’:
[5.411s]    73 |     class [01;36m[Kcomputed_torque_controller_class[m[K : public controller_interface::Controller<hardware_interface::EffortJointInterface> {
[5.411s]       |           [01;36m[K^~~~~~~~~~~~~~~~~~~~~~~~~~~~~~~~[m[K
[5.411s] In file included from [01m[K/opt/ros/noetic/include/controller_interface/controller.h:35[m[K,
[5.411s]                  from [01m[K/home/sheila/march/ros1/src/control/computed_torque/include/computed_torque/computed_torque_controller.h:24[m[K,
[5.411s]                  from [01m[K/home/sheila/march/ros1/src/control/computed_torque/src/computed_torque_controller.cpp:5[m[K:
[5.411s] [01m[K/opt/ros/noetic/include/controller_interface/controller_base.h:73:16:[m[K [01;36m[Knote: [m[K	‘[01m[Kvirtual void controller_interface::ControllerBase::update(const ros::Time&, const ros::Duration&)[m[K’
[5.411s]    73 |   virtual void [01;36m[Kupdate[m[K(const ros::Time& time, const ros::Duration& period) = 0;
[5.412s]       |                [01;36m[K^~~~~~[m[K
[5.781s] make[2]: *** [CMakeFiles/computed_torque_lib.dir/build.make:63: CMakeFiles/computed_torque_lib.dir/src/computed_torque_controller.cpp.o] Error 1
[5.781s] make[1]: *** [CMakeFiles/Makefile2:265: CMakeFiles/computed_torque_lib.dir/all] Error 2
[5.781s] make: *** [Makefile:141: all] Error 2
[5.783s] Invoked command in '/home/sheila/march/ros1/build/computed_torque' returned '2': /usr/bin/cmake --build /home/sheila/march/ros1/build/computed_torque -- -j4 -l4
