[0.018s] Invoking command in '/home/sheila/march/ros1/build/computed_torque': /usr/bin/cmake --build /home/sheila/march/ros1/build/computed_torque -- -j4 -l4
[0.101s] [  0%] Built target rosgraph_msgs_generate_messages_py
[0.101s] [  0%] Built target actionlib_msgs_generate_messages_nodejs
[0.101s] [  0%] Built target dynamic_reconfigure_generate_messages_nodejs
[0.102s] [  0%] Built target std_msgs_generate_messages_eus
[0.140s] [  0%] Built target control_msgs_generate_messages_lisp
[0.140s] [  0%] Built target actionlib_msgs_generate_messages_cpp
[0.144s] [  0%] Built target actionlib_msgs_generate_messages_lisp
[0.147s] [  0%] Built target rosgraph_msgs_generate_messages_eus
[0.179s] [  0%] Built target std_msgs_generate_messages_lisp
[0.179s] [  0%] Built target roscpp_generate_messages_lisp
[0.184s] [  0%] Built target control_msgs_generate_messages_cpp
[0.190s] [  0%] Built target control_toolbox_generate_messages_nodejs
[0.217s] [  0%] Built target actionlib_msgs_generate_messages_eus
[0.217s] [  0%] Built target dynamic_reconfigure_generate_messages_py
[0.228s] [  0%] Built target control_msgs_generate_messages_nodejs
[0.230s] [  0%] Built target rosgraph_msgs_generate_messages_lisp
[0.256s] [  0%] Built target actionlib_generate_messages_py
[0.259s] [  0%] Built target actionlib_generate_messages_lisp
[0.268s] [  0%] Built target _catkin_empty_exported_target
[0.268s] [  0%] Built target actionlib_generate_messages_nodejs
[0.296s] [  0%] Built target trajectory_msgs_generate_messages_nodejs
[0.297s] [  0%] Built target control_msgs_generate_messages_eus
[0.305s] [  0%] Built target control_toolbox_generate_messages_py
[0.305s] [  0%] Built target trajectory_msgs_generate_messages_cpp
[0.333s] [  0%] Built target std_msgs_generate_messages_py
[0.337s] [  0%] Built target std_msgs_generate_messages_nodejs
[0.346s] [  0%] Built target roscpp_generate_messages_nodejs
[0.346s] [  0%] Built target geometry_msgs_generate_messages_eus
[0.372s] [  0%] Built target std_msgs_generate_messages_cpp
[0.377s] [  0%] Built target actionlib_msgs_generate_messages_py
[0.384s] [  0%] Built target rosgraph_msgs_generate_messages_nodejs
[0.384s] [  0%] Built target actionlib_generate_messages_cpp
[0.412s] [  0%] Built target roscpp_generate_messages_eus
[0.417s] [  0%] Built target roscpp_generate_messages_cpp
[0.422s] [  0%] Built target control_toolbox_gencfg
[0.422s] [  0%] Built target control_msgs_generate_messages_py
[0.453s] [  0%] Built target geometry_msgs_generate_messages_cpp
[0.459s] [  0%] Built target geometry_msgs_generate_messages_lisp
[0.460s] [  0%] Built target geometry_msgs_generate_messages_py
[0.462s] [  0%] Built target trajectory_msgs_generate_messages_lisp
[0.491s] [  0%] Built target rosgraph_msgs_generate_messages_cpp
[0.493s] [  0%] Built target actionlib_generate_messages_eus
[0.504s] [  0%] Built target trajectory_msgs_generate_messages_py
[0.510s] [  0%] Built target trajectory_msgs_generate_messages_eus
[0.530s] [  0%] Built target roscpp_generate_messages_py
[0.530s] [  0%] Built target control_toolbox_generate_messages_cpp
[0.543s] [  0%] Built target control_toolbox_generate_messages_eus
[0.549s] [  0%] Built target control_toolbox_generate_messages_lisp
[0.568s] [  0%] Built target geometry_msgs_generate_messages_nodejs
[0.568s] [  0%] Built target dynamic_reconfigure_generate_messages_cpp
[0.579s] [  0%] Built target dynamic_reconfigure_generate_messages_eus
[0.587s] [  0%] Built target dynamic_reconfigure_gencfg
[0.598s] [  0%] Built target dynamic_reconfigure_generate_messages_lisp
[0.615s] [35m[1mScanning dependencies of target computed_torque_lib[0m
[0.639s] [ 50%] [32mBuilding CXX object CMakeFiles/computed_torque_lib.dir/src/computed_torque_controller.cpp.o[0m
[3.887s] In file included from [01m[K/home/sheila/march/ros1/src/control/computed_torque/src/computed_torque_controller.cpp:5[m[K:
[3.887s] [01m[K/home/sheila/march/ros1/src/control/computed_torque/include/computed_torque/computed_torque_controller.h:66:83:[m[K [01;31m[Kerror: [m[K‘[01m[KState[m[K’ does not name a type
[3.887s]    66 | d update(const ros::Time &time, const ros::Duration &period, const [01;31m[KState[m[K& desired_state, const State& state_error );
[3.887s]       |                                                                    [01;31m[K^~~~~[m[K
[3.887s] 
[3.889s] [01m[K/home/sheila/march/ros1/src/control/computed_torque/include/computed_torque/computed_torque_controller.h:66:111:[m[K [01;31m[Kerror: [m[K‘[01m[KState[m[K’ does not name a type
[3.889s]    66 | me, const ros::Duration &period, const State& desired_state, const [01;31m[KState[m[K& state_error );
[3.889s]       |                                                                    [01;31m[K^~~~~[m[K
[3.889s] 
[3.922s] In file included from [01m[K/home/sheila/march/ros1/src/control/computed_torque/include/computed_torque/computed_torque_controller.h:121[m[K,
[3.922s]                  from [01m[K/home/sheila/march/ros1/src/control/computed_torque/src/computed_torque_controller.cpp:5[m[K:
[3.922s] [01m[K/home/sheila/march/ros1/src/control/computed_torque/include/computed_torque/computed_torque_controller.hpp:75:53:[m[K [01;31m[Kerror: [m[K‘[01m[KState[m[K’ does not name a type
[3.922s]    75 |                                               const [01;31m[KState[m[K& desired_state, const State& state_error ){
[3.922s]       |                                                     [01;31m[K^~~~~[m[K
[3.924s] [01m[K/home/sheila/march/ros1/src/control/computed_torque/include/computed_torque/computed_torque_controller.hpp:75:81:[m[K [01;31m[Kerror: [m[K‘[01m[KState[m[K’ does not name a type
[3.924s]    75 |                                  const State& desired_state, const [01;31m[KState[m[K& state_error ){
[3.924s]       |                                                                    [01;31m[K^~~~~[m[K
[3.924s] 
[3.928s] [01m[K/home/sheila/march/ros1/src/control/computed_torque/include/computed_torque/computed_torque_controller.hpp:[m[K In member function ‘[01m[Kvoid controller_ns::computed_torque_controller_class::update(const ros::Time&, const ros::Duration&, const int&, const int&)[m[K’:
[3.928s] [01m[K/home/sheila/march/ros1/src/control/computed_torque/include/computed_torque/computed_torque_controller.hpp:80:7:[m[K [01;31m[Kerror: [m[K‘[01m[Kcurrent[m[K’ was not declared in this scope; did you mean ‘[01m[Kcurrent_vel[m[K’?
[3.928s]    80 |       [01;31m[Kcurrent[m[K.q(i) = (*joint_handles_ptr_)[i].getPosition();
[3.928s]       |       [01;31m[K^~~~~~~[m[K
[3.928s]       |       [32m[Kcurrent_vel[m[K
[3.931s] [01m[K/home/sheila/march/ros1/src/control/computed_torque/include/computed_torque/computed_torque_controller.hpp:84:7:[m[K [01;31m[Kerror: [m[K‘[01m[Kdesired[m[K’ was not declared in this scope
[3.932s]    84 |       [01;31m[Kdesired[m[K.q(i) = desired_state.position[i];
[3.932s]       |       [01;31m[K^~~~~~~[m[K
[3.932s] [01m[K/home/sheila/march/ros1/src/control/computed_torque/include/computed_torque/computed_torque_controller.hpp:84:36:[m[K [01;31m[Kerror: [m[Krequest for member ‘[01m[Kposition[m[K’ in ‘[01m[Kdesired_state[m[K’, which is of non-class type ‘[01m[Kconst int[m[K’
[3.932s]    84 |       desired.q(i) = desired_state.[01;31m[Kposition[m[K[i];
[3.932s]       |                                    [01;31m[K^~~~~~~~[m[K
[3.932s] [01m[K/home/sheila/march/ros1/src/control/computed_torque/include/computed_torque/computed_torque_controller.hpp:85:39:[m[K [01;31m[Kerror: [m[Krequest for member ‘[01m[Kvelocity[m[K’ in ‘[01m[Kdesired_state[m[K’, which is of non-class type ‘[01m[Kconst int[m[K’
[3.932s]    85 |       desired.qdot(i) = desired_state.[01;31m[Kvelocity[m[K[i];
[3.932s]       |                                       [01;31m[K^~~~~~~~[m[K
[3.933s] [01m[K/home/sheila/march/ros1/src/control/computed_torque/include/computed_torque/computed_torque_controller.hpp:86:42:[m[K [01;31m[Kerror: [m[Krequest for member ‘[01m[Kacceleration[m[K’ in ‘[01m[Kdesired_state[m[K’, which is of non-class type ‘[01m[Kconst int[m[K’
[3.933s]    86 |       desired.qdotdot(i) = desired_state.[01;31m[Kacceleration[m[K[i];
[3.933s]       |                                          [01;31m[K^~~~~~~~~~~~[m[K
[3.935s] [01m[K/home/sheila/march/ros1/src/control/computed_torque/include/computed_torque/computed_torque_controller.hpp:88:7:[m[K [01;31m[Kerror: [m[K‘[01m[Kerror[m[K’ was not declared in this scope; did you mean ‘[01m[Kperror[m[K’?
[3.935s]    88 |       [01;31m[Kerror[m[K.q(i) = state_error.position[i];
[3.935s]       |       [01;31m[K^~~~~[m[K
[3.935s]       |       [32m[Kperror[m[K
[3.936s] [01m[K/home/sheila/march/ros1/src/control/computed_torque/include/computed_torque/computed_torque_controller.hpp:88:32:[m[K [01;31m[Kerror: [m[Krequest for member ‘[01m[Kposition[m[K’ in ‘[01m[Kstate_error[m[K’, which is of non-class type ‘[01m[Kconst int[m[K’
[3.936s]    88 |       error.q(i) = state_error.[01;31m[Kposition[m[K[i];
[3.936s]       |                                [01;31m[K^~~~~~~~[m[K
[3.936s] [01m[K/home/sheila/march/ros1/src/control/computed_torque/include/computed_torque/computed_torque_controller.hpp:89:35:[m[K [01;31m[Kerror: [m[Krequest for member ‘[01m[Kvelocity[m[K’ in ‘[01m[Kstate_error[m[K’, which is of non-class type ‘[01m[Kconst int[m[K’
[3.936s]    89 |       error.qdot(i) = state_error.[01;31m[Kvelocity[m[K[i];
[3.936s]       |                                   [01;31m[K^~~~~~~~[m[K
[3.938s] [01m[K/home/sheila/march/ros1/src/control/computed_torque/include/computed_torque/computed_torque_controller.hpp:104:54:[m[K [01;31m[Kerror: [m[K‘[01m[Kchain[m[K’ was not declared in this scope
[3.939s]   104 |     KDL::ChainDynParam dynamics = KDL::ChainDynParam([01;31m[Kchain[m[K, KDL::Vector(0.0,0.0,-9.81));
[3.939s]       |                                                      [01;31m[K^~~~~[m[K
[3.942s] [01m[K/home/sheila/march/ros1/src/control/computed_torque/include/computed_torque/computed_torque_controller.hpp:107:27:[m[K [01;31m[Kerror: [m[K‘[01m[Kcurrent[m[K’ was not declared in this scope; did you mean ‘[01m[Kcurrent_vel[m[K’?
[3.943s]   107 |     dynamics.JntToGravity([01;31m[Kcurrent[m[K.q,G);
[3.943s]       |                           [01;31m[K^~~~~~~[m[K
[3.943s]       |                           [32m[Kcurrent_vel[m[K
[3.946s] [01m[K/home/sheila/march/ros1/src/control/computed_torque/include/computed_torque/computed_torque_controller.hpp:111:24:[m[K [01;31m[Kerror: [m[K‘[01m[Kdesired[m[K’ was not declared in this scope
[3.946s]   111 |     tau.data = M.data*([01;31m[Kdesired[m[K.qdotdot.data + Kp*error.q.data + Kv*error.qdot.data) + C.data + G.data - F * current.qdot.data;
[3.946s]       |                        [01;31m[K^~~~~~~[m[K
[3.949s] [01m[K/home/sheila/march/ros1/src/control/computed_torque/include/computed_torque/computed_torque_controller.hpp:111:50:[m[K [01;31m[Kerror: [m[K‘[01m[Kerror[m[K’ was not declared in this scope; did you mean ‘[01m[Kperror[m[K’?
[3.949s]   111 |     tau.data = M.data*(desired.qdotdot.data + Kp*[01;31m[Kerror[m[K.q.data + Kv*error.qdot.data) + C.data + G.data - F * current.qdot.data;
[3.949s]       |                                                  [01;31m[K^~~~~[m[K
[3.949s]       |                                                  [32m[Kperror[m[K
[3.961s] [01m[K/home/sheila/march/ros1/src/control/computed_torque/include/computed_torque/computed_torque_controller.hpp:116:54:[m[K [01;31m[Kerror: [m[K‘[01m[Kerrror[m[K’ was not declared in this scope; did you mean ‘[01m[Kperror[m[K’?
[3.961s]   116 |         const double command = -Kp*error.q.data - Kv*[01;31m[Kerrror[m[K.qdot.data;
[3.961s]       |                                                      [01;31m[K^~~~~~[m[K
[3.961s]       |                                                      [32m[Kperror[m[K
[4.766s] In file included from [01m[K/opt/ros/noetic/include/class_loader/class_loader_core.hpp:45[m[K,
[4.766s]                  from [01m[K/opt/ros/noetic/include/class_loader/class_loader.hpp:46[m[K,
[4.766s]                  from [01m[K/opt/ros/noetic/include/pluginlib/./class_list_macros.hpp:40[m[K,
[4.766s]                  from [01m[K/opt/ros/noetic/include/pluginlib/class_list_macros.h:35[m[K,
[4.766s]                  from [01m[K/home/sheila/march/ros1/src/control/computed_torque/src/computed_torque_controller.cpp:2[m[K:
[4.766s] /opt/ros/noetic/include/class_loader/meta_object.hpp: In instantiation of ‘[01m[KB* class_loader::impl::MetaObject<C, B>::create() const [with C = controller_ns::computed_torque_controller_class; B = controller_interface::ControllerBase][m[K’:
[4.766s] [01m[K/opt/ros/noetic/include/class_loader/meta_object.hpp:196:7:[m[K   required from here
[4.767s] [01m[K/opt/ros/noetic/include/class_loader/meta_object.hpp:198:12:[m[K [01;31m[Kerror: [m[Kinvalid new-expression of abstract class type ‘[01m[Kcontroller_ns::computed_torque_controller_class[m[K’
[4.767s]   198 |     return [01;31m[Knew C[m[K;
[4.767s]       |            [01;31m[K^~~~~[m[K
[4.767s] In file included from [01m[K/home/sheila/march/ros1/src/control/computed_torque/src/computed_torque_controller.cpp:5[m[K:
[4.767s] [01m[K/home/sheila/march/ros1/src/control/computed_torque/include/computed_torque/computed_torque_controller.h:61:11:[m[K [01;36m[Knote: [m[K  because the following virtual functions are pure within ‘[01m[Kcontroller_ns::computed_torque_controller_class[m[K’:
[4.767s]    61 |     class [01;36m[Kcomputed_torque_controller_class[m[K : public controller_interface::Controller<hardware_interface::EffortJointInterface> {
[4.767s]       |           [01;36m[K^~~~~~~~~~~~~~~~~~~~~~~~~~~~~~~~[m[K
[4.767s] In file included from [01m[K/opt/ros/noetic/include/controller_interface/controller.h:35[m[K,
[4.767s]                  from [01m[K/home/sheila/march/ros1/src/control/computed_torque/include/computed_torque/computed_torque_controller.h:23[m[K,
[4.767s]                  from [01m[K/home/sheila/march/ros1/src/control/computed_torque/src/computed_torque_controller.cpp:5[m[K:
[4.767s] [01m[K/opt/ros/noetic/include/controller_interface/controller_base.h:73:16:[m[K [01;36m[Knote: [m[K	‘[01m[Kvirtual void controller_interface::ControllerBase::update(const ros::Time&, const ros::Duration&)[m[K’
[4.767s]    73 |   virtual void [01;36m[Kupdate[m[K(const ros::Time& time, const ros::Duration& period) = 0;
[4.768s]       |                [01;36m[K^~~~~~[m[K
[5.106s] make[2]: *** [CMakeFiles/computed_torque_lib.dir/build.make:63: CMakeFiles/computed_torque_lib.dir/src/computed_torque_controller.cpp.o] Error 1
[5.106s] make[1]: *** [CMakeFiles/Makefile2:1811: CMakeFiles/computed_torque_lib.dir/all] Error 2
[5.106s] make: *** [Makefile:141: all] Error 2
[5.109s] Invoked command in '/home/sheila/march/ros1/build/computed_torque' returned '2': /usr/bin/cmake --build /home/sheila/march/ros1/build/computed_torque -- -j4 -l4
