[0.021s] Invoking command in '/home/sheila/march/ros1/build/march_moveit_interface': CMAKE_PREFIX_PATH=/home/sheila/march/ros1/install/march_shared_msgs:${CMAKE_PREFIX_PATH} PKG_CONFIG_PATH=/home/sheila/march/ros1/install/march_shared_msgs/lib/x86_64-linux-gnu/pkgconfig:/home/sheila/march/ros1/install/march_shared_msgs/lib/pkgconfig:${PKG_CONFIG_PATH} PYTHONPATH=/home/sheila/march/ros1/install/march_shared_msgs/lib/python3/dist-packages:${PYTHONPATH} ROS_PACKAGE_PATH=/home/sheila/march/ros1/install/march_shared_msgs/share:${ROS_PACKAGE_PATH} /usr/bin/cmake /home/sheila/march/ros1/src/balance/march_moveit_interface -DCATKIN_INSTALL_INTO_PREFIX_ROOT=0 -DCMAKE_INSTALL_PREFIX=/home/sheila/march/ros1/install/march_moveit_interface
[0.152s] -- The C compiler identification is GNU 9.3.0
[0.277s] -- The CXX compiler identification is GNU 9.3.0
[0.291s] -- Check for working C compiler: /usr/bin/cc
[0.426s] -- Check for working C compiler: /usr/bin/cc -- works
[0.426s] -- Detecting C compiler ABI info
[0.539s] -- Detecting C compiler ABI info - done
[0.575s] -- Detecting C compile features
[0.577s] -- Detecting C compile features - done
[0.588s] -- Check for working CXX compiler: /usr/bin/c++
[0.734s] -- Check for working CXX compiler: /usr/bin/c++ -- works
[0.734s] -- Detecting CXX compiler ABI info
[0.878s] -- Detecting CXX compiler ABI info - done
[0.912s] -- Detecting CXX compile features
[0.915s] -- Detecting CXX compile features - done
[0.919s] -- Using CATKIN_DEVEL_PREFIX: /home/sheila/march/ros1/build/march_moveit_interface/devel
[0.920s] -- Using CMAKE_PREFIX_PATH: /home/sheila/march/ros1/install/march_shared_msgs;/opt/ros/noetic
[0.921s] -- This workspace overlays: /home/sheila/march/ros1/install/march_shared_msgs;/opt/ros/noetic
[0.967s] -- Found PythonInterp: /usr/bin/python3 (found suitable version "3.8.5", minimum required is "3") 
[0.967s] -- Using PYTHON_EXECUTABLE: /usr/bin/python3
[0.968s] -- Using Debian Python package layout
[1.033s] -- Found PY_em: /usr/lib/python3/dist-packages/em.py  
[1.034s] -- Using empy: /usr/lib/python3/dist-packages/em.py
[1.284s] -- Using CATKIN_ENABLE_TESTING: ON
[1.285s] -- Call enable_testing()
[1.288s] -- Using CATKIN_TEST_RESULTS_DIR: /home/sheila/march/ros1/build/march_moveit_interface/test_results
[1.834s] -- Forcing gtest/gmock from source, though one was otherwise available.
[1.835s] -- Found gtest sources under '/usr/src/googletest': gtests will be built
[1.835s] -- Found gmock sources under '/usr/src/googletest': gmock will be built
[1.885s] -- Found PythonInterp: /usr/bin/python3 (found version "3.8.5") 
[1.889s] -- Found Threads: TRUE  
[1.904s] -- Using Python nosetests: /usr/bin/nosetests3
[2.021s] -- catkin 0.8.9
[2.021s] -- BUILD_SHARED_LIBS is on
[2.385s] -- Using these message generators: gencpp;geneus;genlisp;gennodejs;genpy
[3.888s] -- Installing devel-space wrapper /home/sheila/march/ros1/src/balance/march_moveit_interface/scripts/march_moveit_interface to /home/sheila/march/ros1/build/march_moveit_interface/devel/lib/march_moveit_interface
[3.896s] -- Configuring done
[3.933s] -- Generating done
[3.943s] -- Build files have been written to: /home/sheila/march/ros1/build/march_moveit_interface
[3.960s] Invoked command in '/home/sheila/march/ros1/build/march_moveit_interface' returned '0': CMAKE_PREFIX_PATH=/home/sheila/march/ros1/install/march_shared_msgs:${CMAKE_PREFIX_PATH} PKG_CONFIG_PATH=/home/sheila/march/ros1/install/march_shared_msgs/lib/x86_64-linux-gnu/pkgconfig:/home/sheila/march/ros1/install/march_shared_msgs/lib/pkgconfig:${PKG_CONFIG_PATH} PYTHONPATH=/home/sheila/march/ros1/install/march_shared_msgs/lib/python3/dist-packages:${PYTHONPATH} ROS_PACKAGE_PATH=/home/sheila/march/ros1/install/march_shared_msgs/share:${ROS_PACKAGE_PATH} /usr/bin/cmake /home/sheila/march/ros1/src/balance/march_moveit_interface -DCATKIN_INSTALL_INTO_PREFIX_ROOT=0 -DCMAKE_INSTALL_PREFIX=/home/sheila/march/ros1/install/march_moveit_interface
[3.961s] Invoking command in '/home/sheila/march/ros1/build/march_moveit_interface': CMAKE_PREFIX_PATH=/home/sheila/march/ros1/install/march_shared_msgs:${CMAKE_PREFIX_PATH} PKG_CONFIG_PATH=/home/sheila/march/ros1/install/march_shared_msgs/lib/x86_64-linux-gnu/pkgconfig:/home/sheila/march/ros1/install/march_shared_msgs/lib/pkgconfig:${PKG_CONFIG_PATH} PYTHONPATH=/home/sheila/march/ros1/install/march_shared_msgs/lib/python3/dist-packages:${PYTHONPATH} ROS_PACKAGE_PATH=/home/sheila/march/ros1/install/march_shared_msgs/share:${ROS_PACKAGE_PATH} /usr/bin/cmake --build /home/sheila/march/ros1/build/march_moveit_interface -- -j4 -l4
[4.038s] Invoked command in '/home/sheila/march/ros1/build/march_moveit_interface' returned '0': CMAKE_PREFIX_PATH=/home/sheila/march/ros1/install/march_shared_msgs:${CMAKE_PREFIX_PATH} PKG_CONFIG_PATH=/home/sheila/march/ros1/install/march_shared_msgs/lib/x86_64-linux-gnu/pkgconfig:/home/sheila/march/ros1/install/march_shared_msgs/lib/pkgconfig:${PKG_CONFIG_PATH} PYTHONPATH=/home/sheila/march/ros1/install/march_shared_msgs/lib/python3/dist-packages:${PYTHONPATH} ROS_PACKAGE_PATH=/home/sheila/march/ros1/install/march_shared_msgs/share:${ROS_PACKAGE_PATH} /usr/bin/cmake --build /home/sheila/march/ros1/build/march_moveit_interface -- -j4 -l4
[4.129s] Invoking command in '/home/sheila/march/ros1/build/march_moveit_interface': CMAKE_PREFIX_PATH=/home/sheila/march/ros1/install/march_shared_msgs:${CMAKE_PREFIX_PATH} PKG_CONFIG_PATH=/home/sheila/march/ros1/install/march_shared_msgs/lib/x86_64-linux-gnu/pkgconfig:/home/sheila/march/ros1/install/march_shared_msgs/lib/pkgconfig:${PKG_CONFIG_PATH} PYTHONPATH=/home/sheila/march/ros1/install/march_shared_msgs/lib/python3/dist-packages:${PYTHONPATH} ROS_PACKAGE_PATH=/home/sheila/march/ros1/install/march_shared_msgs/share:${ROS_PACKAGE_PATH} /usr/bin/cmake --build /home/sheila/march/ros1/build/march_moveit_interface --target tests -- -j4 -l4
[4.222s] [35m[1mScanning dependencies of target tests[0m
[4.239s] Built target tests
[4.261s] Invoked command in '/home/sheila/march/ros1/build/march_moveit_interface' returned '0': CMAKE_PREFIX_PATH=/home/sheila/march/ros1/install/march_shared_msgs:${CMAKE_PREFIX_PATH} PKG_CONFIG_PATH=/home/sheila/march/ros1/install/march_shared_msgs/lib/x86_64-linux-gnu/pkgconfig:/home/sheila/march/ros1/install/march_shared_msgs/lib/pkgconfig:${PKG_CONFIG_PATH} PYTHONPATH=/home/sheila/march/ros1/install/march_shared_msgs/lib/python3/dist-packages:${PYTHONPATH} ROS_PACKAGE_PATH=/home/sheila/march/ros1/install/march_shared_msgs/share:${ROS_PACKAGE_PATH} /usr/bin/cmake --build /home/sheila/march/ros1/build/march_moveit_interface --target tests -- -j4 -l4
[4.360s] Invoking command in '/home/sheila/march/ros1/build/march_moveit_interface': CMAKE_PREFIX_PATH=/home/sheila/march/ros1/install/march_shared_msgs:${CMAKE_PREFIX_PATH} PKG_CONFIG_PATH=/home/sheila/march/ros1/install/march_shared_msgs/lib/x86_64-linux-gnu/pkgconfig:/home/sheila/march/ros1/install/march_shared_msgs/lib/pkgconfig:${PKG_CONFIG_PATH} PYTHONPATH=/home/sheila/march/ros1/install/march_shared_msgs/lib/python3/dist-packages:${PYTHONPATH} ROS_PACKAGE_PATH=/home/sheila/march/ros1/install/march_shared_msgs/share:${ROS_PACKAGE_PATH} /usr/bin/cmake --install /home/sheila/march/ros1/build/march_moveit_interface
[4.379s] -- Install configuration: ""
[4.382s] + cd /home/sheila/march/ros1/src/balance/march_moveit_interface
[4.382s] + mkdir -p /home/sheila/march/ros1/install/march_moveit_interface/lib/python3/dist-packages
[4.385s] + /usr/bin/env PYTHONPATH=/home/sheila/march/ros1/install/march_moveit_interface/lib/python3/dist-packages:/home/sheila/march/ros1/build/march_moveit_interface/lib/python3/dist-packages:/home/sheila/march/ros1/install/march_shared_msgs/lib/python3/dist-packages:/opt/ros/noetic/lib/python3/dist-packages CATKIN_BINARY_DIR=/home/sheila/march/ros1/build/march_moveit_interface /usr/bin/python3 /home/sheila/march/ros1/src/balance/march_moveit_interface/setup.py egg_info --egg-base /home/sheila/march/ros1/build/march_moveit_interface build --build-base /home/sheila/march/ros1/build/march_moveit_interface install --root=/ --install-layout=deb --prefix=/home/sheila/march/ros1/install/march_moveit_interface --install-scripts=/home/sheila/march/ros1/install/march_moveit_interface/bin
[4.914s] running egg_info
[4.916s] creating /home/sheila/march/ros1/build/march_moveit_interface/march_moveit_interface.egg-info
[4.916s] writing /home/sheila/march/ros1/build/march_moveit_interface/march_moveit_interface.egg-info/PKG-INFO
[4.917s] writing dependency_links to /home/sheila/march/ros1/build/march_moveit_interface/march_moveit_interface.egg-info/dependency_links.txt
[4.918s] writing top-level names to /home/sheila/march/ros1/build/march_moveit_interface/march_moveit_interface.egg-info/top_level.txt
[4.922s] writing manifest file '/home/sheila/march/ros1/build/march_moveit_interface/march_moveit_interface.egg-info/SOURCES.txt'
[4.990s] reading manifest file '/home/sheila/march/ros1/build/march_moveit_interface/march_moveit_interface.egg-info/SOURCES.txt'
[4.991s] writing manifest file '/home/sheila/march/ros1/build/march_moveit_interface/march_moveit_interface.egg-info/SOURCES.txt'
[4.991s] running build
[4.991s] running build_py
[4.992s] creating /home/sheila/march/ros1/build/march_moveit_interface/lib/march_moveit_interface
[4.992s] copying src/march_moveit_interface/__init__.py -> /home/sheila/march/ros1/build/march_moveit_interface/lib/march_moveit_interface
[4.992s] copying src/march_moveit_interface/moveit_interface_node.py -> /home/sheila/march/ros1/build/march_moveit_interface/lib/march_moveit_interface
[4.992s] copying src/march_moveit_interface/moveit_interface.py -> /home/sheila/march/ros1/build/march_moveit_interface/lib/march_moveit_interface
[4.993s] running build_scripts
[4.993s] creating /home/sheila/march/ros1/build/march_moveit_interface/scripts-3.8
[4.993s] copying and adjusting scripts/march_moveit_interface -> /home/sheila/march/ros1/build/march_moveit_interface/scripts-3.8
[4.993s] changing mode of /home/sheila/march/ros1/build/march_moveit_interface/scripts-3.8/march_moveit_interface from 664 to 775
[4.994s] running install
[4.998s] running install_lib
[4.999s] creating /home/sheila/march/ros1/install/march_moveit_interface/lib/python3/dist-packages/march_moveit_interface
[4.999s] copying /home/sheila/march/ros1/build/march_moveit_interface/lib/march_moveit_interface/__init__.py -> /home/sheila/march/ros1/install/march_moveit_interface/lib/python3/dist-packages/march_moveit_interface
[5.000s] copying /home/sheila/march/ros1/build/march_moveit_interface/lib/march_moveit_interface/moveit_interface_node.py -> /home/sheila/march/ros1/install/march_moveit_interface/lib/python3/dist-packages/march_moveit_interface
[5.000s] copying /home/sheila/march/ros1/build/march_moveit_interface/lib/march_moveit_interface/moveit_interface.py -> /home/sheila/march/ros1/install/march_moveit_interface/lib/python3/dist-packages/march_moveit_interface
[5.000s] byte-compiling /home/sheila/march/ros1/install/march_moveit_interface/lib/python3/dist-packages/march_moveit_interface/__init__.py to __init__.cpython-38.pyc
[5.003s] byte-compiling /home/sheila/march/ros1/install/march_moveit_interface/lib/python3/dist-packages/march_moveit_interface/moveit_interface_node.py to moveit_interface_node.cpython-38.pyc
[5.004s] byte-compiling /home/sheila/march/ros1/install/march_moveit_interface/lib/python3/dist-packages/march_moveit_interface/moveit_interface.py to moveit_interface.cpython-38.pyc
[5.005s] running install_egg_info
[5.008s] Copying /home/sheila/march/ros1/build/march_moveit_interface/march_moveit_interface.egg-info to /home/sheila/march/ros1/install/march_moveit_interface/lib/python3/dist-packages/march_moveit_interface-0.0.0.egg-info
[5.008s] Skipping SOURCES.txt
[5.009s] running install_scripts
[5.041s] creating /home/sheila/march/ros1/install/march_moveit_interface/bin
[5.042s] copying /home/sheila/march/ros1/build/march_moveit_interface/scripts-3.8/march_moveit_interface -> /home/sheila/march/ros1/install/march_moveit_interface/bin
[5.042s] changing mode of /home/sheila/march/ros1/install/march_moveit_interface/bin/march_moveit_interface to 775
[5.108s] -- Installing: /home/sheila/march/ros1/install/march_moveit_interface/lib/pkgconfig/march_moveit_interface.pc
[5.109s] -- Installing: /home/sheila/march/ros1/install/march_moveit_interface/share/march_moveit_interface/cmake/march_moveit_interfaceConfig.cmake
[5.110s] -- Installing: /home/sheila/march/ros1/install/march_moveit_interface/share/march_moveit_interface/cmake/march_moveit_interfaceConfig-version.cmake
[5.111s] -- Installing: /home/sheila/march/ros1/install/march_moveit_interface/share/march_moveit_interface/package.xml
[5.112s] -- Installing: /home/sheila/march/ros1/install/march_moveit_interface/lib/march_moveit_interface/march_moveit_interface
[5.113s] -- Installing: /home/sheila/march/ros1/install/march_moveit_interface/share/march_moveit_interface/launch
[5.114s] -- Installing: /home/sheila/march/ros1/install/march_moveit_interface/share/march_moveit_interface/launch/moveit_interface.launch
[5.121s] Invoked command in '/home/sheila/march/ros1/build/march_moveit_interface' returned '0': CMAKE_PREFIX_PATH=/home/sheila/march/ros1/install/march_shared_msgs:${CMAKE_PREFIX_PATH} PKG_CONFIG_PATH=/home/sheila/march/ros1/install/march_shared_msgs/lib/x86_64-linux-gnu/pkgconfig:/home/sheila/march/ros1/install/march_shared_msgs/lib/pkgconfig:${PKG_CONFIG_PATH} PYTHONPATH=/home/sheila/march/ros1/install/march_shared_msgs/lib/python3/dist-packages:${PYTHONPATH} ROS_PACKAGE_PATH=/home/sheila/march/ros1/install/march_shared_msgs/share:${ROS_PACKAGE_PATH} /usr/bin/cmake --install /home/sheila/march/ros1/build/march_moveit_interface
