running egg_info
creating ../../../build/march_rqt_robot_monitor/march_rqt_robot_monitor.egg-info
writing ../../../build/march_rqt_robot_monitor/march_rqt_robot_monitor.egg-info/PKG-INFO
writing dependency_links to ../../../build/march_rqt_robot_monitor/march_rqt_robot_monitor.egg-info/dependency_links.txt
writing entry points to ../../../build/march_rqt_robot_monitor/march_rqt_robot_monitor.egg-info/entry_points.txt
writing requirements to ../../../build/march_rqt_robot_monitor/march_rqt_robot_monitor.egg-info/requires.txt
writing top-level names to ../../../build/march_rqt_robot_monitor/march_rqt_robot_monitor.egg-info/top_level.txt
writing manifest file '../../../build/march_rqt_robot_monitor/march_rqt_robot_monitor.egg-info/SOURCES.txt'
reading manifest file '../../../build/march_rqt_robot_monitor/march_rqt_robot_monitor.egg-info/SOURCES.txt'
writing manifest file '../../../build/march_rqt_robot_monitor/march_rqt_robot_monitor.egg-info/SOURCES.txt'
running build
running build_py
creating /home/sheila/march/ros2/build/march_rqt_robot_monitor/build
creating /home/sheila/march/ros2/build/march_rqt_robot_monitor/build/lib
creating /home/sheila/march/ros2/build/march_rqt_robot_monitor/build/lib/march_rqt_robot_monitor
copying march_rqt_robot_monitor/updater.py -> /home/sheila/march/ros2/build/march_rqt_robot_monitor/build/lib/march_rqt_robot_monitor
copying march_rqt_robot_monitor/__init__.py -> /home/sheila/march/ros2/build/march_rqt_robot_monitor/build/lib/march_rqt_robot_monitor
creating /home/sheila/march/ros2/build/march_rqt_robot_monitor/build/lib/march_rqt_robot_monitor/diagnostic_analyzers
copying march_rqt_robot_monitor/diagnostic_analyzers/temperature.py -> /home/sheila/march/ros2/build/march_rqt_robot_monitor/build/lib/march_rqt_robot_monitor/diagnostic_analyzers
copying march_rqt_robot_monitor/diagnostic_analyzers/__init__.py -> /home/sheila/march/ros2/build/march_rqt_robot_monitor/build/lib/march_rqt_robot_monitor/diagnostic_analyzers
copying march_rqt_robot_monitor/diagnostic_analyzers/control.py -> /home/sheila/march/ros2/build/march_rqt_robot_monitor/build/lib/march_rqt_robot_monitor/diagnostic_analyzers
copying march_rqt_robot_monitor/diagnostic_analyzers/gait_state.py -> /home/sheila/march/ros2/build/march_rqt_robot_monitor/build/lib/march_rqt_robot_monitor/diagnostic_analyzers
copying march_rqt_robot_monitor/diagnostic_analyzers/imc_state.py -> /home/sheila/march/ros2/build/march_rqt_robot_monitor/build/lib/march_rqt_robot_monitor/diagnostic_analyzers
copying march_rqt_robot_monitor/diagnostic_analyzers/check_input_device.py -> /home/sheila/march/ros2/build/march_rqt_robot_monitor/build/lib/march_rqt_robot_monitor/diagnostic_analyzers
running install
running install_lib
creating /home/sheila/march/ros2/install/march_rqt_robot_monitor/lib/python3.8/site-packages/march_rqt_robot_monitor
copying /home/sheila/march/ros2/build/march_rqt_robot_monitor/build/lib/march_rqt_robot_monitor/updater.py -> /home/sheila/march/ros2/install/march_rqt_robot_monitor/lib/python3.8/site-packages/march_rqt_robot_monitor
copying /home/sheila/march/ros2/build/march_rqt_robot_monitor/build/lib/march_rqt_robot_monitor/__init__.py -> /home/sheila/march/ros2/install/march_rqt_robot_monitor/lib/python3.8/site-packages/march_rqt_robot_monitor
creating /home/sheila/march/ros2/install/march_rqt_robot_monitor/lib/python3.8/site-packages/march_rqt_robot_monitor/diagnostic_analyzers
copying /home/sheila/march/ros2/build/march_rqt_robot_monitor/build/lib/march_rqt_robot_monitor/diagnostic_analyzers/temperature.py -> /home/sheila/march/ros2/install/march_rqt_robot_monitor/lib/python3.8/site-packages/march_rqt_robot_monitor/diagnostic_analyzers
copying /home/sheila/march/ros2/build/march_rqt_robot_monitor/build/lib/march_rqt_robot_monitor/diagnostic_analyzers/__init__.py -> /home/sheila/march/ros2/install/march_rqt_robot_monitor/lib/python3.8/site-packages/march_rqt_robot_monitor/diagnostic_analyzers
copying /home/sheila/march/ros2/build/march_rqt_robot_monitor/build/lib/march_rqt_robot_monitor/diagnostic_analyzers/control.py -> /home/sheila/march/ros2/install/march_rqt_robot_monitor/lib/python3.8/site-packages/march_rqt_robot_monitor/diagnostic_analyzers
copying /home/sheila/march/ros2/build/march_rqt_robot_monitor/build/lib/march_rqt_robot_monitor/diagnostic_analyzers/gait_state.py -> /home/sheila/march/ros2/install/march_rqt_robot_monitor/lib/python3.8/site-packages/march_rqt_robot_monitor/diagnostic_analyzers
copying /home/sheila/march/ros2/build/march_rqt_robot_monitor/build/lib/march_rqt_robot_monitor/diagnostic_analyzers/imc_state.py -> /home/sheila/march/ros2/install/march_rqt_robot_monitor/lib/python3.8/site-packages/march_rqt_robot_monitor/diagnostic_analyzers
copying /home/sheila/march/ros2/build/march_rqt_robot_monitor/build/lib/march_rqt_robot_monitor/diagnostic_analyzers/check_input_device.py -> /home/sheila/march/ros2/install/march_rqt_robot_monitor/lib/python3.8/site-packages/march_rqt_robot_monitor/diagnostic_analyzers
byte-compiling /home/sheila/march/ros2/install/march_rqt_robot_monitor/lib/python3.8/site-packages/march_rqt_robot_monitor/updater.py to updater.cpython-38.pyc
byte-compiling /home/sheila/march/ros2/install/march_rqt_robot_monitor/lib/python3.8/site-packages/march_rqt_robot_monitor/__init__.py to __init__.cpython-38.pyc
byte-compiling /home/sheila/march/ros2/install/march_rqt_robot_monitor/lib/python3.8/site-packages/march_rqt_robot_monitor/diagnostic_analyzers/temperature.py to temperature.cpython-38.pyc
byte-compiling /home/sheila/march/ros2/install/march_rqt_robot_monitor/lib/python3.8/site-packages/march_rqt_robot_monitor/diagnostic_analyzers/__init__.py to __init__.cpython-38.pyc
byte-compiling /home/sheila/march/ros2/install/march_rqt_robot_monitor/lib/python3.8/site-packages/march_rqt_robot_monitor/diagnostic_analyzers/control.py to control.cpython-38.pyc
byte-compiling /home/sheila/march/ros2/install/march_rqt_robot_monitor/lib/python3.8/site-packages/march_rqt_robot_monitor/diagnostic_analyzers/gait_state.py to gait_state.cpython-38.pyc
byte-compiling /home/sheila/march/ros2/install/march_rqt_robot_monitor/lib/python3.8/site-packages/march_rqt_robot_monitor/diagnostic_analyzers/imc_state.py to imc_state.cpython-38.pyc
byte-compiling /home/sheila/march/ros2/install/march_rqt_robot_monitor/lib/python3.8/site-packages/march_rqt_robot_monitor/diagnostic_analyzers/check_input_device.py to check_input_device.cpython-38.pyc
running install_data
creating /home/sheila/march/ros2/install/march_rqt_robot_monitor/share/ament_index
creating /home/sheila/march/ros2/install/march_rqt_robot_monitor/share/ament_index/resource_index
creating /home/sheila/march/ros2/install/march_rqt_robot_monitor/share/ament_index/resource_index/packages
copying resource/march_rqt_robot_monitor -> /home/sheila/march/ros2/install/march_rqt_robot_monitor/share/ament_index/resource_index/packages
copying package.xml -> /home/sheila/march/ros2/install/march_rqt_robot_monitor/share/march_rqt_robot_monitor
creating /home/sheila/march/ros2/install/march_rqt_robot_monitor/share/march_rqt_robot_monitor/launch
copying launch/march_rqt_robot_monitor.launch.py -> /home/sheila/march/ros2/install/march_rqt_robot_monitor/share/march_rqt_robot_monitor/launch
creating /home/sheila/march/ros2/install/march_rqt_robot_monitor/share/march_rqt_robot_monitor/config
copying config/analyzers.yaml -> /home/sheila/march/ros2/install/march_rqt_robot_monitor/share/march_rqt_robot_monitor/config
running install_egg_info
Copying ../../../build/march_rqt_robot_monitor/march_rqt_robot_monitor.egg-info to /home/sheila/march/ros2/install/march_rqt_robot_monitor/lib/python3.8/site-packages/march_rqt_robot_monitor-0.0.0-py3.8.egg-info
running install_scripts
Installing march_rqt_robot_monitor_node script to /home/sheila/march/ros2/install/march_rqt_robot_monitor/lib/march_rqt_robot_monitor
writing list of installed files to '/home/sheila/march/ros2/build/march_rqt_robot_monitor/install.log'
