-- Using CATKIN_DEVEL_PREFIX: /home/sheila/march/ros1/build/computed_torque/devel
-- Using CMAKE_PREFIX_PATH: /home/sheila/march/ros1/install/realsense_gazebo_plugin;/home/sheila/march/ros1/install/march_temperature_sensor_controller;/home/sheila/march/ros1/install/march_launch;/home/sheila/march/ros1/install/march_simulation;/home/sheila/march/ros1/install/march_rqt_gait_generator;/home/sheila/march/ros1/install/march_shared_classes;/home/sheila/march/ros1/install/march_realsense_reader;/home/sheila/march/ros1/install/march_pdb_state_controller;/home/sheila/march/ros1/install/march_parameter_server;/home/sheila/march/ros1/install/march_moveit_interface;/home/sheila/march/ros1/install/march_joint_inertia_controller;/home/sheila/march/ros1/install/march_hardware_interface;/home/sheila/march/ros1/install/march_gazebo_plugins;/home/sheila/march/ros1/install/march_gain_scheduling;/home/sheila/march/ros1/install/march_data_collector;/home/sheila/march/ros1/install/march_acado_mpc;/home/sheila/march/ros1/install/march_shared_msgs;/home/sheila/march/ros1/install/march_moveit;/home/sheila/march/ros1/install/march_imu_manager;/home/sheila/march/ros1/install/march_hardware_builder;/home/sheila/march/ros1/install/march_hardware;/home/sheila/march/ros1/install/march_description;/home/sheila/march/ros1/install/march_bridge_parameters;/home/sheila/march/ros1/install/joint_trajectory_controller;/home/sheila/march/ros1/install/direct_dynamic_controller;/opt/ros/noetic
-- This workspace overlays: /home/sheila/march/ros1/install/realsense_gazebo_plugin;/home/sheila/march/ros1/install/march_temperature_sensor_controller;/home/sheila/march/ros1/install/march_launch;/home/sheila/march/ros1/install/march_simulation;/home/sheila/march/ros1/install/march_rqt_gait_generator;/home/sheila/march/ros1/install/march_shared_classes;/home/sheila/march/ros1/install/march_realsense_reader;/home/sheila/march/ros1/install/march_pdb_state_controller;/home/sheila/march/ros1/install/march_parameter_server;/home/sheila/march/ros1/install/march_moveit_interface;/home/sheila/march/ros1/install/march_joint_inertia_controller;/home/sheila/march/ros1/install/march_hardware_interface;/home/sheila/march/ros1/install/march_gazebo_plugins;/home/sheila/march/ros1/install/march_gain_scheduling;/home/sheila/march/ros1/install/march_data_collector;/home/sheila/march/ros1/install/march_acado_mpc;/home/sheila/march/ros1/install/march_shared_msgs;/home/sheila/march/ros1/install/march_moveit;/home/sheila/march/ros1/install/march_imu_manager;/home/sheila/march/ros1/install/march_hardware_builder;/home/sheila/march/ros1/install/march_hardware;/home/sheila/march/ros1/install/march_description;/home/sheila/march/ros1/install/march_bridge_parameters;/home/sheila/march/ros1/install/joint_trajectory_controller;/home/sheila/march/ros1/install/direct_dynamic_controller;/opt/ros/noetic
-- Found PythonInterp: /usr/bin/python3 (found suitable version "3.8.5", minimum required is "3") 
-- Using PYTHON_EXECUTABLE: /usr/bin/python3
-- Using Debian Python package layout
-- Using empy: /usr/lib/python3/dist-packages/em.py
-- Using CATKIN_ENABLE_TESTING: ON
-- Call enable_testing()
-- Using CATKIN_TEST_RESULTS_DIR: /home/sheila/march/ros1/build/computed_torque/test_results
-- Forcing gtest/gmock from source, though one was otherwise available.
-- Found gtest sources under '/usr/src/googletest': gtests will be built
-- Found gmock sources under '/usr/src/googletest': gmock will be built
-- Found PythonInterp: /usr/bin/python3 (found version "3.8.5") 
-- Using Python nosetests: /usr/bin/nosetests3
-- catkin 0.8.9
-- BUILD_SHARED_LIBS is on
CMake Error at CMakeLists.txt:134 (add_library):
  add_library cannot create target "computed_torque_lib" because another
  target with the same name already exists.  The existing target is a shared
  library created in source directory
  "/home/sheila/march/ros1/src/control/computed_torque".  See documentation
  for policy CMP0002 for more details.


CMake Error at CMakeLists.txt:135 (add_library):
  add_library cannot create target "computed_torque_lib" because another
  target with the same name already exists.  The existing target is a shared
  library created in source directory
  "/home/sheila/march/ros1/src/control/computed_torque".  See documentation
  for policy CMP0002 for more details.


-- Configuring incomplete, errors occurred!
See also "/home/sheila/march/ros1/build/computed_torque/CMakeFiles/CMakeOutput.log".
See also "/home/sheila/march/ros1/build/computed_torque/CMakeFiles/CMakeError.log".
make: *** [Makefile:574: cmake_check_build_system] Error 1
