[0.024s] Invoking command in '/home/sheila/march/ros1/build/computed_torque': /usr/bin/cmake --build /home/sheila/march/ros1/build/computed_torque -- -j4 -l4
[0.065s] -- Using CATKIN_DEVEL_PREFIX: /home/sheila/march/ros1/build/computed_torque/devel
[0.065s] -- Using CMAKE_PREFIX_PATH: /home/sheila/march/ros1/install/realsense_gazebo_plugin;/home/sheila/march/ros1/install/march_temperature_sensor_controller;/home/sheila/march/ros1/install/march_launch;/home/sheila/march/ros1/install/march_simulation;/home/sheila/march/ros1/install/march_rqt_gait_generator;/home/sheila/march/ros1/install/march_shared_classes;/home/sheila/march/ros1/install/march_realsense_reader;/home/sheila/march/ros1/install/march_pdb_state_controller;/home/sheila/march/ros1/install/march_parameter_server;/home/sheila/march/ros1/install/march_moveit_interface;/home/sheila/march/ros1/install/march_joint_inertia_controller;/home/sheila/march/ros1/install/march_hardware_interface;/home/sheila/march/ros1/install/march_gazebo_plugins;/home/sheila/march/ros1/install/march_gain_scheduling;/home/sheila/march/ros1/install/march_data_collector;/home/sheila/march/ros1/install/march_acado_mpc;/home/sheila/march/ros1/install/march_shared_msgs;/home/sheila/march/ros1/install/march_moveit;/home/sheila/march/ros1/install/march_imu_manager;/home/sheila/march/ros1/install/march_hardware_builder;/home/sheila/march/ros1/install/march_hardware;/home/sheila/march/ros1/install/march_description;/home/sheila/march/ros1/install/march_bridge_parameters;/home/sheila/march/ros1/install/joint_trajectory_controller;/home/sheila/march/ros1/install/direct_dynamic_controller;/opt/ros/noetic
[0.066s] -- This workspace overlays: /home/sheila/march/ros1/install/realsense_gazebo_plugin;/home/sheila/march/ros1/install/march_temperature_sensor_controller;/home/sheila/march/ros1/install/march_launch;/home/sheila/march/ros1/install/march_simulation;/home/sheila/march/ros1/install/march_rqt_gait_generator;/home/sheila/march/ros1/install/march_shared_classes;/home/sheila/march/ros1/install/march_realsense_reader;/home/sheila/march/ros1/install/march_pdb_state_controller;/home/sheila/march/ros1/install/march_parameter_server;/home/sheila/march/ros1/install/march_moveit_interface;/home/sheila/march/ros1/install/march_joint_inertia_controller;/home/sheila/march/ros1/install/march_hardware_interface;/home/sheila/march/ros1/install/march_gazebo_plugins;/home/sheila/march/ros1/install/march_gain_scheduling;/home/sheila/march/ros1/install/march_data_collector;/home/sheila/march/ros1/install/march_acado_mpc;/home/sheila/march/ros1/install/march_shared_msgs;/home/sheila/march/ros1/install/march_moveit;/home/sheila/march/ros1/install/march_imu_manager;/home/sheila/march/ros1/install/march_hardware_builder;/home/sheila/march/ros1/install/march_hardware;/home/sheila/march/ros1/install/march_description;/home/sheila/march/ros1/install/march_bridge_parameters;/home/sheila/march/ros1/install/joint_trajectory_controller;/home/sheila/march/ros1/install/direct_dynamic_controller;/opt/ros/noetic
[0.096s] -- Found PythonInterp: /usr/bin/python3 (found suitable version "3.8.5", minimum required is "3") 
[0.096s] -- Using PYTHON_EXECUTABLE: /usr/bin/python3
[0.096s] -- Using Debian Python package layout
[0.097s] -- Using empy: /usr/lib/python3/dist-packages/em.py
[0.248s] -- Using CATKIN_ENABLE_TESTING: ON
[0.248s] -- Call enable_testing()
[0.252s] -- Using CATKIN_TEST_RESULTS_DIR: /home/sheila/march/ros1/build/computed_torque/test_results
[0.326s] -- Forcing gtest/gmock from source, though one was otherwise available.
[0.326s] -- Found gtest sources under '/usr/src/googletest': gtests will be built
[0.327s] -- Found gmock sources under '/usr/src/googletest': gmock will be built
[0.361s] -- Found PythonInterp: /usr/bin/python3 (found version "3.8.5") 
[0.373s] -- Using Python nosetests: /usr/bin/nosetests3
[0.448s] -- catkin 0.8.9
[0.448s] -- BUILD_SHARED_LIBS is on
[1.033s] CMake Error at CMakeLists.txt:134 (add_library):
[1.033s]   add_library cannot create target "computed_torque_lib" because another
[1.033s]   target with the same name already exists.  The existing target is a shared
[1.033s]   library created in source directory
[1.033s]   "/home/sheila/march/ros1/src/control/computed_torque".  See documentation
[1.033s]   for policy CMP0002 for more details.
[1.034s] 
[1.034s] 
[1.034s] CMake Error at CMakeLists.txt:135 (add_library):
[1.034s]   add_library cannot create target "computed_torque_lib" because another
[1.034s]   target with the same name already exists.  The existing target is a shared
[1.034s]   library created in source directory
[1.034s]   "/home/sheila/march/ros1/src/control/computed_torque".  See documentation
[1.035s]   for policy CMP0002 for more details.
[1.035s] 
[1.035s] 
[1.035s] -- Configuring incomplete, errors occurred!
[1.035s] See also "/home/sheila/march/ros1/build/computed_torque/CMakeFiles/CMakeOutput.log".
[1.035s] See also "/home/sheila/march/ros1/build/computed_torque/CMakeFiles/CMakeError.log".
[1.039s] make: *** [Makefile:574: cmake_check_build_system] Error 1
[1.042s] Invoked command in '/home/sheila/march/ros1/build/computed_torque' returned '2': /usr/bin/cmake --build /home/sheila/march/ros1/build/computed_torque -- -j4 -l4
