[0.024s] Invoking command in '/home/sheila/march/ros1/build/computed_torque': /usr/bin/cmake --build /home/sheila/march/ros1/build/computed_torque -- -j4 -l4
[0.116s] [  0%] Built target sensor_msgs_generate_messages_py
[0.120s] [  0%] Built target sensor_msgs_generate_messages_nodejs
[0.128s] [  0%] Built target dynamic_reconfigure_generate_messages_nodejs
[0.134s] [  0%] Built target sensor_msgs_generate_messages_cpp
[0.155s] [  0%] Built target march_shared_msgs_generate_messages_py
[0.175s] [  0%] Built target roscpp_generate_messages_eus
[0.176s] [  0%] Built target march_shared_msgs_generate_messages_nodejs
[0.178s] [  0%] Built target march_shared_msgs_generate_messages_eus
[0.194s] [  0%] Built target roscpp_generate_messages_cpp
[0.215s] [  0%] Built target control_toolbox_gencfg
[0.216s] [  0%] Built target std_msgs_generate_messages_py
[0.221s] [  0%] Built target march_shared_msgs_generate_messages_cpp
[0.239s] [  0%] Built target std_msgs_generate_messages_nodejs
[0.252s] [  0%] Built target geometry_msgs_generate_messages_eus
[0.265s] [  0%] Built target roscpp_generate_messages_nodejs
[0.273s] [  0%] Built target std_msgs_generate_messages_cpp
[0.293s] [  0%] Built target actionlib_msgs_generate_messages_py
[0.297s] [  0%] Built target actionlib_generate_messages_cpp
[0.311s] [  0%] Built target march_shared_msgs_generate_messages_lisp
[0.319s] [  0%] Built target rosgraph_msgs_generate_messages_nodejs
[0.348s] [  0%] Built target rosgraph_msgs_generate_messages_lisp
[0.354s] [  0%] Built target actionlib_generate_messages_py
[0.355s] [  0%] Built target actionlib_generate_messages_lisp
[0.371s] [  0%] Built target _catkin_empty_exported_target
[0.388s] [  0%] Built target actionlib_generate_messages_nodejs
[0.395s] [  0%] Built target control_msgs_generate_messages_eus
[0.398s] [  0%] Built target trajectory_msgs_generate_messages_nodejs
[0.413s] [  0%] Built target trajectory_msgs_generate_messages_cpp
[0.436s] [  0%] Built target control_toolbox_generate_messages_py
[0.444s] [  0%] Built target std_msgs_generate_messages_eus
[0.445s] [  0%] Built target rosgraph_msgs_generate_messages_py
[0.459s] [  0%] Built target actionlib_msgs_generate_messages_nodejs
[0.481s] [  0%] Built target actionlib_msgs_generate_messages_cpp
[0.481s] [  0%] Built target actionlib_msgs_generate_messages_lisp
[0.488s] [  0%] Built target rosgraph_msgs_generate_messages_eus
[0.502s] [  0%] Built target sensor_msgs_generate_messages_lisp
[0.524s] [  0%] Built target sensor_msgs_generate_messages_eus
[0.528s] [  0%] Built target std_msgs_generate_messages_lisp
[0.530s] [  0%] Built target control_msgs_generate_messages_lisp
[0.543s] [  0%] Built target control_msgs_generate_messages_cpp
[0.571s] [  0%] Built target roscpp_generate_messages_lisp
[0.573s] [  0%] Built target actionlib_msgs_generate_messages_eus
[0.575s] [  0%] Built target control_toolbox_generate_messages_nodejs
[0.591s] [  0%] Built target dynamic_reconfigure_generate_messages_py
[0.614s] [  0%] Built target control_msgs_generate_messages_nodejs
[0.638s] [  0%] Built target geometry_msgs_generate_messages_cpp
[0.639s] [  0%] Built target control_msgs_generate_messages_py
[0.647s] [  0%] Built target geometry_msgs_generate_messages_lisp
[0.659s] [  0%] Built target geometry_msgs_generate_messages_py
[0.679s] [  0%] Built target rosgraph_msgs_generate_messages_cpp
[0.681s] [  0%] Built target trajectory_msgs_generate_messages_lisp
[0.689s] [  0%] Built target actionlib_generate_messages_eus
[0.706s] [  0%] Built target trajectory_msgs_generate_messages_py
[0.730s] [  0%] Built target trajectory_msgs_generate_messages_eus
[0.732s] [  0%] Built target control_toolbox_generate_messages_cpp
[0.732s] [  0%] Built target roscpp_generate_messages_py
[0.750s] [  0%] Built target control_toolbox_generate_messages_eus
[0.770s] [  0%] Built target geometry_msgs_generate_messages_nodejs
[0.773s] [  0%] Built target dynamic_reconfigure_generate_messages_cpp
[0.778s] [  0%] Built target control_toolbox_generate_messages_lisp
[0.790s] [  0%] Built target dynamic_reconfigure_generate_messages_eus
[0.802s] [  0%] Built target dynamic_reconfigure_generate_messages_lisp
[0.805s] [  0%] Built target dynamic_reconfigure_gencfg
[0.819s] [35m[1mScanning dependencies of target computed_torque_lib[0m
[0.981s] [ 50%] [32mBuilding CXX object CMakeFiles/computed_torque_lib.dir/src/computed_torque_controller.cpp.o[0m
[4.721s] In file included from [01m[K/home/sheila/march/ros1/src/control/computed_torque/src/computed_torque_controller.cpp:5[m[K:
[4.721s] [01m[K/home/sheila/march/ros1/src/control/computed_torque/include/computed_torque/computed_torque_controller.h:78:31:[m[K [01;31m[Kerror: [m[K‘[01m[KState[m[K’ does not name a type
[4.721s]    78 |                         const [01;31m[KState[m[K& desired_state,
[4.721s]       |                               [01;31m[K^~~~~[m[K
[4.724s] [01m[K/home/sheila/march/ros1/src/control/computed_torque/include/computed_torque/computed_torque_controller.h:79:31:[m[K [01;31m[Kerror: [m[K‘[01m[KState[m[K’ does not name a type
[4.724s]    79 |                         const [01;31m[KState[m[K& state_error );
[4.725s]       |                               [01;31m[K^~~~~[m[K
[4.748s] [01m[K/home/sheila/march/ros1/src/control/computed_torque/include/computed_torque/computed_torque_controller.h:109:21:[m[K [01;31m[Kerror: [m[K‘[01m[KJointTrajectorySegment[m[K’ does not name a type
[4.748s]   109 |             typedef [01;31m[KJointTrajectorySegment[m[K<SegmentImpl> Segment;
[4.748s]       |                     [01;31m[K^~~~~~~~~~~~~~~~~~~~~~[m[K
[4.749s] [01m[K/home/sheila/march/ros1/src/control/computed_torque/include/computed_torque/computed_torque_controller.h:111:46:[m[K [01;31m[Kerror: [m[K‘[01m[KHardwareInterface[m[K’ was not declared in this scope; did you mean ‘[01m[Khardware_interface::HardwareInterface[m[K’?
[4.749s]   111 |             typedef HardwareInterfaceAdapter<[01;31m[KHardwareInterface[m[K, typename Segment::State> HwIfaceAdapter;
[4.749s]       |                                              [01;31m[K^~~~~~~~~~~~~~~~~[m[K
[4.749s]       |                                              [32m[Khardware_interface::HardwareInterface[m[K
[4.749s] In file included from [01m[K/opt/ros/noetic/include/hardware_interface/robot_hw.h:37[m[K,
[4.749s]                  from [01m[K/opt/ros/noetic/include/controller_interface/controller_base.h:36[m[K,
[4.749s]                  from [01m[K/opt/ros/noetic/include/controller_interface/controller.h:35[m[K,
[4.749s]                  from [01m[K/home/sheila/march/ros1/src/control/computed_torque/include/computed_torque/computed_torque_controller.h:24[m[K,
[4.749s]                  from [01m[K/home/sheila/march/ros1/src/control/computed_torque/src/computed_torque_controller.cpp:5[m[K:
[4.750s] [01m[K/opt/ros/noetic/include/hardware_interface/hardware_interface.h:46:7:[m[K [01;36m[Knote: [m[K‘[01m[Khardware_interface::HardwareInterface[m[K’ declared here
[4.750s]    46 | class [01;36m[KHardwareInterface[m[K
[4.750s]       |       [01;36m[K^~~~~~~~~~~~~~~~~[m[K
[4.750s] In file included from [01m[K/home/sheila/march/ros1/src/control/computed_torque/src/computed_torque_controller.cpp:5[m[K:
[4.750s] [01m[K/home/sheila/march/ros1/src/control/computed_torque/include/computed_torque/computed_torque_controller.h:111:88:[m[K [01;31m[Kerror: [m[Ktemplate argument 1 is invalid
[4.750s]   111 |             typedef HardwareInterfaceAdapter<HardwareInterface, typename Segment::State[01;31m[K>[m[K HwIfaceAdapter;
[4.750s]       |                                                                                        [01;31m[K^[m[K
[4.750s] [01m[K/home/sheila/march/ros1/src/control/computed_torque/include/computed_torque/computed_torque_controller.h:111:88:[m[K [01;31m[Kerror: [m[Ktemplate argument 2 is invalid
[4.750s] [01m[K/home/sheila/march/ros1/src/control/computed_torque/include/computed_torque/computed_torque_controller.h:112:22:[m[K [01;31m[Kerror: [m[K‘[01m[KSegment[m[K’ has not been declared
[4.750s]   112 |             typename [01;31m[KSegment[m[K::State state_error_;           ///< Preallocated workspace variable.
[4.750s]       |                      [01;31m[K^~~~~~~[m[K
[4.750s] [01m[K/home/sheila/march/ros1/src/control/computed_torque/include/computed_torque/computed_torque_controller.h:113:22:[m[K [01;31m[Kerror: [m[K‘[01m[KSegment[m[K’ has not been declared
[4.751s]   113 |             typename [01;31m[KSegment[m[K::State desired_joint_state_;   ///< Preallocated workspace variable.
[4.751s]       |                      [01;31m[K^~~~~~~[m[K
[4.784s] In file included from [01m[K/home/sheila/march/ros1/src/control/computed_torque/include/computed_torque/computed_torque_controller.h:156[m[K,
[4.784s]                  from [01m[K/home/sheila/march/ros1/src/control/computed_torque/src/computed_torque_controller.cpp:5[m[K:
[4.785s] [01m[K/home/sheila/march/ros1/src/control/computed_torque/include/computed_torque/computed_torque_controller.hpp:76:53:[m[K [01;31m[Kerror: [m[K‘[01m[KState[m[K’ does not name a type
[4.785s]    76 |                                               const [01;31m[KState[m[K& desired_state,
[4.785s]       |                                                     [01;31m[K^~~~~[m[K
[4.786s] [01m[K/home/sheila/march/ros1/src/control/computed_torque/include/computed_torque/computed_torque_controller.hpp:77:53:[m[K [01;31m[Kerror: [m[K‘[01m[KState[m[K’ does not name a type
[4.787s]    77 |                                               const [01;31m[KState[m[K& state_error ){
[4.787s]       |                                                     [01;31m[K^~~~~[m[K
[4.787s] [01m[K/home/sheila/march/ros1/src/control/computed_torque/include/computed_torque/computed_torque_controller.hpp:[m[K In member function ‘[01m[Kvoid controller_ns::computed_torque_controller_class::update(const ros::Time&, const ros::Duration&, const int&, const int&)[m[K’:
[4.787s] [01m[K/home/sheila/march/ros1/src/control/computed_torque/include/computed_torque/computed_torque_controller.hpp:88:42:[m[K [01;31m[Kerror: [m[Krequest for member ‘[01m[Kacceleration[m[K’ in ‘[01m[Kdesired_state[m[K’, which is of non-class type ‘[01m[Kconst int[m[K’
[4.787s]    88 |       desired.qdotdot(i) = desired_state.[01;31m[Kacceleration[m[K[i];
[4.787s]       |                                          [01;31m[K^~~~~~~~~~~~[m[K
[4.787s] [01m[K/home/sheila/march/ros1/src/control/computed_torque/include/computed_torque/computed_torque_controller.hpp:90:32:[m[K [01;31m[Kerror: [m[Krequest for member ‘[01m[Kposition[m[K’ in ‘[01m[Kstate_error[m[K’, which is of non-class type ‘[01m[Kconst int[m[K’
[4.787s]    90 |       error.q(i) = state_error.[01;31m[Kposition[m[K[i];
[4.787s]       |                                [01;31m[K^~~~~~~~[m[K
[4.788s] [01m[K/home/sheila/march/ros1/src/control/computed_torque/include/computed_torque/computed_torque_controller.hpp:91:35:[m[K [01;31m[Kerror: [m[Krequest for member ‘[01m[Kvelocity[m[K’ in ‘[01m[Kstate_error[m[K’, which is of non-class type ‘[01m[Kconst int[m[K’
[4.788s]    91 |       error.qdot(i) = state_error.[01;31m[Kvelocity[m[K[i];
[4.788s]       |                                   [01;31m[K^~~~~~~~[m[K
[4.897s] [01m[K/home/sheila/march/ros1/src/control/computed_torque/include/computed_torque/computed_torque_controller.hpp:118:54:[m[K [01;31m[Kerror: [m[K‘[01m[Kerrror[m[K’ was not declared in this scope; did you mean ‘[01m[Kerror[m[K’?
[4.897s]   118 |         const double command = -Kp*error.q.data - Kv*[01;31m[Kerrror[m[K.qdot.data;
[4.897s]       |                                                      [01;31m[K^~~~~~[m[K
[4.898s]       |                                                      [32m[Kerror[m[K
[5.913s] In file included from [01m[K/opt/ros/noetic/include/class_loader/class_loader_core.hpp:45[m[K,
[5.913s]                  from [01m[K/opt/ros/noetic/include/class_loader/class_loader.hpp:46[m[K,
[5.913s]                  from [01m[K/opt/ros/noetic/include/pluginlib/./class_list_macros.hpp:40[m[K,
[5.913s]                  from [01m[K/opt/ros/noetic/include/pluginlib/class_list_macros.h:35[m[K,
[5.914s]                  from [01m[K/home/sheila/march/ros1/src/control/computed_torque/src/computed_torque_controller.cpp:2[m[K:
[5.914s] /opt/ros/noetic/include/class_loader/meta_object.hpp: In instantiation of ‘[01m[KB* class_loader::impl::MetaObject<C, B>::create() const [with C = controller_ns::computed_torque_controller_class; B = controller_interface::ControllerBase][m[K’:
[5.914s] [01m[K/opt/ros/noetic/include/class_loader/meta_object.hpp:196:7:[m[K   required from here
[5.914s] [01m[K/opt/ros/noetic/include/class_loader/meta_object.hpp:198:12:[m[K [01;31m[Kerror: [m[Kinvalid new-expression of abstract class type ‘[01m[Kcontroller_ns::computed_torque_controller_class[m[K’
[5.914s]   198 |     return [01;31m[Knew C[m[K;
[5.915s]       |            [01;31m[K^~~~~[m[K
[5.915s] In file included from [01m[K/home/sheila/march/ros1/src/control/computed_torque/src/computed_torque_controller.cpp:5[m[K:
[5.915s] [01m[K/home/sheila/march/ros1/src/control/computed_torque/include/computed_torque/computed_torque_controller.h:72:11:[m[K [01;36m[Knote: [m[K  because the following virtual functions are pure within ‘[01m[Kcontroller_ns::computed_torque_controller_class[m[K’:
[5.915s]    72 |     class [01;36m[Kcomputed_torque_controller_class[m[K : public controller_interface::Controller<hardware_interface::EffortJointInterface> {
[5.915s]       |           [01;36m[K^~~~~~~~~~~~~~~~~~~~~~~~~~~~~~~~[m[K
[5.915s] In file included from [01m[K/opt/ros/noetic/include/controller_interface/controller.h:35[m[K,
[5.916s]                  from [01m[K/home/sheila/march/ros1/src/control/computed_torque/include/computed_torque/computed_torque_controller.h:24[m[K,
[5.916s]                  from [01m[K/home/sheila/march/ros1/src/control/computed_torque/src/computed_torque_controller.cpp:5[m[K:
[5.916s] [01m[K/opt/ros/noetic/include/controller_interface/controller_base.h:73:16:[m[K [01;36m[Knote: [m[K	‘[01m[Kvirtual void controller_interface::ControllerBase::update(const ros::Time&, const ros::Duration&)[m[K’
[5.916s]    73 |   virtual void [01;36m[Kupdate[m[K(const ros::Time& time, const ros::Duration& period) = 0;
[5.916s]       |                [01;36m[K^~~~~~[m[K
[6.315s] make[2]: *** [CMakeFiles/computed_torque_lib.dir/build.make:63: CMakeFiles/computed_torque_lib.dir/src/computed_torque_controller.cpp.o] Error 1
[6.315s] make[1]: *** [CMakeFiles/Makefile2:265: CMakeFiles/computed_torque_lib.dir/all] Error 2
[6.315s] make: *** [Makefile:141: all] Error 2
[6.317s] Invoked command in '/home/sheila/march/ros1/build/computed_torque' returned '2': /usr/bin/cmake --build /home/sheila/march/ros1/build/computed_torque -- -j4 -l4
