[0.018s] Invoking command in '/home/sheila/march/ros1/build/computed_torque': /usr/bin/cmake --build /home/sheila/march/ros1/build/computed_torque -- -j4 -l4
[0.103s] [  0%] Built target std_msgs_generate_messages_eus
[0.104s] [  0%] Built target dynamic_reconfigure_generate_messages_nodejs
[0.104s] [  0%] Built target rosgraph_msgs_generate_messages_py
[0.104s] [  0%] Built target actionlib_msgs_generate_messages_nodejs
[0.142s] [  0%] Built target rosgraph_msgs_generate_messages_eus
[0.142s] [  0%] Built target actionlib_msgs_generate_messages_lisp
[0.152s] [  0%] Built target actionlib_msgs_generate_messages_cpp
[0.154s] [  0%] Built target control_msgs_generate_messages_lisp
[0.179s] [  0%] Built target control_msgs_generate_messages_cpp
[0.179s] [  0%] Built target std_msgs_generate_messages_lisp
[0.192s] [  0%] Built target control_toolbox_generate_messages_nodejs
[0.195s] [  0%] Built target roscpp_generate_messages_lisp
[0.217s] [  0%] Built target dynamic_reconfigure_generate_messages_py
[0.217s] [  0%] Built target actionlib_msgs_generate_messages_eus
[0.233s] [  0%] Built target control_msgs_generate_messages_nodejs
[0.233s] [  0%] Built target rosgraph_msgs_generate_messages_lisp
[0.251s] [  0%] Built target actionlib_generate_messages_py
[0.264s] [  0%] Built target actionlib_generate_messages_lisp
[0.270s] [  0%] Built target _catkin_empty_exported_target
[0.270s] [  0%] Built target actionlib_generate_messages_nodejs
[0.289s] [  0%] Built target control_msgs_generate_messages_eus
[0.303s] [  0%] Built target trajectory_msgs_generate_messages_nodejs
[0.307s] [  0%] Built target trajectory_msgs_generate_messages_cpp
[0.307s] [  0%] Built target control_toolbox_generate_messages_py
[0.325s] [  0%] Built target std_msgs_generate_messages_py
[0.344s] [  0%] Built target std_msgs_generate_messages_nodejs
[0.344s] [  0%] Built target roscpp_generate_messages_nodejs
[0.345s] [  0%] Built target geometry_msgs_generate_messages_eus
[0.363s] [  0%] Built target std_msgs_generate_messages_cpp
[0.382s] [  0%] Built target actionlib_msgs_generate_messages_py
[0.382s] [  0%] Built target actionlib_generate_messages_cpp
[0.382s] [  0%] Built target rosgraph_msgs_generate_messages_nodejs
[0.400s] [  0%] Built target roscpp_generate_messages_eus
[0.419s] [  0%] Built target control_toolbox_gencfg
[0.419s] [  0%] Built target control_msgs_generate_messages_py
[0.419s] [  0%] Built target roscpp_generate_messages_cpp
[0.438s] [  0%] Built target geometry_msgs_generate_messages_cpp
[0.457s] [  0%] Built target geometry_msgs_generate_messages_lisp
[0.457s] [  0%] Built target geometry_msgs_generate_messages_py
[0.458s] [  0%] Built target trajectory_msgs_generate_messages_lisp
[0.475s] [  0%] Built target rosgraph_msgs_generate_messages_cpp
[0.494s] [  0%] Built target actionlib_generate_messages_eus
[0.494s] [  0%] Built target trajectory_msgs_generate_messages_eus
[0.499s] [  0%] Built target trajectory_msgs_generate_messages_py
[0.513s] [  0%] Built target roscpp_generate_messages_py
[0.533s] [  0%] Built target control_toolbox_generate_messages_eus
[0.534s] [  0%] Built target control_toolbox_generate_messages_cpp
[0.540s] [  0%] Built target control_toolbox_generate_messages_lisp
[0.552s] [  0%] Built target dynamic_reconfigure_generate_messages_cpp
[0.571s] [  0%] Built target geometry_msgs_generate_messages_nodejs
[0.571s] [  0%] Built target dynamic_reconfigure_generate_messages_eus
[0.577s] [  0%] Built target dynamic_reconfigure_gencfg
[0.584s] [  0%] Built target dynamic_reconfigure_generate_messages_lisp
[0.600s] [35m[1mScanning dependencies of target computed_torque_lib[0m
[0.624s] [ 50%] [32mBuilding CXX object CMakeFiles/computed_torque_lib.dir/src/computed_torque_controller.cpp.o[0m
[3.884s] In file included from [01m[K/home/sheila/march/ros1/src/control/computed_torque/src/computed_torque_controller.cpp:5[m[K:
[3.884s] [01m[K/home/sheila/march/ros1/src/control/computed_torque/include/computed_torque/computed_torque_controller.h:68:60:[m[K [01;31m[Kerror: [m[K‘[01m[KState[m[K’ in namespace ‘[01m[Kjoint_trajectory_controller[m[K’ does not name a type
[3.885s]    68 |                         const joint_trajectory_controller::[01;31m[KState[m[K& desired_state,
[3.885s]       |                                                            [01;31m[K^~~~~[m[K
[3.885s] [01m[K/home/sheila/march/ros1/src/control/computed_torque/include/computed_torque/computed_torque_controller.h:69:60:[m[K [01;31m[Kerror: [m[K‘[01m[KState[m[K’ in namespace ‘[01m[Kjoint_trajectory_controller[m[K’ does not name a type
[3.885s]    69 |                         const joint_trajectory_controller::[01;31m[KState[m[K& state_error );
[3.885s]       |                                                            [01;31m[K^~~~~[m[K
[3.915s] In file included from [01m[K/home/sheila/march/ros1/src/control/computed_torque/include/computed_torque/computed_torque_controller.h:134[m[K,
[3.915s]                  from [01m[K/home/sheila/march/ros1/src/control/computed_torque/src/computed_torque_controller.cpp:5[m[K:
[3.915s] [01m[K/home/sheila/march/ros1/src/control/computed_torque/include/computed_torque/computed_torque_controller.hpp:75:82:[m[K [01;31m[Kerror: [m[K‘[01m[KState[m[K’ in namespace ‘[01m[Kjoint_trajectory_controller[m[K’ does not name a type
[3.915s]    75 |                                 const joint_trajectory_controller::[01;31m[KState[m[K& desired_state,
[3.915s]       |                                                                    [01;31m[K^~~~~[m[K
[3.915s] 
[3.915s] [01m[K/home/sheila/march/ros1/src/control/computed_torque/include/computed_torque/computed_torque_controller.hpp:76:82:[m[K [01;31m[Kerror: [m[K‘[01m[KState[m[K’ in namespace ‘[01m[Kjoint_trajectory_controller[m[K’ does not name a type
[3.915s]    76 |                                 const joint_trajectory_controller::[01;31m[KState[m[K& state_error ){
[3.915s]       |                                                                    [01;31m[K^~~~~[m[K
[3.915s] 
[3.915s] [01m[K/home/sheila/march/ros1/src/control/computed_torque/include/computed_torque/computed_torque_controller.hpp:[m[K In member function ‘[01m[Kvoid controller_ns::computed_torque_controller_class::update(const ros::Time&, const ros::Duration&, const int&, const int&)[m[K’:
[3.915s] [01m[K/home/sheila/march/ros1/src/control/computed_torque/include/computed_torque/computed_torque_controller.hpp:85:36:[m[K [01;31m[Kerror: [m[Krequest for member ‘[01m[Kposition[m[K’ in ‘[01m[Kdesired_state[m[K’, which is of non-class type ‘[01m[Kconst int[m[K’
[3.916s]    85 |       desired.q(i) = desired_state.[01;31m[Kposition[m[K[i];
[3.916s]       |                                    [01;31m[K^~~~~~~~[m[K
[3.916s] [01m[K/home/sheila/march/ros1/src/control/computed_torque/include/computed_torque/computed_torque_controller.hpp:86:39:[m[K [01;31m[Kerror: [m[Krequest for member ‘[01m[Kvelocity[m[K’ in ‘[01m[Kdesired_state[m[K’, which is of non-class type ‘[01m[Kconst int[m[K’
[3.916s]    86 |       desired.qdot(i) = desired_state.[01;31m[Kvelocity[m[K[i];
[3.916s]       |                                       [01;31m[K^~~~~~~~[m[K
[3.916s] [01m[K/home/sheila/march/ros1/src/control/computed_torque/include/computed_torque/computed_torque_controller.hpp:87:42:[m[K [01;31m[Kerror: [m[Krequest for member ‘[01m[Kacceleration[m[K’ in ‘[01m[Kdesired_state[m[K’, which is of non-class type ‘[01m[Kconst int[m[K’
[3.916s]    87 |       desired.qdotdot(i) = desired_state.[01;31m[Kacceleration[m[K[i];
[3.916s]       |                                          [01;31m[K^~~~~~~~~~~~[m[K
[3.916s] [01m[K/home/sheila/march/ros1/src/control/computed_torque/include/computed_torque/computed_torque_controller.hpp:89:32:[m[K [01;31m[Kerror: [m[Krequest for member ‘[01m[Kposition[m[K’ in ‘[01m[Kstate_error[m[K’, which is of non-class type ‘[01m[Kconst int[m[K’
[3.916s]    89 |       error.q(i) = state_error.[01;31m[Kposition[m[K[i];
[3.916s]       |                                [01;31m[K^~~~~~~~[m[K
[3.916s] [01m[K/home/sheila/march/ros1/src/control/computed_torque/include/computed_torque/computed_torque_controller.hpp:90:35:[m[K [01;31m[Kerror: [m[Krequest for member ‘[01m[Kvelocity[m[K’ in ‘[01m[Kstate_error[m[K’, which is of non-class type ‘[01m[Kconst int[m[K’
[3.917s]    90 |       error.qdot(i) = state_error.[01;31m[Kvelocity[m[K[i];
[3.917s]       |                                   [01;31m[K^~~~~~~~[m[K
[3.918s] [01m[K/home/sheila/march/ros1/src/control/computed_torque/include/computed_torque/computed_torque_controller.hpp:105:54:[m[K [01;31m[Kerror: [m[K‘[01m[Kchain[m[K’ was not declared in this scope
[3.918s]   105 |     KDL::ChainDynParam dynamics = KDL::ChainDynParam([01;31m[Kchain[m[K, KDL::Vector(0.0,0.0,-9.81));
[3.918s]       |                                                      [01;31m[K^~~~~[m[K
[4.015s] [01m[K/home/sheila/march/ros1/src/control/computed_torque/include/computed_torque/computed_torque_controller.hpp:117:54:[m[K [01;31m[Kerror: [m[K‘[01m[Kerrror[m[K’ was not declared in this scope; did you mean ‘[01m[Kerror[m[K’?
[4.015s]   117 |         const double command = -Kp*error.q.data - Kv*[01;31m[Kerrror[m[K.qdot.data;
[4.016s]       |                                                      [01;31m[K^~~~~~[m[K
[4.016s]       |                                                      [32m[Kerror[m[K
[4.915s] In file included from [01m[K/opt/ros/noetic/include/class_loader/class_loader_core.hpp:45[m[K,
[4.915s]                  from [01m[K/opt/ros/noetic/include/class_loader/class_loader.hpp:46[m[K,
[4.915s]                  from [01m[K/opt/ros/noetic/include/pluginlib/./class_list_macros.hpp:40[m[K,
[4.915s]                  from [01m[K/opt/ros/noetic/include/pluginlib/class_list_macros.h:35[m[K,
[4.915s]                  from [01m[K/home/sheila/march/ros1/src/control/computed_torque/src/computed_torque_controller.cpp:2[m[K:
[4.915s] /opt/ros/noetic/include/class_loader/meta_object.hpp: In instantiation of ‘[01m[KB* class_loader::impl::MetaObject<C, B>::create() const [with C = controller_ns::computed_torque_controller_class; B = controller_interface::ControllerBase][m[K’:
[4.915s] [01m[K/opt/ros/noetic/include/class_loader/meta_object.hpp:196:7:[m[K   required from here
[4.915s] [01m[K/opt/ros/noetic/include/class_loader/meta_object.hpp:198:12:[m[K [01;31m[Kerror: [m[Kinvalid new-expression of abstract class type ‘[01m[Kcontroller_ns::computed_torque_controller_class[m[K’
[4.915s]   198 |     return [01;31m[Knew C[m[K;
[4.915s]       |            [01;31m[K^~~~~[m[K
[4.916s] In file included from [01m[K/home/sheila/march/ros1/src/control/computed_torque/src/computed_torque_controller.cpp:5[m[K:
[4.916s] [01m[K/home/sheila/march/ros1/src/control/computed_torque/include/computed_torque/computed_torque_controller.h:62:11:[m[K [01;36m[Knote: [m[K  because the following virtual functions are pure within ‘[01m[Kcontroller_ns::computed_torque_controller_class[m[K’:
[4.916s]    62 |     class [01;36m[Kcomputed_torque_controller_class[m[K : public controller_interface::Controller<hardware_interface::EffortJointInterface> {
[4.916s]       |           [01;36m[K^~~~~~~~~~~~~~~~~~~~~~~~~~~~~~~~[m[K
[4.916s] In file included from [01m[K/opt/ros/noetic/include/controller_interface/controller.h:35[m[K,
[4.916s]                  from [01m[K/home/sheila/march/ros1/src/control/computed_torque/include/computed_torque/computed_torque_controller.h:23[m[K,
[4.916s]                  from [01m[K/home/sheila/march/ros1/src/control/computed_torque/src/computed_torque_controller.cpp:5[m[K:
[4.916s] [01m[K/opt/ros/noetic/include/controller_interface/controller_base.h:73:16:[m[K [01;36m[Knote: [m[K	‘[01m[Kvirtual void controller_interface::ControllerBase::update(const ros::Time&, const ros::Duration&)[m[K’
[4.916s]    73 |   virtual void [01;36m[Kupdate[m[K(const ros::Time& time, const ros::Duration& period) = 0;
[4.916s]       |                [01;36m[K^~~~~~[m[K
[5.264s] make[2]: *** [CMakeFiles/computed_torque_lib.dir/build.make:63: CMakeFiles/computed_torque_lib.dir/src/computed_torque_controller.cpp.o] Error 1
[5.264s] make[1]: *** [CMakeFiles/Makefile2:1811: CMakeFiles/computed_torque_lib.dir/all] Error 2
[5.264s] make: *** [Makefile:141: all] Error 2
[5.267s] Invoked command in '/home/sheila/march/ros1/build/computed_torque' returned '2': /usr/bin/cmake --build /home/sheila/march/ros1/build/computed_torque -- -j4 -l4
