-- The C compiler identification is GNU 9.3.0
-- The CXX compiler identification is GNU 9.3.0
-- Check for working C compiler: /usr/bin/cc
-- Check for working C compiler: /usr/bin/cc -- works
-- Detecting C compiler ABI info
-- Detecting C compiler ABI info - done
-- Detecting C compile features
-- Detecting C compile features - done
-- Check for working CXX compiler: /usr/bin/c++
-- Check for working CXX compiler: /usr/bin/c++ -- works
-- Detecting CXX compiler ABI info
-- Detecting CXX compiler ABI info - done
-- Detecting CXX compile features
-- Detecting CXX compile features - done
-- Using CATKIN_DEVEL_PREFIX: /home/sheila/march/ros1/build/march_imu_manager/devel
-- Using CMAKE_PREFIX_PATH: /opt/ros/noetic
-- This workspace overlays: /opt/ros/noetic
-- Found PythonInterp: /usr/bin/python3 (found suitable version "3.8.5", minimum required is "3") 
-- Using PYTHON_EXECUTABLE: /usr/bin/python3
-- Using Debian Python package layout
-- Found PY_em: /usr/lib/python3/dist-packages/em.py  
-- Using empy: /usr/lib/python3/dist-packages/em.py
-- Using CATKIN_ENABLE_TESTING: ON
-- Call enable_testing()
-- Using CATKIN_TEST_RESULTS_DIR: /home/sheila/march/ros1/build/march_imu_manager/test_results
-- Forcing gtest/gmock from source, though one was otherwise available.
-- Found gtest sources under '/usr/src/googletest': gtests will be built
-- Found gmock sources under '/usr/src/googletest': gmock will be built
-- Found PythonInterp: /usr/bin/python3 (found version "3.8.5") 
-- Found Threads: TRUE  
-- Using Python nosetests: /usr/bin/nosetests3
-- catkin 0.8.9
-- BUILD_SHARED_LIBS is on
-- Configuring done
-- Generating done
-- Build files have been written to: /home/sheila/march/ros1/build/march_imu_manager
[35m[1mScanning dependencies of target march_imu_manager[0m
[ 20%] [32mBuilding CXX object CMakeFiles/march_imu_manager.dir/src/mtw.cpp.o[0m
[ 40%] [32mBuilding CXX object CMakeFiles/march_imu_manager.dir/src/wireless_master.cpp.o[0m
[ 60%] [32m[1mLinking CXX shared library devel/lib/libmarch_imu_manager.so[0m
[ 60%] Built target march_imu_manager
[35m[1mScanning dependencies of target march_imu_manager_node[0m
[ 80%] [32mBuilding CXX object CMakeFiles/march_imu_manager_node.dir/src/main.cpp.o[0m
[100%] [32m[1mLinking CXX executable devel/lib/march_imu_manager/march_imu_manager_node[0m
[100%] Built target march_imu_manager_node
[35m[1mScanning dependencies of target gtest[0m
[ 14%] [32mBuilding CXX object gtest/googletest/CMakeFiles/gtest.dir/src/gtest-all.cc.o[0m
[ 28%] [32m[1mLinking CXX shared library ../../lib/libgtest.so[0m
[ 28%] Built target gtest
[ 71%] Built target march_imu_manager
[35m[1mScanning dependencies of target wireless_master_test[0m
[ 85%] [32mBuilding CXX object CMakeFiles/wireless_master_test.dir/test/wireless_master_test.cpp.o[0m
[100%] [32m[1mLinking CXX executable devel/lib/march_imu_manager/wireless_master_test[0m
[100%] Built target wireless_master_test
[35m[1mScanning dependencies of target tests[0m
[100%] Built target tests
-- Install configuration: ""
-- Installing: /home/sheila/march/ros1/install/march_imu_manager/lib/pkgconfig/march_imu_manager.pc
-- Installing: /home/sheila/march/ros1/install/march_imu_manager/share/march_imu_manager/cmake/march_imu_managerConfig.cmake
-- Installing: /home/sheila/march/ros1/install/march_imu_manager/share/march_imu_manager/cmake/march_imu_managerConfig-version.cmake
-- Installing: /home/sheila/march/ros1/install/march_imu_manager/share/march_imu_manager/package.xml
-- Installing: /home/sheila/march/ros1/install/march_imu_manager/lib/libxsensdeviceapi.so
-- Installing: /home/sheila/march/ros1/install/march_imu_manager/lib/libxsensdeviceapi.so.4
-- Installing: /home/sheila/march/ros1/install/march_imu_manager/lib/libxsensdeviceapi.so.4.6.0
-- Installing: /home/sheila/march/ros1/install/march_imu_manager/lib/libxstypes.so
-- Installing: /home/sheila/march/ros1/install/march_imu_manager/lib/libxstypes.so.4
-- Installing: /home/sheila/march/ros1/install/march_imu_manager/lib/libxstypes.so.4.6.0
-- Installing: /home/sheila/march/ros1/install/march_imu_manager/include/march_imu_manager/march_imu_manager
-- Installing: /home/sheila/march/ros1/install/march_imu_manager/include/march_imu_manager/march_imu_manager/mtw.h
-- Installing: /home/sheila/march/ros1/install/march_imu_manager/include/march_imu_manager/march_imu_manager/wireless_master.h
-- Installing: /home/sheila/march/ros1/install/march_imu_manager/lib/libmarch_imu_manager.so
-- Set runtime path of "/home/sheila/march/ros1/install/march_imu_manager/lib/libmarch_imu_manager.so" to ""
-- Installing: /home/sheila/march/ros1/install/march_imu_manager/lib/march_imu_manager/march_imu_manager_node
-- Set runtime path of "/home/sheila/march/ros1/install/march_imu_manager/lib/march_imu_manager/march_imu_manager_node" to ""
