/home/sheila/march/ros2/install/march_robot_information/lib/python3.8/site-packages/test/__init__.py
/home/sheila/march/ros2/install/march_robot_information/lib/python3.8/site-packages/march_robot_information/__init__.py
/home/sheila/march/ros2/install/march_robot_information/lib/python3.8/site-packages/march_robot_information/robot_information_node.py
/home/sheila/march/ros2/install/march_robot_information/lib/python3.8/site-packages/test/unittest/__init__.py
/home/sheila/march/ros2/install/march_robot_information/lib/python3.8/site-packages/test/unittest/test_robot_information.py
/home/sheila/march/ros2/install/march_robot_information/lib/python3.8/site-packages/test/launch_test/robot_information_description_launch_test.py
/home/sheila/march/ros2/install/march_robot_information/lib/python3.8/site-packages/test/launch_test/__init__.py
/home/sheila/march/ros2/install/march_robot_information/lib/python3.8/site-packages/test/launch_test/robot_information_launch_test.py
/home/sheila/march/ros2/install/march_robot_information/lib/python3.8/site-packages/test/__pycache__/__init__.cpython-38.pyc
/home/sheila/march/ros2/install/march_robot_information/lib/python3.8/site-packages/march_robot_information/__pycache__/__init__.cpython-38.pyc
/home/sheila/march/ros2/install/march_robot_information/lib/python3.8/site-packages/march_robot_information/__pycache__/robot_information_node.cpython-38.pyc
/home/sheila/march/ros2/install/march_robot_information/lib/python3.8/site-packages/test/unittest/__pycache__/__init__.cpython-38.pyc
/home/sheila/march/ros2/install/march_robot_information/lib/python3.8/site-packages/test/unittest/__pycache__/test_robot_information.cpython-38.pyc
/home/sheila/march/ros2/install/march_robot_information/lib/python3.8/site-packages/test/launch_test/__pycache__/robot_information_description_launch_test.cpython-38.pyc
/home/sheila/march/ros2/install/march_robot_information/lib/python3.8/site-packages/test/launch_test/__pycache__/__init__.cpython-38.pyc
/home/sheila/march/ros2/install/march_robot_information/lib/python3.8/site-packages/test/launch_test/__pycache__/robot_information_launch_test.cpython-38.pyc
/home/sheila/march/ros2/install/march_robot_information/share/ament_index/resource_index/packages/march_robot_information
/home/sheila/march/ros2/install/march_robot_information/share/march_robot_information/package.xml
/home/sheila/march/ros2/install/march_robot_information/share/march_robot_information/launch/robot_information.launch.py
/home/sheila/march/ros2/install/march_robot_information/share/march_robot_information/test/unittest/__init__.py
/home/sheila/march/ros2/install/march_robot_information/share/march_robot_information/test/unittest/test_robot_information.py
/home/sheila/march/ros2/install/march_robot_information/share/march_robot_information/test/resource/march4.xacro
/home/sheila/march/ros2/install/march_robot_information/lib/python3.8/site-packages/march_robot_information-0.0.0-py3.8.egg-info/SOURCES.txt
/home/sheila/march/ros2/install/march_robot_information/lib/python3.8/site-packages/march_robot_information-0.0.0-py3.8.egg-info/top_level.txt
/home/sheila/march/ros2/install/march_robot_information/lib/python3.8/site-packages/march_robot_information-0.0.0-py3.8.egg-info/requires.txt
/home/sheila/march/ros2/install/march_robot_information/lib/python3.8/site-packages/march_robot_information-0.0.0-py3.8.egg-info/PKG-INFO
/home/sheila/march/ros2/install/march_robot_information/lib/python3.8/site-packages/march_robot_information-0.0.0-py3.8.egg-info/dependency_links.txt
/home/sheila/march/ros2/install/march_robot_information/lib/python3.8/site-packages/march_robot_information-0.0.0-py3.8.egg-info/zip-safe
/home/sheila/march/ros2/install/march_robot_information/lib/python3.8/site-packages/march_robot_information-0.0.0-py3.8.egg-info/entry_points.txt
/home/sheila/march/ros2/install/march_robot_information/lib/march_robot_information/march_robot_information
