[0.038s] Invoking command in '/home/sheila/march/ros1/build/march_joint_inertia_controller': CMAKE_PREFIX_PATH=/home/sheila/march/ros1/install/march_shared_msgs:/home/sheila/march/ros1/install/joint_trajectory_controller:${CMAKE_PREFIX_PATH} LD_LIBRARY_PATH=/home/sheila/march/ros1/install/joint_trajectory_controller/lib:${LD_LIBRARY_PATH} PKG_CONFIG_PATH=/home/sheila/march/ros1/install/march_shared_msgs/lib/x86_64-linux-gnu/pkgconfig:/home/sheila/march/ros1/install/march_shared_msgs/lib/pkgconfig:/home/sheila/march/ros1/install/joint_trajectory_controller/lib/x86_64-linux-gnu/pkgconfig:/home/sheila/march/ros1/install/joint_trajectory_controller/lib/pkgconfig:${PKG_CONFIG_PATH} PYTHONPATH=/home/sheila/march/ros1/install/march_shared_msgs/lib/python3/dist-packages:${PYTHONPATH} ROS_PACKAGE_PATH=/home/sheila/march/ros1/install/march_shared_msgs/share:/home/sheila/march/ros1/install/joint_trajectory_controller/share:${ROS_PACKAGE_PATH} /usr/bin/cmake /home/sheila/march/ros1/src/control/march_joint_inertia_controller -DCATKIN_INSTALL_INTO_PREFIX_ROOT=0 -DCMAKE_INSTALL_PREFIX=/home/sheila/march/ros1/install/march_joint_inertia_controller
[0.157s] -- The C compiler identification is GNU 9.3.0
[0.272s] -- The CXX compiler identification is GNU 9.3.0
[0.287s] -- Check for working C compiler: /usr/bin/cc
[0.406s] -- Check for working C compiler: /usr/bin/cc -- works
[0.409s] -- Detecting C compiler ABI info
[0.526s] -- Detecting C compiler ABI info - done
[0.556s] -- Detecting C compile features
[0.558s] -- Detecting C compile features - done
[0.565s] -- Check for working CXX compiler: /usr/bin/c++
[0.697s] -- Check for working CXX compiler: /usr/bin/c++ -- works
[0.699s] -- Detecting CXX compiler ABI info
[0.836s] -- Detecting CXX compiler ABI info - done
[0.866s] -- Detecting CXX compile features
[0.868s] -- Detecting CXX compile features - done
[0.873s] -- Using CATKIN_DEVEL_PREFIX: /home/sheila/march/ros1/build/march_joint_inertia_controller/devel
[0.874s] -- Using CMAKE_PREFIX_PATH: /home/sheila/march/ros1/install/march_shared_msgs;/home/sheila/march/ros1/install/joint_trajectory_controller;/opt/ros/noetic
[0.874s] -- This workspace overlays: /home/sheila/march/ros1/install/march_shared_msgs;/home/sheila/march/ros1/install/joint_trajectory_controller;/opt/ros/noetic
[0.916s] -- Found PythonInterp: /usr/bin/python3 (found suitable version "3.8.5", minimum required is "3") 
[0.917s] -- Using PYTHON_EXECUTABLE: /usr/bin/python3
[0.917s] -- Using Debian Python package layout
[0.981s] -- Found PY_em: /usr/lib/python3/dist-packages/em.py  
[0.982s] -- Using empy: /usr/lib/python3/dist-packages/em.py
[1.228s] -- Using CATKIN_ENABLE_TESTING: ON
[1.228s] -- Call enable_testing()
[1.232s] -- Using CATKIN_TEST_RESULTS_DIR: /home/sheila/march/ros1/build/march_joint_inertia_controller/test_results
[1.761s] -- Forcing gtest/gmock from source, though one was otherwise available.
[1.762s] -- Found gtest sources under '/usr/src/googletest': gtests will be built
[1.763s] -- Found gmock sources under '/usr/src/googletest': gmock will be built
[1.814s] -- Found PythonInterp: /usr/bin/python3 (found version "3.8.5") 
[1.819s] -- Found Threads: TRUE  
[1.835s] -- Using Python nosetests: /usr/bin/nosetests3
[1.954s] -- catkin 0.8.9
[1.954s] -- BUILD_SHARED_LIBS is on
[2.322s] -- Using these message generators: gencpp;geneus;genlisp;gennodejs;genpy
[3.284s] -- Configuring done
[3.356s] -- Generating done
[3.370s] -- Build files have been written to: /home/sheila/march/ros1/build/march_joint_inertia_controller
[3.388s] Invoked command in '/home/sheila/march/ros1/build/march_joint_inertia_controller' returned '0': CMAKE_PREFIX_PATH=/home/sheila/march/ros1/install/march_shared_msgs:/home/sheila/march/ros1/install/joint_trajectory_controller:${CMAKE_PREFIX_PATH} LD_LIBRARY_PATH=/home/sheila/march/ros1/install/joint_trajectory_controller/lib:${LD_LIBRARY_PATH} PKG_CONFIG_PATH=/home/sheila/march/ros1/install/march_shared_msgs/lib/x86_64-linux-gnu/pkgconfig:/home/sheila/march/ros1/install/march_shared_msgs/lib/pkgconfig:/home/sheila/march/ros1/install/joint_trajectory_controller/lib/x86_64-linux-gnu/pkgconfig:/home/sheila/march/ros1/install/joint_trajectory_controller/lib/pkgconfig:${PKG_CONFIG_PATH} PYTHONPATH=/home/sheila/march/ros1/install/march_shared_msgs/lib/python3/dist-packages:${PYTHONPATH} ROS_PACKAGE_PATH=/home/sheila/march/ros1/install/march_shared_msgs/share:/home/sheila/march/ros1/install/joint_trajectory_controller/share:${ROS_PACKAGE_PATH} /usr/bin/cmake /home/sheila/march/ros1/src/control/march_joint_inertia_controller -DCATKIN_INSTALL_INTO_PREFIX_ROOT=0 -DCMAKE_INSTALL_PREFIX=/home/sheila/march/ros1/install/march_joint_inertia_controller
[3.389s] Invoking command in '/home/sheila/march/ros1/build/march_joint_inertia_controller': CMAKE_PREFIX_PATH=/home/sheila/march/ros1/install/march_shared_msgs:/home/sheila/march/ros1/install/joint_trajectory_controller:${CMAKE_PREFIX_PATH} LD_LIBRARY_PATH=/home/sheila/march/ros1/install/joint_trajectory_controller/lib:${LD_LIBRARY_PATH} PKG_CONFIG_PATH=/home/sheila/march/ros1/install/march_shared_msgs/lib/x86_64-linux-gnu/pkgconfig:/home/sheila/march/ros1/install/march_shared_msgs/lib/pkgconfig:/home/sheila/march/ros1/install/joint_trajectory_controller/lib/x86_64-linux-gnu/pkgconfig:/home/sheila/march/ros1/install/joint_trajectory_controller/lib/pkgconfig:${PKG_CONFIG_PATH} PYTHONPATH=/home/sheila/march/ros1/install/march_shared_msgs/lib/python3/dist-packages:${PYTHONPATH} ROS_PACKAGE_PATH=/home/sheila/march/ros1/install/march_shared_msgs/share:/home/sheila/march/ros1/install/joint_trajectory_controller/share:${ROS_PACKAGE_PATH} /usr/bin/cmake --build /home/sheila/march/ros1/build/march_joint_inertia_controller -- -j4 -l4
[3.471s] [35m[1mScanning dependencies of target march_joint_inertia_controller[0m
[3.532s] [ 25%] [32mBuilding CXX object CMakeFiles/march_joint_inertia_controller.dir/src/inertia_estimator.cpp.o[0m
[8.016s] [ 50%] [32mBuilding CXX object CMakeFiles/march_joint_inertia_controller.dir/src/joint_trajectory_inertia_controller.cpp.o[0m
[24.217s] [ 75%] [32mBuilding CXX object CMakeFiles/march_joint_inertia_controller.dir/src/joint_inertia_controller.cpp.o[0m
[31.272s] [100%] [32m[1mLinking CXX shared library devel/lib/libmarch_joint_inertia_controller.so[0m
[31.970s] [100%] Built target march_joint_inertia_controller
[32.002s] Invoked command in '/home/sheila/march/ros1/build/march_joint_inertia_controller' returned '0': CMAKE_PREFIX_PATH=/home/sheila/march/ros1/install/march_shared_msgs:/home/sheila/march/ros1/install/joint_trajectory_controller:${CMAKE_PREFIX_PATH} LD_LIBRARY_PATH=/home/sheila/march/ros1/install/joint_trajectory_controller/lib:${LD_LIBRARY_PATH} PKG_CONFIG_PATH=/home/sheila/march/ros1/install/march_shared_msgs/lib/x86_64-linux-gnu/pkgconfig:/home/sheila/march/ros1/install/march_shared_msgs/lib/pkgconfig:/home/sheila/march/ros1/install/joint_trajectory_controller/lib/x86_64-linux-gnu/pkgconfig:/home/sheila/march/ros1/install/joint_trajectory_controller/lib/pkgconfig:${PKG_CONFIG_PATH} PYTHONPATH=/home/sheila/march/ros1/install/march_shared_msgs/lib/python3/dist-packages:${PYTHONPATH} ROS_PACKAGE_PATH=/home/sheila/march/ros1/install/march_shared_msgs/share:/home/sheila/march/ros1/install/joint_trajectory_controller/share:${ROS_PACKAGE_PATH} /usr/bin/cmake --build /home/sheila/march/ros1/build/march_joint_inertia_controller -- -j4 -l4
[32.116s] Invoking command in '/home/sheila/march/ros1/build/march_joint_inertia_controller': CMAKE_PREFIX_PATH=/home/sheila/march/ros1/install/march_shared_msgs:/home/sheila/march/ros1/install/joint_trajectory_controller:${CMAKE_PREFIX_PATH} LD_LIBRARY_PATH=/home/sheila/march/ros1/install/joint_trajectory_controller/lib:${LD_LIBRARY_PATH} PKG_CONFIG_PATH=/home/sheila/march/ros1/install/march_shared_msgs/lib/x86_64-linux-gnu/pkgconfig:/home/sheila/march/ros1/install/march_shared_msgs/lib/pkgconfig:/home/sheila/march/ros1/install/joint_trajectory_controller/lib/x86_64-linux-gnu/pkgconfig:/home/sheila/march/ros1/install/joint_trajectory_controller/lib/pkgconfig:${PKG_CONFIG_PATH} PYTHONPATH=/home/sheila/march/ros1/install/march_shared_msgs/lib/python3/dist-packages:${PYTHONPATH} ROS_PACKAGE_PATH=/home/sheila/march/ros1/install/march_shared_msgs/share:/home/sheila/march/ros1/install/joint_trajectory_controller/share:${ROS_PACKAGE_PATH} /usr/bin/cmake --build /home/sheila/march/ros1/build/march_joint_inertia_controller --target tests -- -j4 -l4
[32.207s] [35m[1mScanning dependencies of target tests[0m
[32.227s] Built target tests
[32.265s] Invoked command in '/home/sheila/march/ros1/build/march_joint_inertia_controller' returned '0': CMAKE_PREFIX_PATH=/home/sheila/march/ros1/install/march_shared_msgs:/home/sheila/march/ros1/install/joint_trajectory_controller:${CMAKE_PREFIX_PATH} LD_LIBRARY_PATH=/home/sheila/march/ros1/install/joint_trajectory_controller/lib:${LD_LIBRARY_PATH} PKG_CONFIG_PATH=/home/sheila/march/ros1/install/march_shared_msgs/lib/x86_64-linux-gnu/pkgconfig:/home/sheila/march/ros1/install/march_shared_msgs/lib/pkgconfig:/home/sheila/march/ros1/install/joint_trajectory_controller/lib/x86_64-linux-gnu/pkgconfig:/home/sheila/march/ros1/install/joint_trajectory_controller/lib/pkgconfig:${PKG_CONFIG_PATH} PYTHONPATH=/home/sheila/march/ros1/install/march_shared_msgs/lib/python3/dist-packages:${PYTHONPATH} ROS_PACKAGE_PATH=/home/sheila/march/ros1/install/march_shared_msgs/share:/home/sheila/march/ros1/install/joint_trajectory_controller/share:${ROS_PACKAGE_PATH} /usr/bin/cmake --build /home/sheila/march/ros1/build/march_joint_inertia_controller --target tests -- -j4 -l4
[32.397s] Invoking command in '/home/sheila/march/ros1/build/march_joint_inertia_controller': CMAKE_PREFIX_PATH=/home/sheila/march/ros1/install/march_shared_msgs:/home/sheila/march/ros1/install/joint_trajectory_controller:${CMAKE_PREFIX_PATH} LD_LIBRARY_PATH=/home/sheila/march/ros1/install/joint_trajectory_controller/lib:${LD_LIBRARY_PATH} PKG_CONFIG_PATH=/home/sheila/march/ros1/install/march_shared_msgs/lib/x86_64-linux-gnu/pkgconfig:/home/sheila/march/ros1/install/march_shared_msgs/lib/pkgconfig:/home/sheila/march/ros1/install/joint_trajectory_controller/lib/x86_64-linux-gnu/pkgconfig:/home/sheila/march/ros1/install/joint_trajectory_controller/lib/pkgconfig:${PKG_CONFIG_PATH} PYTHONPATH=/home/sheila/march/ros1/install/march_shared_msgs/lib/python3/dist-packages:${PYTHONPATH} ROS_PACKAGE_PATH=/home/sheila/march/ros1/install/march_shared_msgs/share:/home/sheila/march/ros1/install/joint_trajectory_controller/share:${ROS_PACKAGE_PATH} /usr/bin/cmake --install /home/sheila/march/ros1/build/march_joint_inertia_controller
[32.416s] -- Install configuration: ""
[32.416s] -- Installing: /home/sheila/march/ros1/install/march_joint_inertia_controller/lib/pkgconfig/march_joint_inertia_controller.pc
[32.417s] -- Installing: /home/sheila/march/ros1/install/march_joint_inertia_controller/share/march_joint_inertia_controller/cmake/march_joint_inertia_controllerConfig.cmake
[32.417s] -- Installing: /home/sheila/march/ros1/install/march_joint_inertia_controller/share/march_joint_inertia_controller/cmake/march_joint_inertia_controllerConfig-version.cmake
[32.417s] -- Installing: /home/sheila/march/ros1/install/march_joint_inertia_controller/share/march_joint_inertia_controller/package.xml
[32.418s] -- Installing: /home/sheila/march/ros1/install/march_joint_inertia_controller/include/march_joint_inertia_controller
[32.418s] -- Installing: /home/sheila/march/ros1/install/march_joint_inertia_controller/include/march_joint_inertia_controller/inertia_estimator.h
[32.418s] -- Installing: /home/sheila/march/ros1/install/march_joint_inertia_controller/include/march_joint_inertia_controller/joint_inertia_controller.h
[32.418s] -- Installing: /home/sheila/march/ros1/install/march_joint_inertia_controller/include/march_joint_inertia_controller/joint_trajectory_inertia_controller.h
[32.419s] -- Installing: /home/sheila/march/ros1/install/march_joint_inertia_controller/lib/libmarch_joint_inertia_controller.so
[32.426s] -- Set runtime path of "/home/sheila/march/ros1/install/march_joint_inertia_controller/lib/libmarch_joint_inertia_controller.so" to ""
[32.427s] -- Installing: /home/sheila/march/ros1/install/march_joint_inertia_controller/share/march_joint_inertia_controller/controller_plugins.xml
[32.434s] Invoked command in '/home/sheila/march/ros1/build/march_joint_inertia_controller' returned '0': CMAKE_PREFIX_PATH=/home/sheila/march/ros1/install/march_shared_msgs:/home/sheila/march/ros1/install/joint_trajectory_controller:${CMAKE_PREFIX_PATH} LD_LIBRARY_PATH=/home/sheila/march/ros1/install/joint_trajectory_controller/lib:${LD_LIBRARY_PATH} PKG_CONFIG_PATH=/home/sheila/march/ros1/install/march_shared_msgs/lib/x86_64-linux-gnu/pkgconfig:/home/sheila/march/ros1/install/march_shared_msgs/lib/pkgconfig:/home/sheila/march/ros1/install/joint_trajectory_controller/lib/x86_64-linux-gnu/pkgconfig:/home/sheila/march/ros1/install/joint_trajectory_controller/lib/pkgconfig:${PKG_CONFIG_PATH} PYTHONPATH=/home/sheila/march/ros1/install/march_shared_msgs/lib/python3/dist-packages:${PYTHONPATH} ROS_PACKAGE_PATH=/home/sheila/march/ros1/install/march_shared_msgs/share:/home/sheila/march/ros1/install/joint_trajectory_controller/share:${ROS_PACKAGE_PATH} /usr/bin/cmake --install /home/sheila/march/ros1/build/march_joint_inertia_controller
