[0.079s] Invoking command in '/home/sheila/march/ros1/build/direct_dynamic_controller': /usr/bin/cmake --build /home/sheila/march/ros1/build/direct_dynamic_controller -- -j4 -l4
[0.386s] [100%] Built target direct_dynamic_controller
[0.431s] Invoked command in '/home/sheila/march/ros1/build/direct_dynamic_controller' returned '0': /usr/bin/cmake --build /home/sheila/march/ros1/build/direct_dynamic_controller -- -j4 -l4
[0.742s] Invoking command in '/home/sheila/march/ros1/build/direct_dynamic_controller': /usr/bin/cmake --build /home/sheila/march/ros1/build/direct_dynamic_controller --target tests -- -j4 -l4
[1.005s] Built target tests
[1.051s] Invoked command in '/home/sheila/march/ros1/build/direct_dynamic_controller' returned '0': /usr/bin/cmake --build /home/sheila/march/ros1/build/direct_dynamic_controller --target tests -- -j4 -l4
[1.404s] Invoking command in '/home/sheila/march/ros1/build/direct_dynamic_controller': /usr/bin/cmake --install /home/sheila/march/ros1/build/direct_dynamic_controller
[1.446s] -- Install configuration: ""
[1.448s] -- Up-to-date: /home/sheila/march/ros1/install/direct_dynamic_controller/lib/pkgconfig/direct_dynamic_controller.pc
[1.449s] -- Up-to-date: /home/sheila/march/ros1/install/direct_dynamic_controller/share/direct_dynamic_controller/cmake/direct_dynamic_controllerConfig.cmake
[1.449s] -- Up-to-date: /home/sheila/march/ros1/install/direct_dynamic_controller/share/direct_dynamic_controller/cmake/direct_dynamic_controllerConfig-version.cmake
[1.450s] -- Up-to-date: /home/sheila/march/ros1/install/direct_dynamic_controller/share/direct_dynamic_controller/package.xml
[1.450s] -- Up-to-date: /home/sheila/march/ros1/install/direct_dynamic_controller/include/direct_dynamic_controller
[1.450s] -- Up-to-date: /home/sheila/march/ros1/install/direct_dynamic_controller/include/direct_dynamic_controller/joint_trajectory_segment.h
[1.455s] -- Up-to-date: /home/sheila/march/ros1/install/direct_dynamic_controller/include/direct_dynamic_controller/.vscode
[1.458s] -- Up-to-date: /home/sheila/march/ros1/install/direct_dynamic_controller/include/direct_dynamic_controller/.vscode/settings.json
[1.459s] -- Up-to-date: /home/sheila/march/ros1/install/direct_dynamic_controller/include/direct_dynamic_controller/joint_trajectory_msg_utils.h
[1.460s] -- Up-to-date: /home/sheila/march/ros1/install/direct_dynamic_controller/include/direct_dynamic_controller/tolerances.h
[1.461s] -- Up-to-date: /home/sheila/march/ros1/install/direct_dynamic_controller/include/direct_dynamic_controller/direct_dynamic_controller_impl.h
[1.461s] -- Up-to-date: /home/sheila/march/ros1/install/direct_dynamic_controller/include/direct_dynamic_controller/hardware_interface_adapter copy.h
[1.468s] -- Up-to-date: /home/sheila/march/ros1/install/direct_dynamic_controller/include/direct_dynamic_controller/direct_dynamic_controller.h
[1.469s] -- Up-to-date: /home/sheila/march/ros1/install/direct_dynamic_controller/include/direct_dynamic_controller/hardware_interface_adapter.h
[1.469s] -- Up-to-date: /home/sheila/march/ros1/install/direct_dynamic_controller/include/direct_dynamic_controller/init_joint_trajectory.h
[1.471s] -- Up-to-date: /home/sheila/march/ros1/install/direct_dynamic_controller/include/trajectory_interface/
[1.472s] -- Up-to-date: /home/sheila/march/ros1/install/direct_dynamic_controller/include/trajectory_interface//pos_vel_acc_state.h
[1.472s] -- Up-to-date: /home/sheila/march/ros1/install/direct_dynamic_controller/include/trajectory_interface//trajectory_interface.h
[1.473s] -- Up-to-date: /home/sheila/march/ros1/install/direct_dynamic_controller/include/trajectory_interface//quintic_spline_segment.h
[1.473s] -- Up-to-date: /home/sheila/march/ros1/install/direct_dynamic_controller/lib/libdirect_dynamic_controller.so
[1.474s] -- Up-to-date: /home/sheila/march/ros1/install/direct_dynamic_controller/share/direct_dynamic_controller/config
[1.474s] -- Up-to-date: /home/sheila/march/ros1/install/direct_dynamic_controller/share/direct_dynamic_controller/config/right_arm
[1.475s] -- Up-to-date: /home/sheila/march/ros1/install/direct_dynamic_controller/share/direct_dynamic_controller/config/right_arm/motor_params_simulation.yaml
[1.476s] -- Up-to-date: /home/sheila/march/ros1/install/direct_dynamic_controller/share/direct_dynamic_controller/config/right_arm/motor_params.yaml
[1.477s] -- Up-to-date: /home/sheila/march/ros1/install/direct_dynamic_controller/share/direct_dynamic_controller/config/right_arm/direct_dynamic_controller.yaml
[1.478s] -- Up-to-date: /home/sheila/march/ros1/install/direct_dynamic_controller/share/direct_dynamic_controller/config/direct_controller.yaml
[1.478s] -- Up-to-date: /home/sheila/march/ros1/install/direct_dynamic_controller/share/direct_dynamic_controller/config/left_arm
[1.478s] -- Up-to-date: /home/sheila/march/ros1/install/direct_dynamic_controller/share/direct_dynamic_controller/config/left_arm/motor_params_simulation.yaml
[1.481s] -- Up-to-date: /home/sheila/march/ros1/install/direct_dynamic_controller/share/direct_dynamic_controller/config/left_arm/motor_params.yaml
[1.481s] -- Up-to-date: /home/sheila/march/ros1/install/direct_dynamic_controller/share/direct_dynamic_controller/config/left_arm/direct_dynamic_controller.yaml
[1.482s] -- Up-to-date: /home/sheila/march/ros1/install/direct_dynamic_controller/share/direct_dynamic_controller/launch
[1.482s] -- Up-to-date: /home/sheila/march/ros1/install/direct_dynamic_controller/share/direct_dynamic_controller/launch/right_arm_direct_dynamic_controller.launch
[1.482s] -- Up-to-date: /home/sheila/march/ros1/install/direct_dynamic_controller/share/direct_dynamic_controller/launch/left_arm_direct_dynamic_controller.launch
[1.483s] -- Installing: /home/sheila/march/ros1/install/direct_dynamic_controller/share/direct_dynamic_controller/launch/direct_dynamic_controller.launch
[1.483s] -- Up-to-date: /home/sheila/march/ros1/install/direct_dynamic_controller/share/direct_dynamic_controller/ros_control_plugins.xml
[1.484s] Invoked command in '/home/sheila/march/ros1/build/direct_dynamic_controller' returned '0': /usr/bin/cmake --install /home/sheila/march/ros1/build/direct_dynamic_controller
