Performing C SOURCE FILE Test CMAKE_HAVE_LIBC_PTHREAD failed with the following output:
Change Dir: /home/sheila/march/ros1/build/march_launch/CMakeFiles/CMakeTmp

Run Build Command(s):/usr/bin/make cmTC_dd1ba/fast && /usr/bin/make -f CMakeFiles/cmTC_dd1ba.dir/build.make CMakeFiles/cmTC_dd1ba.dir/build
make[1]: se entra en el directorio '/home/sheila/march/ros1/build/march_launch/CMakeFiles/CMakeTmp'
Building C object CMakeFiles/cmTC_dd1ba.dir/src.c.o
/usr/bin/cc   -DCMAKE_HAVE_LIBC_PTHREAD   -o CMakeFiles/cmTC_dd1ba.dir/src.c.o   -c /home/sheila/march/ros1/build/march_launch/CMakeFiles/CMakeTmp/src.c
Linking C executable cmTC_dd1ba
/usr/bin/cmake -E cmake_link_script CMakeFiles/cmTC_dd1ba.dir/link.txt --verbose=1
/usr/bin/cc  -DCMAKE_HAVE_LIBC_PTHREAD    -rdynamic CMakeFiles/cmTC_dd1ba.dir/src.c.o  -o cmTC_dd1ba 
/usr/bin/ld: CMakeFiles/cmTC_dd1ba.dir/src.c.o: en la función `main':
src.c:(.text+0x46): referencia a `pthread_create' sin definir
/usr/bin/ld: src.c:(.text+0x52): referencia a `pthread_detach' sin definir
/usr/bin/ld: src.c:(.text+0x63): referencia a `pthread_join' sin definir
collect2: error: ld returned 1 exit status
make[1]: *** [CMakeFiles/cmTC_dd1ba.dir/build.make:87: cmTC_dd1ba] Error 1
make[1]: se sale del directorio '/home/sheila/march/ros1/build/march_launch/CMakeFiles/CMakeTmp'
make: *** [Makefile:121: cmTC_dd1ba/fast] Error 2


Source file was:
#include <pthread.h>

void* test_func(void* data)
{
  return data;
}

int main(void)
{
  pthread_t thread;
  pthread_create(&thread, NULL, test_func, NULL);
  pthread_detach(thread);
  pthread_join(thread, NULL);
  pthread_atfork(NULL, NULL, NULL);
  pthread_exit(NULL);

  return 0;
}

Determining if the function pthread_create exists in the pthreads failed with the following output:
Change Dir: /home/sheila/march/ros1/build/march_launch/CMakeFiles/CMakeTmp

Run Build Command(s):/usr/bin/make cmTC_a295f/fast && /usr/bin/make -f CMakeFiles/cmTC_a295f.dir/build.make CMakeFiles/cmTC_a295f.dir/build
make[1]: se entra en el directorio '/home/sheila/march/ros1/build/march_launch/CMakeFiles/CMakeTmp'
Building C object CMakeFiles/cmTC_a295f.dir/CheckFunctionExists.c.o
/usr/bin/cc   -DCHECK_FUNCTION_EXISTS=pthread_create   -o CMakeFiles/cmTC_a295f.dir/CheckFunctionExists.c.o   -c /usr/share/cmake-3.16/Modules/CheckFunctionExists.c
Linking C executable cmTC_a295f
/usr/bin/cmake -E cmake_link_script CMakeFiles/cmTC_a295f.dir/link.txt --verbose=1
/usr/bin/cc  -DCHECK_FUNCTION_EXISTS=pthread_create    -rdynamic CMakeFiles/cmTC_a295f.dir/CheckFunctionExists.c.o  -o cmTC_a295f  -lpthreads 
/usr/bin/ld: no se puede encontrar -lpthreads
collect2: error: ld returned 1 exit status
make[1]: *** [CMakeFiles/cmTC_a295f.dir/build.make:87: cmTC_a295f] Error 1
make[1]: se sale del directorio '/home/sheila/march/ros1/build/march_launch/CMakeFiles/CMakeTmp'
make: *** [Makefile:121: cmTC_a295f/fast] Error 2



