[0.038s] Invoking command in '/home/sheila/march/ros1/build/march_hardware': /usr/bin/cmake /home/sheila/march/ros1/src/hardware/interface/march_hardware -DCATKIN_INSTALL_INTO_PREFIX_ROOT=0 -DCMAKE_INSTALL_PREFIX=/home/sheila/march/ros1/install/march_hardware
[0.157s] -- The C compiler identification is GNU 9.3.0
[0.273s] -- The CXX compiler identification is GNU 9.3.0
[0.286s] -- Check for working C compiler: /usr/bin/cc
[0.396s] -- Check for working C compiler: /usr/bin/cc -- works
[0.400s] -- Detecting C compiler ABI info
[0.505s] -- Detecting C compiler ABI info - done
[0.537s] -- Detecting C compile features
[0.538s] -- Detecting C compile features - done
[0.545s] -- Check for working CXX compiler: /usr/bin/c++
[0.680s] -- Check for working CXX compiler: /usr/bin/c++ -- works
[0.682s] -- Detecting CXX compiler ABI info
[0.823s] -- Detecting CXX compiler ABI info - done
[0.857s] -- Detecting CXX compile features
[0.859s] -- Detecting CXX compile features - done
[0.871s] -- Using CATKIN_DEVEL_PREFIX: /home/sheila/march/ros1/build/march_hardware/devel
[0.871s] -- Using CMAKE_PREFIX_PATH: /opt/ros/noetic
[0.872s] -- This workspace overlays: /opt/ros/noetic
[0.920s] -- Found PythonInterp: /usr/bin/python3 (found suitable version "3.8.5", minimum required is "3") 
[0.921s] -- Using PYTHON_EXECUTABLE: /usr/bin/python3
[0.922s] -- Using Debian Python package layout
[0.984s] -- Found PY_em: /usr/lib/python3/dist-packages/em.py  
[0.984s] -- Using empy: /usr/lib/python3/dist-packages/em.py
[1.338s] -- Using CATKIN_ENABLE_TESTING: ON
[1.338s] -- Call enable_testing()
[1.343s] -- Using CATKIN_TEST_RESULTS_DIR: /home/sheila/march/ros1/build/march_hardware/test_results
[1.857s] -- Forcing gtest/gmock from source, though one was otherwise available.
[1.858s] -- Found gtest sources under '/usr/src/googletest': gtests will be built
[1.858s] -- Found gmock sources under '/usr/src/googletest': gmock will be built
[1.910s] -- Found PythonInterp: /usr/bin/python3 (found version "3.8.5") 
[1.914s] -- Found Threads: TRUE  
[1.931s] -- Using Python nosetests: /usr/bin/nosetests3
[2.051s] -- catkin 0.8.9
[2.051s] -- BUILD_SHARED_LIBS is on
[2.951s] -- Configuring done
[3.122s] -- Generating done
[3.130s] -- Build files have been written to: /home/sheila/march/ros1/build/march_hardware
[3.146s] Invoked command in '/home/sheila/march/ros1/build/march_hardware' returned '0': /usr/bin/cmake /home/sheila/march/ros1/src/hardware/interface/march_hardware -DCATKIN_INSTALL_INTO_PREFIX_ROOT=0 -DCMAKE_INSTALL_PREFIX=/home/sheila/march/ros1/install/march_hardware
[3.148s] Invoking command in '/home/sheila/march/ros1/build/march_hardware': /usr/bin/cmake --build /home/sheila/march/ros1/build/march_hardware -- -j4 -l4
[3.220s] [35m[1mScanning dependencies of target march_hardware[0m
[3.301s] [  4%] [32mBuilding CXX object CMakeFiles/march_hardware.dir/src/encoder/absolute_encoder.cpp.o[0m
[3.301s] [  9%] [32mBuilding CXX object CMakeFiles/march_hardware.dir/src/encoder/encoder.cpp.o[0m
[3.316s] [ 14%] [32mBuilding CXX object CMakeFiles/march_hardware.dir/src/error/error_type.cpp.o[0m
[3.323s] [ 19%] [32mBuilding CXX object CMakeFiles/march_hardware.dir/src/encoder/incremental_encoder.cpp.o[0m
[4.191s] [ 23%] [32mBuilding CXX object CMakeFiles/march_hardware.dir/src/error/motion_error.cpp.o[0m
[4.630s] [ 28%] [32mBuilding CXX object CMakeFiles/march_hardware.dir/src/ethercat/ethercat_master.cpp.o[0m
[4.826s] [ 33%] [32mBuilding CXX object CMakeFiles/march_hardware.dir/src/ethercat/pdo_interface.cpp.o[0m
[4.958s] [ 38%] [32mBuilding CXX object CMakeFiles/march_hardware.dir/src/ethercat/pdo_map.cpp.o[0m
[6.608s] [ 42%] [32mBuilding CXX object CMakeFiles/march_hardware.dir/src/ethercat/sdo_interface.cpp.o[0m
[12.571s] [ 47%] [32mBuilding CXX object CMakeFiles/march_hardware.dir/src/imotioncube/imotioncube.cpp.o[0m
[14.253s] [ 52%] [32mBuilding CXX object CMakeFiles/march_hardware.dir/src/imotioncube/imotioncube_target_state.cpp.o[0m
[14.537s] [ 57%] [32mBuilding CXX object CMakeFiles/march_hardware.dir/src/joint.cpp.o[0m
[14.801s] [ 61%] [32mBuilding CXX object CMakeFiles/march_hardware.dir/src/march_robot.cpp.o[0m
[17.113s] [ 66%] [32mBuilding CXX object CMakeFiles/march_hardware.dir/src/power/high_voltage.cpp.o[0m
[24.062s] [ 71%] [32mBuilding CXX object CMakeFiles/march_hardware.dir/src/power/low_voltage.cpp.o[0m
[25.069s] [ 76%] [32mBuilding CXX object CMakeFiles/march_hardware.dir/src/power/power_distribution_board.cpp.o[0m
[25.168s] [ 80%] [32mBuilding CXX object CMakeFiles/march_hardware.dir/src/temperature/temperature_ges.cpp.o[0m
[25.678s] [ 85%] [32mBuilding CXX object CMakeFiles/march_hardware.dir/src/pressure_sole/pressure_sole.cpp.o[0m
[31.696s] [ 90%] [32m[1mLinking CXX shared library devel/lib/libmarch_hardware.so[0m
[32.131s] [ 90%] Built target march_hardware
[32.147s] [35m[1mScanning dependencies of target slave_count_check[0m
[32.173s] [ 95%] [32mBuilding CXX object CMakeFiles/slave_count_check.dir/check/slave_count.cpp.o[0m
[35.898s] [100%] [32m[1mLinking CXX executable devel/lib/march_hardware/slave_count_check[0m
[36.209s] [100%] Built target slave_count_check
[36.229s] Invoked command in '/home/sheila/march/ros1/build/march_hardware' returned '0': /usr/bin/cmake --build /home/sheila/march/ros1/build/march_hardware -- -j4 -l4
[36.415s] Invoking command in '/home/sheila/march/ros1/build/march_hardware': /usr/bin/cmake --build /home/sheila/march/ros1/build/march_hardware --target tests -- -j4 -l4
[36.512s] [35m[1mScanning dependencies of target gtest[0m
[36.570s] [  2%] [32mBuilding CXX object gtest/googletest/CMakeFiles/gtest.dir/src/gtest-all.cc.o[0m
[42.417s] [  4%] [32m[1mLinking CXX shared library ../../lib/libgtest.so[0m
[42.685s] [  4%] Built target gtest
[42.740s] [ 50%] Built target march_hardware
[42.756s] [35m[1mScanning dependencies of target gmock[0m
[42.809s] [ 52%] [32mBuilding CXX object gtest/googlemock/CMakeFiles/gmock.dir/src/gmock-all.cc.o[0m
[46.217s] [ 54%] [32m[1mLinking CXX shared library ../../lib/libgmock.so[0m
[46.415s] [ 54%] Built target gmock
[46.448s] [35m[1mScanning dependencies of target march_hardware_test[0m
[46.565s] [ 57%] [32mBuilding CXX object CMakeFiles/march_hardware_test.dir/test/encoder/absolute_encoder_test.cpp.o[0m
[50.544s] [ 59%] [32mBuilding CXX object CMakeFiles/march_hardware_test.dir/test/error/hardware_exception_test.cpp.o[0m
[52.149s] [ 61%] [32mBuilding CXX object CMakeFiles/march_hardware_test.dir/test/error/motion_error_test.cpp.o[0m
[53.898s] [ 64%] [32mBuilding CXX object CMakeFiles/march_hardware_test.dir/test/ethercat/pdo_map_test.cpp.o[0m
[60.429s] [ 66%] [32mBuilding CXX object CMakeFiles/march_hardware_test.dir/test/ethercat/slave_test.cpp.o[0m
[67.479s] [ 69%] [32mBuilding CXX object CMakeFiles/march_hardware_test.dir/test/imotioncube/imotioncube_test.cpp.o[0m
[75.996s] [ 71%] [32mBuilding CXX object CMakeFiles/march_hardware_test.dir/test/joint_test.cpp.o[0m
[88.095s] [ 73%] [32mBuilding CXX object CMakeFiles/march_hardware_test.dir/test/power/boot_shutdown_offsets_test.cpp.o[0m
[92.493s] [ 76%] [32mBuilding CXX object CMakeFiles/march_hardware_test.dir/test/power/high_voltage_test.cpp.o[0m
[98.074s] [ 78%] [32mBuilding CXX object CMakeFiles/march_hardware_test.dir/test/power/low_voltage_test.cpp.o[0m
[103.416s] [ 80%] [32mBuilding CXX object CMakeFiles/march_hardware_test.dir/test/power/net_driver_offsets_test.cpp.o[0m
[108.087s] [ 83%] [32mBuilding CXX object CMakeFiles/march_hardware_test.dir/test/power/net_monitor_offsets_test.cpp.o[0m
[112.560s] [ 85%] [32mBuilding CXX object CMakeFiles/march_hardware_test.dir/test/power/power_distribution_board_test.cpp.o[0m
[120.672s] [ 88%] [32mBuilding CXX object CMakeFiles/march_hardware_test.dir/test/temperature/temperature_ges_test.cpp.o[0m
[129.205s] [ 90%] [32mBuilding CXX object CMakeFiles/march_hardware_test.dir/test/pressure_sole/pressure_sole_test.cpp.o[0m
[136.054s] [ 95%] [32mBuilding CXX object CMakeFiles/march_hardware_test.dir/test/encoder/incremental_encoder_test.cpp.o[0m
[136.054s] [ 95%] [32mBuilding CXX object CMakeFiles/march_hardware_test.dir/test/test_runner.cpp.o[0m
[137.536s] [ 97%] [32mBuilding CXX object CMakeFiles/march_hardware_test.dir/test/encoder/encoder_test.cpp.o[0m
[143.025s] [100%] [32m[1mLinking CXX executable devel/lib/march_hardware/march_hardware_test[0m
[144.831s] [100%] Built target march_hardware_test
[144.901s] [35m[1mScanning dependencies of target tests[0m
[144.973s] [100%] Built target tests
[145.014s] Invoked command in '/home/sheila/march/ros1/build/march_hardware' returned '0': /usr/bin/cmake --build /home/sheila/march/ros1/build/march_hardware --target tests -- -j4 -l4
[147.436s] Invoking command in '/home/sheila/march/ros1/build/march_hardware': /usr/bin/cmake --install /home/sheila/march/ros1/build/march_hardware
[147.476s] -- Install configuration: ""
[147.476s] -- Installing: /home/sheila/march/ros1/install/march_hardware/lib/pkgconfig/march_hardware.pc
[147.476s] -- Installing: /home/sheila/march/ros1/install/march_hardware/share/march_hardware/cmake/march_hardware-extras.cmake
[147.477s] -- Installing: /home/sheila/march/ros1/install/march_hardware/share/march_hardware/cmake/march_hardwareConfig.cmake
[147.477s] -- Installing: /home/sheila/march/ros1/install/march_hardware/share/march_hardware/cmake/march_hardwareConfig-version.cmake
[147.477s] -- Installing: /home/sheila/march/ros1/install/march_hardware/share/march_hardware/package.xml
[147.477s] -- Installing: /home/sheila/march/ros1/install/march_hardware/include/march_hardware
[147.478s] -- Installing: /home/sheila/march/ros1/install/march_hardware/include/march_hardware/joint.h
[147.478s] -- Installing: /home/sheila/march/ros1/install/march_hardware/include/march_hardware/march_robot.h
[147.478s] -- Installing: /home/sheila/march/ros1/install/march_hardware/include/march_hardware/error
[147.478s] -- Installing: /home/sheila/march/ros1/install/march_hardware/include/march_hardware/error/error_type.h
[147.479s] -- Installing: /home/sheila/march/ros1/install/march_hardware/include/march_hardware/error/hardware_exception.h
[147.479s] -- Installing: /home/sheila/march/ros1/install/march_hardware/include/march_hardware/error/motion_error.h
[147.479s] -- Installing: /home/sheila/march/ros1/install/march_hardware/include/march_hardware/imotioncube
[147.479s] -- Installing: /home/sheila/march/ros1/install/march_hardware/include/march_hardware/imotioncube/actuation_mode.h
[147.479s] -- Installing: /home/sheila/march/ros1/install/march_hardware/include/march_hardware/imotioncube/imotioncube_target_state.h
[147.480s] -- Installing: /home/sheila/march/ros1/install/march_hardware/include/march_hardware/imotioncube/imotioncube_state.h
[147.480s] -- Installing: /home/sheila/march/ros1/install/march_hardware/include/march_hardware/imotioncube/imotioncube.h
[147.480s] -- Installing: /home/sheila/march/ros1/install/march_hardware/include/march_hardware/pressure_sole
[147.480s] -- Installing: /home/sheila/march/ros1/install/march_hardware/include/march_hardware/pressure_sole/pressure_sole.h
[147.481s] -- Installing: /home/sheila/march/ros1/install/march_hardware/include/march_hardware/temperature
[147.481s] -- Installing: /home/sheila/march/ros1/install/march_hardware/include/march_hardware/temperature/temperature_sensor.h
[147.481s] -- Installing: /home/sheila/march/ros1/install/march_hardware/include/march_hardware/temperature/temperature_ges.h
[147.481s] -- Installing: /home/sheila/march/ros1/install/march_hardware/include/march_hardware/encoder
[147.482s] -- Installing: /home/sheila/march/ros1/install/march_hardware/include/march_hardware/encoder/absolute_encoder.h
[147.482s] -- Installing: /home/sheila/march/ros1/install/march_hardware/include/march_hardware/encoder/incremental_encoder.h
[147.482s] -- Installing: /home/sheila/march/ros1/install/march_hardware/include/march_hardware/encoder/encoder.h
[147.482s] -- Installing: /home/sheila/march/ros1/install/march_hardware/include/march_hardware/power
[147.482s] -- Installing: /home/sheila/march/ros1/install/march_hardware/include/march_hardware/power/net_monitor_offsets.h
[147.483s] -- Installing: /home/sheila/march/ros1/install/march_hardware/include/march_hardware/power/high_voltage.h
[147.483s] -- Installing: /home/sheila/march/ros1/install/march_hardware/include/march_hardware/power/power_distribution_board.h
[147.483s] -- Installing: /home/sheila/march/ros1/install/march_hardware/include/march_hardware/power/boot_shutdown_offsets.h
[147.483s] -- Installing: /home/sheila/march/ros1/install/march_hardware/include/march_hardware/power/low_voltage.h
[147.483s] -- Installing: /home/sheila/march/ros1/install/march_hardware/include/march_hardware/power/net_driver_offsets.h
[147.483s] -- Installing: /home/sheila/march/ros1/install/march_hardware/include/march_hardware/ethercat
[147.484s] -- Installing: /home/sheila/march/ros1/install/march_hardware/include/march_hardware/ethercat/pdo_interface.h
[147.484s] -- Installing: /home/sheila/march/ros1/install/march_hardware/include/march_hardware/ethercat/sdo_interface.h
[147.484s] -- Installing: /home/sheila/march/ros1/install/march_hardware/include/march_hardware/ethercat/slave.h
[147.484s] -- Installing: /home/sheila/march/ros1/install/march_hardware/include/march_hardware/ethercat/pdo_map.h
[147.484s] -- Installing: /home/sheila/march/ros1/install/march_hardware/include/march_hardware/ethercat/pdo_types.h
[147.484s] -- Installing: /home/sheila/march/ros1/install/march_hardware/include/march_hardware/ethercat/ethercat_master.h
[147.484s] -- Installing: /home/sheila/march/ros1/install/march_hardware/lib/libmarch_hardware.so
[147.493s] -- Set runtime path of "/home/sheila/march/ros1/install/march_hardware/lib/libmarch_hardware.so" to ""
[147.493s] -- Installing: /home/sheila/march/ros1/install/march_hardware/lib/march_hardware/slave_count_check
[147.494s] -- Set runtime path of "/home/sheila/march/ros1/install/march_hardware/lib/march_hardware/slave_count_check" to "/home/sheila/march/ros1/install/march_hardware/lib:/opt/ros/noetic/lib:/opt/ros/noetic/lib/x86_64-linux-gnu"
[147.494s] -- Installing: /home/sheila/march/ros1/install/march_hardware/share/march_hardware/launch
[147.495s] -- Installing: /home/sheila/march/ros1/install/march_hardware/share/march_hardware/launch/slave_count.launch
[147.495s] -- Installing: /home/sheila/march/ros1/install/march_hardware/share/march_hardware/config
[147.495s] -- Installing: /home/sheila/march/ros1/install/march_hardware/share/march_hardware/config/sw_files
[147.495s] -- Installing: /home/sheila/march/ros1/install/march_hardware/share/march_hardware/config/sw_files/rotational_joint.sw
[147.496s] -- Installing: /home/sheila/march/ros1/install/march_hardware/share/march_hardware/config/sw_files/left_hip_aa.sw
[147.496s] -- Installing: /home/sheila/march/ros1/install/march_hardware/share/march_hardware/config/sw_files/right_hip_aa.sw
[147.496s] -- Installing: /home/sheila/march/ros1/install/march_hardware/share/march_hardware/config/sw_files/left_ankle.sw
[147.496s] -- Installing: /home/sheila/march/ros1/install/march_hardware/share/march_hardware/config/sw_files/right_hip_fe.sw
[147.496s] -- Installing: /home/sheila/march/ros1/install/march_hardware/share/march_hardware/config/sw_files/right_knee.sw
[147.497s] -- Installing: /home/sheila/march/ros1/install/march_hardware/share/march_hardware/config/sw_files/left_hip_fe.sw
[147.497s] -- Installing: /home/sheila/march/ros1/install/march_hardware/share/march_hardware/config/sw_files/left_knee.sw
[147.497s] -- Installing: /home/sheila/march/ros1/install/march_hardware/share/march_hardware/config/sw_files/right_ankle.sw
[147.511s] Invoked command in '/home/sheila/march/ros1/build/march_hardware' returned '0': /usr/bin/cmake --install /home/sheila/march/ros1/build/march_hardware
