/home/sheila/march/ros2/install/march_rqt_robot_monitor/lib/python3.8/site-packages/march_rqt_robot_monitor/updater.py
/home/sheila/march/ros2/install/march_rqt_robot_monitor/lib/python3.8/site-packages/march_rqt_robot_monitor/__init__.py
/home/sheila/march/ros2/install/march_rqt_robot_monitor/lib/python3.8/site-packages/march_rqt_robot_monitor/diagnostic_analyzers/temperature.py
/home/sheila/march/ros2/install/march_rqt_robot_monitor/lib/python3.8/site-packages/march_rqt_robot_monitor/diagnostic_analyzers/__init__.py
/home/sheila/march/ros2/install/march_rqt_robot_monitor/lib/python3.8/site-packages/march_rqt_robot_monitor/diagnostic_analyzers/control.py
/home/sheila/march/ros2/install/march_rqt_robot_monitor/lib/python3.8/site-packages/march_rqt_robot_monitor/diagnostic_analyzers/gait_state.py
/home/sheila/march/ros2/install/march_rqt_robot_monitor/lib/python3.8/site-packages/march_rqt_robot_monitor/diagnostic_analyzers/imc_state.py
/home/sheila/march/ros2/install/march_rqt_robot_monitor/lib/python3.8/site-packages/march_rqt_robot_monitor/diagnostic_analyzers/check_input_device.py
/home/sheila/march/ros2/install/march_rqt_robot_monitor/lib/python3.8/site-packages/march_rqt_robot_monitor/__pycache__/updater.cpython-38.pyc
/home/sheila/march/ros2/install/march_rqt_robot_monitor/lib/python3.8/site-packages/march_rqt_robot_monitor/__pycache__/__init__.cpython-38.pyc
/home/sheila/march/ros2/install/march_rqt_robot_monitor/lib/python3.8/site-packages/march_rqt_robot_monitor/diagnostic_analyzers/__pycache__/temperature.cpython-38.pyc
/home/sheila/march/ros2/install/march_rqt_robot_monitor/lib/python3.8/site-packages/march_rqt_robot_monitor/diagnostic_analyzers/__pycache__/__init__.cpython-38.pyc
/home/sheila/march/ros2/install/march_rqt_robot_monitor/lib/python3.8/site-packages/march_rqt_robot_monitor/diagnostic_analyzers/__pycache__/control.cpython-38.pyc
/home/sheila/march/ros2/install/march_rqt_robot_monitor/lib/python3.8/site-packages/march_rqt_robot_monitor/diagnostic_analyzers/__pycache__/gait_state.cpython-38.pyc
/home/sheila/march/ros2/install/march_rqt_robot_monitor/lib/python3.8/site-packages/march_rqt_robot_monitor/diagnostic_analyzers/__pycache__/imc_state.cpython-38.pyc
/home/sheila/march/ros2/install/march_rqt_robot_monitor/lib/python3.8/site-packages/march_rqt_robot_monitor/diagnostic_analyzers/__pycache__/check_input_device.cpython-38.pyc
/home/sheila/march/ros2/install/march_rqt_robot_monitor/share/ament_index/resource_index/packages/march_rqt_robot_monitor
/home/sheila/march/ros2/install/march_rqt_robot_monitor/share/march_rqt_robot_monitor/package.xml
/home/sheila/march/ros2/install/march_rqt_robot_monitor/share/march_rqt_robot_monitor/launch/march_rqt_robot_monitor.launch.py
/home/sheila/march/ros2/install/march_rqt_robot_monitor/share/march_rqt_robot_monitor/config/analyzers.yaml
/home/sheila/march/ros2/install/march_rqt_robot_monitor/lib/python3.8/site-packages/march_rqt_robot_monitor-0.0.0-py3.8.egg-info/SOURCES.txt
/home/sheila/march/ros2/install/march_rqt_robot_monitor/lib/python3.8/site-packages/march_rqt_robot_monitor-0.0.0-py3.8.egg-info/top_level.txt
/home/sheila/march/ros2/install/march_rqt_robot_monitor/lib/python3.8/site-packages/march_rqt_robot_monitor-0.0.0-py3.8.egg-info/requires.txt
/home/sheila/march/ros2/install/march_rqt_robot_monitor/lib/python3.8/site-packages/march_rqt_robot_monitor-0.0.0-py3.8.egg-info/PKG-INFO
/home/sheila/march/ros2/install/march_rqt_robot_monitor/lib/python3.8/site-packages/march_rqt_robot_monitor-0.0.0-py3.8.egg-info/dependency_links.txt
/home/sheila/march/ros2/install/march_rqt_robot_monitor/lib/python3.8/site-packages/march_rqt_robot_monitor-0.0.0-py3.8.egg-info/zip-safe
/home/sheila/march/ros2/install/march_rqt_robot_monitor/lib/python3.8/site-packages/march_rqt_robot_monitor-0.0.0-py3.8.egg-info/entry_points.txt
/home/sheila/march/ros2/install/march_rqt_robot_monitor/lib/march_rqt_robot_monitor/march_rqt_robot_monitor_node
