Performing C++ SOURCE FILE Test CMAKE_HAVE_LIBC_PTHREAD failed with the following output:
Change Dir: /home/sheila/march/ros2/build/march_fake_sensor_data/CMakeFiles/CMakeTmp

Run Build Command(s):/usr/bin/make cmTC_91b13/fast && /usr/bin/make -f CMakeFiles/cmTC_91b13.dir/build.make CMakeFiles/cmTC_91b13.dir/build
make[1]: se entra en el directorio '/home/sheila/march/ros2/build/march_fake_sensor_data/CMakeFiles/CMakeTmp'
Building CXX object CMakeFiles/cmTC_91b13.dir/src.cxx.o
/usr/bin/c++    -DCMAKE_HAVE_LIBC_PTHREAD   -o CMakeFiles/cmTC_91b13.dir/src.cxx.o -c /home/sheila/march/ros2/build/march_fake_sensor_data/CMakeFiles/CMakeTmp/src.cxx
Linking CXX executable cmTC_91b13
/usr/bin/cmake -E cmake_link_script CMakeFiles/cmTC_91b13.dir/link.txt --verbose=1
/usr/bin/c++   -DCMAKE_HAVE_LIBC_PTHREAD    CMakeFiles/cmTC_91b13.dir/src.cxx.o  -o cmTC_91b13 
/usr/bin/ld: CMakeFiles/cmTC_91b13.dir/src.cxx.o: en la función `main':
src.cxx:(.text+0x46): referencia a `pthread_create' sin definir
/usr/bin/ld: src.cxx:(.text+0x52): referencia a `pthread_detach' sin definir
/usr/bin/ld: src.cxx:(.text+0x63): referencia a `pthread_join' sin definir
collect2: error: ld returned 1 exit status
make[1]: *** [CMakeFiles/cmTC_91b13.dir/build.make:87: cmTC_91b13] Error 1
make[1]: se sale del directorio '/home/sheila/march/ros2/build/march_fake_sensor_data/CMakeFiles/CMakeTmp'
make: *** [Makefile:121: cmTC_91b13/fast] Error 2


Source file was:
#include <pthread.h>

void* test_func(void* data)
{
  return data;
}

int main(void)
{
  pthread_t thread;
  pthread_create(&thread, NULL, test_func, NULL);
  pthread_detach(thread);
  pthread_join(thread, NULL);
  pthread_atfork(NULL, NULL, NULL);
  pthread_exit(NULL);

  return 0;
}

Determining if the function pthread_create exists in the pthreads failed with the following output:
Change Dir: /home/sheila/march/ros2/build/march_fake_sensor_data/CMakeFiles/CMakeTmp

Run Build Command(s):/usr/bin/make cmTC_a023f/fast && /usr/bin/make -f CMakeFiles/cmTC_a023f.dir/build.make CMakeFiles/cmTC_a023f.dir/build
make[1]: se entra en el directorio '/home/sheila/march/ros2/build/march_fake_sensor_data/CMakeFiles/CMakeTmp'
Building CXX object CMakeFiles/cmTC_a023f.dir/CheckFunctionExists.cxx.o
/usr/bin/c++    -DCHECK_FUNCTION_EXISTS=pthread_create   -o CMakeFiles/cmTC_a023f.dir/CheckFunctionExists.cxx.o -c /home/sheila/march/ros2/build/march_fake_sensor_data/CMakeFiles/CheckLibraryExists/CheckFunctionExists.cxx
Linking CXX executable cmTC_a023f
/usr/bin/cmake -E cmake_link_script CMakeFiles/cmTC_a023f.dir/link.txt --verbose=1
/usr/bin/c++   -DCHECK_FUNCTION_EXISTS=pthread_create    CMakeFiles/cmTC_a023f.dir/CheckFunctionExists.cxx.o  -o cmTC_a023f  -lpthreads 
/usr/bin/ld: no se puede encontrar -lpthreads
collect2: error: ld returned 1 exit status
make[1]: *** [CMakeFiles/cmTC_a023f.dir/build.make:87: cmTC_a023f] Error 1
make[1]: se sale del directorio '/home/sheila/march/ros2/build/march_fake_sensor_data/CMakeFiles/CMakeTmp'
make: *** [Makefile:121: cmTC_a023f/fast] Error 2



