-- The CXX compiler identification is GNU 9.3.0
-- Check for working CXX compiler: /usr/bin/c++
-- Check for working CXX compiler: /usr/bin/c++ -- works
-- Detecting CXX compiler ABI info
-- Detecting CXX compiler ABI info - done
-- Detecting CXX compile features
-- Detecting CXX compile features - done
-- Found ament_cmake: 0.9.8 (/opt/ros/foxy/share/ament_cmake/cmake)
-- Found PythonInterp: /usr/bin/python3 (found suitable version "3.8.5", minimum required is "3") 
-- Using PYTHON_EXECUTABLE: /usr/bin/python3
-- Found rclcpp: 2.3.0 (/opt/ros/foxy/share/rclcpp/cmake)
-- Using all available rosidl_typesupport_c: rosidl_typesupport_fastrtps_c;rosidl_typesupport_introspection_c
-- Found rosidl_adapter: 1.2.0 (/opt/ros/foxy/share/rosidl_adapter/cmake)
-- Found OpenSSL: /usr/lib/x86_64-linux-gnu/libcrypto.so (found version "1.1.1f")  
-- Found FastRTPS: /opt/ros/foxy/include  
-- Using all available rosidl_typesupport_cpp: rosidl_typesupport_fastrtps_cpp;rosidl_typesupport_introspection_cpp
-- Found rmw_implementation_cmake: 1.0.2 (/opt/ros/foxy/share/rmw_implementation_cmake/cmake)
-- Using RMW implementation 'rmw_fastrtps_cpp' as default
-- Looking for C++ include pthread.h
-- Looking for C++ include pthread.h - found
-- Performing Test CMAKE_HAVE_LIBC_PTHREAD
-- Performing Test CMAKE_HAVE_LIBC_PTHREAD - Failed
-- Looking for pthread_create in pthreads
-- Looking for pthread_create in pthreads - not found
-- Looking for pthread_create in pthread
-- Looking for pthread_create in pthread - found
-- Found Threads: TRUE  
-- Found sensor_msgs: 2.0.3 (/opt/ros/foxy/share/sensor_msgs/cmake)
-- Found march_shared_msgs: 0.0.0 (/home/sheila/march/ros2/install/march_shared_msgs/share/march_shared_msgs/cmake)
-- Found march_utility: 0.0.0 (/home/sheila/march/ros2/install/march_utility/share/march_utility/cmake)
-- Found ament_cmake_gtest: 0.9.8 (/opt/ros/foxy/share/ament_cmake_gtest/cmake)
-- Found gtest sources under '/opt/ros/foxy/src/gtest_vendor': C++ tests using 'Google Test' will be built
-- The C compiler identification is GNU 9.3.0
-- Check for working C compiler: /usr/bin/cc
-- Check for working C compiler: /usr/bin/cc -- works
-- Detecting C compiler ABI info
-- Detecting C compiler ABI info - done
-- Detecting C compile features
-- Detecting C compile features - done
-- Check if compiler accepts -pthread
-- Check if compiler accepts -pthread - yes
-- Configuring done
-- Generating done
-- Build files have been written to: /home/sheila/march/ros2/build/march_fake_sensor_data
[35m[1mScanning dependencies of target march_fake_sensor_data[0m
[35m[1mScanning dependencies of target gtest_main[0m
[35m[1mScanning dependencies of target gtest[0m
[  7%] [32mBuilding CXX object gtest/CMakeFiles/gtest_main.dir/src/gtest_main.cc.o[0m
[ 15%] [32mBuilding CXX object gtest/CMakeFiles/gtest.dir/src/gtest-all.cc.o[0m
[ 23%] [32mBuilding CXX object CMakeFiles/march_fake_sensor_data.dir/src/FakeTemperatureData.cpp.o[0m
[ 30%] [32mBuilding CXX object CMakeFiles/march_fake_sensor_data.dir/src/UniformDistribution.cpp.o[0m
[ 38%] [32m[1mLinking CXX static library libgtest_main.a[0m
[ 38%] Built target gtest_main
[ 46%] [32m[1mLinking CXX static library libmarch_fake_sensor_data.a[0m
[ 46%] Built target march_fake_sensor_data
[35m[1mScanning dependencies of target march_fake_sensor_data_node[0m
[ 53%] [32mBuilding CXX object CMakeFiles/march_fake_sensor_data_node.dir/src/main.cpp.o[0m
[ 61%] [32m[1mLinking CXX static library libgtest.a[0m
[ 61%] Built target gtest
[35m[1mScanning dependencies of target march_fake_sensor_data-uniform-distribution-test[0m
[ 69%] [32mBuilding CXX object CMakeFiles/march_fake_sensor_data-uniform-distribution-test.dir/test/UniformDistributionTest.cpp.o[0m
[35m[1mScanning dependencies of target march_fake_sensor_data-fake-temperature-data-test[0m
[ 76%] [32mBuilding CXX object CMakeFiles/march_fake_sensor_data-fake-temperature-data-test.dir/test/FakeTemperatureDataTest.cpp.o[0m
[ 84%] [32m[1mLinking CXX executable march_fake_sensor_data-uniform-distribution-test[0m
[ 84%] Built target march_fake_sensor_data-uniform-distribution-test
[ 92%] [32m[1mLinking CXX executable march_fake_sensor_data_node[0m
[ 92%] Built target march_fake_sensor_data_node
[100%] [32m[1mLinking CXX executable march_fake_sensor_data-fake-temperature-data-test[0m
[100%] Built target march_fake_sensor_data-fake-temperature-data-test
-- Install configuration: ""
-- Installing: /home/sheila/march/ros2/install/march_fake_sensor_data/lib/libmarch_fake_sensor_data.a
-- Installing: /home/sheila/march/ros2/install/march_fake_sensor_data/lib/march_fake_sensor_data/march_fake_sensor_data_node
-- Set runtime path of "/home/sheila/march/ros2/install/march_fake_sensor_data/lib/march_fake_sensor_data/march_fake_sensor_data_node" to ""
-- Installing: /home/sheila/march/ros2/install/march_fake_sensor_data/share/march_fake_sensor_data//launch
-- Installing: /home/sheila/march/ros2/install/march_fake_sensor_data/share/march_fake_sensor_data//launch/march_fake_sensor_data.launch.py
-- Installing: /home/sheila/march/ros2/install/march_fake_sensor_data/share/ament_index/resource_index/package_run_dependencies/march_fake_sensor_data
-- Installing: /home/sheila/march/ros2/install/march_fake_sensor_data/share/ament_index/resource_index/parent_prefix_path/march_fake_sensor_data
-- Installing: /home/sheila/march/ros2/install/march_fake_sensor_data/share/march_fake_sensor_data/environment/ament_prefix_path.sh
-- Installing: /home/sheila/march/ros2/install/march_fake_sensor_data/share/march_fake_sensor_data/environment/ament_prefix_path.dsv
-- Installing: /home/sheila/march/ros2/install/march_fake_sensor_data/share/march_fake_sensor_data/environment/path.sh
-- Installing: /home/sheila/march/ros2/install/march_fake_sensor_data/share/march_fake_sensor_data/environment/path.dsv
-- Installing: /home/sheila/march/ros2/install/march_fake_sensor_data/share/march_fake_sensor_data/local_setup.bash
-- Installing: /home/sheila/march/ros2/install/march_fake_sensor_data/share/march_fake_sensor_data/local_setup.sh
-- Installing: /home/sheila/march/ros2/install/march_fake_sensor_data/share/march_fake_sensor_data/local_setup.zsh
-- Installing: /home/sheila/march/ros2/install/march_fake_sensor_data/share/march_fake_sensor_data/local_setup.dsv
-- Installing: /home/sheila/march/ros2/install/march_fake_sensor_data/share/march_fake_sensor_data/package.dsv
-- Installing: /home/sheila/march/ros2/install/march_fake_sensor_data/share/ament_index/resource_index/packages/march_fake_sensor_data
-- Installing: /home/sheila/march/ros2/install/march_fake_sensor_data/share/march_fake_sensor_data/cmake/march_fake_sensor_dataConfig.cmake
-- Installing: /home/sheila/march/ros2/install/march_fake_sensor_data/share/march_fake_sensor_data/cmake/march_fake_sensor_dataConfig-version.cmake
-- Installing: /home/sheila/march/ros2/install/march_fake_sensor_data/share/march_fake_sensor_data/package.xml
