[0.039s] Invoking command in '/home/sheila/march/ros2/build/march_fake_sensor_data': AMENT_PREFIX_PATH=/home/sheila/march/ros2/install/march_utility:/home/sheila/march/ros2/install/march_description:/home/sheila/march/ros2/install/march_shared_msgs:/home/sheila/march/ros2/install/march_robot_state_publisher:${AMENT_PREFIX_PATH} CMAKE_PREFIX_PATH=/home/sheila/march/ros2/install/march_utility:/home/sheila/march/ros2/install/march_description:/home/sheila/march/ros2/install/march_shared_msgs:/home/sheila/march/ros2/install/march_robot_state_publisher:/opt/ros/foxy LD_LIBRARY_PATH=/home/sheila/march/ros2/install/march_utility/lib:/home/sheila/march/ros2/install/march_shared_msgs/lib:${LD_LIBRARY_PATH} PYTHONPATH=/home/sheila/march/ros2/install/march_utility/lib/python3.8/site-packages:/home/sheila/march/ros2/install/march_shared_msgs/lib/python3.8/site-packages:${PYTHONPATH} /usr/bin/cmake /home/sheila/march/ros2/src/simulation/march_fake_sensor_data -DCMAKE_INSTALL_PREFIX=/home/sheila/march/ros2/install/march_fake_sensor_data
[0.615s] -- The CXX compiler identification is GNU 9.3.0
[0.615s] -- Check for working CXX compiler: /usr/bin/c++
[0.615s] -- Check for working CXX compiler: /usr/bin/c++ -- works
[0.615s] -- Detecting CXX compiler ABI info
[0.616s] -- Detecting CXX compiler ABI info - done
[0.616s] -- Detecting CXX compile features
[0.616s] -- Detecting CXX compile features - done
[0.616s] -- Found ament_cmake: 0.9.8 (/opt/ros/foxy/share/ament_cmake/cmake)
[0.616s] -- Found PythonInterp: /usr/bin/python3 (found suitable version "3.8.5", minimum required is "3") 
[0.616s] -- Using PYTHON_EXECUTABLE: /usr/bin/python3
[0.693s] -- Found rclcpp: 2.3.0 (/opt/ros/foxy/share/rclcpp/cmake)
[0.832s] -- Using all available rosidl_typesupport_c: rosidl_typesupport_fastrtps_c;rosidl_typesupport_introspection_c
[0.833s] -- Found rosidl_adapter: 1.2.0 (/opt/ros/foxy/share/rosidl_adapter/cmake)
[0.962s] -- Found OpenSSL: /usr/lib/x86_64-linux-gnu/libcrypto.so (found version "1.1.1f")  
[1.025s] -- Found FastRTPS: /opt/ros/foxy/include  
[1.189s] -- Using all available rosidl_typesupport_cpp: rosidl_typesupport_fastrtps_cpp;rosidl_typesupport_introspection_cpp
[1.286s] -- Found rmw_implementation_cmake: 1.0.2 (/opt/ros/foxy/share/rmw_implementation_cmake/cmake)
[1.288s] -- Using RMW implementation 'rmw_fastrtps_cpp' as default
[1.290s] -- Looking for C++ include pthread.h
[1.393s] -- Looking for C++ include pthread.h - found
[1.393s] -- Performing Test CMAKE_HAVE_LIBC_PTHREAD
[1.554s] -- Performing Test CMAKE_HAVE_LIBC_PTHREAD - Failed
[1.554s] -- Looking for pthread_create in pthreads
[1.631s] -- Looking for pthread_create in pthreads - not found
[1.631s] -- Looking for pthread_create in pthread
[1.736s] -- Looking for pthread_create in pthread - found
[1.738s] -- Found Threads: TRUE  
[1.975s] -- Found sensor_msgs: 2.0.3 (/opt/ros/foxy/share/sensor_msgs/cmake)
[2.220s] -- Found march_shared_msgs: 0.0.0 (/home/sheila/march/ros2/install/march_shared_msgs/share/march_shared_msgs/cmake)
[3.419s] -- Found march_utility: 0.0.0 (/home/sheila/march/ros2/install/march_utility/share/march_utility/cmake)
[3.426s] -- Found ament_cmake_gtest: 0.9.8 (/opt/ros/foxy/share/ament_cmake_gtest/cmake)
[3.428s] -- Found gtest sources under '/opt/ros/foxy/src/gtest_vendor': C++ tests using 'Google Test' will be built
[3.475s] -- The C compiler identification is GNU 9.3.0
[3.479s] -- Check for working C compiler: /usr/bin/cc
[3.552s] -- Check for working C compiler: /usr/bin/cc -- works
[3.553s] -- Detecting C compiler ABI info
[3.631s] -- Detecting C compiler ABI info - done
[3.645s] -- Detecting C compile features
[3.646s] -- Detecting C compile features - done
[3.648s] -- Check if compiler accepts -pthread
[3.757s] -- Check if compiler accepts -pthread - yes
[3.845s] -- Configuring done
[3.888s] -- Generating done
[3.890s] -- Build files have been written to: /home/sheila/march/ros2/build/march_fake_sensor_data
[3.902s] Invoked command in '/home/sheila/march/ros2/build/march_fake_sensor_data' returned '0': AMENT_PREFIX_PATH=/home/sheila/march/ros2/install/march_utility:/home/sheila/march/ros2/install/march_description:/home/sheila/march/ros2/install/march_shared_msgs:/home/sheila/march/ros2/install/march_robot_state_publisher:${AMENT_PREFIX_PATH} CMAKE_PREFIX_PATH=/home/sheila/march/ros2/install/march_utility:/home/sheila/march/ros2/install/march_description:/home/sheila/march/ros2/install/march_shared_msgs:/home/sheila/march/ros2/install/march_robot_state_publisher:/opt/ros/foxy LD_LIBRARY_PATH=/home/sheila/march/ros2/install/march_utility/lib:/home/sheila/march/ros2/install/march_shared_msgs/lib:${LD_LIBRARY_PATH} PYTHONPATH=/home/sheila/march/ros2/install/march_utility/lib/python3.8/site-packages:/home/sheila/march/ros2/install/march_shared_msgs/lib/python3.8/site-packages:${PYTHONPATH} /usr/bin/cmake /home/sheila/march/ros2/src/simulation/march_fake_sensor_data -DCMAKE_INSTALL_PREFIX=/home/sheila/march/ros2/install/march_fake_sensor_data
[3.905s] Invoking command in '/home/sheila/march/ros2/build/march_fake_sensor_data': AMENT_PREFIX_PATH=/home/sheila/march/ros2/install/march_utility:/home/sheila/march/ros2/install/march_description:/home/sheila/march/ros2/install/march_shared_msgs:/home/sheila/march/ros2/install/march_robot_state_publisher:${AMENT_PREFIX_PATH} CMAKE_PREFIX_PATH=/home/sheila/march/ros2/install/march_utility:/home/sheila/march/ros2/install/march_description:/home/sheila/march/ros2/install/march_shared_msgs:/home/sheila/march/ros2/install/march_robot_state_publisher:/opt/ros/foxy LD_LIBRARY_PATH=/home/sheila/march/ros2/install/march_utility/lib:/home/sheila/march/ros2/install/march_shared_msgs/lib:${LD_LIBRARY_PATH} PYTHONPATH=/home/sheila/march/ros2/install/march_utility/lib/python3.8/site-packages:/home/sheila/march/ros2/install/march_shared_msgs/lib/python3.8/site-packages:${PYTHONPATH} /usr/bin/cmake --build /home/sheila/march/ros2/build/march_fake_sensor_data -- -j4 -l4
[3.955s] [35m[1mScanning dependencies of target march_fake_sensor_data[0m
[3.959s] [35m[1mScanning dependencies of target gtest_main[0m
[3.974s] [35m[1mScanning dependencies of target gtest[0m
[3.980s] [  7%] [32mBuilding CXX object gtest/CMakeFiles/gtest_main.dir/src/gtest_main.cc.o[0m
[4.004s] [ 15%] [32mBuilding CXX object gtest/CMakeFiles/gtest.dir/src/gtest-all.cc.o[0m
[4.085s] [ 23%] [32mBuilding CXX object CMakeFiles/march_fake_sensor_data.dir/src/FakeTemperatureData.cpp.o[0m
[4.100s] [ 30%] [32mBuilding CXX object CMakeFiles/march_fake_sensor_data.dir/src/UniformDistribution.cpp.o[0m
[5.627s] [ 38%] [32m[1mLinking CXX static library libgtest_main.a[0m
[5.868s] [ 38%] Built target gtest_main
[11.555s] [ 46%] [32m[1mLinking CXX static library libmarch_fake_sensor_data.a[0m
[11.714s] [ 46%] Built target march_fake_sensor_data
[11.733s] [35m[1mScanning dependencies of target march_fake_sensor_data_node[0m
[11.807s] [ 53%] [32mBuilding CXX object CMakeFiles/march_fake_sensor_data_node.dir/src/main.cpp.o[0m
[11.838s] [ 61%] [32m[1mLinking CXX static library libgtest.a[0m
[11.933s] [ 61%] Built target gtest
[11.953s] [35m[1mScanning dependencies of target march_fake_sensor_data-uniform-distribution-test[0m
[11.987s] [ 69%] [32mBuilding CXX object CMakeFiles/march_fake_sensor_data-uniform-distribution-test.dir/test/UniformDistributionTest.cpp.o[0m
[11.991s] [35m[1mScanning dependencies of target march_fake_sensor_data-fake-temperature-data-test[0m
[12.111s] [ 76%] [32mBuilding CXX object CMakeFiles/march_fake_sensor_data-fake-temperature-data-test.dir/test/FakeTemperatureDataTest.cpp.o[0m
[14.738s] [ 84%] [32m[1mLinking CXX executable march_fake_sensor_data-uniform-distribution-test[0m
[15.295s] [ 84%] Built target march_fake_sensor_data-uniform-distribution-test
[16.065s] [ 92%] [32m[1mLinking CXX executable march_fake_sensor_data_node[0m
[16.343s] [ 92%] Built target march_fake_sensor_data_node
[17.059s] [100%] [32m[1mLinking CXX executable march_fake_sensor_data-fake-temperature-data-test[0m
[17.661s] [100%] Built target march_fake_sensor_data-fake-temperature-data-test
[17.739s] Invoked command in '/home/sheila/march/ros2/build/march_fake_sensor_data' returned '0': AMENT_PREFIX_PATH=/home/sheila/march/ros2/install/march_utility:/home/sheila/march/ros2/install/march_description:/home/sheila/march/ros2/install/march_shared_msgs:/home/sheila/march/ros2/install/march_robot_state_publisher:${AMENT_PREFIX_PATH} CMAKE_PREFIX_PATH=/home/sheila/march/ros2/install/march_utility:/home/sheila/march/ros2/install/march_description:/home/sheila/march/ros2/install/march_shared_msgs:/home/sheila/march/ros2/install/march_robot_state_publisher:/opt/ros/foxy LD_LIBRARY_PATH=/home/sheila/march/ros2/install/march_utility/lib:/home/sheila/march/ros2/install/march_shared_msgs/lib:${LD_LIBRARY_PATH} PYTHONPATH=/home/sheila/march/ros2/install/march_utility/lib/python3.8/site-packages:/home/sheila/march/ros2/install/march_shared_msgs/lib/python3.8/site-packages:${PYTHONPATH} /usr/bin/cmake --build /home/sheila/march/ros2/build/march_fake_sensor_data -- -j4 -l4
[17.778s] Invoking command in '/home/sheila/march/ros2/build/march_fake_sensor_data': AMENT_PREFIX_PATH=/home/sheila/march/ros2/install/march_utility:/home/sheila/march/ros2/install/march_description:/home/sheila/march/ros2/install/march_shared_msgs:/home/sheila/march/ros2/install/march_robot_state_publisher:${AMENT_PREFIX_PATH} CMAKE_PREFIX_PATH=/home/sheila/march/ros2/install/march_utility:/home/sheila/march/ros2/install/march_description:/home/sheila/march/ros2/install/march_shared_msgs:/home/sheila/march/ros2/install/march_robot_state_publisher:/opt/ros/foxy LD_LIBRARY_PATH=/home/sheila/march/ros2/install/march_utility/lib:/home/sheila/march/ros2/install/march_shared_msgs/lib:${LD_LIBRARY_PATH} PYTHONPATH=/home/sheila/march/ros2/install/march_utility/lib/python3.8/site-packages:/home/sheila/march/ros2/install/march_shared_msgs/lib/python3.8/site-packages:${PYTHONPATH} /usr/bin/cmake --install /home/sheila/march/ros2/build/march_fake_sensor_data
[17.789s] -- Install configuration: ""
[17.789s] -- Installing: /home/sheila/march/ros2/install/march_fake_sensor_data/lib/libmarch_fake_sensor_data.a
[17.791s] -- Installing: /home/sheila/march/ros2/install/march_fake_sensor_data/lib/march_fake_sensor_data/march_fake_sensor_data_node
[17.793s] -- Set runtime path of "/home/sheila/march/ros2/install/march_fake_sensor_data/lib/march_fake_sensor_data/march_fake_sensor_data_node" to ""
[17.793s] -- Installing: /home/sheila/march/ros2/install/march_fake_sensor_data/share/march_fake_sensor_data//launch
[17.793s] -- Installing: /home/sheila/march/ros2/install/march_fake_sensor_data/share/march_fake_sensor_data//launch/march_fake_sensor_data.launch.py
[17.794s] -- Installing: /home/sheila/march/ros2/install/march_fake_sensor_data/share/ament_index/resource_index/package_run_dependencies/march_fake_sensor_data
[17.794s] -- Installing: /home/sheila/march/ros2/install/march_fake_sensor_data/share/ament_index/resource_index/parent_prefix_path/march_fake_sensor_data
[17.795s] -- Installing: /home/sheila/march/ros2/install/march_fake_sensor_data/share/march_fake_sensor_data/environment/ament_prefix_path.sh
[17.795s] -- Installing: /home/sheila/march/ros2/install/march_fake_sensor_data/share/march_fake_sensor_data/environment/ament_prefix_path.dsv
[17.796s] -- Installing: /home/sheila/march/ros2/install/march_fake_sensor_data/share/march_fake_sensor_data/environment/path.sh
[17.796s] -- Installing: /home/sheila/march/ros2/install/march_fake_sensor_data/share/march_fake_sensor_data/environment/path.dsv
[17.796s] -- Installing: /home/sheila/march/ros2/install/march_fake_sensor_data/share/march_fake_sensor_data/local_setup.bash
[17.796s] -- Installing: /home/sheila/march/ros2/install/march_fake_sensor_data/share/march_fake_sensor_data/local_setup.sh
[17.797s] -- Installing: /home/sheila/march/ros2/install/march_fake_sensor_data/share/march_fake_sensor_data/local_setup.zsh
[17.797s] -- Installing: /home/sheila/march/ros2/install/march_fake_sensor_data/share/march_fake_sensor_data/local_setup.dsv
[17.797s] -- Installing: /home/sheila/march/ros2/install/march_fake_sensor_data/share/march_fake_sensor_data/package.dsv
[17.797s] -- Installing: /home/sheila/march/ros2/install/march_fake_sensor_data/share/ament_index/resource_index/packages/march_fake_sensor_data
[17.797s] -- Installing: /home/sheila/march/ros2/install/march_fake_sensor_data/share/march_fake_sensor_data/cmake/march_fake_sensor_dataConfig.cmake
[17.797s] -- Installing: /home/sheila/march/ros2/install/march_fake_sensor_data/share/march_fake_sensor_data/cmake/march_fake_sensor_dataConfig-version.cmake
[17.797s] -- Installing: /home/sheila/march/ros2/install/march_fake_sensor_data/share/march_fake_sensor_data/package.xml
[17.803s] Invoked command in '/home/sheila/march/ros2/build/march_fake_sensor_data' returned '0': AMENT_PREFIX_PATH=/home/sheila/march/ros2/install/march_utility:/home/sheila/march/ros2/install/march_description:/home/sheila/march/ros2/install/march_shared_msgs:/home/sheila/march/ros2/install/march_robot_state_publisher:${AMENT_PREFIX_PATH} CMAKE_PREFIX_PATH=/home/sheila/march/ros2/install/march_utility:/home/sheila/march/ros2/install/march_description:/home/sheila/march/ros2/install/march_shared_msgs:/home/sheila/march/ros2/install/march_robot_state_publisher:/opt/ros/foxy LD_LIBRARY_PATH=/home/sheila/march/ros2/install/march_utility/lib:/home/sheila/march/ros2/install/march_shared_msgs/lib:${LD_LIBRARY_PATH} PYTHONPATH=/home/sheila/march/ros2/install/march_utility/lib/python3.8/site-packages:/home/sheila/march/ros2/install/march_shared_msgs/lib/python3.8/site-packages:${PYTHONPATH} /usr/bin/cmake --install /home/sheila/march/ros2/build/march_fake_sensor_data
