/home/sheila/march/ros2/install/march_gait_selection/lib/python3.8/site-packages/march_gait_selection/__init__.py
/home/sheila/march/ros2/install/march_gait_selection/lib/python3.8/site-packages/march_gait_selection/gait_selection_node.py
/home/sheila/march/ros2/install/march_gait_selection/lib/python3.8/site-packages/march_gait_selection/gait_selection.py
/home/sheila/march/ros2/install/march_gait_selection/lib/python3.8/site-packages/march_gait_selection/state_machine/__init__.py
/home/sheila/march/ros2/install/march_gait_selection/lib/python3.8/site-packages/march_gait_selection/state_machine/gait_state_machine_error.py
/home/sheila/march/ros2/install/march_gait_selection/lib/python3.8/site-packages/march_gait_selection/state_machine/gait_state_machine.py
/home/sheila/march/ros2/install/march_gait_selection/lib/python3.8/site-packages/march_gait_selection/state_machine/trajectory_scheduler.py
/home/sheila/march/ros2/install/march_gait_selection/lib/python3.8/site-packages/march_gait_selection/state_machine/setpoints_gait.py
/home/sheila/march/ros2/install/march_gait_selection/lib/python3.8/site-packages/march_gait_selection/state_machine/home_gait.py
/home/sheila/march/ros2/install/march_gait_selection/lib/python3.8/site-packages/march_gait_selection/state_machine/gait_interface.py
/home/sheila/march/ros2/install/march_gait_selection/lib/python3.8/site-packages/march_gait_selection/state_machine/state_machine_input.py
/home/sheila/march/ros2/install/march_gait_selection/lib/python3.8/site-packages/march_gait_selection/dynamic_gaits/__init__.py
/home/sheila/march/ros2/install/march_gait_selection/lib/python3.8/site-packages/march_gait_selection/dynamic_gaits/semi_dynamic_setpoints_gait.py
/home/sheila/march/ros2/install/march_gait_selection/lib/python3.8/site-packages/march_gait_selection/dynamic_gaits/transition_subgait.py
/home/sheila/march/ros2/install/march_gait_selection/lib/python3.8/site-packages/march_gait_selection/dynamic_gaits/balance_gait.py
/home/sheila/march/ros2/install/march_gait_selection/lib/python3.8/site-packages/march_gait_selection/__pycache__/__init__.cpython-38.pyc
/home/sheila/march/ros2/install/march_gait_selection/lib/python3.8/site-packages/march_gait_selection/__pycache__/gait_selection_node.cpython-38.pyc
/home/sheila/march/ros2/install/march_gait_selection/lib/python3.8/site-packages/march_gait_selection/__pycache__/gait_selection.cpython-38.pyc
/home/sheila/march/ros2/install/march_gait_selection/lib/python3.8/site-packages/march_gait_selection/state_machine/__pycache__/__init__.cpython-38.pyc
/home/sheila/march/ros2/install/march_gait_selection/lib/python3.8/site-packages/march_gait_selection/state_machine/__pycache__/gait_state_machine_error.cpython-38.pyc
/home/sheila/march/ros2/install/march_gait_selection/lib/python3.8/site-packages/march_gait_selection/state_machine/__pycache__/gait_state_machine.cpython-38.pyc
/home/sheila/march/ros2/install/march_gait_selection/lib/python3.8/site-packages/march_gait_selection/state_machine/__pycache__/trajectory_scheduler.cpython-38.pyc
/home/sheila/march/ros2/install/march_gait_selection/lib/python3.8/site-packages/march_gait_selection/state_machine/__pycache__/setpoints_gait.cpython-38.pyc
/home/sheila/march/ros2/install/march_gait_selection/lib/python3.8/site-packages/march_gait_selection/state_machine/__pycache__/home_gait.cpython-38.pyc
/home/sheila/march/ros2/install/march_gait_selection/lib/python3.8/site-packages/march_gait_selection/state_machine/__pycache__/gait_interface.cpython-38.pyc
/home/sheila/march/ros2/install/march_gait_selection/lib/python3.8/site-packages/march_gait_selection/state_machine/__pycache__/state_machine_input.cpython-38.pyc
/home/sheila/march/ros2/install/march_gait_selection/lib/python3.8/site-packages/march_gait_selection/dynamic_gaits/__pycache__/__init__.cpython-38.pyc
/home/sheila/march/ros2/install/march_gait_selection/lib/python3.8/site-packages/march_gait_selection/dynamic_gaits/__pycache__/semi_dynamic_setpoints_gait.cpython-38.pyc
/home/sheila/march/ros2/install/march_gait_selection/lib/python3.8/site-packages/march_gait_selection/dynamic_gaits/__pycache__/transition_subgait.cpython-38.pyc
/home/sheila/march/ros2/install/march_gait_selection/lib/python3.8/site-packages/march_gait_selection/dynamic_gaits/__pycache__/balance_gait.cpython-38.pyc
/home/sheila/march/ros2/install/march_gait_selection/share/ament_index/resource_index/packages/march_gait_selection
/home/sheila/march/ros2/install/march_gait_selection/share/march_gait_selection/package.xml
/home/sheila/march/ros2/install/march_gait_selection/share/march_gait_selection/test/resources/default.yaml
/home/sheila/march/ros2/install/march_gait_selection/share/march_gait_selection/launch/gait_selection.launch.py
/home/sheila/march/ros2/install/march_gait_selection/share/march_gait_selection/test/resources/walk/right_close/MV_walk_rightclose_v2.subgait
/home/sheila/march/ros2/install/march_gait_selection/share/march_gait_selection/test/resources/walk/right_swing/MV_walk_rightswing_v2.subgait
/home/sheila/march/ros2/install/march_gait_selection/share/march_gait_selection/test/resources/walk/left_close/MV_walk_leftclose_v2.subgait
/home/sheila/march/ros2/install/march_gait_selection/share/march_gait_selection/test/resources/walk/left_swing/MV_walk_leftswing_v2.subgait
/home/sheila/march/ros2/install/march_gait_selection/share/march_gait_selection/test/resources/walk/right_open/MV_walk_rightopen_v2.subgait
/home/sheila/march/ros2/install/march_gait_selection/share/march_gait_selection/test/resources/walk_small/right_close/MIV_final.subgait
/home/sheila/march/ros2/install/march_gait_selection/share/march_gait_selection/test/resources/walk_small/right_swing/MIV_final.subgait
/home/sheila/march/ros2/install/march_gait_selection/share/march_gait_selection/test/resources/walk_small/left_close/MIV_final.subgait
/home/sheila/march/ros2/install/march_gait_selection/share/march_gait_selection/test/resources/walk_small/left_swing/MIV_final.subgait
/home/sheila/march/ros2/install/march_gait_selection/share/march_gait_selection/test/resources/walk_small/right_open/MIV_final.subgait
/home/sheila/march/ros2/install/march_gait_selection/share/march_gait_selection/test/resources/walk_medium/right_close/MV_walk_rightclose_v1.subgait
/home/sheila/march/ros2/install/march_gait_selection/share/march_gait_selection/test/resources/walk_medium/right_swing/MV_walk_rightswing_v1.subgait
/home/sheila/march/ros2/install/march_gait_selection/share/march_gait_selection/test/resources/walk_medium/left_close/MV_walk_leftclose_v1.subgait
/home/sheila/march/ros2/install/march_gait_selection/share/march_gait_selection/test/resources/walk_medium/left_swing/MV_walk_leftswing_v1.subgait
/home/sheila/march/ros2/install/march_gait_selection/share/march_gait_selection/test/resources/walk_medium/right_open/MV_walk_rightopen_v1.subgait
/home/sheila/march/ros2/install/march_gait_selection/share/march_gait_selection/test/resources/stairs_up/right_close/MIV_final.subgait
/home/sheila/march/ros2/install/march_gait_selection/share/march_gait_selection/test/resources/stairs_up/right_swing/MIV_final.subgait
/home/sheila/march/ros2/install/march_gait_selection/share/march_gait_selection/test/resources/stairs_up/left_close/MIV_final.subgait
/home/sheila/march/ros2/install/march_gait_selection/share/march_gait_selection/test/resources/stairs_up/left_swing/MIV_final.subgait
/home/sheila/march/ros2/install/march_gait_selection/share/march_gait_selection/test/resources/stairs_up/right_open/MIV_final.subgait
/home/sheila/march/ros2/install/march_gait_selection/share/march_gait_selection/test/resources/balance_walk/right_close/MV_walk_rightclose_v3.subgait
/home/sheila/march/ros2/install/march_gait_selection/share/march_gait_selection/test/resources/balance_walk/right_close/MV_walk_rightclose_v1.subgait
/home/sheila/march/ros2/install/march_gait_selection/share/march_gait_selection/test/resources/balance_walk/right_close/MV_walk_rightclose_v5.subgait
/home/sheila/march/ros2/install/march_gait_selection/share/march_gait_selection/test/resources/balance_walk/right_close/MIV_final.subgait
/home/sheila/march/ros2/install/march_gait_selection/share/march_gait_selection/test/resources/balance_walk/right_close/MV_walk_rightclose_v2.subgait
/home/sheila/march/ros2/install/march_gait_selection/share/march_gait_selection/test/resources/balance_walk/right_swing_2/MV_balancewalk_rightswing2_v2.subgait
/home/sheila/march/ros2/install/march_gait_selection/share/march_gait_selection/test/resources/balance_walk/right_open_1/MV_balancewalk_rightopen1_v3.subgait
/home/sheila/march/ros2/install/march_gait_selection/share/march_gait_selection/test/resources/balance_walk/right_open_1/MV_balancewalk_rightopen1_v2.subgait
/home/sheila/march/ros2/install/march_gait_selection/share/march_gait_selection/test/resources/balance_walk/right_swing/MV_balancewalk_rightswing_v1.subgait
/home/sheila/march/ros2/install/march_gait_selection/share/march_gait_selection/test/resources/balance_walk/left_swing_2/MV_balancewalk_leftswing2_v2.subgait
/home/sheila/march/ros2/install/march_gait_selection/share/march_gait_selection/test/resources/balance_walk/left_close/MV_walk_leftclose_v1.subgait
/home/sheila/march/ros2/install/march_gait_selection/share/march_gait_selection/test/resources/balance_walk/left_close/MV_walk_leftclose_v5.subgait
/home/sheila/march/ros2/install/march_gait_selection/share/march_gait_selection/test/resources/balance_walk/left_close/MV_walk_leftclose_v3.subgait
/home/sheila/march/ros2/install/march_gait_selection/share/march_gait_selection/test/resources/balance_walk/left_close/MIV_final.subgait
/home/sheila/march/ros2/install/march_gait_selection/share/march_gait_selection/test/resources/balance_walk/left_close/MV_walk_leftclose_v2.subgait
/home/sheila/march/ros2/install/march_gait_selection/share/march_gait_selection/test/resources/balance_walk/right_open_2/MV_balancewalk_rightopen2_v2.subgait
/home/sheila/march/ros2/install/march_gait_selection/share/march_gait_selection/test/resources/balance_walk/left_swing/MV_balancewalk_leftswing_v1.subgait
/home/sheila/march/ros2/install/march_gait_selection/share/march_gait_selection/test/resources/balance_walk/right_swing_1/MV_balancewalk_rightswing1_v2.subgait
/home/sheila/march/ros2/install/march_gait_selection/share/march_gait_selection/test/resources/balance_walk/right_open/MV_balancewalk_rightopen_v1.subgait
/home/sheila/march/ros2/install/march_gait_selection/share/march_gait_selection/test/resources/balance_walk/left_swing_1/MV_balancewalk_leftswing1_v2.subgait
/home/sheila/march/ros2/install/march_gait_selection/share/march_gait_selection/test/resources/walk/walk.gait
/home/sheila/march/ros2/install/march_gait_selection/share/march_gait_selection/test/resources/walk_small/walk_small.gait
/home/sheila/march/ros2/install/march_gait_selection/share/march_gait_selection/test/resources/walk_medium/walk_medium.gait
/home/sheila/march/ros2/install/march_gait_selection/share/march_gait_selection/test/resources/stairs_up/stairs_up.gait
/home/sheila/march/ros2/install/march_gait_selection/share/march_gait_selection/test/resources/balance_walk/balance_walk.gait
/home/sheila/march/ros2/install/march_gait_selection/lib/python3.8/site-packages/march_gait_selection-0.0.0-py3.8.egg-info/SOURCES.txt
/home/sheila/march/ros2/install/march_gait_selection/lib/python3.8/site-packages/march_gait_selection-0.0.0-py3.8.egg-info/top_level.txt
/home/sheila/march/ros2/install/march_gait_selection/lib/python3.8/site-packages/march_gait_selection-0.0.0-py3.8.egg-info/requires.txt
/home/sheila/march/ros2/install/march_gait_selection/lib/python3.8/site-packages/march_gait_selection-0.0.0-py3.8.egg-info/PKG-INFO
/home/sheila/march/ros2/install/march_gait_selection/lib/python3.8/site-packages/march_gait_selection-0.0.0-py3.8.egg-info/dependency_links.txt
/home/sheila/march/ros2/install/march_gait_selection/lib/python3.8/site-packages/march_gait_selection-0.0.0-py3.8.egg-info/zip-safe
/home/sheila/march/ros2/install/march_gait_selection/lib/python3.8/site-packages/march_gait_selection-0.0.0-py3.8.egg-info/entry_points.txt
/home/sheila/march/ros2/install/march_gait_selection/lib/march_gait_selection/march_gait_selection
