[0.019s] Invoking command in '/home/sheila/march/ros1/build/computed_torque': /usr/bin/cmake --build /home/sheila/march/ros1/build/computed_torque -- -j4 -l4
[0.059s] -- Using CATKIN_DEVEL_PREFIX: /home/sheila/march/ros1/build/computed_torque/devel
[0.059s] -- Using CMAKE_PREFIX_PATH: /home/sheila/march/ros1/install/realsense_gazebo_plugin;/home/sheila/march/ros1/install/march_temperature_sensor_controller;/home/sheila/march/ros1/install/march_launch;/home/sheila/march/ros1/install/march_simulation;/home/sheila/march/ros1/install/march_rqt_gait_generator;/home/sheila/march/ros1/install/march_shared_classes;/home/sheila/march/ros1/install/march_realsense_reader;/home/sheila/march/ros1/install/march_pdb_state_controller;/home/sheila/march/ros1/install/march_parameter_server;/home/sheila/march/ros1/install/march_moveit_interface;/home/sheila/march/ros1/install/march_joint_inertia_controller;/home/sheila/march/ros1/install/march_hardware_interface;/home/sheila/march/ros1/install/march_gazebo_plugins;/home/sheila/march/ros1/install/march_gain_scheduling;/home/sheila/march/ros1/install/march_data_collector;/home/sheila/march/ros1/install/march_acado_mpc;/home/sheila/march/ros1/install/march_shared_msgs;/home/sheila/march/ros1/install/march_moveit;/home/sheila/march/ros1/install/march_imu_manager;/home/sheila/march/ros1/install/march_hardware_builder;/home/sheila/march/ros1/install/march_hardware;/home/sheila/march/ros1/install/march_description;/home/sheila/march/ros1/install/march_bridge_parameters;/home/sheila/march/ros1/install/joint_trajectory_controller;/home/sheila/march/ros1/install/direct_dynamic_controller;/opt/ros/noetic
[0.060s] -- This workspace overlays: /home/sheila/march/ros1/install/realsense_gazebo_plugin;/home/sheila/march/ros1/install/march_temperature_sensor_controller;/home/sheila/march/ros1/install/march_launch;/home/sheila/march/ros1/install/march_simulation;/home/sheila/march/ros1/install/march_rqt_gait_generator;/home/sheila/march/ros1/install/march_shared_classes;/home/sheila/march/ros1/install/march_realsense_reader;/home/sheila/march/ros1/install/march_pdb_state_controller;/home/sheila/march/ros1/install/march_parameter_server;/home/sheila/march/ros1/install/march_moveit_interface;/home/sheila/march/ros1/install/march_joint_inertia_controller;/home/sheila/march/ros1/install/march_hardware_interface;/home/sheila/march/ros1/install/march_gazebo_plugins;/home/sheila/march/ros1/install/march_gain_scheduling;/home/sheila/march/ros1/install/march_data_collector;/home/sheila/march/ros1/install/march_acado_mpc;/home/sheila/march/ros1/install/march_shared_msgs;/home/sheila/march/ros1/install/march_moveit;/home/sheila/march/ros1/install/march_imu_manager;/home/sheila/march/ros1/install/march_hardware_builder;/home/sheila/march/ros1/install/march_hardware;/home/sheila/march/ros1/install/march_description;/home/sheila/march/ros1/install/march_bridge_parameters;/home/sheila/march/ros1/install/joint_trajectory_controller;/home/sheila/march/ros1/install/direct_dynamic_controller;/opt/ros/noetic
[0.091s] -- Found PythonInterp: /usr/bin/python3 (found suitable version "3.8.5", minimum required is "3") 
[0.091s] -- Using PYTHON_EXECUTABLE: /usr/bin/python3
[0.091s] -- Using Debian Python package layout
[0.091s] -- Using empy: /usr/lib/python3/dist-packages/em.py
[0.246s] -- Using CATKIN_ENABLE_TESTING: ON
[0.246s] -- Call enable_testing()
[0.247s] -- Using CATKIN_TEST_RESULTS_DIR: /home/sheila/march/ros1/build/computed_torque/test_results
[0.286s] -- Forcing gtest/gmock from source, though one was otherwise available.
[0.286s] -- Found gtest sources under '/usr/src/googletest': gtests will be built
[0.286s] -- Found gmock sources under '/usr/src/googletest': gmock will be built
[0.320s] -- Found PythonInterp: /usr/bin/python3 (found version "3.8.5") 
[0.330s] -- Using Python nosetests: /usr/bin/nosetests3
[0.400s] -- catkin 0.8.9
[0.401s] -- BUILD_SHARED_LIBS is on
[0.983s] CMake Error at CMakeLists.txt:134 (target_link_libraries):
[0.983s]   Cannot specify link libraries for target "computed_torque" which is not
[0.983s]   built by this project.
[0.983s] 
[0.983s] 
[0.984s] -- Configuring incomplete, errors occurred!
[0.984s] See also "/home/sheila/march/ros1/build/computed_torque/CMakeFiles/CMakeOutput.log".
[0.984s] See also "/home/sheila/march/ros1/build/computed_torque/CMakeFiles/CMakeError.log".
[0.988s] make: *** [Makefile:574: cmake_check_build_system] Error 1
[0.993s] Invoked command in '/home/sheila/march/ros1/build/computed_torque' returned '2': /usr/bin/cmake --build /home/sheila/march/ros1/build/computed_torque -- -j4 -l4
