[0.017s] Invoking command in '/home/sheila/march/ros1/build/computed_torque': /usr/bin/cmake --build /home/sheila/march/ros1/build/computed_torque -- -j4 -l4
[0.100s] [  0%] Built target rosgraph_msgs_generate_messages_py
[0.100s] [  0%] Built target dynamic_reconfigure_generate_messages_nodejs
[0.101s] [  0%] Built target std_msgs_generate_messages_eus
[0.104s] [  0%] Built target actionlib_msgs_generate_messages_nodejs
[0.137s] [  0%] Built target actionlib_msgs_generate_messages_lisp
[0.138s] [  0%] Built target actionlib_msgs_generate_messages_cpp
[0.142s] [  0%] Built target rosgraph_msgs_generate_messages_eus
[0.154s] [  0%] Built target control_msgs_generate_messages_lisp
[0.174s] [  0%] Built target std_msgs_generate_messages_lisp
[0.175s] [  0%] Built target control_msgs_generate_messages_cpp
[0.180s] [  0%] Built target roscpp_generate_messages_lisp
[0.191s] [  0%] Built target control_toolbox_generate_messages_nodejs
[0.211s] [  0%] Built target actionlib_msgs_generate_messages_eus
[0.211s] [  0%] Built target dynamic_reconfigure_generate_messages_py
[0.220s] [  0%] Built target control_msgs_generate_messages_nodejs
[0.231s] [  0%] Built target rosgraph_msgs_generate_messages_lisp
[0.248s] [  0%] Built target actionlib_generate_messages_py
[0.249s] [  0%] Built target actionlib_generate_messages_lisp
[0.260s] [  0%] Built target _catkin_empty_exported_target
[0.266s] [  0%] Built target actionlib_generate_messages_nodejs
[0.285s] [  0%] Built target trajectory_msgs_generate_messages_nodejs
[0.285s] [  0%] Built target control_msgs_generate_messages_eus
[0.298s] [  0%] Built target trajectory_msgs_generate_messages_cpp
[0.304s] [  0%] Built target control_toolbox_generate_messages_py
[0.323s] [  0%] Built target std_msgs_generate_messages_py
[0.324s] [  0%] Built target std_msgs_generate_messages_nodejs
[0.336s] [  0%] Built target geometry_msgs_generate_messages_eus
[0.342s] [  0%] Built target roscpp_generate_messages_nodejs
[0.360s] [  0%] Built target actionlib_msgs_generate_messages_py
[0.361s] [  0%] Built target std_msgs_generate_messages_cpp
[0.374s] [  0%] Built target actionlib_generate_messages_cpp
[0.379s] [  0%] Built target rosgraph_msgs_generate_messages_nodejs
[0.397s] [  0%] Built target roscpp_generate_messages_eus
[0.397s] [  0%] Built target roscpp_generate_messages_cpp
[0.412s] [  0%] Built target control_toolbox_gencfg
[0.415s] [  0%] Built target control_msgs_generate_messages_py
[0.434s] [  0%] Built target geometry_msgs_generate_messages_lisp
[0.435s] [  0%] Built target geometry_msgs_generate_messages_cpp
[0.452s] [  0%] Built target geometry_msgs_generate_messages_py
[0.453s] [  0%] Built target trajectory_msgs_generate_messages_lisp
[0.471s] [  0%] Built target rosgraph_msgs_generate_messages_cpp
[0.471s] [  0%] Built target actionlib_generate_messages_eus
[0.488s] [  0%] Built target trajectory_msgs_generate_messages_py
[0.489s] [  0%] Built target trajectory_msgs_generate_messages_eus
[0.507s] [  0%] Built target roscpp_generate_messages_py
[0.507s] [  0%] Built target control_toolbox_generate_messages_cpp
[0.525s] [  0%] Built target control_toolbox_generate_messages_eus
[0.525s] [  0%] Built target control_toolbox_generate_messages_lisp
[0.545s] [  0%] Built target geometry_msgs_generate_messages_nodejs
[0.545s] [  0%] Built target dynamic_reconfigure_generate_messages_cpp
[0.559s] [  0%] Built target dynamic_reconfigure_gencfg
[0.562s] [  0%] Built target dynamic_reconfigure_generate_messages_eus
[0.575s] [  0%] Built target dynamic_reconfigure_generate_messages_lisp
[0.592s] [35m[1mScanning dependencies of target computed_torque_lib[0m
[0.615s] [ 50%] [32mBuilding CXX object CMakeFiles/computed_torque_lib.dir/src/computed_torque_controller.cpp.o[0m
[3.906s] In file included from [01m[K/home/sheila/march/ros1/src/control/computed_torque/src/computed_torque_controller.cpp:5[m[K:
[3.906s] [01m[K/home/sheila/march/ros1/src/control/computed_torque/include/computed_torque/computed_torque_controller.h:71:31:[m[K [01;31m[Kerror: [m[K‘[01m[KJointStateHandle[m[K’ does not name a type
[3.906s]    71 |                         const [01;31m[KJointStateHandle[m[K::State& desired_state,
[3.906s]       |                               [01;31m[K^~~~~~~~~~~~~~~~[m[K
[3.906s] [01m[K/home/sheila/march/ros1/src/control/computed_torque/include/computed_torque/computed_torque_controller.h:71:54:[m[K [01;31m[Kerror: [m[Kexpected unqualified-id before ‘[01m[K&[m[K’ token
[3.906s]    71 |                         const JointStateHandle::State[01;31m[K&[m[K desired_state,
[3.906s]       |                                                      [01;31m[K^[m[K
[3.906s] [01m[K/home/sheila/march/ros1/src/control/computed_torque/include/computed_torque/computed_torque_controller.h:71:54:[m[K [01;31m[Kerror: [m[Kexpected ‘[01m[K)[m[K’ before ‘[01m[K&[m[K’ token
[3.906s]    71 |                         const JointStateHandle::State[01;31m[K&[m[K desired_state,
[3.906s]       |                                                      [01;31m[K^[m[K
[3.906s]       |                                                      [32m[K)[m[K
[3.907s] [01m[K/home/sheila/march/ros1/src/control/computed_torque/include/computed_torque/computed_torque_controller.h:70:24:[m[K [01;36m[Knote: [m[Kto match this ‘[01m[K([m[K’
[3.907s]    70 |             void update[01;36m[K([m[Kconst ros::Time &time, const ros::Duration &period,
[3.907s]       |                        [01;36m[K^[m[K
[3.907s] [01m[K/home/sheila/march/ros1/src/control/computed_torque/include/computed_torque/computed_torque_controller.h:71:54:[m[K [01;31m[Kerror: [m[Kexpected ‘[01m[K;[m[K’ at end of member declaration
[3.907s]    71 |                         const JointStateHandle::State[01;31m[K&[m[K desired_state,
[3.907s]       |                                                      [01;31m[K^[m[K
[3.907s]       |                                                       [32m[K;[m[K
[3.912s] [01m[K/home/sheila/march/ros1/src/control/computed_torque/include/computed_torque/computed_torque_controller.h:71:56:[m[K [01;31m[Kerror: [m[K‘[01m[Kdesired_state[m[K’ does not name a type
[3.912s]    71 |                         const JointStateHandle::State& [01;31m[Kdesired_state[m[K,
[3.912s]       |                                                        [01;31m[K^~~~~~~~~~~~~[m[K
[3.953s] In file included from [01m[K/home/sheila/march/ros1/src/control/computed_torque/include/computed_torque/computed_torque_controller.h:141[m[K,
[3.954s]                  from [01m[K/home/sheila/march/ros1/src/control/computed_torque/src/computed_torque_controller.cpp:5[m[K:
[3.954s] [01m[K/home/sheila/march/ros1/src/control/computed_torque/include/computed_torque/computed_torque_controller.hpp:75:53:[m[K [01;31m[Kerror: [m[K‘[01m[KJointStateHandle[m[K’ does not name a type
[3.954s]    75 |                                               const [01;31m[KJointStateHandle[m[K::State& desired_state,
[3.954s]       |                                                     [01;31m[K^~~~~~~~~~~~~~~~[m[K
[3.954s] [01m[K/home/sheila/march/ros1/src/control/computed_torque/include/computed_torque/computed_torque_controller.hpp:75:76:[m[K [01;31m[Kerror: [m[Kexpected unqualified-id before ‘[01m[K&[m[K’ token
[3.954s]    75 |                                  const JointStateHandle::State[01;31m[K&[m[K desired_state,
[3.954s]       |                                                               [01;31m[K^[m[K
[3.954s] 
[3.954s] [01m[K/home/sheila/march/ros1/src/control/computed_torque/include/computed_torque/computed_torque_controller.hpp:75:76:[m[K [01;31m[Kerror: [m[Kexpected ‘[01m[K)[m[K’ before ‘[01m[K&[m[K’ token
[3.954s]    75 |                                  const JointStateHandle::State[01;31m[K&[m[K desired_state,
[3.954s]       |                                                               [01;31m[K^[m[K
[3.954s]       |                                                               [32m[K)[m[K
[3.955s] [01m[K/home/sheila/march/ros1/src/control/computed_torque/include/computed_torque/computed_torque_controller.hpp:74:46:[m[K [01;36m[Knote: [m[Kto match this ‘[01m[K([m[K’
[3.955s]    74 | void computed_torque_controller_class::update[01;36m[K([m[Kconst ros::Time &time, const ros::Duration &period,
[3.955s]       |                                              [01;36m[K^[m[K
[3.955s] [01m[K/home/sheila/march/ros1/src/control/computed_torque/include/computed_torque/computed_torque_controller.hpp:75:78:[m[K [01;31m[Kerror: [m[Kexpected initializer before ‘[01m[Kdesired_state[m[K’
[3.955s]    75 |                                  const JointStateHandle::State& [01;31m[Kdesired_state[m[K,
[3.955s]       |                                                                 [01;31m[K^~~~~~~~~~~~~[m[K
[3.955s] 
[4.758s] In file included from [01m[K/opt/ros/noetic/include/class_loader/class_loader_core.hpp:45[m[K,
[4.758s]                  from [01m[K/opt/ros/noetic/include/class_loader/class_loader.hpp:46[m[K,
[4.758s]                  from [01m[K/opt/ros/noetic/include/pluginlib/./class_list_macros.hpp:40[m[K,
[4.758s]                  from [01m[K/opt/ros/noetic/include/pluginlib/class_list_macros.h:35[m[K,
[4.759s]                  from [01m[K/home/sheila/march/ros1/src/control/computed_torque/src/computed_torque_controller.cpp:2[m[K:
[4.759s] /opt/ros/noetic/include/class_loader/meta_object.hpp: In instantiation of ‘[01m[KB* class_loader::impl::MetaObject<C, B>::create() const [with C = controller_ns::computed_torque_controller_class; B = controller_interface::ControllerBase][m[K’:
[4.759s] [01m[K/opt/ros/noetic/include/class_loader/meta_object.hpp:196:7:[m[K   required from here
[4.759s] [01m[K/opt/ros/noetic/include/class_loader/meta_object.hpp:198:12:[m[K [01;31m[Kerror: [m[Kinvalid new-expression of abstract class type ‘[01m[Kcontroller_ns::computed_torque_controller_class[m[K’
[4.759s]   198 |     return [01;31m[Knew C[m[K;
[4.759s]       |            [01;31m[K^~~~~[m[K
[4.760s] In file included from [01m[K/home/sheila/march/ros1/src/control/computed_torque/src/computed_torque_controller.cpp:5[m[K:
[4.760s] [01m[K/home/sheila/march/ros1/src/control/computed_torque/include/computed_torque/computed_torque_controller.h:65:11:[m[K [01;36m[Knote: [m[K  because the following virtual functions are pure within ‘[01m[Kcontroller_ns::computed_torque_controller_class[m[K’:
[4.760s]    65 |     class [01;36m[Kcomputed_torque_controller_class[m[K : public controller_interface::Controller<hardware_interface::EffortJointInterface> {
[4.760s]       |           [01;36m[K^~~~~~~~~~~~~~~~~~~~~~~~~~~~~~~~[m[K
[4.760s] In file included from [01m[K/opt/ros/noetic/include/controller_interface/controller.h:35[m[K,
[4.760s]                  from [01m[K/home/sheila/march/ros1/src/control/computed_torque/include/computed_torque/computed_torque_controller.h:24[m[K,
[4.761s]                  from [01m[K/home/sheila/march/ros1/src/control/computed_torque/src/computed_torque_controller.cpp:5[m[K:
[4.761s] [01m[K/opt/ros/noetic/include/controller_interface/controller_base.h:73:16:[m[K [01;36m[Knote: [m[K	‘[01m[Kvirtual void controller_interface::ControllerBase::update(const ros::Time&, const ros::Duration&)[m[K’
[4.761s]    73 |   virtual void [01;36m[Kupdate[m[K(const ros::Time& time, const ros::Duration& period) = 0;
[4.761s]       |                [01;36m[K^~~~~~[m[K
[5.097s] make[2]: *** [CMakeFiles/computed_torque_lib.dir/build.make:63: CMakeFiles/computed_torque_lib.dir/src/computed_torque_controller.cpp.o] Error 1
[5.097s] make[1]: *** [CMakeFiles/Makefile2:1811: CMakeFiles/computed_torque_lib.dir/all] Error 2
[5.098s] make: *** [Makefile:141: all] Error 2
[5.100s] Invoked command in '/home/sheila/march/ros1/build/computed_torque' returned '2': /usr/bin/cmake --build /home/sheila/march/ros1/build/computed_torque -- -j4 -l4
