[0.021s] Invoking command in '/home/sheila/march/ros1/src/build/direct_dynamic_controller': /usr/bin/cmake /home/sheila/march/ros1/src/control/direct_dynamic_controller -DCATKIN_INSTALL_INTO_PREFIX_ROOT=0 -DCMAKE_INSTALL_PREFIX=/home/sheila/march/ros1/src/install/direct_dynamic_controller
[0.345s] -- The C compiler identification is GNU 9.3.0
[0.555s] -- The CXX compiler identification is GNU 9.3.0
[0.571s] -- Check for working C compiler: /usr/bin/cc
[0.675s] -- Check for working C compiler: /usr/bin/cc -- works
[0.683s] -- Detecting C compiler ABI info
[0.776s] -- Detecting C compiler ABI info - done
[0.795s] -- Detecting C compile features
[0.796s] -- Detecting C compile features - done
[0.802s] -- Check for working CXX compiler: /usr/bin/c++
[0.901s] -- Check for working CXX compiler: /usr/bin/c++ -- works
[0.903s] -- Detecting CXX compiler ABI info
[1.006s] -- Detecting CXX compiler ABI info - done
[1.026s] -- Detecting CXX compile features
[1.027s] -- Detecting CXX compile features - done
[1.038s] -- Using CATKIN_DEVEL_PREFIX: /home/sheila/march/ros1/src/build/direct_dynamic_controller/devel
[1.038s] -- Using CMAKE_PREFIX_PATH: /home/sheila/march/ros1/install/realsense_gazebo_plugin;/home/sheila/march/ros1/install/march_temperature_sensor_controller;/home/sheila/march/ros1/install/march_launch;/home/sheila/march/ros1/install/march_simulation;/home/sheila/march/ros1/install/march_rqt_gait_generator;/home/sheila/march/ros1/install/march_shared_classes;/home/sheila/march/ros1/install/march_realsense_reader;/home/sheila/march/ros1/install/march_pdb_state_controller;/home/sheila/march/ros1/install/march_parameter_server;/home/sheila/march/ros1/install/march_moveit_interface;/home/sheila/march/ros1/install/march_joint_inertia_controller;/home/sheila/march/ros1/install/march_hardware_interface;/home/sheila/march/ros1/install/march_gazebo_plugins;/home/sheila/march/ros1/install/march_gain_scheduling;/home/sheila/march/ros1/install/march_data_collector;/home/sheila/march/ros1/install/march_acado_mpc;/home/sheila/march/ros1/install/march_shared_msgs;/home/sheila/march/ros1/install/march_moveit;/home/sheila/march/ros1/install/march_imu_manager;/home/sheila/march/ros1/install/march_hardware_builder;/home/sheila/march/ros1/install/march_hardware;/home/sheila/march/ros1/install/march_description;/home/sheila/march/ros1/install/march_bridge_parameters;/home/sheila/march/ros1/install/joint_trajectory_controller;/home/sheila/march/ros1/install/direct_dynamic_controller;/opt/ros/noetic
[1.039s] -- This workspace overlays: /home/sheila/march/ros1/install/realsense_gazebo_plugin;/home/sheila/march/ros1/install/march_temperature_sensor_controller;/home/sheila/march/ros1/install/march_launch;/home/sheila/march/ros1/install/march_simulation;/home/sheila/march/ros1/install/march_rqt_gait_generator;/home/sheila/march/ros1/install/march_shared_classes;/home/sheila/march/ros1/install/march_realsense_reader;/home/sheila/march/ros1/install/march_pdb_state_controller;/home/sheila/march/ros1/install/march_parameter_server;/home/sheila/march/ros1/install/march_moveit_interface;/home/sheila/march/ros1/install/march_joint_inertia_controller;/home/sheila/march/ros1/install/march_hardware_interface;/home/sheila/march/ros1/install/march_gazebo_plugins;/home/sheila/march/ros1/install/march_gain_scheduling;/home/sheila/march/ros1/install/march_data_collector;/home/sheila/march/ros1/install/march_acado_mpc;/home/sheila/march/ros1/install/march_shared_msgs;/home/sheila/march/ros1/install/march_moveit;/home/sheila/march/ros1/install/march_imu_manager;/home/sheila/march/ros1/install/march_hardware_builder;/home/sheila/march/ros1/install/march_hardware;/home/sheila/march/ros1/install/march_description;/home/sheila/march/ros1/install/march_bridge_parameters;/home/sheila/march/ros1/install/joint_trajectory_controller;/home/sheila/march/ros1/install/direct_dynamic_controller;/opt/ros/noetic
[1.081s] -- Found PythonInterp: /usr/bin/python3 (found suitable version "3.8.5", minimum required is "3") 
[1.081s] -- Using PYTHON_EXECUTABLE: /usr/bin/python3
[1.081s] -- Using Debian Python package layout
[1.125s] -- Found PY_em: /usr/lib/python3/dist-packages/em.py  
[1.126s] -- Using empy: /usr/lib/python3/dist-packages/em.py
[1.282s] -- Using CATKIN_ENABLE_TESTING: ON
[1.282s] -- Call enable_testing()
[1.286s] -- Using CATKIN_TEST_RESULTS_DIR: /home/sheila/march/ros1/src/build/direct_dynamic_controller/test_results
[1.741s] -- Forcing gtest/gmock from source, though one was otherwise available.
[1.742s] -- Found gtest sources under '/usr/src/googletest': gtests will be built
[1.742s] -- Found gmock sources under '/usr/src/googletest': gmock will be built
[1.781s] -- Found PythonInterp: /usr/bin/python3 (found version "3.8.5") 
[1.784s] -- Found Threads: TRUE  
[1.801s] -- Using Python nosetests: /usr/bin/nosetests3
[1.877s] -- catkin 0.8.9
[1.877s] -- BUILD_SHARED_LIBS is on
[2.180s] -- Using these message generators: gencpp;geneus;genlisp;gennodejs;genpy
[2.867s] -- Configuring done
[2.945s] -- Generating done
[2.951s] -- Build files have been written to: /home/sheila/march/ros1/src/build/direct_dynamic_controller
[2.959s] Invoked command in '/home/sheila/march/ros1/src/build/direct_dynamic_controller' returned '0': /usr/bin/cmake /home/sheila/march/ros1/src/control/direct_dynamic_controller -DCATKIN_INSTALL_INTO_PREFIX_ROOT=0 -DCMAKE_INSTALL_PREFIX=/home/sheila/march/ros1/src/install/direct_dynamic_controller
[2.963s] Invoking command in '/home/sheila/march/ros1/src/build/direct_dynamic_controller': /usr/bin/cmake --build /home/sheila/march/ros1/src/build/direct_dynamic_controller -- -j4 -l4
[3.020s] [35m[1mScanning dependencies of target direct_dynamic_controller[0m
[3.247s] [ 50%] [32mBuilding CXX object CMakeFiles/direct_dynamic_controller.dir/src/direct_dynamic_controller.cpp.o[0m
[35.739s] [100%] [32m[1mLinking CXX shared library devel/lib/libdirect_dynamic_controller.so[0m
[36.852s] [100%] Built target direct_dynamic_controller
[36.868s] Invoked command in '/home/sheila/march/ros1/src/build/direct_dynamic_controller' returned '0': /usr/bin/cmake --build /home/sheila/march/ros1/src/build/direct_dynamic_controller -- -j4 -l4
[36.970s] Invoking command in '/home/sheila/march/ros1/src/build/direct_dynamic_controller': /usr/bin/cmake --build /home/sheila/march/ros1/src/build/direct_dynamic_controller --target tests -- -j4 -l4
[37.046s] [35m[1mScanning dependencies of target tests[0m
[37.060s] Built target tests
[37.076s] Invoked command in '/home/sheila/march/ros1/src/build/direct_dynamic_controller' returned '0': /usr/bin/cmake --build /home/sheila/march/ros1/src/build/direct_dynamic_controller --target tests -- -j4 -l4
[37.190s] Invoking command in '/home/sheila/march/ros1/src/build/direct_dynamic_controller': /usr/bin/cmake --install /home/sheila/march/ros1/src/build/direct_dynamic_controller
[37.204s] -- Install configuration: ""
[37.204s] -- Installing: /home/sheila/march/ros1/src/install/direct_dynamic_controller/lib/pkgconfig/direct_dynamic_controller.pc
[37.248s] -- Installing: /home/sheila/march/ros1/src/install/direct_dynamic_controller/share/direct_dynamic_controller/cmake/direct_dynamic_controllerConfig.cmake
[37.248s] -- Installing: /home/sheila/march/ros1/src/install/direct_dynamic_controller/share/direct_dynamic_controller/cmake/direct_dynamic_controllerConfig-version.cmake
[37.248s] -- Installing: /home/sheila/march/ros1/src/install/direct_dynamic_controller/share/direct_dynamic_controller/package.xml
[37.249s] -- Installing: /home/sheila/march/ros1/src/install/direct_dynamic_controller/include/direct_dynamic_controller
[37.249s] -- Installing: /home/sheila/march/ros1/src/install/direct_dynamic_controller/include/direct_dynamic_controller/joint_trajectory_segment.h
[37.250s] -- Installing: /home/sheila/march/ros1/src/install/direct_dynamic_controller/include/direct_dynamic_controller/.vscode
[37.250s] -- Installing: /home/sheila/march/ros1/src/install/direct_dynamic_controller/include/direct_dynamic_controller/.vscode/settings.json
[37.250s] -- Installing: /home/sheila/march/ros1/src/install/direct_dynamic_controller/include/direct_dynamic_controller/joint_trajectory_msg_utils.h
[37.250s] -- Installing: /home/sheila/march/ros1/src/install/direct_dynamic_controller/include/direct_dynamic_controller/tolerances.h
[37.251s] -- Installing: /home/sheila/march/ros1/src/install/direct_dynamic_controller/include/direct_dynamic_controller/direct_dynamic_controller_impl.h
[37.251s] -- Installing: /home/sheila/march/ros1/src/install/direct_dynamic_controller/include/direct_dynamic_controller/hardware_interface_adapter copy.h
[37.251s] -- Installing: /home/sheila/march/ros1/src/install/direct_dynamic_controller/include/direct_dynamic_controller/direct_dynamic_controller.h
[37.251s] -- Installing: /home/sheila/march/ros1/src/install/direct_dynamic_controller/include/direct_dynamic_controller/hardware_interface_adapter.h
[37.252s] -- Installing: /home/sheila/march/ros1/src/install/direct_dynamic_controller/include/direct_dynamic_controller/init_joint_trajectory.h
[37.252s] -- Installing: /home/sheila/march/ros1/src/install/direct_dynamic_controller/include/trajectory_interface/
[37.252s] -- Installing: /home/sheila/march/ros1/src/install/direct_dynamic_controller/include/trajectory_interface//pos_vel_acc_state.h
[37.253s] -- Installing: /home/sheila/march/ros1/src/install/direct_dynamic_controller/include/trajectory_interface//trajectory_interface.h
[37.253s] -- Installing: /home/sheila/march/ros1/src/install/direct_dynamic_controller/include/trajectory_interface//quintic_spline_segment.h
[37.253s] -- Installing: /home/sheila/march/ros1/src/install/direct_dynamic_controller/lib/libdirect_dynamic_controller.so
[37.271s] -- Set runtime path of "/home/sheila/march/ros1/src/install/direct_dynamic_controller/lib/libdirect_dynamic_controller.so" to ""
[37.271s] -- Installing: /home/sheila/march/ros1/src/install/direct_dynamic_controller/share/direct_dynamic_controller/config
[37.272s] -- Installing: /home/sheila/march/ros1/src/install/direct_dynamic_controller/share/direct_dynamic_controller/config/right_arm
[37.272s] -- Installing: /home/sheila/march/ros1/src/install/direct_dynamic_controller/share/direct_dynamic_controller/config/right_arm/motor_params_simulation.yaml
[37.272s] -- Installing: /home/sheila/march/ros1/src/install/direct_dynamic_controller/share/direct_dynamic_controller/config/right_arm/motor_params.yaml
[37.272s] -- Installing: /home/sheila/march/ros1/src/install/direct_dynamic_controller/share/direct_dynamic_controller/config/right_arm/direct_dynamic_controller.yaml
[37.272s] -- Installing: /home/sheila/march/ros1/src/install/direct_dynamic_controller/share/direct_dynamic_controller/config/left_arm
[37.272s] -- Installing: /home/sheila/march/ros1/src/install/direct_dynamic_controller/share/direct_dynamic_controller/config/left_arm/motor_params_simulation.yaml
[37.272s] -- Installing: /home/sheila/march/ros1/src/install/direct_dynamic_controller/share/direct_dynamic_controller/config/left_arm/motor_params.yaml
[37.273s] -- Installing: /home/sheila/march/ros1/src/install/direct_dynamic_controller/share/direct_dynamic_controller/config/left_arm/direct_dynamic_controller.yaml
[37.273s] -- Installing: /home/sheila/march/ros1/src/install/direct_dynamic_controller/share/direct_dynamic_controller/launch
[37.273s] -- Installing: /home/sheila/march/ros1/src/install/direct_dynamic_controller/share/direct_dynamic_controller/launch/right_arm_direct_dynamic_controller.launch
[37.273s] -- Installing: /home/sheila/march/ros1/src/install/direct_dynamic_controller/share/direct_dynamic_controller/launch/left_arm_direct_dynamic_controller.launch
[37.273s] -- Installing: /home/sheila/march/ros1/src/install/direct_dynamic_controller/share/direct_dynamic_controller/launch/direct_dynamic_controller.launch
[37.273s] -- Installing: /home/sheila/march/ros1/src/install/direct_dynamic_controller/share/direct_dynamic_controller/ros_control_plugins.xml
[37.276s] Invoked command in '/home/sheila/march/ros1/src/build/direct_dynamic_controller' returned '0': /usr/bin/cmake --install /home/sheila/march/ros1/src/build/direct_dynamic_controller
