-- The C compiler identification is GNU 9.3.0
-- The CXX compiler identification is GNU 9.3.0
-- Check for working C compiler: /usr/bin/cc
-- Check for working C compiler: /usr/bin/cc -- works
-- Detecting C compiler ABI info
-- Detecting C compiler ABI info - done
-- Detecting C compile features
-- Detecting C compile features - done
-- Check for working CXX compiler: /usr/bin/c++
-- Check for working CXX compiler: /usr/bin/c++ -- works
-- Detecting CXX compiler ABI info
-- Detecting CXX compiler ABI info - done
-- Detecting CXX compile features
-- Detecting CXX compile features - done
-- Using CATKIN_DEVEL_PREFIX: /home/sheila/march/ros1/build/march_pdb_state_controller/devel
-- Using CMAKE_PREFIX_PATH: /home/sheila/march/ros1/install/march_hardware_interface;/home/sheila/march/ros1/install/march_hardware_builder;/home/sheila/march/ros1/install/march_shared_msgs;/home/sheila/march/ros1/install/march_hardware;/home/sheila/march/ros1/install/march_description;/home/sheila/march/ros1/install/joint_trajectory_controller;/opt/ros/noetic
-- This workspace overlays: /home/sheila/march/ros1/install/march_hardware_interface;/home/sheila/march/ros1/install/march_hardware_builder;/home/sheila/march/ros1/install/march_shared_msgs;/home/sheila/march/ros1/install/march_hardware;/home/sheila/march/ros1/install/march_description;/home/sheila/march/ros1/install/joint_trajectory_controller;/opt/ros/noetic
-- Found PythonInterp: /usr/bin/python3 (found suitable version "3.8.5", minimum required is "3") 
-- Using PYTHON_EXECUTABLE: /usr/bin/python3
-- Using Debian Python package layout
-- Found PY_em: /usr/lib/python3/dist-packages/em.py  
-- Using empy: /usr/lib/python3/dist-packages/em.py
-- Using CATKIN_ENABLE_TESTING: ON
-- Call enable_testing()
-- Using CATKIN_TEST_RESULTS_DIR: /home/sheila/march/ros1/build/march_pdb_state_controller/test_results
-- Forcing gtest/gmock from source, though one was otherwise available.
-- Found gtest sources under '/usr/src/googletest': gtests will be built
-- Found gmock sources under '/usr/src/googletest': gmock will be built
-- Found PythonInterp: /usr/bin/python3 (found version "3.8.5") 
-- Found Threads: TRUE  
-- Using Python nosetests: /usr/bin/nosetests3
-- catkin 0.8.9
-- BUILD_SHARED_LIBS is on
-- Using these message generators: gencpp;geneus;genlisp;gennodejs;genpy
-- Configuring done
-- Generating done
-- Build files have been written to: /home/sheila/march/ros1/build/march_pdb_state_controller
[35m[1mScanning dependencies of target march_pdb_state_controller[0m
[ 50%] [32mBuilding CXX object CMakeFiles/march_pdb_state_controller.dir/src/march_pdb_state_controller.cpp.o[0m
[100%] [32m[1mLinking CXX shared library devel/lib/libmarch_pdb_state_controller.so[0m
[100%] Built target march_pdb_state_controller
[35m[1mScanning dependencies of target tests[0m
Built target tests
-- Install configuration: ""
-- Installing: /home/sheila/march/ros1/install/march_pdb_state_controller/lib/pkgconfig/march_pdb_state_controller.pc
-- Installing: /home/sheila/march/ros1/install/march_pdb_state_controller/share/march_pdb_state_controller/cmake/march_pdb_state_controllerConfig.cmake
-- Installing: /home/sheila/march/ros1/install/march_pdb_state_controller/share/march_pdb_state_controller/cmake/march_pdb_state_controllerConfig-version.cmake
-- Installing: /home/sheila/march/ros1/install/march_pdb_state_controller/share/march_pdb_state_controller/package.xml
-- Installing: /home/sheila/march/ros1/install/march_pdb_state_controller/include/march_pdb_state_controller
-- Installing: /home/sheila/march/ros1/install/march_pdb_state_controller/include/march_pdb_state_controller/march_pdb_state_controller.h
-- Installing: /home/sheila/march/ros1/install/march_pdb_state_controller/lib/libmarch_pdb_state_controller.so
-- Set runtime path of "/home/sheila/march/ros1/install/march_pdb_state_controller/lib/libmarch_pdb_state_controller.so" to ""
-- Installing: /home/sheila/march/ros1/install/march_pdb_state_controller/share/march_pdb_state_controller/march_pdb_state_plugin.xml
