[0.018s] Invoking command in '/home/sheila/march/ros1/build/computed_torque': /usr/bin/cmake --build /home/sheila/march/ros1/build/computed_torque -- -j4 -l4
[0.105s] [  0%] Built target sensor_msgs_generate_messages_py
[0.105s] [  0%] Built target sensor_msgs_generate_messages_cpp
[0.106s] [  0%] Built target dynamic_reconfigure_generate_messages_nodejs
[0.111s] [  0%] Built target sensor_msgs_generate_messages_nodejs
[0.148s] [  0%] Built target march_shared_msgs_generate_messages_nodejs
[0.152s] [  0%] Built target roscpp_generate_messages_eus
[0.152s] [  0%] Built target march_shared_msgs_generate_messages_py
[0.166s] [  0%] Built target march_shared_msgs_generate_messages_eus
[0.186s] [  0%] Built target roscpp_generate_messages_cpp
[0.188s] [  0%] Built target control_toolbox_gencfg
[0.197s] [  0%] Built target std_msgs_generate_messages_py
[0.204s] [  0%] Built target march_shared_msgs_generate_messages_cpp
[0.224s] [  0%] Built target geometry_msgs_generate_messages_eus
[0.226s] [  0%] Built target std_msgs_generate_messages_nodejs
[0.240s] [  0%] Built target std_msgs_generate_messages_cpp
[0.241s] [  0%] Built target roscpp_generate_messages_nodejs
[0.269s] [  0%] Built target actionlib_msgs_generate_messages_py
[0.272s] [  0%] Built target actionlib_generate_messages_cpp
[0.279s] [  0%] Built target rosgraph_msgs_generate_messages_nodejs
[0.284s] [  0%] Built target march_shared_msgs_generate_messages_lisp
[0.309s] [  0%] Built target actionlib_generate_messages_py
[0.310s] [  0%] Built target rosgraph_msgs_generate_messages_lisp
[0.317s] [  0%] Built target actionlib_generate_messages_lisp
[0.328s] [  0%] Built target _catkin_empty_exported_target
[0.348s] [  0%] Built target actionlib_generate_messages_nodejs
[0.348s] [  0%] Built target control_msgs_generate_messages_eus
[0.355s] [  0%] Built target trajectory_msgs_generate_messages_nodejs
[0.369s] [  0%] Built target trajectory_msgs_generate_messages_cpp
[0.387s] [  0%] Built target control_toolbox_generate_messages_py
[0.390s] [  0%] Built target rosgraph_msgs_generate_messages_py
[0.395s] [  0%] Built target std_msgs_generate_messages_eus
[0.407s] [  0%] Built target actionlib_msgs_generate_messages_nodejs
[0.426s] [  0%] Built target actionlib_msgs_generate_messages_lisp
[0.427s] [  0%] Built target actionlib_msgs_generate_messages_cpp
[0.440s] [  0%] Built target rosgraph_msgs_generate_messages_eus
[0.447s] [  0%] Built target sensor_msgs_generate_messages_lisp
[0.465s] [  0%] Built target sensor_msgs_generate_messages_eus
[0.467s] [  0%] Built target control_msgs_generate_messages_lisp
[0.483s] [  0%] Built target std_msgs_generate_messages_lisp
[0.483s] [  0%] Built target control_msgs_generate_messages_cpp
[0.505s] [  0%] Built target roscpp_generate_messages_lisp
[0.507s] [  0%] Built target control_toolbox_generate_messages_nodejs
[0.520s] [  0%] Built target dynamic_reconfigure_generate_messages_py
[0.530s] [  0%] Built target actionlib_msgs_generate_messages_eus
[0.547s] [  0%] Built target control_msgs_generate_messages_nodejs
[0.559s] [  0%] Built target control_msgs_generate_messages_py
[0.559s] [  0%] Built target geometry_msgs_generate_messages_cpp
[0.569s] [  0%] Built target geometry_msgs_generate_messages_lisp
[0.589s] [  0%] Built target geometry_msgs_generate_messages_py
[0.599s] [  0%] Built target rosgraph_msgs_generate_messages_cpp
[0.599s] [  0%] Built target trajectory_msgs_generate_messages_lisp
[0.607s] [  0%] Built target actionlib_generate_messages_eus
[0.631s] [  0%] Built target trajectory_msgs_generate_messages_py
[0.638s] [  0%] Built target roscpp_generate_messages_py
[0.640s] [  0%] Built target trajectory_msgs_generate_messages_eus
[0.647s] [  0%] Built target control_toolbox_generate_messages_cpp
[0.671s] [  0%] Built target control_toolbox_generate_messages_eus
[0.684s] [  0%] Built target dynamic_reconfigure_generate_messages_cpp
[0.684s] [  0%] Built target control_toolbox_generate_messages_lisp
[0.685s] [  0%] Built target geometry_msgs_generate_messages_nodejs
[0.704s] [  0%] Built target dynamic_reconfigure_generate_messages_eus
[0.716s] [  0%] Built target dynamic_reconfigure_generate_messages_lisp
[0.717s] [  0%] Built target dynamic_reconfigure_gencfg
[0.751s] [ 50%] [32mBuilding CXX object CMakeFiles/computed_torque_lib.dir/src/computed_torque_controller.cpp.o[0m
[3.678s] In file included from [01m[K/home/sheila/march/ros1/src/control/computed_torque/include/computed_torque/computed_torque_controller.h:32[m[K,
[3.679s]                  from [01m[K/home/sheila/march/ros1/src/control/computed_torque/src/computed_torque_controller.cpp:5[m[K:
[3.679s] [01m[K/home/sheila/march/ros1/src/control/computed_torque/include/trajectory_interface/joint_trajectory_segment.h:70:7:[m[K [01;31m[Kerror: [m[Kredefinition of ‘[01m[Kclass joint_trajectory_controller::JointTrajectorySegment<Segment>[m[K’
[3.679s]    70 | class [01;31m[KJointTrajectorySegment[m[K : public Segment
[3.679s]       |       [01;31m[K^~~~~~~~~~~~~~~~~~~~~~[m[K
[3.679s] In file included from [01m[K/opt/ros/noetic/include/joint_trajectory_controller/joint_trajectory_controller.h:73[m[K,
[3.679s]                  from [01m[K/home/sheila/march/ros1/src/control/computed_torque/include/computed_torque/computed_torque_controller.h:29[m[K,
[3.680s]                  from [01m[K/home/sheila/march/ros1/src/control/computed_torque/src/computed_torque_controller.cpp:5[m[K:
[3.680s] [01m[K/opt/ros/noetic/include/joint_trajectory_controller/joint_trajectory_segment.h:70:7:[m[K [01;36m[Knote: [m[Kprevious definition of ‘[01m[Kclass joint_trajectory_controller::JointTrajectorySegment<Segment>[m[K’
[3.680s]    70 | class [01;36m[KJointTrajectorySegment[m[K : public Segment
[3.680s]       |       [01;36m[K^~~~~~~~~~~~~~~~~~~~~~[m[K
[3.680s] In file included from [01m[K/home/sheila/march/ros1/src/control/computed_torque/include/computed_torque/computed_torque_controller.h:32[m[K,
[3.680s]                  from [01m[K/home/sheila/march/ros1/src/control/computed_torque/src/computed_torque_controller.cpp:5[m[K:
[3.680s] [01m[K/home/sheila/march/ros1/src/control/computed_torque/include/trajectory_interface/joint_trajectory_segment.h:221:8:[m[K [01;31m[Kerror: [m[Kredefinition of ‘[01m[Ktemplate<class Scalar> Scalar joint_trajectory_controller::wraparoundJointOffset(const Scalar&, const Scalar&, const bool&)[m[K’
[3.681s]   221 | Scalar [01;31m[KwraparoundJointOffset[m[K(const Scalar& prev_position,
[3.681s]       |        [01;31m[K^~~~~~~~~~~~~~~~~~~~~[m[K
[3.681s] In file included from [01m[K/opt/ros/noetic/include/joint_trajectory_controller/joint_trajectory_controller.h:73[m[K,
[3.681s]                  from [01m[K/home/sheila/march/ros1/src/control/computed_torque/include/computed_torque/computed_torque_controller.h:29[m[K,
[3.681s]                  from [01m[K/home/sheila/march/ros1/src/control/computed_torque/src/computed_torque_controller.cpp:5[m[K:
[3.681s] [01m[K/opt/ros/noetic/include/joint_trajectory_controller/joint_trajectory_segment.h:221:8:[m[K [01;36m[Knote: [m[K‘[01m[Ktemplate<class Scalar> Scalar joint_trajectory_controller::wraparoundJointOffset(const Scalar&, const Scalar&, const bool&)[m[K’ previously declared here
[3.682s]   221 | Scalar [01;36m[KwraparoundJointOffset[m[K(const Scalar& prev_position,
[3.682s]       |        [01;36m[K^~~~~~~~~~~~~~~~~~~~~[m[K
[4.161s] In file included from [01m[K/home/sheila/march/ros1/src/control/computed_torque/src/computed_torque_controller.cpp:5[m[K:
[4.162s] [01m[K/home/sheila/march/ros1/src/control/computed_torque/include/computed_torque/computed_torque_controller.h:81:31:[m[K [01;31m[Kerror: [m[K‘[01m[KState[m[K’ does not name a type
[4.162s]    81 |                         const [01;31m[KState[m[K& desired_state,
[4.162s]       |                               [01;31m[K^~~~~[m[K
[4.163s] [01m[K/home/sheila/march/ros1/src/control/computed_torque/include/computed_torque/computed_torque_controller.h:82:31:[m[K [01;31m[Kerror: [m[K‘[01m[KState[m[K’ does not name a type
[4.163s]    82 |                         const [01;31m[KState[m[K& state_error );
[4.164s]       |                               [01;31m[K^~~~~[m[K
[4.164s] [01m[K/home/sheila/march/ros1/src/control/computed_torque/include/computed_torque/computed_torque_controller.h:115:22:[m[K [01;31m[Kerror: [m[K‘[01m[KSegment[m[K’ has not been declared
[4.164s]   115 |             typename [01;31m[KSegment[m[K::State state_error_;           ///< Preallocated workspace variable.
[4.164s]       |                      [01;31m[K^~~~~~~[m[K
[4.165s] [01m[K/home/sheila/march/ros1/src/control/computed_torque/include/computed_torque/computed_torque_controller.h:116:22:[m[K [01;31m[Kerror: [m[K‘[01m[KSegment[m[K’ has not been declared
[4.165s]   116 |             typename [01;31m[KSegment[m[K::State desired_joint_state_;   ///< Preallocated workspace variable.
[4.165s]       |                      [01;31m[K^~~~~~~[m[K
[4.196s] In file included from [01m[K/home/sheila/march/ros1/src/control/computed_torque/include/computed_torque/computed_torque_controller.h:159[m[K,
[4.196s]                  from [01m[K/home/sheila/march/ros1/src/control/computed_torque/src/computed_torque_controller.cpp:5[m[K:
[4.197s] [01m[K/home/sheila/march/ros1/src/control/computed_torque/include/computed_torque/computed_torque_controller.hpp:76:53:[m[K [01;31m[Kerror: [m[K‘[01m[KState[m[K’ does not name a type
[4.197s]    76 |                                               const [01;31m[KState[m[K& desired_state,
[4.197s]       |                                                     [01;31m[K^~~~~[m[K
[4.198s] [01m[K/home/sheila/march/ros1/src/control/computed_torque/include/computed_torque/computed_torque_controller.hpp:77:53:[m[K [01;31m[Kerror: [m[K‘[01m[KState[m[K’ does not name a type
[4.198s]    77 |                                               const [01;31m[KState[m[K& state_error ){
[4.198s]       |                                                     [01;31m[K^~~~~[m[K
[4.199s] [01m[K/home/sheila/march/ros1/src/control/computed_torque/include/computed_torque/computed_torque_controller.hpp:[m[K In member function ‘[01m[Kvoid controller_ns::computed_torque_controller_class::update(const ros::Time&, const ros::Duration&, const int&, const int&)[m[K’:
[4.199s] [01m[K/home/sheila/march/ros1/src/control/computed_torque/include/computed_torque/computed_torque_controller.hpp:88:42:[m[K [01;31m[Kerror: [m[Krequest for member ‘[01m[Kacceleration[m[K’ in ‘[01m[Kdesired_state[m[K’, which is of non-class type ‘[01m[Kconst int[m[K’
[4.199s]    88 |       desired.qdotdot(i) = desired_state.[01;31m[Kacceleration[m[K[i];
[4.199s]       |                                          [01;31m[K^~~~~~~~~~~~[m[K
[4.199s] [01m[K/home/sheila/march/ros1/src/control/computed_torque/include/computed_torque/computed_torque_controller.hpp:90:32:[m[K [01;31m[Kerror: [m[Krequest for member ‘[01m[Kposition[m[K’ in ‘[01m[Kstate_error[m[K’, which is of non-class type ‘[01m[Kconst int[m[K’
[4.199s]    90 |       error.q(i) = state_error.[01;31m[Kposition[m[K[i];
[4.199s]       |                                [01;31m[K^~~~~~~~[m[K
[4.199s] [01m[K/home/sheila/march/ros1/src/control/computed_torque/include/computed_torque/computed_torque_controller.hpp:91:35:[m[K [01;31m[Kerror: [m[Krequest for member ‘[01m[Kvelocity[m[K’ in ‘[01m[Kstate_error[m[K’, which is of non-class type ‘[01m[Kconst int[m[K’
[4.199s]    91 |       error.qdot(i) = state_error.[01;31m[Kvelocity[m[K[i];
[4.200s]       |                                   [01;31m[K^~~~~~~~[m[K
[4.299s] [01m[K/home/sheila/march/ros1/src/control/computed_torque/include/computed_torque/computed_torque_controller.hpp:118:54:[m[K [01;31m[Kerror: [m[K‘[01m[Kerrror[m[K’ was not declared in this scope; did you mean ‘[01m[Kerror[m[K’?
[4.299s]   118 |         const double command = -Kp*error.q.data - Kv*[01;31m[Kerrror[m[K.qdot.data;
[4.299s]       |                                                      [01;31m[K^~~~~~[m[K
[4.299s]       |                                                      [32m[Kerror[m[K
[5.222s] In file included from [01m[K/opt/ros/noetic/include/class_loader/class_loader_core.hpp:45[m[K,
[5.222s]                  from [01m[K/opt/ros/noetic/include/class_loader/class_loader.hpp:46[m[K,
[5.222s]                  from [01m[K/opt/ros/noetic/include/pluginlib/./class_list_macros.hpp:40[m[K,
[5.222s]                  from [01m[K/opt/ros/noetic/include/pluginlib/class_list_macros.h:35[m[K,
[5.222s]                  from [01m[K/home/sheila/march/ros1/src/control/computed_torque/src/computed_torque_controller.cpp:2[m[K:
[5.222s] /opt/ros/noetic/include/class_loader/meta_object.hpp: In instantiation of ‘[01m[KB* class_loader::impl::MetaObject<C, B>::create() const [with C = controller_ns::computed_torque_controller_class; B = controller_interface::ControllerBase][m[K’:
[5.222s] [01m[K/opt/ros/noetic/include/class_loader/meta_object.hpp:196:7:[m[K   required from here
[5.222s] [01m[K/opt/ros/noetic/include/class_loader/meta_object.hpp:198:12:[m[K [01;31m[Kerror: [m[Kinvalid new-expression of abstract class type ‘[01m[Kcontroller_ns::computed_torque_controller_class[m[K’
[5.222s]   198 |     return [01;31m[Knew C[m[K;
[5.223s]       |            [01;31m[K^~~~~[m[K
[5.223s] In file included from [01m[K/home/sheila/march/ros1/src/control/computed_torque/src/computed_torque_controller.cpp:5[m[K:
[5.223s] [01m[K/home/sheila/march/ros1/src/control/computed_torque/include/computed_torque/computed_torque_controller.h:75:11:[m[K [01;36m[Knote: [m[K  because the following virtual functions are pure within ‘[01m[Kcontroller_ns::computed_torque_controller_class[m[K’:
[5.223s]    75 |     class [01;36m[Kcomputed_torque_controller_class[m[K : public controller_interface::Controller<hardware_interface::EffortJointInterface> {
[5.223s]       |           [01;36m[K^~~~~~~~~~~~~~~~~~~~~~~~~~~~~~~~[m[K
[5.223s] In file included from [01m[K/opt/ros/noetic/include/controller_interface/controller.h:35[m[K,
[5.223s]                  from [01m[K/home/sheila/march/ros1/src/control/computed_torque/include/computed_torque/computed_torque_controller.h:24[m[K,
[5.223s]                  from [01m[K/home/sheila/march/ros1/src/control/computed_torque/src/computed_torque_controller.cpp:5[m[K:
[5.223s] [01m[K/opt/ros/noetic/include/controller_interface/controller_base.h:73:16:[m[K [01;36m[Knote: [m[K	‘[01m[Kvirtual void controller_interface::ControllerBase::update(const ros::Time&, const ros::Duration&)[m[K’
[5.223s]    73 |   virtual void [01;36m[Kupdate[m[K(const ros::Time& time, const ros::Duration& period) = 0;
[5.223s]       |                [01;36m[K^~~~~~[m[K
[5.582s] make[2]: *** [CMakeFiles/computed_torque_lib.dir/build.make:63: CMakeFiles/computed_torque_lib.dir/src/computed_torque_controller.cpp.o] Error 1
[5.582s] make[1]: *** [CMakeFiles/Makefile2:265: CMakeFiles/computed_torque_lib.dir/all] Error 2
[5.582s] make: *** [Makefile:141: all] Error 2
[5.585s] Invoked command in '/home/sheila/march/ros1/build/computed_torque' returned '2': /usr/bin/cmake --build /home/sheila/march/ros1/build/computed_torque -- -j4 -l4
