[0.000000] (-) TimerEvent: {}
[0.000151] (-) JobUnselected: {'identifier': 'direct_dynamic_controller'}
[0.000223] (-) JobUnselected: {'identifier': 'joint_trajectory_controller'}
[0.000314] (-) JobUnselected: {'identifier': 'march_acado_mpc'}
[0.000390] (-) JobUnselected: {'identifier': 'march_bridge_parameters'}
[0.000477] (-) JobUnselected: {'identifier': 'march_data_collector'}
[0.000522] (-) JobUnselected: {'identifier': 'march_description'}
[0.000545] (-) JobUnselected: {'identifier': 'march_gain_scheduling'}
[0.000566] (-) JobUnselected: {'identifier': 'march_gazebo_plugins'}
[0.000587] (-) JobUnselected: {'identifier': 'march_hardware'}
[0.000607] (-) JobUnselected: {'identifier': 'march_hardware_builder'}
[0.000628] (-) JobUnselected: {'identifier': 'march_hardware_interface'}
[0.000648] (-) JobUnselected: {'identifier': 'march_imu_manager'}
[0.000668] (-) JobUnselected: {'identifier': 'march_joint_inertia_controller'}
[0.000699] (-) JobUnselected: {'identifier': 'march_launch'}
[0.000725] (-) JobUnselected: {'identifier': 'march_moveit'}
[0.000749] (-) JobUnselected: {'identifier': 'march_moveit_interface'}
[0.000774] (-) JobUnselected: {'identifier': 'march_parameter_server'}
[0.000798] (-) JobUnselected: {'identifier': 'march_pdb_state_controller'}
[0.000823] (-) JobUnselected: {'identifier': 'march_realsense_reader'}
[0.000851] (-) JobUnselected: {'identifier': 'march_rqt_gait_generator'}
[0.000876] (-) JobUnselected: {'identifier': 'march_shared_classes'}
[0.000901] (-) JobUnselected: {'identifier': 'march_shared_msgs'}
[0.000925] (-) JobUnselected: {'identifier': 'march_simulation'}
[0.000949] (-) JobUnselected: {'identifier': 'march_temperature_sensor_controller'}
[0.000974] (-) JobUnselected: {'identifier': 'realsense_gazebo_plugin'}
[0.000999] (-) EventReactorShutdown: {}
