-- The C compiler identification is GNU 9.3.0
-- The CXX compiler identification is GNU 9.3.0
-- Check for working C compiler: /usr/bin/cc
-- Check for working C compiler: /usr/bin/cc -- works
-- Detecting C compiler ABI info
-- Detecting C compiler ABI info - done
-- Detecting C compile features
-- Detecting C compile features - done
-- Check for working CXX compiler: /usr/bin/c++
-- Check for working CXX compiler: /usr/bin/c++ -- works
-- Detecting CXX compiler ABI info
-- Detecting CXX compiler ABI info - done
-- Detecting CXX compile features
-- Detecting CXX compile features - done
-- Using CATKIN_DEVEL_PREFIX: /home/sheila/march/ros1/build/march_data_collector/devel
-- Using CMAKE_PREFIX_PATH: /home/sheila/march/ros1/install/march_shared_msgs;/opt/ros/noetic
-- This workspace overlays: /home/sheila/march/ros1/install/march_shared_msgs;/opt/ros/noetic
-- Found PythonInterp: /usr/bin/python3 (found suitable version "3.8.5", minimum required is "3") 
-- Using PYTHON_EXECUTABLE: /usr/bin/python3
-- Using Debian Python package layout
-- Found PY_em: /usr/lib/python3/dist-packages/em.py  
-- Using empy: /usr/lib/python3/dist-packages/em.py
-- Using CATKIN_ENABLE_TESTING: ON
-- Call enable_testing()
-- Using CATKIN_TEST_RESULTS_DIR: /home/sheila/march/ros1/build/march_data_collector/test_results
-- Forcing gtest/gmock from source, though one was otherwise available.
-- Found gtest sources under '/usr/src/googletest': gtests will be built
-- Found gmock sources under '/usr/src/googletest': gmock will be built
-- Found PythonInterp: /usr/bin/python3 (found version "3.8.5") 
-- Found Threads: TRUE  
-- Using Python nosetests: /usr/bin/nosetests3
-- catkin 0.8.9
-- BUILD_SHARED_LIBS is on
-- Using these message generators: gencpp;geneus;genlisp;gennodejs;genpy
-- Installing devel-space wrapper /home/sheila/march/ros1/src/data/march_data_collector/scripts/march_data_collector to /home/sheila/march/ros1/build/march_data_collector/devel/lib/march_data_collector
-- Configuring done
-- Generating done
-- Build files have been written to: /home/sheila/march/ros1/build/march_data_collector
[35m[1mScanning dependencies of target tests[0m
Built target tests
-- Install configuration: ""
+ cd /home/sheila/march/ros1/src/data/march_data_collector
+ mkdir -p /home/sheila/march/ros1/install/march_data_collector/lib/python3/dist-packages
+ /usr/bin/env PYTHONPATH=/home/sheila/march/ros1/install/march_data_collector/lib/python3/dist-packages:/home/sheila/march/ros1/build/march_data_collector/lib/python3/dist-packages:/home/sheila/march/ros1/install/march_shared_msgs/lib/python3/dist-packages:/opt/ros/noetic/lib/python3/dist-packages CATKIN_BINARY_DIR=/home/sheila/march/ros1/build/march_data_collector /usr/bin/python3 /home/sheila/march/ros1/src/data/march_data_collector/setup.py egg_info --egg-base /home/sheila/march/ros1/build/march_data_collector build --build-base /home/sheila/march/ros1/build/march_data_collector install --root=/ --install-layout=deb --prefix=/home/sheila/march/ros1/install/march_data_collector --install-scripts=/home/sheila/march/ros1/install/march_data_collector/bin
running egg_info
creating /home/sheila/march/ros1/build/march_data_collector/march_data_collector.egg-info
writing /home/sheila/march/ros1/build/march_data_collector/march_data_collector.egg-info/PKG-INFO
writing dependency_links to /home/sheila/march/ros1/build/march_data_collector/march_data_collector.egg-info/dependency_links.txt
writing top-level names to /home/sheila/march/ros1/build/march_data_collector/march_data_collector.egg-info/top_level.txt
writing manifest file '/home/sheila/march/ros1/build/march_data_collector/march_data_collector.egg-info/SOURCES.txt'
reading manifest file '/home/sheila/march/ros1/build/march_data_collector/march_data_collector.egg-info/SOURCES.txt'
writing manifest file '/home/sheila/march/ros1/build/march_data_collector/march_data_collector.egg-info/SOURCES.txt'
running build
running build_py
creating /home/sheila/march/ros1/build/march_data_collector/lib/march_data_collector
copying src/march_data_collector/__init__.py -> /home/sheila/march/ros1/build/march_data_collector/lib/march_data_collector
copying src/march_data_collector/com_calculator.py -> /home/sheila/march/ros1/build/march_data_collector/lib/march_data_collector
copying src/march_data_collector/inverted_pendulum.py -> /home/sheila/march/ros1/build/march_data_collector/lib/march_data_collector
copying src/march_data_collector/data_collector_node.py -> /home/sheila/march/ros1/build/march_data_collector/lib/march_data_collector
copying src/march_data_collector/cp_calculator.py -> /home/sheila/march/ros1/build/march_data_collector/lib/march_data_collector
running build_scripts
creating /home/sheila/march/ros1/build/march_data_collector/scripts-3.8
copying and adjusting scripts/march_data_collector -> /home/sheila/march/ros1/build/march_data_collector/scripts-3.8
changing mode of /home/sheila/march/ros1/build/march_data_collector/scripts-3.8/march_data_collector from 664 to 775
running install
running install_lib
creating /home/sheila/march/ros1/install/march_data_collector/lib/python3/dist-packages/march_data_collector
copying /home/sheila/march/ros1/build/march_data_collector/lib/march_data_collector/__init__.py -> /home/sheila/march/ros1/install/march_data_collector/lib/python3/dist-packages/march_data_collector
copying /home/sheila/march/ros1/build/march_data_collector/lib/march_data_collector/com_calculator.py -> /home/sheila/march/ros1/install/march_data_collector/lib/python3/dist-packages/march_data_collector
copying /home/sheila/march/ros1/build/march_data_collector/lib/march_data_collector/inverted_pendulum.py -> /home/sheila/march/ros1/install/march_data_collector/lib/python3/dist-packages/march_data_collector
copying /home/sheila/march/ros1/build/march_data_collector/lib/march_data_collector/data_collector_node.py -> /home/sheila/march/ros1/install/march_data_collector/lib/python3/dist-packages/march_data_collector
copying /home/sheila/march/ros1/build/march_data_collector/lib/march_data_collector/cp_calculator.py -> /home/sheila/march/ros1/install/march_data_collector/lib/python3/dist-packages/march_data_collector
byte-compiling /home/sheila/march/ros1/install/march_data_collector/lib/python3/dist-packages/march_data_collector/__init__.py to __init__.cpython-38.pyc
byte-compiling /home/sheila/march/ros1/install/march_data_collector/lib/python3/dist-packages/march_data_collector/com_calculator.py to com_calculator.cpython-38.pyc
byte-compiling /home/sheila/march/ros1/install/march_data_collector/lib/python3/dist-packages/march_data_collector/inverted_pendulum.py to inverted_pendulum.cpython-38.pyc
byte-compiling /home/sheila/march/ros1/install/march_data_collector/lib/python3/dist-packages/march_data_collector/data_collector_node.py to data_collector_node.cpython-38.pyc
byte-compiling /home/sheila/march/ros1/install/march_data_collector/lib/python3/dist-packages/march_data_collector/cp_calculator.py to cp_calculator.cpython-38.pyc
running install_egg_info
Copying /home/sheila/march/ros1/build/march_data_collector/march_data_collector.egg-info to /home/sheila/march/ros1/install/march_data_collector/lib/python3/dist-packages/march_data_collector-0.0.0.egg-info
Skipping SOURCES.txt
running install_scripts
creating /home/sheila/march/ros1/install/march_data_collector/bin
copying /home/sheila/march/ros1/build/march_data_collector/scripts-3.8/march_data_collector -> /home/sheila/march/ros1/install/march_data_collector/bin
changing mode of /home/sheila/march/ros1/install/march_data_collector/bin/march_data_collector to 775
-- Installing: /home/sheila/march/ros1/install/march_data_collector/lib/pkgconfig/march_data_collector.pc
-- Installing: /home/sheila/march/ros1/install/march_data_collector/share/march_data_collector/cmake/march_data_collectorConfig.cmake
-- Installing: /home/sheila/march/ros1/install/march_data_collector/share/march_data_collector/cmake/march_data_collectorConfig-version.cmake
-- Installing: /home/sheila/march/ros1/install/march_data_collector/share/march_data_collector/package.xml
-- Installing: /home/sheila/march/ros1/install/march_data_collector/lib/march_data_collector/march_data_collector
-- Installing: /home/sheila/march/ros1/install/march_data_collector/share/march_data_collector/launch
-- Installing: /home/sheila/march/ros1/install/march_data_collector/share/march_data_collector/launch/march_data_collector.launch
