[0.041s] Invoking command in '/home/sheila/march/ros1/build/march_data_collector': CMAKE_PREFIX_PATH=/home/sheila/march/ros1/install/march_shared_msgs:${CMAKE_PREFIX_PATH} PKG_CONFIG_PATH=/home/sheila/march/ros1/install/march_shared_msgs/lib/x86_64-linux-gnu/pkgconfig:/home/sheila/march/ros1/install/march_shared_msgs/lib/pkgconfig:${PKG_CONFIG_PATH} PYTHONPATH=/home/sheila/march/ros1/install/march_shared_msgs/lib/python3/dist-packages:${PYTHONPATH} ROS_PACKAGE_PATH=/home/sheila/march/ros1/install/march_shared_msgs/share:${ROS_PACKAGE_PATH} /usr/bin/cmake /home/sheila/march/ros1/src/data/march_data_collector -DCATKIN_INSTALL_INTO_PREFIX_ROOT=0 -DCMAKE_INSTALL_PREFIX=/home/sheila/march/ros1/install/march_data_collector
[0.165s] -- The C compiler identification is GNU 9.3.0
[0.292s] -- The CXX compiler identification is GNU 9.3.0
[0.306s] -- Check for working C compiler: /usr/bin/cc
[0.425s] -- Check for working C compiler: /usr/bin/cc -- works
[0.427s] -- Detecting C compiler ABI info
[0.552s] -- Detecting C compiler ABI info - done
[0.585s] -- Detecting C compile features
[0.586s] -- Detecting C compile features - done
[0.595s] -- Check for working CXX compiler: /usr/bin/c++
[0.730s] -- Check for working CXX compiler: /usr/bin/c++ -- works
[0.733s] -- Detecting CXX compiler ABI info
[0.870s] -- Detecting CXX compiler ABI info - done
[0.904s] -- Detecting CXX compile features
[0.906s] -- Detecting CXX compile features - done
[0.911s] -- Using CATKIN_DEVEL_PREFIX: /home/sheila/march/ros1/build/march_data_collector/devel
[0.912s] -- Using CMAKE_PREFIX_PATH: /home/sheila/march/ros1/install/march_shared_msgs;/opt/ros/noetic
[0.912s] -- This workspace overlays: /home/sheila/march/ros1/install/march_shared_msgs;/opt/ros/noetic
[0.956s] -- Found PythonInterp: /usr/bin/python3 (found suitable version "3.8.5", minimum required is "3") 
[0.957s] -- Using PYTHON_EXECUTABLE: /usr/bin/python3
[0.957s] -- Using Debian Python package layout
[1.020s] -- Found PY_em: /usr/lib/python3/dist-packages/em.py  
[1.021s] -- Using empy: /usr/lib/python3/dist-packages/em.py
[1.268s] -- Using CATKIN_ENABLE_TESTING: ON
[1.269s] -- Call enable_testing()
[1.272s] -- Using CATKIN_TEST_RESULTS_DIR: /home/sheila/march/ros1/build/march_data_collector/test_results
[1.811s] -- Forcing gtest/gmock from source, though one was otherwise available.
[1.812s] -- Found gtest sources under '/usr/src/googletest': gtests will be built
[1.813s] -- Found gmock sources under '/usr/src/googletest': gmock will be built
[1.863s] -- Found PythonInterp: /usr/bin/python3 (found version "3.8.5") 
[1.867s] -- Found Threads: TRUE  
[1.882s] -- Using Python nosetests: /usr/bin/nosetests3
[2.005s] -- catkin 0.8.9
[2.005s] -- BUILD_SHARED_LIBS is on
[2.385s] -- Using these message generators: gencpp;geneus;genlisp;gennodejs;genpy
[4.089s] -- Installing devel-space wrapper /home/sheila/march/ros1/src/data/march_data_collector/scripts/march_data_collector to /home/sheila/march/ros1/build/march_data_collector/devel/lib/march_data_collector
[4.092s] -- Configuring done
[4.120s] -- Generating done
[4.131s] -- Build files have been written to: /home/sheila/march/ros1/build/march_data_collector
[4.149s] Invoked command in '/home/sheila/march/ros1/build/march_data_collector' returned '0': CMAKE_PREFIX_PATH=/home/sheila/march/ros1/install/march_shared_msgs:${CMAKE_PREFIX_PATH} PKG_CONFIG_PATH=/home/sheila/march/ros1/install/march_shared_msgs/lib/x86_64-linux-gnu/pkgconfig:/home/sheila/march/ros1/install/march_shared_msgs/lib/pkgconfig:${PKG_CONFIG_PATH} PYTHONPATH=/home/sheila/march/ros1/install/march_shared_msgs/lib/python3/dist-packages:${PYTHONPATH} ROS_PACKAGE_PATH=/home/sheila/march/ros1/install/march_shared_msgs/share:${ROS_PACKAGE_PATH} /usr/bin/cmake /home/sheila/march/ros1/src/data/march_data_collector -DCATKIN_INSTALL_INTO_PREFIX_ROOT=0 -DCMAKE_INSTALL_PREFIX=/home/sheila/march/ros1/install/march_data_collector
[4.151s] Invoking command in '/home/sheila/march/ros1/build/march_data_collector': CMAKE_PREFIX_PATH=/home/sheila/march/ros1/install/march_shared_msgs:${CMAKE_PREFIX_PATH} PKG_CONFIG_PATH=/home/sheila/march/ros1/install/march_shared_msgs/lib/x86_64-linux-gnu/pkgconfig:/home/sheila/march/ros1/install/march_shared_msgs/lib/pkgconfig:${PKG_CONFIG_PATH} PYTHONPATH=/home/sheila/march/ros1/install/march_shared_msgs/lib/python3/dist-packages:${PYTHONPATH} ROS_PACKAGE_PATH=/home/sheila/march/ros1/install/march_shared_msgs/share:${ROS_PACKAGE_PATH} /usr/bin/cmake --build /home/sheila/march/ros1/build/march_data_collector -- -j4 -l4
[4.234s] Invoked command in '/home/sheila/march/ros1/build/march_data_collector' returned '0': CMAKE_PREFIX_PATH=/home/sheila/march/ros1/install/march_shared_msgs:${CMAKE_PREFIX_PATH} PKG_CONFIG_PATH=/home/sheila/march/ros1/install/march_shared_msgs/lib/x86_64-linux-gnu/pkgconfig:/home/sheila/march/ros1/install/march_shared_msgs/lib/pkgconfig:${PKG_CONFIG_PATH} PYTHONPATH=/home/sheila/march/ros1/install/march_shared_msgs/lib/python3/dist-packages:${PYTHONPATH} ROS_PACKAGE_PATH=/home/sheila/march/ros1/install/march_shared_msgs/share:${ROS_PACKAGE_PATH} /usr/bin/cmake --build /home/sheila/march/ros1/build/march_data_collector -- -j4 -l4
[4.345s] Invoking command in '/home/sheila/march/ros1/build/march_data_collector': CMAKE_PREFIX_PATH=/home/sheila/march/ros1/install/march_shared_msgs:${CMAKE_PREFIX_PATH} PKG_CONFIG_PATH=/home/sheila/march/ros1/install/march_shared_msgs/lib/x86_64-linux-gnu/pkgconfig:/home/sheila/march/ros1/install/march_shared_msgs/lib/pkgconfig:${PKG_CONFIG_PATH} PYTHONPATH=/home/sheila/march/ros1/install/march_shared_msgs/lib/python3/dist-packages:${PYTHONPATH} ROS_PACKAGE_PATH=/home/sheila/march/ros1/install/march_shared_msgs/share:${ROS_PACKAGE_PATH} /usr/bin/cmake --build /home/sheila/march/ros1/build/march_data_collector --target tests -- -j4 -l4
[4.441s] [35m[1mScanning dependencies of target tests[0m
[4.458s] Built target tests
[4.480s] Invoked command in '/home/sheila/march/ros1/build/march_data_collector' returned '0': CMAKE_PREFIX_PATH=/home/sheila/march/ros1/install/march_shared_msgs:${CMAKE_PREFIX_PATH} PKG_CONFIG_PATH=/home/sheila/march/ros1/install/march_shared_msgs/lib/x86_64-linux-gnu/pkgconfig:/home/sheila/march/ros1/install/march_shared_msgs/lib/pkgconfig:${PKG_CONFIG_PATH} PYTHONPATH=/home/sheila/march/ros1/install/march_shared_msgs/lib/python3/dist-packages:${PYTHONPATH} ROS_PACKAGE_PATH=/home/sheila/march/ros1/install/march_shared_msgs/share:${ROS_PACKAGE_PATH} /usr/bin/cmake --build /home/sheila/march/ros1/build/march_data_collector --target tests -- -j4 -l4
[4.584s] Invoking command in '/home/sheila/march/ros1/build/march_data_collector': CMAKE_PREFIX_PATH=/home/sheila/march/ros1/install/march_shared_msgs:${CMAKE_PREFIX_PATH} PKG_CONFIG_PATH=/home/sheila/march/ros1/install/march_shared_msgs/lib/x86_64-linux-gnu/pkgconfig:/home/sheila/march/ros1/install/march_shared_msgs/lib/pkgconfig:${PKG_CONFIG_PATH} PYTHONPATH=/home/sheila/march/ros1/install/march_shared_msgs/lib/python3/dist-packages:${PYTHONPATH} ROS_PACKAGE_PATH=/home/sheila/march/ros1/install/march_shared_msgs/share:${ROS_PACKAGE_PATH} /usr/bin/cmake --install /home/sheila/march/ros1/build/march_data_collector
[4.602s] -- Install configuration: ""
[4.604s] + cd /home/sheila/march/ros1/src/data/march_data_collector
[4.604s] + mkdir -p /home/sheila/march/ros1/install/march_data_collector/lib/python3/dist-packages
[4.608s] + /usr/bin/env PYTHONPATH=/home/sheila/march/ros1/install/march_data_collector/lib/python3/dist-packages:/home/sheila/march/ros1/build/march_data_collector/lib/python3/dist-packages:/home/sheila/march/ros1/install/march_shared_msgs/lib/python3/dist-packages:/opt/ros/noetic/lib/python3/dist-packages CATKIN_BINARY_DIR=/home/sheila/march/ros1/build/march_data_collector /usr/bin/python3 /home/sheila/march/ros1/src/data/march_data_collector/setup.py egg_info --egg-base /home/sheila/march/ros1/build/march_data_collector build --build-base /home/sheila/march/ros1/build/march_data_collector install --root=/ --install-layout=deb --prefix=/home/sheila/march/ros1/install/march_data_collector --install-scripts=/home/sheila/march/ros1/install/march_data_collector/bin
[5.085s] running egg_info
[5.086s] creating /home/sheila/march/ros1/build/march_data_collector/march_data_collector.egg-info
[5.087s] writing /home/sheila/march/ros1/build/march_data_collector/march_data_collector.egg-info/PKG-INFO
[5.087s] writing dependency_links to /home/sheila/march/ros1/build/march_data_collector/march_data_collector.egg-info/dependency_links.txt
[5.087s] writing top-level names to /home/sheila/march/ros1/build/march_data_collector/march_data_collector.egg-info/top_level.txt
[5.092s] writing manifest file '/home/sheila/march/ros1/build/march_data_collector/march_data_collector.egg-info/SOURCES.txt'
[5.160s] reading manifest file '/home/sheila/march/ros1/build/march_data_collector/march_data_collector.egg-info/SOURCES.txt'
[5.161s] writing manifest file '/home/sheila/march/ros1/build/march_data_collector/march_data_collector.egg-info/SOURCES.txt'
[5.162s] running build
[5.162s] running build_py
[5.162s] creating /home/sheila/march/ros1/build/march_data_collector/lib/march_data_collector
[5.162s] copying src/march_data_collector/__init__.py -> /home/sheila/march/ros1/build/march_data_collector/lib/march_data_collector
[5.163s] copying src/march_data_collector/com_calculator.py -> /home/sheila/march/ros1/build/march_data_collector/lib/march_data_collector
[5.163s] copying src/march_data_collector/inverted_pendulum.py -> /home/sheila/march/ros1/build/march_data_collector/lib/march_data_collector
[5.163s] copying src/march_data_collector/data_collector_node.py -> /home/sheila/march/ros1/build/march_data_collector/lib/march_data_collector
[5.164s] copying src/march_data_collector/cp_calculator.py -> /home/sheila/march/ros1/build/march_data_collector/lib/march_data_collector
[5.164s] running build_scripts
[5.164s] creating /home/sheila/march/ros1/build/march_data_collector/scripts-3.8
[5.165s] copying and adjusting scripts/march_data_collector -> /home/sheila/march/ros1/build/march_data_collector/scripts-3.8
[5.165s] changing mode of /home/sheila/march/ros1/build/march_data_collector/scripts-3.8/march_data_collector from 664 to 775
[5.165s] running install
[5.167s] running install_lib
[5.169s] creating /home/sheila/march/ros1/install/march_data_collector/lib/python3/dist-packages/march_data_collector
[5.169s] copying /home/sheila/march/ros1/build/march_data_collector/lib/march_data_collector/__init__.py -> /home/sheila/march/ros1/install/march_data_collector/lib/python3/dist-packages/march_data_collector
[5.169s] copying /home/sheila/march/ros1/build/march_data_collector/lib/march_data_collector/com_calculator.py -> /home/sheila/march/ros1/install/march_data_collector/lib/python3/dist-packages/march_data_collector
[5.170s] copying /home/sheila/march/ros1/build/march_data_collector/lib/march_data_collector/inverted_pendulum.py -> /home/sheila/march/ros1/install/march_data_collector/lib/python3/dist-packages/march_data_collector
[5.170s] copying /home/sheila/march/ros1/build/march_data_collector/lib/march_data_collector/data_collector_node.py -> /home/sheila/march/ros1/install/march_data_collector/lib/python3/dist-packages/march_data_collector
[5.170s] copying /home/sheila/march/ros1/build/march_data_collector/lib/march_data_collector/cp_calculator.py -> /home/sheila/march/ros1/install/march_data_collector/lib/python3/dist-packages/march_data_collector
[5.171s] byte-compiling /home/sheila/march/ros1/install/march_data_collector/lib/python3/dist-packages/march_data_collector/__init__.py to __init__.cpython-38.pyc
[5.174s] byte-compiling /home/sheila/march/ros1/install/march_data_collector/lib/python3/dist-packages/march_data_collector/com_calculator.py to com_calculator.cpython-38.pyc
[5.175s] byte-compiling /home/sheila/march/ros1/install/march_data_collector/lib/python3/dist-packages/march_data_collector/inverted_pendulum.py to inverted_pendulum.cpython-38.pyc
[5.176s] byte-compiling /home/sheila/march/ros1/install/march_data_collector/lib/python3/dist-packages/march_data_collector/data_collector_node.py to data_collector_node.cpython-38.pyc
[5.179s] byte-compiling /home/sheila/march/ros1/install/march_data_collector/lib/python3/dist-packages/march_data_collector/cp_calculator.py to cp_calculator.cpython-38.pyc
[5.181s] running install_egg_info
[5.185s] Copying /home/sheila/march/ros1/build/march_data_collector/march_data_collector.egg-info to /home/sheila/march/ros1/install/march_data_collector/lib/python3/dist-packages/march_data_collector-0.0.0.egg-info
[5.185s] Skipping SOURCES.txt
[5.186s] running install_scripts
[5.216s] creating /home/sheila/march/ros1/install/march_data_collector/bin
[5.216s] copying /home/sheila/march/ros1/build/march_data_collector/scripts-3.8/march_data_collector -> /home/sheila/march/ros1/install/march_data_collector/bin
[5.216s] changing mode of /home/sheila/march/ros1/install/march_data_collector/bin/march_data_collector to 775
[5.263s] -- Installing: /home/sheila/march/ros1/install/march_data_collector/lib/pkgconfig/march_data_collector.pc
[5.264s] -- Installing: /home/sheila/march/ros1/install/march_data_collector/share/march_data_collector/cmake/march_data_collectorConfig.cmake
[5.265s] -- Installing: /home/sheila/march/ros1/install/march_data_collector/share/march_data_collector/cmake/march_data_collectorConfig-version.cmake
[5.265s] -- Installing: /home/sheila/march/ros1/install/march_data_collector/share/march_data_collector/package.xml
[5.266s] -- Installing: /home/sheila/march/ros1/install/march_data_collector/lib/march_data_collector/march_data_collector
[5.269s] -- Installing: /home/sheila/march/ros1/install/march_data_collector/share/march_data_collector/launch
[5.270s] -- Installing: /home/sheila/march/ros1/install/march_data_collector/share/march_data_collector/launch/march_data_collector.launch
[5.277s] Invoked command in '/home/sheila/march/ros1/build/march_data_collector' returned '0': CMAKE_PREFIX_PATH=/home/sheila/march/ros1/install/march_shared_msgs:${CMAKE_PREFIX_PATH} PKG_CONFIG_PATH=/home/sheila/march/ros1/install/march_shared_msgs/lib/x86_64-linux-gnu/pkgconfig:/home/sheila/march/ros1/install/march_shared_msgs/lib/pkgconfig:${PKG_CONFIG_PATH} PYTHONPATH=/home/sheila/march/ros1/install/march_shared_msgs/lib/python3/dist-packages:${PYTHONPATH} ROS_PACKAGE_PATH=/home/sheila/march/ros1/install/march_shared_msgs/share:${ROS_PACKAGE_PATH} /usr/bin/cmake --install /home/sheila/march/ros1/build/march_data_collector
