[0.023s] Invoking command in '/home/sheila/march/ros1/build/computed_torque': CMAKE_PREFIX_PATH=/home/sheila/march/ros1/install/joint_trajectory_controller:/home/sheila/march/ros1/install/realsense_gazebo_plugin:/home/sheila/march/ros1/install/march_temperature_sensor_controller:/home/sheila/march/ros1/install/march_launch:/home/sheila/march/ros1/install/march_simulation:/home/sheila/march/ros1/install/march_rqt_gait_generator:/home/sheila/march/ros1/install/march_shared_classes:/home/sheila/march/ros1/install/march_realsense_reader:/home/sheila/march/ros1/install/march_pdb_state_controller:/home/sheila/march/ros1/install/march_parameter_server:/home/sheila/march/ros1/install/march_moveit_interface:/home/sheila/march/ros1/install/march_joint_inertia_controller:/home/sheila/march/ros1/install/march_hardware_interface:/home/sheila/march/ros1/install/march_gazebo_plugins:/home/sheila/march/ros1/install/march_gain_scheduling:/home/sheila/march/ros1/install/march_data_collector:/home/sheila/march/ros1/install/march_acado_mpc:/home/sheila/march/ros1/install/march_shared_msgs:/home/sheila/march/ros1/install/march_moveit:/home/sheila/march/ros1/install/march_imu_manager:/home/sheila/march/ros1/install/march_hardware_builder:/home/sheila/march/ros1/install/march_hardware:/home/sheila/march/ros1/install/march_description:/home/sheila/march/ros1/install/march_bridge_parameters:/home/sheila/march/ros1/install/direct_dynamic_controller:/opt/ros/noetic LD_LIBRARY_PATH=/home/sheila/march/ros1/install/joint_trajectory_controller/lib:/home/sheila/march/ros1/install/realsense_gazebo_plugin/lib:/home/sheila/march/ros1/install/march_temperature_sensor_controller/lib:/home/sheila/march/ros1/install/march_realsense_reader/lib:/home/sheila/march/ros1/install/march_pdb_state_controller/lib:/home/sheila/march/ros1/install/march_joint_inertia_controller/lib:/home/sheila/march/ros1/install/march_gazebo_plugins/lib:/home/sheila/march/ros1/install/march_acado_mpc/lib:/home/sheila/march/ros1/install/march_imu_manager/lib:/home/sheila/march/ros1/install/march_hardware_builder/lib:/home/sheila/march/ros1/install/march_hardware/lib:/home/sheila/march/ros1/install/direct_dynamic_controller/lib:/opt/ros/noetic/lib:/opt/ros/noetic/lib/x86_64-linux-gnu PKG_CONFIG_PATH=/home/sheila/march/ros1/install/joint_trajectory_controller/lib/x86_64-linux-gnu/pkgconfig:/home/sheila/march/ros1/install/joint_trajectory_controller/lib/pkgconfig:/home/sheila/march/ros1/install/realsense_gazebo_plugin/lib/x86_64-linux-gnu/pkgconfig:/home/sheila/march/ros1/install/realsense_gazebo_plugin/lib/pkgconfig:/home/sheila/march/ros1/install/march_temperature_sensor_controller/lib/x86_64-linux-gnu/pkgconfig:/home/sheila/march/ros1/install/march_temperature_sensor_controller/lib/pkgconfig:/home/sheila/march/ros1/install/march_launch/lib/x86_64-linux-gnu/pkgconfig:/home/sheila/march/ros1/install/march_launch/lib/pkgconfig:/home/sheila/march/ros1/install/march_simulation/lib/x86_64-linux-gnu/pkgconfig:/home/sheila/march/ros1/install/march_simulation/lib/pkgconfig:/home/sheila/march/ros1/install/march_rqt_gait_generator/lib/x86_64-linux-gnu/pkgconfig:/home/sheila/march/ros1/install/march_rqt_gait_generator/lib/pkgconfig:/home/sheila/march/ros1/install/march_shared_classes/lib/x86_64-linux-gnu/pkgconfig:/home/sheila/march/ros1/install/march_shared_classes/lib/pkgconfig:/home/sheila/march/ros1/install/march_realsense_reader/lib/x86_64-linux-gnu/pkgconfig:/home/sheila/march/ros1/install/march_realsense_reader/lib/pkgconfig:/home/sheila/march/ros1/install/march_pdb_state_controller/lib/x86_64-linux-gnu/pkgconfig:/home/sheila/march/ros1/install/march_pdb_state_controller/lib/pkgconfig:/home/sheila/march/ros1/install/march_parameter_server/lib/x86_64-linux-gnu/pkgconfig:/home/sheila/march/ros1/install/march_parameter_server/lib/pkgconfig:/home/sheila/march/ros1/install/march_moveit_interface/lib/x86_64-linux-gnu/pkgconfig:/home/sheila/march/ros1/install/march_moveit_interface/lib/pkgconfig:/home/sheila/march/ros1/install/march_joint_inertia_controller/lib/x86_64-linux-gnu/pkgconfig:/home/sheila/march/ros1/install/march_joint_inertia_controller/lib/pkgconfig:/home/sheila/march/ros1/install/march_hardware_interface/lib/x86_64-linux-gnu/pkgconfig:/home/sheila/march/ros1/install/march_hardware_interface/lib/pkgconfig:/home/sheila/march/ros1/install/march_gazebo_plugins/lib/x86_64-linux-gnu/pkgconfig:/home/sheila/march/ros1/install/march_gazebo_plugins/lib/pkgconfig:/home/sheila/march/ros1/install/march_gain_scheduling/lib/x86_64-linux-gnu/pkgconfig:/home/sheila/march/ros1/install/march_gain_scheduling/lib/pkgconfig:/home/sheila/march/ros1/install/march_data_collector/lib/x86_64-linux-gnu/pkgconfig:/home/sheila/march/ros1/install/march_data_collector/lib/pkgconfig:/home/sheila/march/ros1/install/march_acado_mpc/lib/x86_64-linux-gnu/pkgconfig:/home/sheila/march/ros1/install/march_acado_mpc/lib/pkgconfig:/home/sheila/march/ros1/install/march_shared_msgs/lib/x86_64-linux-gnu/pkgconfig:/home/sheila/march/ros1/install/march_shared_msgs/lib/pkgconfig:/home/sheila/march/ros1/install/march_moveit/lib/x86_64-linux-gnu/pkgconfig:/home/sheila/march/ros1/install/march_moveit/lib/pkgconfig:/home/sheila/march/ros1/install/march_imu_manager/lib/x86_64-linux-gnu/pkgconfig:/home/sheila/march/ros1/install/march_imu_manager/lib/pkgconfig:/home/sheila/march/ros1/install/march_hardware_builder/lib/x86_64-linux-gnu/pkgconfig:/home/sheila/march/ros1/install/march_hardware_builder/lib/pkgconfig:/home/sheila/march/ros1/install/march_hardware/lib/x86_64-linux-gnu/pkgconfig:/home/sheila/march/ros1/install/march_hardware/lib/pkgconfig:/home/sheila/march/ros1/install/march_description/lib/x86_64-linux-gnu/pkgconfig:/home/sheila/march/ros1/install/march_description/lib/pkgconfig:/home/sheila/march/ros1/install/march_bridge_parameters/lib/x86_64-linux-gnu/pkgconfig:/home/sheila/march/ros1/install/march_bridge_parameters/lib/pkgconfig:/home/sheila/march/ros1/install/computed_torque/lib/x86_64-linux-gnu/pkgconfig:/home/sheila/march/ros1/install/computed_torque/lib/pkgconfig:/home/sheila/march/ros1/install/direct_dynamic_controller/lib/x86_64-linux-gnu/pkgconfig:/home/sheila/march/ros1/install/direct_dynamic_controller/lib/pkgconfig:/opt/ros/noetic/lib/pkgconfig:/opt/ros/noetic/lib/x86_64-linux-gnu/pkgconfig ROS_PACKAGE_PATH=/home/sheila/march/ros1/install/joint_trajectory_controller/share:/home/sheila/march/ros1/install/realsense_gazebo_plugin/share:/home/sheila/march/ros1/install/march_temperature_sensor_controller/share:/home/sheila/march/ros1/install/march_launch/share:/home/sheila/march/ros1/install/march_simulation/share:/home/sheila/march/ros1/install/march_rqt_gait_generator/share:/home/sheila/march/ros1/install/march_shared_classes/share:/home/sheila/march/ros1/install/march_realsense_reader/share:/home/sheila/march/ros1/install/march_pdb_state_controller/share:/home/sheila/march/ros1/install/march_parameter_server/share:/home/sheila/march/ros1/install/march_moveit_interface/share:/home/sheila/march/ros1/install/march_joint_inertia_controller/share:/home/sheila/march/ros1/install/march_hardware_interface/share:/home/sheila/march/ros1/install/march_gazebo_plugins/share:/home/sheila/march/ros1/install/march_gain_scheduling/share:/home/sheila/march/ros1/install/march_data_collector/share:/home/sheila/march/ros1/install/march_acado_mpc/share:/home/sheila/march/ros1/install/march_shared_msgs/share:/home/sheila/march/ros1/install/march_moveit/share:/home/sheila/march/ros1/install/march_imu_manager/share:/home/sheila/march/ros1/install/march_hardware_builder/share:/home/sheila/march/ros1/install/march_hardware/share:/home/sheila/march/ros1/install/march_description/share:/home/sheila/march/ros1/install/march_bridge_parameters/share:/home/sheila/march/ros1/install/computed_torque/share:/home/sheila/march/ros1/install/direct_dynamic_controller/share:/opt/ros/noetic/share /usr/bin/cmake --build /home/sheila/march/ros1/build/computed_torque -- -j4 -l4
[0.111s] [  0%] Built target sensor_msgs_generate_messages_nodejs
[0.111s] [  0%] Built target sensor_msgs_generate_messages_cpp
[0.111s] [  0%] Built target sensor_msgs_generate_messages_py
[0.115s] [  0%] Built target dynamic_reconfigure_generate_messages_nodejs
[0.150s] [  0%] Built target march_shared_msgs_generate_messages_nodejs
[0.151s] [  0%] Built target march_shared_msgs_generate_messages_eus
[0.153s] [  0%] Built target march_shared_msgs_generate_messages_py
[0.158s] [  0%] Built target roscpp_generate_messages_eus
[0.189s] [  0%] Built target roscpp_generate_messages_cpp
[0.189s] [  0%] Built target control_toolbox_gencfg
[0.193s] [  0%] Built target std_msgs_generate_messages_py
[0.199s] [  0%] Built target march_shared_msgs_generate_messages_cpp
[0.228s] [  0%] Built target std_msgs_generate_messages_nodejs
[0.233s] [  0%] Built target geometry_msgs_generate_messages_eus
[0.234s] [  0%] Built target roscpp_generate_messages_nodejs
[0.238s] [  0%] Built target std_msgs_generate_messages_cpp
[0.269s] [  0%] Built target actionlib_msgs_generate_messages_py
[0.272s] [  0%] Built target actionlib_generate_messages_cpp
[0.273s] [  0%] Built target march_shared_msgs_generate_messages_lisp
[0.275s] [  0%] Built target rosgraph_msgs_generate_messages_nodejs
[0.308s] [  0%] Built target rosgraph_msgs_generate_messages_lisp
[0.311s] [  0%] Built target actionlib_generate_messages_py
[0.312s] [  0%] Built target actionlib_generate_messages_lisp
[0.312s] [  0%] Built target _catkin_empty_exported_target
[0.349s] [  0%] Built target control_msgs_generate_messages_eus
[0.349s] [  0%] Built target trajectory_msgs_generate_messages_nodejs
[0.349s] [  0%] Built target actionlib_generate_messages_nodejs
[0.351s] [  0%] Built target trajectory_msgs_generate_messages_cpp
[0.385s] [  0%] Built target control_toolbox_generate_messages_py
[0.386s] [  0%] Built target rosgraph_msgs_generate_messages_py
[0.387s] [  0%] Built target std_msgs_generate_messages_eus
[0.395s] [  0%] Built target actionlib_msgs_generate_messages_nodejs
[0.424s] [  0%] Built target actionlib_msgs_generate_messages_lisp
[0.425s] [  0%] Built target actionlib_msgs_generate_messages_cpp
[0.425s] [  0%] Built target rosgraph_msgs_generate_messages_eus
[0.436s] [  0%] Built target sensor_msgs_generate_messages_lisp
[0.462s] [  0%] Built target control_msgs_generate_messages_lisp
[0.462s] [  0%] Built target sensor_msgs_generate_messages_eus
[0.466s] [  0%] Built target std_msgs_generate_messages_lisp
[0.477s] [  0%] Built target control_msgs_generate_messages_cpp
[0.500s] [  0%] Built target control_toolbox_generate_messages_nodejs
[0.500s] [  0%] Built target roscpp_generate_messages_lisp
[0.505s] [  0%] Built target actionlib_msgs_generate_messages_eus
[0.518s] [  0%] Built target dynamic_reconfigure_generate_messages_py
[0.538s] [  0%] Built target control_msgs_generate_messages_py
[0.539s] [  0%] Built target control_msgs_generate_messages_nodejs
[0.546s] [  0%] Built target geometry_msgs_generate_messages_cpp
[0.557s] [  0%] Built target geometry_msgs_generate_messages_lisp
[0.574s] [  0%] Built target trajectory_msgs_generate_messages_lisp
[0.576s] [  0%] Built target geometry_msgs_generate_messages_py
[0.591s] [  0%] Built target rosgraph_msgs_generate_messages_cpp
[0.596s] [  0%] Built target actionlib_generate_messages_eus
[0.613s] [  0%] Built target trajectory_msgs_generate_messages_py
[0.615s] [  0%] Built target trajectory_msgs_generate_messages_eus
[0.631s] [  0%] Built target roscpp_generate_messages_py
[0.634s] [  0%] Built target control_toolbox_generate_messages_cpp
[0.652s] [  0%] Built target control_toolbox_generate_messages_lisp
[0.654s] [  0%] Built target control_toolbox_generate_messages_eus
[0.671s] [  0%] Built target geometry_msgs_generate_messages_nodejs
[0.671s] [  0%] Built target dynamic_reconfigure_generate_messages_cpp
[0.686s] [  0%] Built target dynamic_reconfigure_generate_messages_eus
[0.694s] [  0%] Built target dynamic_reconfigure_gencfg
[0.700s] [  0%] Built target dynamic_reconfigure_generate_messages_lisp
[0.717s] [35m[1mScanning dependencies of target computed_torque_lib[0m
[0.742s] [ 50%] [32mBuilding CXX object CMakeFiles/computed_torque_lib.dir/src/computed_torque_controller.cpp.o[0m
[4.048s] In file included from [01m[K/home/sheila/march/ros1/src/control/computed_torque/src/computed_torque_controller.cpp:5[m[K:
[4.048s] [01m[K/home/sheila/march/ros1/src/control/computed_torque/include/computed_torque/computed_torque_controller.h:123:22:[m[K [01;31m[Kerror: [m[K‘[01m[KSegment[m[K’ has not been declared
[4.048s]   123 |             typename [01;31m[KSegment[m[K::State current_state_;         ///< Preallocated workspace variable.
[4.048s]       |                      [01;31m[K^~~~~~~[m[K
[4.048s] [01m[K/home/sheila/march/ros1/src/control/computed_torque/include/computed_torque/computed_torque_controller.h:124:22:[m[K [01;31m[Kerror: [m[K‘[01m[KSegment[m[K’ has not been declared
[4.048s]   124 |             typename [01;31m[KSegment[m[K::State desired_state_;
[4.048s]       |                      [01;31m[K^~~~~~~[m[K
[4.054s] [01m[K/home/sheila/march/ros1/src/control/computed_torque/include/computed_torque/computed_torque_controller.h:125:13:[m[K [01;31m[Kerror: [m[K‘[01m[Kdesired_state[m[K’ does not name a type
[4.054s]   125 |             [01;31m[Kdesired_state[m[K = typename Segment::State(8);
[4.054s]       |             [01;31m[K^~~~~~~~~~~~~[m[K
[4.057s] [01m[K/home/sheila/march/ros1/src/control/computed_torque/include/computed_torque/computed_torque_controller.h:126:13:[m[K [01;31m[Kerror: [m[K‘[01m[Kstate_error[m[K’ does not name a type; did you mean ‘[01m[Kstrerror[m[K’?
[4.057s]   126 |             [01;31m[Kstate_error[m[K = typename Segment::State(8);
[4.057s]       |             [01;31m[K^~~~~~~~~~~[m[K
[4.057s]       |             [32m[Kstrerror[m[K
[4.154s] In file included from [01m[K/home/sheila/march/ros1/src/control/computed_torque/include/computed_torque/computed_torque_controller.h:169[m[K,
[4.154s]                  from [01m[K/home/sheila/march/ros1/src/control/computed_torque/src/computed_torque_controller.cpp:5[m[K:
[4.154s] [01m[K/home/sheila/march/ros1/src/control/computed_torque/include/computed_torque/computed_torque_controller.hpp:[m[K In member function ‘[01m[Kvoid controller_ns::computed_torque_controller_class::update(const ros::Time&, const ros::Duration&, const State&, const State&)[m[K’:
[4.154s] [01m[K/home/sheila/march/ros1/src/control/computed_torque/include/computed_torque/computed_torque_controller.hpp:118:9:[m[K [01;31m[Kerror: [m[Kexpected ‘[01m[K,[m[K’ or ‘[01m[K;[m[K’ before ‘[01m[Kif[m[K’
[4.154s]   118 |         [01;31m[Kif[m[K(!std::isnan(command))
[4.154s]       |         [01;31m[K^~[m[K
[5.077s] In file included from [01m[K/opt/ros/noetic/include/class_loader/class_loader_core.hpp:45[m[K,
[5.077s]                  from [01m[K/opt/ros/noetic/include/class_loader/class_loader.hpp:46[m[K,
[5.077s]                  from [01m[K/opt/ros/noetic/include/pluginlib/./class_list_macros.hpp:40[m[K,
[5.077s]                  from [01m[K/opt/ros/noetic/include/pluginlib/class_list_macros.h:35[m[K,
[5.077s]                  from [01m[K/home/sheila/march/ros1/src/control/computed_torque/src/computed_torque_controller.cpp:2[m[K:
[5.078s] /opt/ros/noetic/include/class_loader/meta_object.hpp: In instantiation of ‘[01m[KB* class_loader::impl::MetaObject<C, B>::create() const [with C = controller_ns::computed_torque_controller_class; B = controller_interface::ControllerBase][m[K’:
[5.078s] [01m[K/opt/ros/noetic/include/class_loader/meta_object.hpp:196:7:[m[K   required from here
[5.078s] [01m[K/opt/ros/noetic/include/class_loader/meta_object.hpp:198:12:[m[K [01;31m[Kerror: [m[Kinvalid new-expression of abstract class type ‘[01m[Kcontroller_ns::computed_torque_controller_class[m[K’
[5.078s]   198 |     return [01;31m[Knew C[m[K;
[5.078s]       |            [01;31m[K^~~~~[m[K
[5.078s] In file included from [01m[K/home/sheila/march/ros1/src/control/computed_torque/src/computed_torque_controller.cpp:5[m[K:
[5.079s] [01m[K/home/sheila/march/ros1/src/control/computed_torque/include/computed_torque/computed_torque_controller.h:82:11:[m[K [01;36m[Knote: [m[K  because the following virtual functions are pure within ‘[01m[Kcontroller_ns::computed_torque_controller_class[m[K’:
[5.079s]    82 |     class [01;36m[Kcomputed_torque_controller_class[m[K : public controller_interface::Controller<hardware_interface::EffortJointInterface> {
[5.079s]       |           [01;36m[K^~~~~~~~~~~~~~~~~~~~~~~~~~~~~~~~[m[K
[5.079s] In file included from [01m[K/opt/ros/noetic/include/controller_interface/controller.h:35[m[K,
[5.079s]                  from [01m[K/home/sheila/march/ros1/src/control/computed_torque/include/computed_torque/computed_torque_controller.h:24[m[K,
[5.079s]                  from [01m[K/home/sheila/march/ros1/src/control/computed_torque/src/computed_torque_controller.cpp:5[m[K:
[5.079s] [01m[K/opt/ros/noetic/include/controller_interface/controller_base.h:73:16:[m[K [01;36m[Knote: [m[K	‘[01m[Kvirtual void controller_interface::ControllerBase::update(const ros::Time&, const ros::Duration&)[m[K’
[5.080s]    73 |   virtual void [01;36m[Kupdate[m[K(const ros::Time& time, const ros::Duration& period) = 0;
[5.080s]       |                [01;36m[K^~~~~~[m[K
[5.732s] make[2]: *** [CMakeFiles/computed_torque_lib.dir/build.make:63: CMakeFiles/computed_torque_lib.dir/src/computed_torque_controller.cpp.o] Error 1
[5.733s] make[1]: *** [CMakeFiles/Makefile2:265: CMakeFiles/computed_torque_lib.dir/all] Error 2
[5.733s] make: *** [Makefile:141: all] Error 2
[5.735s] Invoked command in '/home/sheila/march/ros1/build/computed_torque' returned '2': CMAKE_PREFIX_PATH=/home/sheila/march/ros1/install/joint_trajectory_controller:/home/sheila/march/ros1/install/realsense_gazebo_plugin:/home/sheila/march/ros1/install/march_temperature_sensor_controller:/home/sheila/march/ros1/install/march_launch:/home/sheila/march/ros1/install/march_simulation:/home/sheila/march/ros1/install/march_rqt_gait_generator:/home/sheila/march/ros1/install/march_shared_classes:/home/sheila/march/ros1/install/march_realsense_reader:/home/sheila/march/ros1/install/march_pdb_state_controller:/home/sheila/march/ros1/install/march_parameter_server:/home/sheila/march/ros1/install/march_moveit_interface:/home/sheila/march/ros1/install/march_joint_inertia_controller:/home/sheila/march/ros1/install/march_hardware_interface:/home/sheila/march/ros1/install/march_gazebo_plugins:/home/sheila/march/ros1/install/march_gain_scheduling:/home/sheila/march/ros1/install/march_data_collector:/home/sheila/march/ros1/install/march_acado_mpc:/home/sheila/march/ros1/install/march_shared_msgs:/home/sheila/march/ros1/install/march_moveit:/home/sheila/march/ros1/install/march_imu_manager:/home/sheila/march/ros1/install/march_hardware_builder:/home/sheila/march/ros1/install/march_hardware:/home/sheila/march/ros1/install/march_description:/home/sheila/march/ros1/install/march_bridge_parameters:/home/sheila/march/ros1/install/direct_dynamic_controller:/opt/ros/noetic LD_LIBRARY_PATH=/home/sheila/march/ros1/install/joint_trajectory_controller/lib:/home/sheila/march/ros1/install/realsense_gazebo_plugin/lib:/home/sheila/march/ros1/install/march_temperature_sensor_controller/lib:/home/sheila/march/ros1/install/march_realsense_reader/lib:/home/sheila/march/ros1/install/march_pdb_state_controller/lib:/home/sheila/march/ros1/install/march_joint_inertia_controller/lib:/home/sheila/march/ros1/install/march_gazebo_plugins/lib:/home/sheila/march/ros1/install/march_acado_mpc/lib:/home/sheila/march/ros1/install/march_imu_manager/lib:/home/sheila/march/ros1/install/march_hardware_builder/lib:/home/sheila/march/ros1/install/march_hardware/lib:/home/sheila/march/ros1/install/direct_dynamic_controller/lib:/opt/ros/noetic/lib:/opt/ros/noetic/lib/x86_64-linux-gnu PKG_CONFIG_PATH=/home/sheila/march/ros1/install/joint_trajectory_controller/lib/x86_64-linux-gnu/pkgconfig:/home/sheila/march/ros1/install/joint_trajectory_controller/lib/pkgconfig:/home/sheila/march/ros1/install/realsense_gazebo_plugin/lib/x86_64-linux-gnu/pkgconfig:/home/sheila/march/ros1/install/realsense_gazebo_plugin/lib/pkgconfig:/home/sheila/march/ros1/install/march_temperature_sensor_controller/lib/x86_64-linux-gnu/pkgconfig:/home/sheila/march/ros1/install/march_temperature_sensor_controller/lib/pkgconfig:/home/sheila/march/ros1/install/march_launch/lib/x86_64-linux-gnu/pkgconfig:/home/sheila/march/ros1/install/march_launch/lib/pkgconfig:/home/sheila/march/ros1/install/march_simulation/lib/x86_64-linux-gnu/pkgconfig:/home/sheila/march/ros1/install/march_simulation/lib/pkgconfig:/home/sheila/march/ros1/install/march_rqt_gait_generator/lib/x86_64-linux-gnu/pkgconfig:/home/sheila/march/ros1/install/march_rqt_gait_generator/lib/pkgconfig:/home/sheila/march/ros1/install/march_shared_classes/lib/x86_64-linux-gnu/pkgconfig:/home/sheila/march/ros1/install/march_shared_classes/lib/pkgconfig:/home/sheila/march/ros1/install/march_realsense_reader/lib/x86_64-linux-gnu/pkgconfig:/home/sheila/march/ros1/install/march_realsense_reader/lib/pkgconfig:/home/sheila/march/ros1/install/march_pdb_state_controller/lib/x86_64-linux-gnu/pkgconfig:/home/sheila/march/ros1/install/march_pdb_state_controller/lib/pkgconfig:/home/sheila/march/ros1/install/march_parameter_server/lib/x86_64-linux-gnu/pkgconfig:/home/sheila/march/ros1/install/march_parameter_server/lib/pkgconfig:/home/sheila/march/ros1/install/march_moveit_interface/lib/x86_64-linux-gnu/pkgconfig:/home/sheila/march/ros1/install/march_moveit_interface/lib/pkgconfig:/home/sheila/march/ros1/install/march_joint_inertia_controller/lib/x86_64-linux-gnu/pkgconfig:/home/sheila/march/ros1/install/march_joint_inertia_controller/lib/pkgconfig:/home/sheila/march/ros1/install/march_hardware_interface/lib/x86_64-linux-gnu/pkgconfig:/home/sheila/march/ros1/install/march_hardware_interface/lib/pkgconfig:/home/sheila/march/ros1/install/march_gazebo_plugins/lib/x86_64-linux-gnu/pkgconfig:/home/sheila/march/ros1/install/march_gazebo_plugins/lib/pkgconfig:/home/sheila/march/ros1/install/march_gain_scheduling/lib/x86_64-linux-gnu/pkgconfig:/home/sheila/march/ros1/install/march_gain_scheduling/lib/pkgconfig:/home/sheila/march/ros1/install/march_data_collector/lib/x86_64-linux-gnu/pkgconfig:/home/sheila/march/ros1/install/march_data_collector/lib/pkgconfig:/home/sheila/march/ros1/install/march_acado_mpc/lib/x86_64-linux-gnu/pkgconfig:/home/sheila/march/ros1/install/march_acado_mpc/lib/pkgconfig:/home/sheila/march/ros1/install/march_shared_msgs/lib/x86_64-linux-gnu/pkgconfig:/home/sheila/march/ros1/install/march_shared_msgs/lib/pkgconfig:/home/sheila/march/ros1/install/march_moveit/lib/x86_64-linux-gnu/pkgconfig:/home/sheila/march/ros1/install/march_moveit/lib/pkgconfig:/home/sheila/march/ros1/install/march_imu_manager/lib/x86_64-linux-gnu/pkgconfig:/home/sheila/march/ros1/install/march_imu_manager/lib/pkgconfig:/home/sheila/march/ros1/install/march_hardware_builder/lib/x86_64-linux-gnu/pkgconfig:/home/sheila/march/ros1/install/march_hardware_builder/lib/pkgconfig:/home/sheila/march/ros1/install/march_hardware/lib/x86_64-linux-gnu/pkgconfig:/home/sheila/march/ros1/install/march_hardware/lib/pkgconfig:/home/sheila/march/ros1/install/march_description/lib/x86_64-linux-gnu/pkgconfig:/home/sheila/march/ros1/install/march_description/lib/pkgconfig:/home/sheila/march/ros1/install/march_bridge_parameters/lib/x86_64-linux-gnu/pkgconfig:/home/sheila/march/ros1/install/march_bridge_parameters/lib/pkgconfig:/home/sheila/march/ros1/install/computed_torque/lib/x86_64-linux-gnu/pkgconfig:/home/sheila/march/ros1/install/computed_torque/lib/pkgconfig:/home/sheila/march/ros1/install/direct_dynamic_controller/lib/x86_64-linux-gnu/pkgconfig:/home/sheila/march/ros1/install/direct_dynamic_controller/lib/pkgconfig:/opt/ros/noetic/lib/pkgconfig:/opt/ros/noetic/lib/x86_64-linux-gnu/pkgconfig ROS_PACKAGE_PATH=/home/sheila/march/ros1/install/joint_trajectory_controller/share:/home/sheila/march/ros1/install/realsense_gazebo_plugin/share:/home/sheila/march/ros1/install/march_temperature_sensor_controller/share:/home/sheila/march/ros1/install/march_launch/share:/home/sheila/march/ros1/install/march_simulation/share:/home/sheila/march/ros1/install/march_rqt_gait_generator/share:/home/sheila/march/ros1/install/march_shared_classes/share:/home/sheila/march/ros1/install/march_realsense_reader/share:/home/sheila/march/ros1/install/march_pdb_state_controller/share:/home/sheila/march/ros1/install/march_parameter_server/share:/home/sheila/march/ros1/install/march_moveit_interface/share:/home/sheila/march/ros1/install/march_joint_inertia_controller/share:/home/sheila/march/ros1/install/march_hardware_interface/share:/home/sheila/march/ros1/install/march_gazebo_plugins/share:/home/sheila/march/ros1/install/march_gain_scheduling/share:/home/sheila/march/ros1/install/march_data_collector/share:/home/sheila/march/ros1/install/march_acado_mpc/share:/home/sheila/march/ros1/install/march_shared_msgs/share:/home/sheila/march/ros1/install/march_moveit/share:/home/sheila/march/ros1/install/march_imu_manager/share:/home/sheila/march/ros1/install/march_hardware_builder/share:/home/sheila/march/ros1/install/march_hardware/share:/home/sheila/march/ros1/install/march_description/share:/home/sheila/march/ros1/install/march_bridge_parameters/share:/home/sheila/march/ros1/install/computed_torque/share:/home/sheila/march/ros1/install/direct_dynamic_controller/share:/opt/ros/noetic/share /usr/bin/cmake --build /home/sheila/march/ros1/build/computed_torque -- -j4 -l4
