[0.033s] Invoking command in '/home/sheila/march/ros2/build/march_description': AMENT_PREFIX_PATH=/home/sheila/march/ros2/install/march_robot_state_publisher:${AMENT_PREFIX_PATH} CMAKE_PREFIX_PATH=/home/sheila/march/ros2/install/march_robot_state_publisher:/opt/ros/foxy /usr/bin/cmake /home/sheila/march/ros2/src/shared/march_description -DCMAKE_INSTALL_PREFIX=/home/sheila/march/ros2/install/march_description
[0.174s] -- The C compiler identification is GNU 9.3.0
[0.274s] -- The CXX compiler identification is GNU 9.3.0
[0.283s] -- Check for working C compiler: /usr/bin/cc
[0.449s] -- Check for working C compiler: /usr/bin/cc -- works
[0.451s] -- Detecting C compiler ABI info
[0.620s] -- Detecting C compiler ABI info - done
[0.660s] -- Detecting C compile features
[0.662s] -- Detecting C compile features - done
[0.667s] -- Check for working CXX compiler: /usr/bin/c++
[0.878s] -- Check for working CXX compiler: /usr/bin/c++ -- works
[0.880s] -- Detecting CXX compiler ABI info
[1.141s] -- Detecting CXX compiler ABI info - done
[1.178s] -- Detecting CXX compile features
[1.179s] -- Detecting CXX compile features - done
[1.188s] -- Found ament_cmake: 0.9.8 (/opt/ros/foxy/share/ament_cmake/cmake)
[1.281s] -- Found PythonInterp: /usr/bin/python3 (found suitable version "3.8.5", minimum required is "3") 
[1.281s] -- Using PYTHON_EXECUTABLE: /usr/bin/python3
[1.815s] -- Found xacro: 2.0.4 (/opt/ros/foxy/share/xacro/cmake)
[1.931s] -- xacro: determining deps for: urdf/march3.xacro ...
[2.047s] -- xacro: determining deps for: urdf/march4.xacro ...
[2.255s] -- xacro: determining deps for: urdf/march4_with_koen_lengths.xacro ...
[2.460s] -- xacro: determining deps for: urdf/test_joint_linear.xacro ...
[2.555s] -- xacro: determining deps for: urdf/test_joint_rotational.xacro ...
[2.655s] -- Configuring done
[2.664s] -- Generating done
[2.668s] -- Build files have been written to: /home/sheila/march/ros2/build/march_description
[2.678s] Invoked command in '/home/sheila/march/ros2/build/march_description' returned '0': AMENT_PREFIX_PATH=/home/sheila/march/ros2/install/march_robot_state_publisher:${AMENT_PREFIX_PATH} CMAKE_PREFIX_PATH=/home/sheila/march/ros2/install/march_robot_state_publisher:/opt/ros/foxy /usr/bin/cmake /home/sheila/march/ros2/src/shared/march_description -DCMAKE_INSTALL_PREFIX=/home/sheila/march/ros2/install/march_description
[2.680s] Invoking command in '/home/sheila/march/ros2/build/march_description': AMENT_PREFIX_PATH=/home/sheila/march/ros2/install/march_robot_state_publisher:${AMENT_PREFIX_PATH} CMAKE_PREFIX_PATH=/home/sheila/march/ros2/install/march_robot_state_publisher:/opt/ros/foxy /usr/bin/cmake --build /home/sheila/march/ros2/build/march_description -- -j4 -l4
[2.863s] [35m[1mScanning dependencies of target march_description_march4_xacro[0m
[2.866s] [35m[1mScanning dependencies of target march_description_march4_with_koen_lengths_xacro[0m
[2.885s] [ 20%] [34m[1mxacro: generating /home/sheila/march/ros2/build/march_description/march4.urdf from urdf/march4.xacro[0m
[2.902s] [ 40%] [34m[1mxacro: generating /home/sheila/march/ros2/build/march_description/march4_with_koen_lengths.urdf from urdf/march4_with_koen_lengths.xacro[0m
[3.179s] [ 40%] Built target march_description_march4_xacro
[3.253s] [35m[1mScanning dependencies of target march_description_test_joint_rotational_xacro[0m
[3.261s] [ 40%] Built target march_description_march4_with_koen_lengths_xacro
[3.299s] [ 60%] [34m[1mxacro: generating /home/sheila/march/ros2/build/march_description/test_joint_rotational.urdf from urdf/test_joint_rotational.xacro[0m
[3.317s] [35m[1mScanning dependencies of target march_description_march3_xacro[0m
[3.377s] [ 80%] [34m[1mxacro: generating /home/sheila/march/ros2/build/march_description/march3.urdf from urdf/march3.xacro[0m
[3.492s] [ 80%] Built target march_description_test_joint_rotational_xacro
[3.510s] [35m[1mScanning dependencies of target march_description_test_joint_linear_xacro[0m
[3.528s] [100%] [34m[1mxacro: generating /home/sheila/march/ros2/build/march_description/test_joint_linear.urdf from urdf/test_joint_linear.xacro[0m
[3.625s] [100%] Built target march_description_march3_xacro
[3.668s] [100%] Built target march_description_test_joint_linear_xacro
[3.693s] Invoked command in '/home/sheila/march/ros2/build/march_description' returned '0': AMENT_PREFIX_PATH=/home/sheila/march/ros2/install/march_robot_state_publisher:${AMENT_PREFIX_PATH} CMAKE_PREFIX_PATH=/home/sheila/march/ros2/install/march_robot_state_publisher:/opt/ros/foxy /usr/bin/cmake --build /home/sheila/march/ros2/build/march_description -- -j4 -l4
[3.740s] Invoking command in '/home/sheila/march/ros2/build/march_description': AMENT_PREFIX_PATH=/home/sheila/march/ros2/install/march_robot_state_publisher:${AMENT_PREFIX_PATH} CMAKE_PREFIX_PATH=/home/sheila/march/ros2/install/march_robot_state_publisher:/opt/ros/foxy /usr/bin/cmake --install /home/sheila/march/ros2/build/march_description
[3.771s] -- Install configuration: ""
[3.771s] -- Installing: /home/sheila/march/ros2/install/march_description/share/march_description/launch
[3.771s] -- Installing: /home/sheila/march/ros2/install/march_description/share/march_description/launch/march_description.launch.py
[3.772s] -- Installing: /home/sheila/march/ros2/install/march_description/share/march_description/urdf
[3.772s] -- Installing: /home/sheila/march/ros2/install/march_description/share/march_description/urdf/march3.xacro
[3.772s] -- Installing: /home/sheila/march/ros2/install/march_description/share/march_description/urdf/stl-files
[3.772s] -- Installing: /home/sheila/march/ros2/install/march_description/share/march_description/urdf/stl-files/HipBase.stl
[3.778s] -- Installing: /home/sheila/march/ros2/install/march_description/share/march_description/urdf/stl-files/LowerRightLeg.stl
[3.795s] -- Installing: /home/sheila/march/ros2/install/march_description/share/march_description/urdf/stl-files/RightHAA.stl
[3.802s] -- Installing: /home/sheila/march/ros2/install/march_description/share/march_description/urdf/stl-files/LeftFoot.stl
[3.804s] -- Installing: /home/sheila/march/ros2/install/march_description/share/march_description/urdf/stl-files/UpperLeftLeg.stl
[3.825s] -- Installing: /home/sheila/march/ros2/install/march_description/share/march_description/urdf/stl-files/LeftHAA.stl
[3.828s] -- Installing: /home/sheila/march/ros2/install/march_description/share/march_description/urdf/stl-files/LowerLeftLeg.stl
[3.832s] -- Installing: /home/sheila/march/ros2/install/march_description/share/march_description/urdf/stl-files/UpperRightLeg.stl
[3.841s] -- Installing: /home/sheila/march/ros2/install/march_description/share/march_description/urdf/stl-files/RightFoot.stl
[3.844s] -- Installing: /home/sheila/march/ros2/install/march_description/share/march_description/urdf/march4_with_koen_lengths.xacro
[3.844s] -- Installing: /home/sheila/march/ros2/install/march_description/share/march_description/urdf/test_joint_rotational_mpc.xacro
[3.844s] -- Installing: /home/sheila/march/ros2/install/march_description/share/march_description/urdf/camera
[3.845s] -- Installing: /home/sheila/march/ros2/install/march_description/share/march_description/urdf/camera/_d435.dae
[3.870s] -- Installing: /home/sheila/march/ros2/install/march_description/share/march_description/urdf/camera/_d435.gazebo.xacro
[3.870s] -- Installing: /home/sheila/march/ros2/install/march_description/share/march_description/urdf/camera/_d435.urdf.xacro
[3.871s] -- Installing: /home/sheila/march/ros2/install/march_description/share/march_description/urdf/test_joint_linear.xacro
[3.871s] -- Installing: /home/sheila/march/ros2/install/march_description/share/march_description/urdf/march.gazebo
[3.871s] -- Installing: /home/sheila/march/ros2/install/march_description/share/march_description/urdf/test_joint_rotational.xacro
[3.872s] -- Installing: /home/sheila/march/ros2/install/march_description/share/march_description/urdf/march4.xacro
[3.872s] -- Installing: /home/sheila/march/ros2/install/march_description/share/ament_index/resource_index/package_run_dependencies/march_description
[3.873s] -- Installing: /home/sheila/march/ros2/install/march_description/share/ament_index/resource_index/parent_prefix_path/march_description
[3.873s] -- Installing: /home/sheila/march/ros2/install/march_description/share/march_description/environment/ament_prefix_path.sh
[3.874s] -- Installing: /home/sheila/march/ros2/install/march_description/share/march_description/environment/ament_prefix_path.dsv
[3.874s] -- Installing: /home/sheila/march/ros2/install/march_description/share/march_description/environment/path.sh
[3.874s] -- Installing: /home/sheila/march/ros2/install/march_description/share/march_description/environment/path.dsv
[3.875s] -- Installing: /home/sheila/march/ros2/install/march_description/share/march_description/local_setup.bash
[3.875s] -- Installing: /home/sheila/march/ros2/install/march_description/share/march_description/local_setup.sh
[3.875s] -- Installing: /home/sheila/march/ros2/install/march_description/share/march_description/local_setup.zsh
[3.876s] -- Installing: /home/sheila/march/ros2/install/march_description/share/march_description/local_setup.dsv
[3.876s] -- Installing: /home/sheila/march/ros2/install/march_description/share/march_description/package.dsv
[3.877s] -- Installing: /home/sheila/march/ros2/install/march_description/share/ament_index/resource_index/packages/march_description
[3.877s] -- Installing: /home/sheila/march/ros2/install/march_description/share/march_description/cmake/march_description-extras.cmake
[3.877s] -- Installing: /home/sheila/march/ros2/install/march_description/share/march_description/cmake/march_descriptionConfig.cmake
[3.878s] -- Installing: /home/sheila/march/ros2/install/march_description/share/march_description/cmake/march_descriptionConfig-version.cmake
[3.878s] -- Installing: /home/sheila/march/ros2/install/march_description/share/march_description/package.xml
[3.878s] -- Installing: /home/sheila/march/ros2/install/march_description/share/march_description/urdf/march3.urdf
[3.879s] -- Installing: /home/sheila/march/ros2/install/march_description/share/march_description/urdf/march4.urdf
[3.879s] -- Installing: /home/sheila/march/ros2/install/march_description/share/march_description/urdf/march4_with_koen_lengths.urdf
[3.879s] -- Installing: /home/sheila/march/ros2/install/march_description/share/march_description/urdf/test_joint_linear.urdf
[3.880s] -- Installing: /home/sheila/march/ros2/install/march_description/share/march_description/urdf/test_joint_rotational.urdf
[3.889s] Invoked command in '/home/sheila/march/ros2/build/march_description' returned '0': AMENT_PREFIX_PATH=/home/sheila/march/ros2/install/march_robot_state_publisher:${AMENT_PREFIX_PATH} CMAKE_PREFIX_PATH=/home/sheila/march/ros2/install/march_robot_state_publisher:/opt/ros/foxy /usr/bin/cmake --install /home/sheila/march/ros2/build/march_description
