-- The C compiler identification is GNU 9.3.0
-- The CXX compiler identification is GNU 9.3.0
-- Check for working C compiler: /usr/bin/cc
-- Check for working C compiler: /usr/bin/cc -- works
-- Detecting C compiler ABI info
-- Detecting C compiler ABI info - done
-- Detecting C compile features
-- Detecting C compile features - done
-- Check for working CXX compiler: /usr/bin/c++
-- Check for working CXX compiler: /usr/bin/c++ -- works
-- Detecting CXX compiler ABI info
-- Detecting CXX compiler ABI info - done
-- Detecting CXX compile features
-- Detecting CXX compile features - done
-- Using CATKIN_DEVEL_PREFIX: /home/sheila/march/ros1/build/march_parameter_server/devel
-- Using CMAKE_PREFIX_PATH: /home/sheila/march/ros1/install/march_shared_msgs;/opt/ros/noetic
-- This workspace overlays: /home/sheila/march/ros1/install/march_shared_msgs;/opt/ros/noetic
-- Found PythonInterp: /usr/bin/python3 (found suitable version "3.8.5", minimum required is "3") 
-- Using PYTHON_EXECUTABLE: /usr/bin/python3
-- Using Debian Python package layout
-- Found PY_em: /usr/lib/python3/dist-packages/em.py  
-- Using empy: /usr/lib/python3/dist-packages/em.py
-- Using CATKIN_ENABLE_TESTING: ON
-- Call enable_testing()
-- Using CATKIN_TEST_RESULTS_DIR: /home/sheila/march/ros1/build/march_parameter_server/test_results
-- Forcing gtest/gmock from source, though one was otherwise available.
-- Found gtest sources under '/usr/src/googletest': gtests will be built
-- Found gmock sources under '/usr/src/googletest': gmock will be built
-- Found PythonInterp: /usr/bin/python3 (found version "3.8.5") 
-- Found Threads: TRUE  
-- Using Python nosetests: /usr/bin/nosetests3
-- catkin 0.8.9
-- BUILD_SHARED_LIBS is on
-- Using these message generators: gencpp;geneus;genlisp;gennodejs;genpy
-- Installing devel-space wrapper /home/sheila/march/ros1/src/bridge/march_parameter_server/scripts/march_parameter_server_node to /home/sheila/march/ros1/build/march_parameter_server/devel/lib/march_parameter_server
-- Configuring done
-- Generating done
-- Build files have been written to: /home/sheila/march/ros1/build/march_parameter_server
[35m[1mScanning dependencies of target tests[0m
Built target tests
-- Install configuration: ""
+ cd /home/sheila/march/ros1/src/bridge/march_parameter_server
+ mkdir -p /home/sheila/march/ros1/install/march_parameter_server/lib/python3/dist-packages
+ /usr/bin/env PYTHONPATH=/home/sheila/march/ros1/install/march_parameter_server/lib/python3/dist-packages:/home/sheila/march/ros1/build/march_parameter_server/lib/python3/dist-packages:/home/sheila/march/ros1/install/march_shared_msgs/lib/python3/dist-packages:/opt/ros/noetic/lib/python3/dist-packages CATKIN_BINARY_DIR=/home/sheila/march/ros1/build/march_parameter_server /usr/bin/python3 /home/sheila/march/ros1/src/bridge/march_parameter_server/setup.py egg_info --egg-base /home/sheila/march/ros1/build/march_parameter_server build --build-base /home/sheila/march/ros1/build/march_parameter_server install --root=/ --install-layout=deb --prefix=/home/sheila/march/ros1/install/march_parameter_server --install-scripts=/home/sheila/march/ros1/install/march_parameter_server/bin
running egg_info
creating /home/sheila/march/ros1/build/march_parameter_server/march_parameter_server.egg-info
writing /home/sheila/march/ros1/build/march_parameter_server/march_parameter_server.egg-info/PKG-INFO
writing dependency_links to /home/sheila/march/ros1/build/march_parameter_server/march_parameter_server.egg-info/dependency_links.txt
writing top-level names to /home/sheila/march/ros1/build/march_parameter_server/march_parameter_server.egg-info/top_level.txt
writing manifest file '/home/sheila/march/ros1/build/march_parameter_server/march_parameter_server.egg-info/SOURCES.txt'
reading manifest file '/home/sheila/march/ros1/build/march_parameter_server/march_parameter_server.egg-info/SOURCES.txt'
writing manifest file '/home/sheila/march/ros1/build/march_parameter_server/march_parameter_server.egg-info/SOURCES.txt'
running build
running build_py
creating /home/sheila/march/ros1/build/march_parameter_server/lib/march_parameter_server
copying src/march_parameter_server/__init__.py -> /home/sheila/march/ros1/build/march_parameter_server/lib/march_parameter_server
copying src/march_parameter_server/parameter_server_node.py -> /home/sheila/march/ros1/build/march_parameter_server/lib/march_parameter_server
running build_scripts
creating /home/sheila/march/ros1/build/march_parameter_server/scripts-3.8
copying and adjusting scripts/march_parameter_server_node -> /home/sheila/march/ros1/build/march_parameter_server/scripts-3.8
changing mode of /home/sheila/march/ros1/build/march_parameter_server/scripts-3.8/march_parameter_server_node from 664 to 775
running install
running install_lib
creating /home/sheila/march/ros1/install/march_parameter_server/lib/python3/dist-packages/march_parameter_server
copying /home/sheila/march/ros1/build/march_parameter_server/lib/march_parameter_server/__init__.py -> /home/sheila/march/ros1/install/march_parameter_server/lib/python3/dist-packages/march_parameter_server
copying /home/sheila/march/ros1/build/march_parameter_server/lib/march_parameter_server/parameter_server_node.py -> /home/sheila/march/ros1/install/march_parameter_server/lib/python3/dist-packages/march_parameter_server
byte-compiling /home/sheila/march/ros1/install/march_parameter_server/lib/python3/dist-packages/march_parameter_server/__init__.py to __init__.cpython-38.pyc
byte-compiling /home/sheila/march/ros1/install/march_parameter_server/lib/python3/dist-packages/march_parameter_server/parameter_server_node.py to parameter_server_node.cpython-38.pyc
running install_egg_info
Copying /home/sheila/march/ros1/build/march_parameter_server/march_parameter_server.egg-info to /home/sheila/march/ros1/install/march_parameter_server/lib/python3/dist-packages/march_parameter_server-0.0.0.egg-info
Skipping SOURCES.txt
running install_scripts
creating /home/sheila/march/ros1/install/march_parameter_server/bin
copying /home/sheila/march/ros1/build/march_parameter_server/scripts-3.8/march_parameter_server_node -> /home/sheila/march/ros1/install/march_parameter_server/bin
changing mode of /home/sheila/march/ros1/install/march_parameter_server/bin/march_parameter_server_node to 775
-- Installing: /home/sheila/march/ros1/install/march_parameter_server/lib/pkgconfig/march_parameter_server.pc
-- Installing: /home/sheila/march/ros1/install/march_parameter_server/share/march_parameter_server/cmake/march_parameter_serverConfig.cmake
-- Installing: /home/sheila/march/ros1/install/march_parameter_server/share/march_parameter_server/cmake/march_parameter_serverConfig-version.cmake
-- Installing: /home/sheila/march/ros1/install/march_parameter_server/share/march_parameter_server/package.xml
-- Installing: /home/sheila/march/ros1/install/march_parameter_server/lib/march_parameter_server/march_parameter_server_node
-- Installing: /home/sheila/march/ros1/install/march_parameter_server/share/march_parameter_server/launch
-- Installing: /home/sheila/march/ros1/install/march_parameter_server/share/march_parameter_server/launch/march_parameter_server.launch
