[0.021s] Invoking command in '/home/sheila/march/ros1/build/computed_torque': /usr/bin/cmake --build /home/sheila/march/ros1/build/computed_torque -- -j4 -l4
[0.107s] [  0%] Built target dynamic_reconfigure_generate_messages_nodejs
[0.108s] [  0%] Built target sensor_msgs_generate_messages_nodejs
[0.108s] [  0%] Built target sensor_msgs_generate_messages_cpp
[0.110s] [  0%] Built target sensor_msgs_generate_messages_py
[0.149s] [  0%] Built target march_shared_msgs_generate_messages_py
[0.150s] [  0%] Built target march_shared_msgs_generate_messages_nodejs
[0.154s] [  0%] Built target roscpp_generate_messages_eus
[0.157s] [  0%] Built target march_shared_msgs_generate_messages_eus
[0.187s] [  0%] Built target roscpp_generate_messages_cpp
[0.189s] [  0%] Built target control_toolbox_gencfg
[0.196s] [  0%] Built target march_shared_msgs_generate_messages_cpp
[0.196s] [  0%] Built target std_msgs_generate_messages_py
[0.226s] [  0%] Built target std_msgs_generate_messages_nodejs
[0.229s] [  0%] Built target geometry_msgs_generate_messages_eus
[0.236s] [  0%] Built target std_msgs_generate_messages_cpp
[0.240s] [  0%] Built target roscpp_generate_messages_nodejs
[0.270s] [  0%] Built target actionlib_generate_messages_cpp
[0.271s] [  0%] Built target actionlib_msgs_generate_messages_py
[0.275s] [  0%] Built target march_shared_msgs_generate_messages_lisp
[0.280s] [  0%] Built target rosgraph_msgs_generate_messages_nodejs
[0.307s] [  0%] Built target actionlib_generate_messages_py
[0.310s] [  0%] Built target rosgraph_msgs_generate_messages_lisp
[0.322s] [  0%] Built target actionlib_generate_messages_lisp
[0.323s] [  0%] Built target _catkin_empty_exported_target
[0.349s] [  0%] Built target control_msgs_generate_messages_eus
[0.349s] [  0%] Built target actionlib_generate_messages_nodejs
[0.362s] [  0%] Built target trajectory_msgs_generate_messages_nodejs
[0.362s] [  0%] Built target trajectory_msgs_generate_messages_cpp
[0.386s] [  0%] Built target rosgraph_msgs_generate_messages_py
[0.387s] [  0%] Built target control_toolbox_generate_messages_py
[0.404s] [  0%] Built target std_msgs_generate_messages_eus
[0.405s] [  0%] Built target actionlib_msgs_generate_messages_nodejs
[0.423s] [  0%] Built target actionlib_msgs_generate_messages_lisp
[0.424s] [  0%] Built target actionlib_msgs_generate_messages_cpp
[0.443s] [  0%] Built target rosgraph_msgs_generate_messages_eus
[0.447s] [  0%] Built target sensor_msgs_generate_messages_lisp
[0.462s] [  0%] Built target sensor_msgs_generate_messages_eus
[0.463s] [  0%] Built target control_msgs_generate_messages_lisp
[0.484s] [  0%] Built target std_msgs_generate_messages_lisp
[0.485s] [  0%] Built target control_msgs_generate_messages_cpp
[0.504s] [  0%] Built target roscpp_generate_messages_lisp
[0.504s] [  0%] Built target control_toolbox_generate_messages_nodejs
[0.523s] [  0%] Built target dynamic_reconfigure_generate_messages_py
[0.534s] [  0%] Built target actionlib_msgs_generate_messages_eus
[0.540s] [  0%] Built target control_msgs_generate_messages_py
[0.543s] [  0%] Built target control_msgs_generate_messages_nodejs
[0.562s] [  0%] Built target geometry_msgs_generate_messages_cpp
[0.578s] [  0%] Built target geometry_msgs_generate_messages_lisp
[0.579s] [  0%] Built target geometry_msgs_generate_messages_py
[0.581s] [  0%] Built target trajectory_msgs_generate_messages_lisp
[0.606s] [  0%] Built target rosgraph_msgs_generate_messages_cpp
[0.617s] [  0%] Built target trajectory_msgs_generate_messages_py
[0.618s] [  0%] Built target actionlib_generate_messages_eus
[0.619s] [  0%] Built target trajectory_msgs_generate_messages_eus
[0.648s] [  0%] Built target roscpp_generate_messages_py
[0.657s] [  0%] Built target control_toolbox_generate_messages_cpp
[0.657s] [  0%] Built target control_toolbox_generate_messages_eus
[0.657s] [  0%] Built target control_toolbox_generate_messages_lisp
[0.690s] [  0%] Built target dynamic_reconfigure_generate_messages_cpp
[0.695s] [  0%] Built target geometry_msgs_generate_messages_nodejs
[0.695s] [  0%] Built target dynamic_reconfigure_generate_messages_eus
[0.696s] [  0%] Built target dynamic_reconfigure_gencfg
[0.718s] [  0%] Built target dynamic_reconfigure_generate_messages_lisp
[0.735s] [35m[1mScanning dependencies of target computed_torque_lib[0m
[0.879s] [ 50%] [32mBuilding CXX object CMakeFiles/computed_torque_lib.dir/src/computed_torque_controller.cpp.o[0m
[6.012s] In file included from [01m[K/home/sheila/march/ros1/src/control/computed_torque/src/computed_torque_controller.cpp:5[m[K:
[6.012s] [01m[K/home/sheila/march/ros1/src/control/computed_torque/include/computed_torque/computed_torque_controller.h:81:31:[m[K [01;31m[Kerror: [m[K‘[01m[KState[m[K’ does not name a type
[6.012s]    81 |                         const [01;31m[KState[m[K& desired_state,
[6.012s]       |                               [01;31m[K^~~~~[m[K
[6.015s] [01m[K/home/sheila/march/ros1/src/control/computed_torque/include/computed_torque/computed_torque_controller.h:82:31:[m[K [01;31m[Kerror: [m[K‘[01m[KState[m[K’ does not name a type
[6.015s]    82 |                         const [01;31m[KState[m[K& state_error );
[6.015s]       |                               [01;31m[K^~~~~[m[K
[6.067s] In file included from [01m[K/home/sheila/march/ros1/src/control/computed_torque/include/computed_torque/computed_torque_controller.h:159[m[K,
[6.067s]                  from [01m[K/home/sheila/march/ros1/src/control/computed_torque/src/computed_torque_controller.cpp:5[m[K:
[6.068s] [01m[K/home/sheila/march/ros1/src/control/computed_torque/include/computed_torque/computed_torque_controller.hpp:76:53:[m[K [01;31m[Kerror: [m[K‘[01m[KState[m[K’ does not name a type
[6.068s]    76 |                                               const [01;31m[KState[m[K& desired_state,
[6.068s]       |                                                     [01;31m[K^~~~~[m[K
[6.069s] [01m[K/home/sheila/march/ros1/src/control/computed_torque/include/computed_torque/computed_torque_controller.hpp:77:53:[m[K [01;31m[Kerror: [m[K‘[01m[KState[m[K’ does not name a type
[6.070s]    77 |                                               const [01;31m[KState[m[K& state_error ){
[6.070s]       |                                                     [01;31m[K^~~~~[m[K
[6.070s] [01m[K/home/sheila/march/ros1/src/control/computed_torque/include/computed_torque/computed_torque_controller.hpp:[m[K In member function ‘[01m[Kvoid controller_ns::computed_torque_controller_class::update(const ros::Time&, const ros::Duration&, const int&, const int&)[m[K’:
[6.070s] [01m[K/home/sheila/march/ros1/src/control/computed_torque/include/computed_torque/computed_torque_controller.hpp:88:42:[m[K [01;31m[Kerror: [m[Krequest for member ‘[01m[Kacceleration[m[K’ in ‘[01m[Kdesired_state[m[K’, which is of non-class type ‘[01m[Kconst int[m[K’
[6.070s]    88 |       desired.qdotdot(i) = desired_state.[01;31m[Kacceleration[m[K[i];
[6.070s]       |                                          [01;31m[K^~~~~~~~~~~~[m[K
[6.070s] [01m[K/home/sheila/march/ros1/src/control/computed_torque/include/computed_torque/computed_torque_controller.hpp:90:32:[m[K [01;31m[Kerror: [m[Krequest for member ‘[01m[Kposition[m[K’ in ‘[01m[Kstate_error[m[K’, which is of non-class type ‘[01m[Kconst int[m[K’
[6.071s]    90 |       error.q(i) = state_error.[01;31m[Kposition[m[K[i];
[6.071s]       |                                [01;31m[K^~~~~~~~[m[K
[6.071s] [01m[K/home/sheila/march/ros1/src/control/computed_torque/include/computed_torque/computed_torque_controller.hpp:91:35:[m[K [01;31m[Kerror: [m[Krequest for member ‘[01m[Kvelocity[m[K’ in ‘[01m[Kstate_error[m[K’, which is of non-class type ‘[01m[Kconst int[m[K’
[6.072s]    91 |       error.qdot(i) = state_error.[01;31m[Kvelocity[m[K[i];
[6.072s]       |                                   [01;31m[K^~~~~~~~[m[K
[6.214s] [01m[K/home/sheila/march/ros1/src/control/computed_torque/include/computed_torque/computed_torque_controller.hpp:118:54:[m[K [01;31m[Kerror: [m[K‘[01m[Kerrror[m[K’ was not declared in this scope; did you mean ‘[01m[Kerror[m[K’?
[6.215s]   118 |         const double command = -Kp*error.q.data - Kv*[01;31m[Kerrror[m[K.qdot.data;
[6.215s]       |                                                      [01;31m[K^~~~~~[m[K
[6.215s]       |                                                      [32m[Kerror[m[K
[7.490s] In file included from [01m[K/opt/ros/noetic/include/class_loader/class_loader_core.hpp:45[m[K,
[7.490s]                  from [01m[K/opt/ros/noetic/include/class_loader/class_loader.hpp:46[m[K,
[7.490s]                  from [01m[K/opt/ros/noetic/include/pluginlib/./class_list_macros.hpp:40[m[K,
[7.490s]                  from [01m[K/opt/ros/noetic/include/pluginlib/class_list_macros.h:35[m[K,
[7.491s]                  from [01m[K/home/sheila/march/ros1/src/control/computed_torque/src/computed_torque_controller.cpp:2[m[K:
[7.491s] /opt/ros/noetic/include/class_loader/meta_object.hpp: In instantiation of ‘[01m[KB* class_loader::impl::MetaObject<C, B>::create() const [with C = controller_ns::computed_torque_controller_class; B = controller_interface::ControllerBase][m[K’:
[7.491s] [01m[K/opt/ros/noetic/include/class_loader/meta_object.hpp:196:7:[m[K   required from here
[7.491s] [01m[K/opt/ros/noetic/include/class_loader/meta_object.hpp:198:12:[m[K [01;31m[Kerror: [m[Kinvalid new-expression of abstract class type ‘[01m[Kcontroller_ns::computed_torque_controller_class[m[K’
[7.492s]   198 |     return [01;31m[Knew C[m[K;
[7.492s]       |            [01;31m[K^~~~~[m[K
[7.492s] In file included from [01m[K/home/sheila/march/ros1/src/control/computed_torque/src/computed_torque_controller.cpp:5[m[K:
[7.492s] [01m[K/home/sheila/march/ros1/src/control/computed_torque/include/computed_torque/computed_torque_controller.h:75:11:[m[K [01;36m[Knote: [m[K  because the following virtual functions are pure within ‘[01m[Kcontroller_ns::computed_torque_controller_class[m[K’:
[7.492s]    75 |     class [01;36m[Kcomputed_torque_controller_class[m[K : public controller_interface::Controller<hardware_interface::EffortJointInterface> {
[7.492s]       |           [01;36m[K^~~~~~~~~~~~~~~~~~~~~~~~~~~~~~~~[m[K
[7.493s] In file included from [01m[K/opt/ros/noetic/include/controller_interface/controller.h:35[m[K,
[7.493s]                  from [01m[K/home/sheila/march/ros1/src/control/computed_torque/include/computed_torque/computed_torque_controller.h:24[m[K,
[7.493s]                  from [01m[K/home/sheila/march/ros1/src/control/computed_torque/src/computed_torque_controller.cpp:5[m[K:
[7.493s] [01m[K/opt/ros/noetic/include/controller_interface/controller_base.h:73:16:[m[K [01;36m[Knote: [m[K	‘[01m[Kvirtual void controller_interface::ControllerBase::update(const ros::Time&, const ros::Duration&)[m[K’
[7.493s]    73 |   virtual void [01;36m[Kupdate[m[K(const ros::Time& time, const ros::Duration& period) = 0;
[7.493s]       |                [01;36m[K^~~~~~[m[K
[7.898s] make[2]: *** [CMakeFiles/computed_torque_lib.dir/build.make:63: CMakeFiles/computed_torque_lib.dir/src/computed_torque_controller.cpp.o] Error 1
[7.899s] make[1]: *** [CMakeFiles/Makefile2:265: CMakeFiles/computed_torque_lib.dir/all] Error 2
[7.899s] make: *** [Makefile:141: all] Error 2
[7.902s] Invoked command in '/home/sheila/march/ros1/build/computed_torque' returned '2': /usr/bin/cmake --build /home/sheila/march/ros1/build/computed_torque -- -j4 -l4
