/home/sheila/march/ros2/install/march_rqt_note_taker/lib/python3.8/site-packages/march_rqt_note_taker/entry_model.py
/home/sheila/march/ros2/install/march_rqt_note_taker/lib/python3.8/site-packages/march_rqt_note_taker/notes_plugin.py
/home/sheila/march/ros2/install/march_rqt_note_taker/lib/python3.8/site-packages/march_rqt_note_taker/__init__.py
/home/sheila/march/ros2/install/march_rqt_note_taker/lib/python3.8/site-packages/march_rqt_note_taker/entry.py
/home/sheila/march/ros2/install/march_rqt_note_taker/lib/python3.8/site-packages/march_rqt_note_taker/notes_widget.py
/home/sheila/march/ros2/install/march_rqt_note_taker/lib/python3.8/site-packages/march_rqt_note_taker/filter_map.py
/home/sheila/march/ros2/install/march_rqt_note_taker/lib/python3.8/site-packages/march_rqt_note_taker/__pycache__/entry_model.cpython-38.pyc
/home/sheila/march/ros2/install/march_rqt_note_taker/lib/python3.8/site-packages/march_rqt_note_taker/__pycache__/notes_plugin.cpython-38.pyc
/home/sheila/march/ros2/install/march_rqt_note_taker/lib/python3.8/site-packages/march_rqt_note_taker/__pycache__/__init__.cpython-38.pyc
/home/sheila/march/ros2/install/march_rqt_note_taker/lib/python3.8/site-packages/march_rqt_note_taker/__pycache__/entry.cpython-38.pyc
/home/sheila/march/ros2/install/march_rqt_note_taker/lib/python3.8/site-packages/march_rqt_note_taker/__pycache__/notes_widget.cpython-38.pyc
/home/sheila/march/ros2/install/march_rqt_note_taker/lib/python3.8/site-packages/march_rqt_note_taker/__pycache__/filter_map.cpython-38.pyc
/home/sheila/march/ros2/install/march_rqt_note_taker/share/ament_index/resource_index/packages/march_rqt_note_taker
/home/sheila/march/ros2/install/march_rqt_note_taker/share/march_rqt_note_taker/package.xml
/home/sheila/march/ros2/install/march_rqt_note_taker/share/march_rqt_note_taker/launch
/home/sheila/march/ros2/install/march_rqt_note_taker/share/march_rqt_note_taker/launch/note_taker.launch.py
/home/sheila/march/ros2/install/march_rqt_note_taker/share/march_rqt_note_taker/plugin.xml
/home/sheila/march/ros2/install/march_rqt_note_taker/share/march_rqt_note_taker/note_taker.ui
/home/sheila/march/ros2/install/march_rqt_note_taker/share/march_rqt_note_taker/resource/img/march-walking.png
/home/sheila/march/ros2/install/march_rqt_note_taker/lib/python3.8/site-packages/march_rqt_note_taker-0.0.0-py3.8.egg-info/SOURCES.txt
/home/sheila/march/ros2/install/march_rqt_note_taker/lib/python3.8/site-packages/march_rqt_note_taker-0.0.0-py3.8.egg-info/top_level.txt
/home/sheila/march/ros2/install/march_rqt_note_taker/lib/python3.8/site-packages/march_rqt_note_taker-0.0.0-py3.8.egg-info/requires.txt
/home/sheila/march/ros2/install/march_rqt_note_taker/lib/python3.8/site-packages/march_rqt_note_taker-0.0.0-py3.8.egg-info/PKG-INFO
/home/sheila/march/ros2/install/march_rqt_note_taker/lib/python3.8/site-packages/march_rqt_note_taker-0.0.0-py3.8.egg-info/dependency_links.txt
/home/sheila/march/ros2/install/march_rqt_note_taker/lib/python3.8/site-packages/march_rqt_note_taker-0.0.0-py3.8.egg-info/zip-safe
/home/sheila/march/ros2/install/march_rqt_note_taker/lib/python3.8/site-packages/march_rqt_note_taker-0.0.0-py3.8.egg-info/entry_points.txt
/home/sheila/march/ros2/install/march_rqt_note_taker/lib/march_rqt_note_taker/note_taker
