-- The C compiler identification is GNU 9.3.0
-- The CXX compiler identification is GNU 9.3.0
-- Check for working C compiler: /usr/bin/cc
-- Check for working C compiler: /usr/bin/cc -- works
-- Detecting C compiler ABI info
-- Detecting C compiler ABI info - done
-- Detecting C compile features
-- Detecting C compile features - done
-- Check for working CXX compiler: /usr/bin/c++
-- Check for working CXX compiler: /usr/bin/c++ -- works
-- Detecting CXX compiler ABI info
-- Detecting CXX compiler ABI info - done
-- Detecting CXX compile features
-- Detecting CXX compile features - done
-- Found ament_cmake: 0.9.8 (/opt/ros/foxy/share/ament_cmake/cmake)
-- Found PythonInterp: /usr/bin/python3 (found suitable version "3.8.5", minimum required is "3") 
-- Using PYTHON_EXECUTABLE: /usr/bin/python3
-- Found march_shared_msgs: 0.0.0 (/home/sheila/march/ros2/install/march_shared_msgs/share/march_shared_msgs/cmake)
-- Using all available rosidl_typesupport_c: rosidl_typesupport_fastrtps_c;rosidl_typesupport_introspection_c
-- Found rosidl_adapter: 1.2.0 (/opt/ros/foxy/share/rosidl_adapter/cmake)
-- Found OpenSSL: /usr/lib/x86_64-linux-gnu/libcrypto.so (found version "1.1.1f")  
-- Found FastRTPS: /opt/ros/foxy/include  
-- Using all available rosidl_typesupport_cpp: rosidl_typesupport_fastrtps_cpp;rosidl_typesupport_introspection_cpp
-- Found rclcpp: 2.3.0 (/opt/ros/foxy/share/rclcpp/cmake)
-- Found rmw_implementation_cmake: 1.0.2 (/opt/ros/foxy/share/rmw_implementation_cmake/cmake)
-- Using RMW implementation 'rmw_fastrtps_cpp' as default
-- Looking for pthread.h
-- Looking for pthread.h - found
-- Performing Test CMAKE_HAVE_LIBC_PTHREAD
-- Performing Test CMAKE_HAVE_LIBC_PTHREAD - Failed
-- Looking for pthread_create in pthreads
-- Looking for pthread_create in pthreads - not found
-- Looking for pthread_create in pthread
-- Looking for pthread_create in pthread - found
-- Found Threads: TRUE  
-- Found urdf: 2.4.0 (/opt/ros/foxy/share/urdf/cmake)
-- Found march_utility: 0.0.0 (/home/sheila/march/ros2/install/march_utility/share/march_utility/cmake)
-- Configuring done
-- Generating done
-- Build files have been written to: /home/sheila/march/ros2/build/march_safety
[35m[1mScanning dependencies of target march_safety[0m
[ 16%] [32mBuilding CXX object CMakeFiles/march_safety.dir/src/input_device_safety.cpp.o[0m
[ 33%] [32mBuilding CXX object CMakeFiles/march_safety.dir/src/safety_handler.cpp.o[0m
[ 50%] [32mBuilding CXX object CMakeFiles/march_safety.dir/src/temperature_safety.cpp.o[0m
[ 66%] [32m[1mLinking CXX static library libmarch_safety.a[0m
[ 66%] Built target march_safety
[35m[1mScanning dependencies of target march_safety_node[0m
[ 83%] [32mBuilding CXX object CMakeFiles/march_safety_node.dir/src/safety_node.cpp.o[0m
[100%] [32m[1mLinking CXX executable march_safety_node[0m
[100%] Built target march_safety_node
-- Install configuration: ""
-- Installing: /home/sheila/march/ros2/install/march_safety/include/march_safety/march_safety
-- Installing: /home/sheila/march/ros2/install/march_safety/include/march_safety/march_safety/safety_node.hpp
-- Installing: /home/sheila/march/ros2/install/march_safety/include/march_safety/march_safety/temperature_safety.hpp
-- Installing: /home/sheila/march/ros2/install/march_safety/include/march_safety/march_safety/input_device_safety.hpp
-- Installing: /home/sheila/march/ros2/install/march_safety/include/march_safety/march_safety/safety_type.hpp
-- Installing: /home/sheila/march/ros2/install/march_safety/include/march_safety/march_safety/safety_handler.hpp
-- Installing: /home/sheila/march/ros2/install/march_safety/lib/libmarch_safety.a
-- Installing: /home/sheila/march/ros2/install/march_safety/lib/march_safety/march_safety_node
-- Set runtime path of "/home/sheila/march/ros2/install/march_safety/lib/march_safety/march_safety_node" to ""
-- Installing: /home/sheila/march/ros2/install/march_safety/share/march_safety//launch
-- Installing: /home/sheila/march/ros2/install/march_safety/share/march_safety//launch/march_safety.launch.py
-- Installing: /home/sheila/march/ros2/install/march_safety/share/march_safety//launch/safety_settings.yaml
-- Installing: /home/sheila/march/ros2/install/march_safety/share/march_safety//launch/march_safety.launch
-- Installing: /home/sheila/march/ros2/install/march_safety/share/march_safety//config
-- Installing: /home/sheila/march/ros2/install/march_safety/share/march_safety//config/safety_settings.yaml
-- Installing: /home/sheila/march/ros2/install/march_safety/share/ament_index/resource_index/package_run_dependencies/march_safety
-- Installing: /home/sheila/march/ros2/install/march_safety/share/ament_index/resource_index/parent_prefix_path/march_safety
-- Installing: /home/sheila/march/ros2/install/march_safety/share/march_safety/environment/ament_prefix_path.sh
-- Installing: /home/sheila/march/ros2/install/march_safety/share/march_safety/environment/ament_prefix_path.dsv
-- Installing: /home/sheila/march/ros2/install/march_safety/share/march_safety/environment/path.sh
-- Installing: /home/sheila/march/ros2/install/march_safety/share/march_safety/environment/path.dsv
-- Installing: /home/sheila/march/ros2/install/march_safety/share/march_safety/local_setup.bash
-- Installing: /home/sheila/march/ros2/install/march_safety/share/march_safety/local_setup.sh
-- Installing: /home/sheila/march/ros2/install/march_safety/share/march_safety/local_setup.zsh
-- Installing: /home/sheila/march/ros2/install/march_safety/share/march_safety/local_setup.dsv
-- Installing: /home/sheila/march/ros2/install/march_safety/share/march_safety/package.dsv
-- Installing: /home/sheila/march/ros2/install/march_safety/share/ament_index/resource_index/packages/march_safety
-- Installing: /home/sheila/march/ros2/install/march_safety/share/march_safety/cmake/march_safetyConfig.cmake
-- Installing: /home/sheila/march/ros2/install/march_safety/share/march_safety/cmake/march_safetyConfig-version.cmake
-- Installing: /home/sheila/march/ros2/install/march_safety/share/march_safety/package.xml
