[0.601s] Invoking command in '/home/sheila/march/ros2/build/march_safety': AMENT_PREFIX_PATH=/home/sheila/march/ros2/install/march_utility:/home/sheila/march/ros2/install/march_robot_information:/home/sheila/march/ros2/install/march_description:/home/sheila/march/ros2/install/march_shared_msgs:/home/sheila/march/ros2/install/march_robot_state_publisher:${AMENT_PREFIX_PATH} CMAKE_PREFIX_PATH=/home/sheila/march/ros2/install/march_utility:/home/sheila/march/ros2/install/march_description:/home/sheila/march/ros2/install/march_shared_msgs:/home/sheila/march/ros2/install/march_robot_state_publisher:/opt/ros/foxy LD_LIBRARY_PATH=/home/sheila/march/ros2/install/march_utility/lib:/home/sheila/march/ros2/install/march_shared_msgs/lib:${LD_LIBRARY_PATH} PYTHONPATH=/home/sheila/march/ros2/install/march_utility/lib/python3.8/site-packages:/home/sheila/march/ros2/install/march_robot_information/lib/python3.8/site-packages:/home/sheila/march/ros2/install/march_shared_msgs/lib/python3.8/site-packages:${PYTHONPATH} /usr/bin/cmake /home/sheila/march/ros2/src/safety/march_safety -DCMAKE_INSTALL_PREFIX=/home/sheila/march/ros2/install/march_safety
[0.694s] -- The C compiler identification is GNU 9.3.0
[0.820s] -- The CXX compiler identification is GNU 9.3.0
[0.830s] -- Check for working C compiler: /usr/bin/cc
[0.958s] -- Check for working C compiler: /usr/bin/cc -- works
[0.960s] -- Detecting C compiler ABI info
[1.088s] -- Detecting C compiler ABI info - done
[1.167s] -- Detecting C compile features
[1.167s] -- Detecting C compile features - done
[1.174s] -- Check for working CXX compiler: /usr/bin/c++
[1.295s] -- Check for working CXX compiler: /usr/bin/c++ -- works
[1.297s] -- Detecting CXX compiler ABI info
[1.392s] -- Detecting CXX compiler ABI info - done
[1.406s] -- Detecting CXX compile features
[1.406s] -- Detecting CXX compile features - done
[1.409s] -- Found ament_cmake: 0.9.8 (/opt/ros/foxy/share/ament_cmake/cmake)
[1.438s] -- Found PythonInterp: /usr/bin/python3 (found suitable version "3.8.5", minimum required is "3") 
[1.438s] -- Using PYTHON_EXECUTABLE: /usr/bin/python3
[1.684s] -- Found march_shared_msgs: 0.0.0 (/home/sheila/march/ros2/install/march_shared_msgs/share/march_shared_msgs/cmake)
[1.730s] -- Using all available rosidl_typesupport_c: rosidl_typesupport_fastrtps_c;rosidl_typesupport_introspection_c
[1.737s] -- Found rosidl_adapter: 1.2.0 (/opt/ros/foxy/share/rosidl_adapter/cmake)
[1.833s] -- Found OpenSSL: /usr/lib/x86_64-linux-gnu/libcrypto.so (found version "1.1.1f")  
[1.880s] -- Found FastRTPS: /opt/ros/foxy/include  
[2.026s] -- Using all available rosidl_typesupport_cpp: rosidl_typesupport_fastrtps_cpp;rosidl_typesupport_introspection_cpp
[3.505s] -- Found rclcpp: 2.3.0 (/opt/ros/foxy/share/rclcpp/cmake)
[3.560s] -- Found rmw_implementation_cmake: 1.0.2 (/opt/ros/foxy/share/rmw_implementation_cmake/cmake)
[3.562s] -- Using RMW implementation 'rmw_fastrtps_cpp' as default
[3.563s] -- Looking for pthread.h
[3.646s] -- Looking for pthread.h - found
[3.646s] -- Performing Test CMAKE_HAVE_LIBC_PTHREAD
[3.733s] -- Performing Test CMAKE_HAVE_LIBC_PTHREAD - Failed
[3.733s] -- Looking for pthread_create in pthreads
[3.801s] -- Looking for pthread_create in pthreads - not found
[3.802s] -- Looking for pthread_create in pthread
[3.885s] -- Looking for pthread_create in pthread - found
[3.887s] -- Found Threads: TRUE  
[4.201s] -- Found urdf: 2.4.0 (/opt/ros/foxy/share/urdf/cmake)
[4.258s] -- Found march_utility: 0.0.0 (/home/sheila/march/ros2/install/march_utility/share/march_utility/cmake)
[4.395s] -- Configuring done
[4.439s] -- Generating done
[4.443s] -- Build files have been written to: /home/sheila/march/ros2/build/march_safety
[4.464s] Invoked command in '/home/sheila/march/ros2/build/march_safety' returned '0': AMENT_PREFIX_PATH=/home/sheila/march/ros2/install/march_utility:/home/sheila/march/ros2/install/march_robot_information:/home/sheila/march/ros2/install/march_description:/home/sheila/march/ros2/install/march_shared_msgs:/home/sheila/march/ros2/install/march_robot_state_publisher:${AMENT_PREFIX_PATH} CMAKE_PREFIX_PATH=/home/sheila/march/ros2/install/march_utility:/home/sheila/march/ros2/install/march_description:/home/sheila/march/ros2/install/march_shared_msgs:/home/sheila/march/ros2/install/march_robot_state_publisher:/opt/ros/foxy LD_LIBRARY_PATH=/home/sheila/march/ros2/install/march_utility/lib:/home/sheila/march/ros2/install/march_shared_msgs/lib:${LD_LIBRARY_PATH} PYTHONPATH=/home/sheila/march/ros2/install/march_utility/lib/python3.8/site-packages:/home/sheila/march/ros2/install/march_robot_information/lib/python3.8/site-packages:/home/sheila/march/ros2/install/march_shared_msgs/lib/python3.8/site-packages:${PYTHONPATH} /usr/bin/cmake /home/sheila/march/ros2/src/safety/march_safety -DCMAKE_INSTALL_PREFIX=/home/sheila/march/ros2/install/march_safety
[4.465s] Invoking command in '/home/sheila/march/ros2/build/march_safety': AMENT_PREFIX_PATH=/home/sheila/march/ros2/install/march_utility:/home/sheila/march/ros2/install/march_robot_information:/home/sheila/march/ros2/install/march_description:/home/sheila/march/ros2/install/march_shared_msgs:/home/sheila/march/ros2/install/march_robot_state_publisher:${AMENT_PREFIX_PATH} CMAKE_PREFIX_PATH=/home/sheila/march/ros2/install/march_utility:/home/sheila/march/ros2/install/march_description:/home/sheila/march/ros2/install/march_shared_msgs:/home/sheila/march/ros2/install/march_robot_state_publisher:/opt/ros/foxy LD_LIBRARY_PATH=/home/sheila/march/ros2/install/march_utility/lib:/home/sheila/march/ros2/install/march_shared_msgs/lib:${LD_LIBRARY_PATH} PYTHONPATH=/home/sheila/march/ros2/install/march_utility/lib/python3.8/site-packages:/home/sheila/march/ros2/install/march_robot_information/lib/python3.8/site-packages:/home/sheila/march/ros2/install/march_shared_msgs/lib/python3.8/site-packages:${PYTHONPATH} /usr/bin/cmake --build /home/sheila/march/ros2/build/march_safety -- -j4 -l4
[4.608s] [35m[1mScanning dependencies of target march_safety[0m
[4.696s] [ 16%] [32mBuilding CXX object CMakeFiles/march_safety.dir/src/input_device_safety.cpp.o[0m
[4.716s] [ 33%] [32mBuilding CXX object CMakeFiles/march_safety.dir/src/safety_handler.cpp.o[0m
[4.750s] [ 50%] [32mBuilding CXX object CMakeFiles/march_safety.dir/src/temperature_safety.cpp.o[0m
[16.487s] [ 66%] [32m[1mLinking CXX static library libmarch_safety.a[0m
[16.726s] [ 66%] Built target march_safety
[16.738s] [35m[1mScanning dependencies of target march_safety_node[0m
[16.787s] [ 83%] [32mBuilding CXX object CMakeFiles/march_safety_node.dir/src/safety_node.cpp.o[0m
[21.327s] [100%] [32m[1mLinking CXX executable march_safety_node[0m
[21.897s] [100%] Built target march_safety_node
[21.976s] Invoked command in '/home/sheila/march/ros2/build/march_safety' returned '0': AMENT_PREFIX_PATH=/home/sheila/march/ros2/install/march_utility:/home/sheila/march/ros2/install/march_robot_information:/home/sheila/march/ros2/install/march_description:/home/sheila/march/ros2/install/march_shared_msgs:/home/sheila/march/ros2/install/march_robot_state_publisher:${AMENT_PREFIX_PATH} CMAKE_PREFIX_PATH=/home/sheila/march/ros2/install/march_utility:/home/sheila/march/ros2/install/march_description:/home/sheila/march/ros2/install/march_shared_msgs:/home/sheila/march/ros2/install/march_robot_state_publisher:/opt/ros/foxy LD_LIBRARY_PATH=/home/sheila/march/ros2/install/march_utility/lib:/home/sheila/march/ros2/install/march_shared_msgs/lib:${LD_LIBRARY_PATH} PYTHONPATH=/home/sheila/march/ros2/install/march_utility/lib/python3.8/site-packages:/home/sheila/march/ros2/install/march_robot_information/lib/python3.8/site-packages:/home/sheila/march/ros2/install/march_shared_msgs/lib/python3.8/site-packages:${PYTHONPATH} /usr/bin/cmake --build /home/sheila/march/ros2/build/march_safety -- -j4 -l4
[22.011s] Invoking command in '/home/sheila/march/ros2/build/march_safety': AMENT_PREFIX_PATH=/home/sheila/march/ros2/install/march_utility:/home/sheila/march/ros2/install/march_robot_information:/home/sheila/march/ros2/install/march_description:/home/sheila/march/ros2/install/march_shared_msgs:/home/sheila/march/ros2/install/march_robot_state_publisher:${AMENT_PREFIX_PATH} CMAKE_PREFIX_PATH=/home/sheila/march/ros2/install/march_utility:/home/sheila/march/ros2/install/march_description:/home/sheila/march/ros2/install/march_shared_msgs:/home/sheila/march/ros2/install/march_robot_state_publisher:/opt/ros/foxy LD_LIBRARY_PATH=/home/sheila/march/ros2/install/march_utility/lib:/home/sheila/march/ros2/install/march_shared_msgs/lib:${LD_LIBRARY_PATH} PYTHONPATH=/home/sheila/march/ros2/install/march_utility/lib/python3.8/site-packages:/home/sheila/march/ros2/install/march_robot_information/lib/python3.8/site-packages:/home/sheila/march/ros2/install/march_shared_msgs/lib/python3.8/site-packages:${PYTHONPATH} /usr/bin/cmake --install /home/sheila/march/ros2/build/march_safety
[22.024s] -- Install configuration: ""
[22.024s] -- Installing: /home/sheila/march/ros2/install/march_safety/include/march_safety/march_safety
[22.024s] -- Installing: /home/sheila/march/ros2/install/march_safety/include/march_safety/march_safety/safety_node.hpp
[22.024s] -- Installing: /home/sheila/march/ros2/install/march_safety/include/march_safety/march_safety/temperature_safety.hpp
[22.025s] -- Installing: /home/sheila/march/ros2/install/march_safety/include/march_safety/march_safety/input_device_safety.hpp
[22.025s] -- Installing: /home/sheila/march/ros2/install/march_safety/include/march_safety/march_safety/safety_type.hpp
[22.025s] -- Installing: /home/sheila/march/ros2/install/march_safety/include/march_safety/march_safety/safety_handler.hpp
[22.025s] -- Installing: /home/sheila/march/ros2/install/march_safety/lib/libmarch_safety.a
[22.034s] -- Installing: /home/sheila/march/ros2/install/march_safety/lib/march_safety/march_safety_node
[22.038s] -- Set runtime path of "/home/sheila/march/ros2/install/march_safety/lib/march_safety/march_safety_node" to ""
[22.038s] -- Installing: /home/sheila/march/ros2/install/march_safety/share/march_safety//launch
[22.039s] -- Installing: /home/sheila/march/ros2/install/march_safety/share/march_safety//launch/march_safety.launch.py
[22.039s] -- Installing: /home/sheila/march/ros2/install/march_safety/share/march_safety//launch/safety_settings.yaml
[22.039s] -- Installing: /home/sheila/march/ros2/install/march_safety/share/march_safety//launch/march_safety.launch
[22.039s] -- Installing: /home/sheila/march/ros2/install/march_safety/share/march_safety//config
[22.039s] -- Installing: /home/sheila/march/ros2/install/march_safety/share/march_safety//config/safety_settings.yaml
[22.039s] -- Installing: /home/sheila/march/ros2/install/march_safety/share/ament_index/resource_index/package_run_dependencies/march_safety
[22.039s] -- Installing: /home/sheila/march/ros2/install/march_safety/share/ament_index/resource_index/parent_prefix_path/march_safety
[22.039s] -- Installing: /home/sheila/march/ros2/install/march_safety/share/march_safety/environment/ament_prefix_path.sh
[22.039s] -- Installing: /home/sheila/march/ros2/install/march_safety/share/march_safety/environment/ament_prefix_path.dsv
[22.040s] -- Installing: /home/sheila/march/ros2/install/march_safety/share/march_safety/environment/path.sh
[22.040s] -- Installing: /home/sheila/march/ros2/install/march_safety/share/march_safety/environment/path.dsv
[22.040s] -- Installing: /home/sheila/march/ros2/install/march_safety/share/march_safety/local_setup.bash
[22.040s] -- Installing: /home/sheila/march/ros2/install/march_safety/share/march_safety/local_setup.sh
[22.040s] -- Installing: /home/sheila/march/ros2/install/march_safety/share/march_safety/local_setup.zsh
[22.040s] -- Installing: /home/sheila/march/ros2/install/march_safety/share/march_safety/local_setup.dsv
[22.040s] -- Installing: /home/sheila/march/ros2/install/march_safety/share/march_safety/package.dsv
[22.041s] -- Installing: /home/sheila/march/ros2/install/march_safety/share/ament_index/resource_index/packages/march_safety
[22.041s] -- Installing: /home/sheila/march/ros2/install/march_safety/share/march_safety/cmake/march_safetyConfig.cmake
[22.041s] -- Installing: /home/sheila/march/ros2/install/march_safety/share/march_safety/cmake/march_safetyConfig-version.cmake
[22.041s] -- Installing: /home/sheila/march/ros2/install/march_safety/share/march_safety/package.xml
[22.045s] Invoked command in '/home/sheila/march/ros2/build/march_safety' returned '0': AMENT_PREFIX_PATH=/home/sheila/march/ros2/install/march_utility:/home/sheila/march/ros2/install/march_robot_information:/home/sheila/march/ros2/install/march_description:/home/sheila/march/ros2/install/march_shared_msgs:/home/sheila/march/ros2/install/march_robot_state_publisher:${AMENT_PREFIX_PATH} CMAKE_PREFIX_PATH=/home/sheila/march/ros2/install/march_utility:/home/sheila/march/ros2/install/march_description:/home/sheila/march/ros2/install/march_shared_msgs:/home/sheila/march/ros2/install/march_robot_state_publisher:/opt/ros/foxy LD_LIBRARY_PATH=/home/sheila/march/ros2/install/march_utility/lib:/home/sheila/march/ros2/install/march_shared_msgs/lib:${LD_LIBRARY_PATH} PYTHONPATH=/home/sheila/march/ros2/install/march_utility/lib/python3.8/site-packages:/home/sheila/march/ros2/install/march_robot_information/lib/python3.8/site-packages:/home/sheila/march/ros2/install/march_shared_msgs/lib/python3.8/site-packages:${PYTHONPATH} /usr/bin/cmake --install /home/sheila/march/ros2/build/march_safety
