[0.031s] Invoking command in '/home/sheila/march/ros1/build/computed_torque': CMAKE_PREFIX_PATH=/home/sheila/march/ros1/install/joint_trajectory_controller:/home/sheila/march/ros1/install/realsense_gazebo_plugin:/home/sheila/march/ros1/install/march_temperature_sensor_controller:/home/sheila/march/ros1/install/march_launch:/home/sheila/march/ros1/install/march_simulation:/home/sheila/march/ros1/install/march_rqt_gait_generator:/home/sheila/march/ros1/install/march_shared_classes:/home/sheila/march/ros1/install/march_realsense_reader:/home/sheila/march/ros1/install/march_pdb_state_controller:/home/sheila/march/ros1/install/march_parameter_server:/home/sheila/march/ros1/install/march_moveit_interface:/home/sheila/march/ros1/install/march_joint_inertia_controller:/home/sheila/march/ros1/install/march_hardware_interface:/home/sheila/march/ros1/install/march_gazebo_plugins:/home/sheila/march/ros1/install/march_gain_scheduling:/home/sheila/march/ros1/install/march_data_collector:/home/sheila/march/ros1/install/march_acado_mpc:/home/sheila/march/ros1/install/march_shared_msgs:/home/sheila/march/ros1/install/march_moveit:/home/sheila/march/ros1/install/march_imu_manager:/home/sheila/march/ros1/install/march_hardware_builder:/home/sheila/march/ros1/install/march_hardware:/home/sheila/march/ros1/install/march_description:/home/sheila/march/ros1/install/march_bridge_parameters:/home/sheila/march/ros1/install/direct_dynamic_controller:/opt/ros/noetic LD_LIBRARY_PATH=/home/sheila/march/ros1/install/joint_trajectory_controller/lib:/home/sheila/march/ros1/install/realsense_gazebo_plugin/lib:/home/sheila/march/ros1/install/march_temperature_sensor_controller/lib:/home/sheila/march/ros1/install/march_realsense_reader/lib:/home/sheila/march/ros1/install/march_pdb_state_controller/lib:/home/sheila/march/ros1/install/march_joint_inertia_controller/lib:/home/sheila/march/ros1/install/march_gazebo_plugins/lib:/home/sheila/march/ros1/install/march_acado_mpc/lib:/home/sheila/march/ros1/install/march_imu_manager/lib:/home/sheila/march/ros1/install/march_hardware_builder/lib:/home/sheila/march/ros1/install/march_hardware/lib:/home/sheila/march/ros1/install/direct_dynamic_controller/lib:/opt/ros/noetic/lib:/opt/ros/noetic/lib/x86_64-linux-gnu PKG_CONFIG_PATH=/home/sheila/march/ros1/install/joint_trajectory_controller/lib/x86_64-linux-gnu/pkgconfig:/home/sheila/march/ros1/install/joint_trajectory_controller/lib/pkgconfig:/home/sheila/march/ros1/install/realsense_gazebo_plugin/lib/x86_64-linux-gnu/pkgconfig:/home/sheila/march/ros1/install/realsense_gazebo_plugin/lib/pkgconfig:/home/sheila/march/ros1/install/march_temperature_sensor_controller/lib/x86_64-linux-gnu/pkgconfig:/home/sheila/march/ros1/install/march_temperature_sensor_controller/lib/pkgconfig:/home/sheila/march/ros1/install/march_launch/lib/x86_64-linux-gnu/pkgconfig:/home/sheila/march/ros1/install/march_launch/lib/pkgconfig:/home/sheila/march/ros1/install/march_simulation/lib/x86_64-linux-gnu/pkgconfig:/home/sheila/march/ros1/install/march_simulation/lib/pkgconfig:/home/sheila/march/ros1/install/march_rqt_gait_generator/lib/x86_64-linux-gnu/pkgconfig:/home/sheila/march/ros1/install/march_rqt_gait_generator/lib/pkgconfig:/home/sheila/march/ros1/install/march_shared_classes/lib/x86_64-linux-gnu/pkgconfig:/home/sheila/march/ros1/install/march_shared_classes/lib/pkgconfig:/home/sheila/march/ros1/install/march_realsense_reader/lib/x86_64-linux-gnu/pkgconfig:/home/sheila/march/ros1/install/march_realsense_reader/lib/pkgconfig:/home/sheila/march/ros1/install/march_pdb_state_controller/lib/x86_64-linux-gnu/pkgconfig:/home/sheila/march/ros1/install/march_pdb_state_controller/lib/pkgconfig:/home/sheila/march/ros1/install/march_parameter_server/lib/x86_64-linux-gnu/pkgconfig:/home/sheila/march/ros1/install/march_parameter_server/lib/pkgconfig:/home/sheila/march/ros1/install/march_moveit_interface/lib/x86_64-linux-gnu/pkgconfig:/home/sheila/march/ros1/install/march_moveit_interface/lib/pkgconfig:/home/sheila/march/ros1/install/march_joint_inertia_controller/lib/x86_64-linux-gnu/pkgconfig:/home/sheila/march/ros1/install/march_joint_inertia_controller/lib/pkgconfig:/home/sheila/march/ros1/install/march_hardware_interface/lib/x86_64-linux-gnu/pkgconfig:/home/sheila/march/ros1/install/march_hardware_interface/lib/pkgconfig:/home/sheila/march/ros1/install/march_gazebo_plugins/lib/x86_64-linux-gnu/pkgconfig:/home/sheila/march/ros1/install/march_gazebo_plugins/lib/pkgconfig:/home/sheila/march/ros1/install/march_gain_scheduling/lib/x86_64-linux-gnu/pkgconfig:/home/sheila/march/ros1/install/march_gain_scheduling/lib/pkgconfig:/home/sheila/march/ros1/install/march_data_collector/lib/x86_64-linux-gnu/pkgconfig:/home/sheila/march/ros1/install/march_data_collector/lib/pkgconfig:/home/sheila/march/ros1/install/march_acado_mpc/lib/x86_64-linux-gnu/pkgconfig:/home/sheila/march/ros1/install/march_acado_mpc/lib/pkgconfig:/home/sheila/march/ros1/install/march_shared_msgs/lib/x86_64-linux-gnu/pkgconfig:/home/sheila/march/ros1/install/march_shared_msgs/lib/pkgconfig:/home/sheila/march/ros1/install/march_moveit/lib/x86_64-linux-gnu/pkgconfig:/home/sheila/march/ros1/install/march_moveit/lib/pkgconfig:/home/sheila/march/ros1/install/march_imu_manager/lib/x86_64-linux-gnu/pkgconfig:/home/sheila/march/ros1/install/march_imu_manager/lib/pkgconfig:/home/sheila/march/ros1/install/march_hardware_builder/lib/x86_64-linux-gnu/pkgconfig:/home/sheila/march/ros1/install/march_hardware_builder/lib/pkgconfig:/home/sheila/march/ros1/install/march_hardware/lib/x86_64-linux-gnu/pkgconfig:/home/sheila/march/ros1/install/march_hardware/lib/pkgconfig:/home/sheila/march/ros1/install/march_description/lib/x86_64-linux-gnu/pkgconfig:/home/sheila/march/ros1/install/march_description/lib/pkgconfig:/home/sheila/march/ros1/install/march_bridge_parameters/lib/x86_64-linux-gnu/pkgconfig:/home/sheila/march/ros1/install/march_bridge_parameters/lib/pkgconfig:/home/sheila/march/ros1/install/direct_dynamic_controller/lib/x86_64-linux-gnu/pkgconfig:/home/sheila/march/ros1/install/direct_dynamic_controller/lib/pkgconfig:/home/sheila/march/ros1/install/computed_torque/lib/x86_64-linux-gnu/pkgconfig:/home/sheila/march/ros1/install/computed_torque/lib/pkgconfig:/opt/ros/noetic/lib/pkgconfig:/opt/ros/noetic/lib/x86_64-linux-gnu/pkgconfig ROS_PACKAGE_PATH=/home/sheila/march/ros1/install/joint_trajectory_controller/share:/home/sheila/march/ros1/install/realsense_gazebo_plugin/share:/home/sheila/march/ros1/install/march_temperature_sensor_controller/share:/home/sheila/march/ros1/install/march_launch/share:/home/sheila/march/ros1/install/march_simulation/share:/home/sheila/march/ros1/install/march_rqt_gait_generator/share:/home/sheila/march/ros1/install/march_shared_classes/share:/home/sheila/march/ros1/install/march_realsense_reader/share:/home/sheila/march/ros1/install/march_pdb_state_controller/share:/home/sheila/march/ros1/install/march_parameter_server/share:/home/sheila/march/ros1/install/march_moveit_interface/share:/home/sheila/march/ros1/install/march_joint_inertia_controller/share:/home/sheila/march/ros1/install/march_hardware_interface/share:/home/sheila/march/ros1/install/march_gazebo_plugins/share:/home/sheila/march/ros1/install/march_gain_scheduling/share:/home/sheila/march/ros1/install/march_data_collector/share:/home/sheila/march/ros1/install/march_acado_mpc/share:/home/sheila/march/ros1/install/march_shared_msgs/share:/home/sheila/march/ros1/install/march_moveit/share:/home/sheila/march/ros1/install/march_imu_manager/share:/home/sheila/march/ros1/install/march_hardware_builder/share:/home/sheila/march/ros1/install/march_hardware/share:/home/sheila/march/ros1/install/march_description/share:/home/sheila/march/ros1/install/march_bridge_parameters/share:/home/sheila/march/ros1/install/direct_dynamic_controller/share:/home/sheila/march/ros1/install/computed_torque/share:/opt/ros/noetic/share /usr/bin/cmake --build /home/sheila/march/ros1/build/computed_torque -- -j4 -l4
[0.119s] [  0%] Built target dynamic_reconfigure_generate_messages_nodejs
[0.123s] [  0%] Built target sensor_msgs_generate_messages_nodejs
[0.127s] [  0%] Built target sensor_msgs_generate_messages_cpp
[0.133s] [  0%] Built target sensor_msgs_generate_messages_py
[0.168s] [  0%] Built target march_shared_msgs_generate_messages_py
[0.172s] [  0%] Built target march_shared_msgs_generate_messages_nodejs
[0.172s] [  0%] Built target march_shared_msgs_generate_messages_eus
[0.187s] [  0%] Built target roscpp_generate_messages_eus
[0.210s] [  0%] Built target roscpp_generate_messages_cpp
[0.211s] [  0%] Built target control_toolbox_gencfg
[0.221s] [  0%] Built target std_msgs_generate_messages_py
[0.230s] [  0%] Built target march_shared_msgs_generate_messages_cpp
[0.251s] [  0%] Built target std_msgs_generate_messages_nodejs
[0.253s] [  0%] Built target geometry_msgs_generate_messages_eus
[0.272s] [  0%] Built target roscpp_generate_messages_nodejs
[0.272s] [  0%] Built target std_msgs_generate_messages_cpp
[0.293s] [  0%] Built target actionlib_generate_messages_cpp
[0.300s] [  0%] Built target actionlib_msgs_generate_messages_py
[0.313s] [  0%] Built target rosgraph_msgs_generate_messages_nodejs
[0.317s] [  0%] Built target march_shared_msgs_generate_messages_lisp
[0.336s] [  0%] Built target rosgraph_msgs_generate_messages_lisp
[0.353s] [  0%] Built target actionlib_generate_messages_py
[0.355s] [  0%] Built target actionlib_generate_messages_lisp
[0.357s] [  0%] Built target _catkin_empty_exported_target
[0.391s] [  0%] Built target actionlib_generate_messages_nodejs
[0.396s] [  0%] Built target trajectory_msgs_generate_messages_nodejs
[0.398s] [  0%] Built target trajectory_msgs_generate_messages_cpp
[0.406s] [  0%] Built target control_msgs_generate_messages_eus
[0.436s] [  0%] Built target control_toolbox_generate_messages_py
[0.447s] [  0%] Built target rosgraph_msgs_generate_messages_py
[0.449s] [  0%] Built target actionlib_msgs_generate_messages_nodejs
[0.455s] [  0%] Built target std_msgs_generate_messages_eus
[0.481s] [  0%] Built target actionlib_msgs_generate_messages_lisp
[0.490s] [  0%] Built target actionlib_msgs_generate_messages_cpp
[0.490s] [  0%] Built target rosgraph_msgs_generate_messages_eus
[0.499s] [  0%] Built target sensor_msgs_generate_messages_lisp
[0.524s] [  0%] Built target sensor_msgs_generate_messages_eus
[0.532s] [  0%] Built target control_msgs_generate_messages_lisp
[0.534s] [  0%] Built target std_msgs_generate_messages_lisp
[0.544s] [  0%] Built target control_msgs_generate_messages_cpp
[0.565s] [  0%] Built target roscpp_generate_messages_lisp
[0.583s] [  0%] Built target control_toolbox_generate_messages_nodejs
[0.585s] [  0%] Built target actionlib_msgs_generate_messages_eus
[0.590s] [  0%] Built target dynamic_reconfigure_generate_messages_py
[0.605s] [  0%] Built target control_msgs_generate_messages_nodejs
[0.628s] [  0%] Built target control_msgs_generate_messages_py
[0.628s] [  0%] Built target geometry_msgs_generate_messages_cpp
[0.633s] [  0%] Built target geometry_msgs_generate_messages_lisp
[0.650s] [  0%] Built target geometry_msgs_generate_messages_py
[0.670s] [  0%] Built target trajectory_msgs_generate_messages_lisp
[0.670s] [  0%] Built target rosgraph_msgs_generate_messages_cpp
[0.696s] [  0%] Built target actionlib_generate_messages_eus
[0.704s] [  0%] Built target trajectory_msgs_generate_messages_py
[0.716s] [  0%] Built target roscpp_generate_messages_py
[0.716s] [  0%] Built target trajectory_msgs_generate_messages_eus
[0.738s] [  0%] Built target control_toolbox_generate_messages_cpp
[0.749s] [  0%] Built target control_toolbox_generate_messages_eus
[0.762s] [  0%] Built target dynamic_reconfigure_generate_messages_cpp
[0.766s] [  0%] Built target control_toolbox_generate_messages_lisp
[0.782s] [  0%] Built target geometry_msgs_generate_messages_nodejs
[0.789s] [  0%] Built target dynamic_reconfigure_generate_messages_eus
[0.798s] [  0%] Built target dynamic_reconfigure_gencfg
[0.804s] [  0%] Built target dynamic_reconfigure_generate_messages_lisp
[0.819s] [35m[1mScanning dependencies of target computed_torque_lib[0m
[0.900s] [ 50%] [32mBuilding CXX object CMakeFiles/computed_torque_lib.dir/src/computed_torque_controller.cpp.o[0m
[5.076s] In file included from [01m[K/home/sheila/march/ros1/src/control/computed_torque/src/computed_torque_controller.cpp:5[m[K:
[5.077s] [01m[K/home/sheila/march/ros1/src/control/computed_torque/include/computed_torque/computed_torque_controller.h:81:31:[m[K [01;31m[Kerror: [m[K‘[01m[KState[m[K’ does not name a type
[5.077s]    81 |                         const [01;31m[KState[m[K& desired_state,
[5.077s]       |                               [01;31m[K^~~~~[m[K
[5.080s] [01m[K/home/sheila/march/ros1/src/control/computed_torque/include/computed_torque/computed_torque_controller.h:82:31:[m[K [01;31m[Kerror: [m[K‘[01m[KState[m[K’ does not name a type
[5.080s]    82 |                         const [01;31m[KState[m[K& state_error );
[5.080s]       |                               [01;31m[K^~~~~[m[K
[5.132s] In file included from [01m[K/home/sheila/march/ros1/src/control/computed_torque/include/computed_torque/computed_torque_controller.h:159[m[K,
[5.132s]                  from [01m[K/home/sheila/march/ros1/src/control/computed_torque/src/computed_torque_controller.cpp:5[m[K:
[5.132s] [01m[K/home/sheila/march/ros1/src/control/computed_torque/include/computed_torque/computed_torque_controller.hpp:76:53:[m[K [01;31m[Kerror: [m[K‘[01m[KState[m[K’ does not name a type
[5.132s]    76 |                                               const [01;31m[KState[m[K& desired_state,
[5.133s]       |                                                     [01;31m[K^~~~~[m[K
[5.135s] [01m[K/home/sheila/march/ros1/src/control/computed_torque/include/computed_torque/computed_torque_controller.hpp:77:53:[m[K [01;31m[Kerror: [m[K‘[01m[KState[m[K’ does not name a type
[5.135s]    77 |                                               const [01;31m[KState[m[K& state_error ){
[5.135s]       |                                                     [01;31m[K^~~~~[m[K
[5.135s] [01m[K/home/sheila/march/ros1/src/control/computed_torque/include/computed_torque/computed_torque_controller.hpp:[m[K In member function ‘[01m[Kvoid controller_ns::computed_torque_controller_class::update(const ros::Time&, const ros::Duration&, const int&, const int&)[m[K’:
[5.135s] [01m[K/home/sheila/march/ros1/src/control/computed_torque/include/computed_torque/computed_torque_controller.hpp:88:42:[m[K [01;31m[Kerror: [m[Krequest for member ‘[01m[Kacceleration[m[K’ in ‘[01m[Kdesired_state[m[K’, which is of non-class type ‘[01m[Kconst int[m[K’
[5.136s]    88 |       desired.qdotdot(i) = desired_state.[01;31m[Kacceleration[m[K[i];
[5.136s]       |                                          [01;31m[K^~~~~~~~~~~~[m[K
[5.136s] [01m[K/home/sheila/march/ros1/src/control/computed_torque/include/computed_torque/computed_torque_controller.hpp:90:32:[m[K [01;31m[Kerror: [m[Krequest for member ‘[01m[Kposition[m[K’ in ‘[01m[Kstate_error[m[K’, which is of non-class type ‘[01m[Kconst int[m[K’
[5.136s]    90 |       error.q(i) = state_error.[01;31m[Kposition[m[K[i];
[5.136s]       |                                [01;31m[K^~~~~~~~[m[K
[5.136s] [01m[K/home/sheila/march/ros1/src/control/computed_torque/include/computed_torque/computed_torque_controller.hpp:91:35:[m[K [01;31m[Kerror: [m[Krequest for member ‘[01m[Kvelocity[m[K’ in ‘[01m[Kstate_error[m[K’, which is of non-class type ‘[01m[Kconst int[m[K’
[5.136s]    91 |       error.qdot(i) = state_error.[01;31m[Kvelocity[m[K[i];
[5.136s]       |                                   [01;31m[K^~~~~~~~[m[K
[5.234s] [01m[K/home/sheila/march/ros1/src/control/computed_torque/include/computed_torque/computed_torque_controller.hpp:118:9:[m[K [01;31m[Kerror: [m[Kexpected ‘[01m[K,[m[K’ or ‘[01m[K;[m[K’ before ‘[01m[Kif[m[K’
[5.234s]   118 |         [01;31m[Kif[m[K(!std::isnan(command))
[5.234s]       |         [01;31m[K^~[m[K
[6.607s] In file included from [01m[K/opt/ros/noetic/include/class_loader/class_loader_core.hpp:45[m[K,
[6.607s]                  from [01m[K/opt/ros/noetic/include/class_loader/class_loader.hpp:46[m[K,
[6.608s]                  from [01m[K/opt/ros/noetic/include/pluginlib/./class_list_macros.hpp:40[m[K,
[6.608s]                  from [01m[K/opt/ros/noetic/include/pluginlib/class_list_macros.h:35[m[K,
[6.608s]                  from [01m[K/home/sheila/march/ros1/src/control/computed_torque/src/computed_torque_controller.cpp:2[m[K:
[6.608s] /opt/ros/noetic/include/class_loader/meta_object.hpp: In instantiation of ‘[01m[KB* class_loader::impl::MetaObject<C, B>::create() const [with C = controller_ns::computed_torque_controller_class; B = controller_interface::ControllerBase][m[K’:
[6.608s] [01m[K/opt/ros/noetic/include/class_loader/meta_object.hpp:196:7:[m[K   required from here
[6.608s] [01m[K/opt/ros/noetic/include/class_loader/meta_object.hpp:198:12:[m[K [01;31m[Kerror: [m[Kinvalid new-expression of abstract class type ‘[01m[Kcontroller_ns::computed_torque_controller_class[m[K’
[6.609s]   198 |     return [01;31m[Knew C[m[K;
[6.609s]       |            [01;31m[K^~~~~[m[K
[6.609s] In file included from [01m[K/home/sheila/march/ros1/src/control/computed_torque/src/computed_torque_controller.cpp:5[m[K:
[6.609s] [01m[K/home/sheila/march/ros1/src/control/computed_torque/include/computed_torque/computed_torque_controller.h:75:11:[m[K [01;36m[Knote: [m[K  because the following virtual functions are pure within ‘[01m[Kcontroller_ns::computed_torque_controller_class[m[K’:
[6.609s]    75 |     class [01;36m[Kcomputed_torque_controller_class[m[K : public controller_interface::Controller<hardware_interface::EffortJointInterface> {
[6.609s]       |           [01;36m[K^~~~~~~~~~~~~~~~~~~~~~~~~~~~~~~~[m[K
[6.610s] In file included from [01m[K/opt/ros/noetic/include/controller_interface/controller.h:35[m[K,
[6.610s]                  from [01m[K/home/sheila/march/ros1/src/control/computed_torque/include/computed_torque/computed_torque_controller.h:24[m[K,
[6.610s]                  from [01m[K/home/sheila/march/ros1/src/control/computed_torque/src/computed_torque_controller.cpp:5[m[K:
[6.610s] [01m[K/opt/ros/noetic/include/controller_interface/controller_base.h:73:16:[m[K [01;36m[Knote: [m[K	‘[01m[Kvirtual void controller_interface::ControllerBase::update(const ros::Time&, const ros::Duration&)[m[K’
[6.610s]    73 |   virtual void [01;36m[Kupdate[m[K(const ros::Time& time, const ros::Duration& period) = 0;
[6.610s]       |                [01;36m[K^~~~~~[m[K
[7.199s] make[2]: *** [CMakeFiles/computed_torque_lib.dir/build.make:63: CMakeFiles/computed_torque_lib.dir/src/computed_torque_controller.cpp.o] Error 1
[7.199s] make[1]: *** [CMakeFiles/Makefile2:265: CMakeFiles/computed_torque_lib.dir/all] Error 2
[7.199s] make: *** [Makefile:141: all] Error 2
[7.203s] Invoked command in '/home/sheila/march/ros1/build/computed_torque' returned '2': CMAKE_PREFIX_PATH=/home/sheila/march/ros1/install/joint_trajectory_controller:/home/sheila/march/ros1/install/realsense_gazebo_plugin:/home/sheila/march/ros1/install/march_temperature_sensor_controller:/home/sheila/march/ros1/install/march_launch:/home/sheila/march/ros1/install/march_simulation:/home/sheila/march/ros1/install/march_rqt_gait_generator:/home/sheila/march/ros1/install/march_shared_classes:/home/sheila/march/ros1/install/march_realsense_reader:/home/sheila/march/ros1/install/march_pdb_state_controller:/home/sheila/march/ros1/install/march_parameter_server:/home/sheila/march/ros1/install/march_moveit_interface:/home/sheila/march/ros1/install/march_joint_inertia_controller:/home/sheila/march/ros1/install/march_hardware_interface:/home/sheila/march/ros1/install/march_gazebo_plugins:/home/sheila/march/ros1/install/march_gain_scheduling:/home/sheila/march/ros1/install/march_data_collector:/home/sheila/march/ros1/install/march_acado_mpc:/home/sheila/march/ros1/install/march_shared_msgs:/home/sheila/march/ros1/install/march_moveit:/home/sheila/march/ros1/install/march_imu_manager:/home/sheila/march/ros1/install/march_hardware_builder:/home/sheila/march/ros1/install/march_hardware:/home/sheila/march/ros1/install/march_description:/home/sheila/march/ros1/install/march_bridge_parameters:/home/sheila/march/ros1/install/direct_dynamic_controller:/opt/ros/noetic LD_LIBRARY_PATH=/home/sheila/march/ros1/install/joint_trajectory_controller/lib:/home/sheila/march/ros1/install/realsense_gazebo_plugin/lib:/home/sheila/march/ros1/install/march_temperature_sensor_controller/lib:/home/sheila/march/ros1/install/march_realsense_reader/lib:/home/sheila/march/ros1/install/march_pdb_state_controller/lib:/home/sheila/march/ros1/install/march_joint_inertia_controller/lib:/home/sheila/march/ros1/install/march_gazebo_plugins/lib:/home/sheila/march/ros1/install/march_acado_mpc/lib:/home/sheila/march/ros1/install/march_imu_manager/lib:/home/sheila/march/ros1/install/march_hardware_builder/lib:/home/sheila/march/ros1/install/march_hardware/lib:/home/sheila/march/ros1/install/direct_dynamic_controller/lib:/opt/ros/noetic/lib:/opt/ros/noetic/lib/x86_64-linux-gnu PKG_CONFIG_PATH=/home/sheila/march/ros1/install/joint_trajectory_controller/lib/x86_64-linux-gnu/pkgconfig:/home/sheila/march/ros1/install/joint_trajectory_controller/lib/pkgconfig:/home/sheila/march/ros1/install/realsense_gazebo_plugin/lib/x86_64-linux-gnu/pkgconfig:/home/sheila/march/ros1/install/realsense_gazebo_plugin/lib/pkgconfig:/home/sheila/march/ros1/install/march_temperature_sensor_controller/lib/x86_64-linux-gnu/pkgconfig:/home/sheila/march/ros1/install/march_temperature_sensor_controller/lib/pkgconfig:/home/sheila/march/ros1/install/march_launch/lib/x86_64-linux-gnu/pkgconfig:/home/sheila/march/ros1/install/march_launch/lib/pkgconfig:/home/sheila/march/ros1/install/march_simulation/lib/x86_64-linux-gnu/pkgconfig:/home/sheila/march/ros1/install/march_simulation/lib/pkgconfig:/home/sheila/march/ros1/install/march_rqt_gait_generator/lib/x86_64-linux-gnu/pkgconfig:/home/sheila/march/ros1/install/march_rqt_gait_generator/lib/pkgconfig:/home/sheila/march/ros1/install/march_shared_classes/lib/x86_64-linux-gnu/pkgconfig:/home/sheila/march/ros1/install/march_shared_classes/lib/pkgconfig:/home/sheila/march/ros1/install/march_realsense_reader/lib/x86_64-linux-gnu/pkgconfig:/home/sheila/march/ros1/install/march_realsense_reader/lib/pkgconfig:/home/sheila/march/ros1/install/march_pdb_state_controller/lib/x86_64-linux-gnu/pkgconfig:/home/sheila/march/ros1/install/march_pdb_state_controller/lib/pkgconfig:/home/sheila/march/ros1/install/march_parameter_server/lib/x86_64-linux-gnu/pkgconfig:/home/sheila/march/ros1/install/march_parameter_server/lib/pkgconfig:/home/sheila/march/ros1/install/march_moveit_interface/lib/x86_64-linux-gnu/pkgconfig:/home/sheila/march/ros1/install/march_moveit_interface/lib/pkgconfig:/home/sheila/march/ros1/install/march_joint_inertia_controller/lib/x86_64-linux-gnu/pkgconfig:/home/sheila/march/ros1/install/march_joint_inertia_controller/lib/pkgconfig:/home/sheila/march/ros1/install/march_hardware_interface/lib/x86_64-linux-gnu/pkgconfig:/home/sheila/march/ros1/install/march_hardware_interface/lib/pkgconfig:/home/sheila/march/ros1/install/march_gazebo_plugins/lib/x86_64-linux-gnu/pkgconfig:/home/sheila/march/ros1/install/march_gazebo_plugins/lib/pkgconfig:/home/sheila/march/ros1/install/march_gain_scheduling/lib/x86_64-linux-gnu/pkgconfig:/home/sheila/march/ros1/install/march_gain_scheduling/lib/pkgconfig:/home/sheila/march/ros1/install/march_data_collector/lib/x86_64-linux-gnu/pkgconfig:/home/sheila/march/ros1/install/march_data_collector/lib/pkgconfig:/home/sheila/march/ros1/install/march_acado_mpc/lib/x86_64-linux-gnu/pkgconfig:/home/sheila/march/ros1/install/march_acado_mpc/lib/pkgconfig:/home/sheila/march/ros1/install/march_shared_msgs/lib/x86_64-linux-gnu/pkgconfig:/home/sheila/march/ros1/install/march_shared_msgs/lib/pkgconfig:/home/sheila/march/ros1/install/march_moveit/lib/x86_64-linux-gnu/pkgconfig:/home/sheila/march/ros1/install/march_moveit/lib/pkgconfig:/home/sheila/march/ros1/install/march_imu_manager/lib/x86_64-linux-gnu/pkgconfig:/home/sheila/march/ros1/install/march_imu_manager/lib/pkgconfig:/home/sheila/march/ros1/install/march_hardware_builder/lib/x86_64-linux-gnu/pkgconfig:/home/sheila/march/ros1/install/march_hardware_builder/lib/pkgconfig:/home/sheila/march/ros1/install/march_hardware/lib/x86_64-linux-gnu/pkgconfig:/home/sheila/march/ros1/install/march_hardware/lib/pkgconfig:/home/sheila/march/ros1/install/march_description/lib/x86_64-linux-gnu/pkgconfig:/home/sheila/march/ros1/install/march_description/lib/pkgconfig:/home/sheila/march/ros1/install/march_bridge_parameters/lib/x86_64-linux-gnu/pkgconfig:/home/sheila/march/ros1/install/march_bridge_parameters/lib/pkgconfig:/home/sheila/march/ros1/install/direct_dynamic_controller/lib/x86_64-linux-gnu/pkgconfig:/home/sheila/march/ros1/install/direct_dynamic_controller/lib/pkgconfig:/home/sheila/march/ros1/install/computed_torque/lib/x86_64-linux-gnu/pkgconfig:/home/sheila/march/ros1/install/computed_torque/lib/pkgconfig:/opt/ros/noetic/lib/pkgconfig:/opt/ros/noetic/lib/x86_64-linux-gnu/pkgconfig ROS_PACKAGE_PATH=/home/sheila/march/ros1/install/joint_trajectory_controller/share:/home/sheila/march/ros1/install/realsense_gazebo_plugin/share:/home/sheila/march/ros1/install/march_temperature_sensor_controller/share:/home/sheila/march/ros1/install/march_launch/share:/home/sheila/march/ros1/install/march_simulation/share:/home/sheila/march/ros1/install/march_rqt_gait_generator/share:/home/sheila/march/ros1/install/march_shared_classes/share:/home/sheila/march/ros1/install/march_realsense_reader/share:/home/sheila/march/ros1/install/march_pdb_state_controller/share:/home/sheila/march/ros1/install/march_parameter_server/share:/home/sheila/march/ros1/install/march_moveit_interface/share:/home/sheila/march/ros1/install/march_joint_inertia_controller/share:/home/sheila/march/ros1/install/march_hardware_interface/share:/home/sheila/march/ros1/install/march_gazebo_plugins/share:/home/sheila/march/ros1/install/march_gain_scheduling/share:/home/sheila/march/ros1/install/march_data_collector/share:/home/sheila/march/ros1/install/march_acado_mpc/share:/home/sheila/march/ros1/install/march_shared_msgs/share:/home/sheila/march/ros1/install/march_moveit/share:/home/sheila/march/ros1/install/march_imu_manager/share:/home/sheila/march/ros1/install/march_hardware_builder/share:/home/sheila/march/ros1/install/march_hardware/share:/home/sheila/march/ros1/install/march_description/share:/home/sheila/march/ros1/install/march_bridge_parameters/share:/home/sheila/march/ros1/install/direct_dynamic_controller/share:/home/sheila/march/ros1/install/computed_torque/share:/opt/ros/noetic/share /usr/bin/cmake --build /home/sheila/march/ros1/build/computed_torque -- -j4 -l4
