In file included from [01m[K/home/sheila/march/ros1/src/control/computed_torque/src/computed_torque_controller.cpp:5[m[K:
[01m[K/home/sheila/march/ros1/src/control/computed_torque/include/computed_torque/computed_torque_controller.h:68:60:[m[K [01;31m[Kerror: [m[K‘[01m[KState[m[K’ in namespace ‘[01m[Kjoint_trajectory_controller[m[K’ does not name a type
   68 |                         const joint_trajectory_controller::[01;31m[KState[m[K& desired_state,
      |                                                            [01;31m[K^~~~~[m[K
[01m[K/home/sheila/march/ros1/src/control/computed_torque/include/computed_torque/computed_torque_controller.h:69:60:[m[K [01;31m[Kerror: [m[K‘[01m[KState[m[K’ in namespace ‘[01m[Kjoint_trajectory_controller[m[K’ does not name a type
   69 |                         const joint_trajectory_controller::[01;31m[KState[m[K& state_error );
      |                                                            [01;31m[K^~~~~[m[K
In file included from [01m[K/home/sheila/march/ros1/src/control/computed_torque/include/computed_torque/computed_torque_controller.h:124[m[K,
                 from [01m[K/home/sheila/march/ros1/src/control/computed_torque/src/computed_torque_controller.cpp:5[m[K:
[01m[K/home/sheila/march/ros1/src/control/computed_torque/include/computed_torque/computed_torque_controller.hpp:75:82:[m[K [01;31m[Kerror: [m[K‘[01m[KState[m[K’ in namespace ‘[01m[Kjoint_trajectory_controller[m[K’ does not name a type
   75 |                                 const joint_trajectory_controller::[01;31m[KState[m[K& desired_state,
      |                                                                    [01;31m[K^~~~~[m[K

[01m[K/home/sheila/march/ros1/src/control/computed_torque/include/computed_torque/computed_torque_controller.hpp:76:82:[m[K [01;31m[Kerror: [m[K‘[01m[KState[m[K’ in namespace ‘[01m[Kjoint_trajectory_controller[m[K’ does not name a type
   76 |                                 const joint_trajectory_controller::[01;31m[KState[m[K& state_error ){
      |                                                                    [01;31m[K^~~~~[m[K

[01m[K/home/sheila/march/ros1/src/control/computed_torque/include/computed_torque/computed_torque_controller.hpp:[m[K In member function ‘[01m[Kvoid controller_ns::computed_torque_controller_class::update(const ros::Time&, const ros::Duration&, const int&, const int&)[m[K’:
[01m[K/home/sheila/march/ros1/src/control/computed_torque/include/computed_torque/computed_torque_controller.hpp:81:7:[m[K [01;31m[Kerror: [m[K‘[01m[Kcurrent[m[K’ was not declared in this scope; did you mean ‘[01m[Kcurrent_vel[m[K’?
   81 |       [01;31m[Kcurrent[m[K.q(i) = (*joint_handles_ptr_)[i].getPosition();
      |       [01;31m[K^~~~~~~[m[K
      |       [32m[Kcurrent_vel[m[K
[01m[K/home/sheila/march/ros1/src/control/computed_torque/include/computed_torque/computed_torque_controller.hpp:85:7:[m[K [01;31m[Kerror: [m[K‘[01m[Kdesired[m[K’ was not declared in this scope
   85 |       [01;31m[Kdesired[m[K.q(i) = desired_state.position[i];
      |       [01;31m[K^~~~~~~[m[K
[01m[K/home/sheila/march/ros1/src/control/computed_torque/include/computed_torque/computed_torque_controller.hpp:85:36:[m[K [01;31m[Kerror: [m[Krequest for member ‘[01m[Kposition[m[K’ in ‘[01m[Kdesired_state[m[K’, which is of non-class type ‘[01m[Kconst int[m[K’
   85 |       desired.q(i) = desired_state.[01;31m[Kposition[m[K[i];
      |                                    [01;31m[K^~~~~~~~[m[K
[01m[K/home/sheila/march/ros1/src/control/computed_torque/include/computed_torque/computed_torque_controller.hpp:86:39:[m[K [01;31m[Kerror: [m[Krequest for member ‘[01m[Kvelocity[m[K’ in ‘[01m[Kdesired_state[m[K’, which is of non-class type ‘[01m[Kconst int[m[K’
   86 |       desired.qdot(i) = desired_state.[01;31m[Kvelocity[m[K[i];
      |                                       [01;31m[K^~~~~~~~[m[K
[01m[K/home/sheila/march/ros1/src/control/computed_torque/include/computed_torque/computed_torque_controller.hpp:87:42:[m[K [01;31m[Kerror: [m[Krequest for member ‘[01m[Kacceleration[m[K’ in ‘[01m[Kdesired_state[m[K’, which is of non-class type ‘[01m[Kconst int[m[K’
   87 |       desired.qdotdot(i) = desired_state.[01;31m[Kacceleration[m[K[i];
      |                                          [01;31m[K^~~~~~~~~~~~[m[K
[01m[K/home/sheila/march/ros1/src/control/computed_torque/include/computed_torque/computed_torque_controller.hpp:89:7:[m[K [01;31m[Kerror: [m[K‘[01m[Kerror[m[K’ was not declared in this scope; did you mean ‘[01m[Kperror[m[K’?
   89 |       [01;31m[Kerror[m[K.q(i) = state_error.position[i];
      |       [01;31m[K^~~~~[m[K
      |       [32m[Kperror[m[K
[01m[K/home/sheila/march/ros1/src/control/computed_torque/include/computed_torque/computed_torque_controller.hpp:89:32:[m[K [01;31m[Kerror: [m[Krequest for member ‘[01m[Kposition[m[K’ in ‘[01m[Kstate_error[m[K’, which is of non-class type ‘[01m[Kconst int[m[K’
   89 |       error.q(i) = state_error.[01;31m[Kposition[m[K[i];
      |                                [01;31m[K^~~~~~~~[m[K
[01m[K/home/sheila/march/ros1/src/control/computed_torque/include/computed_torque/computed_torque_controller.hpp:90:35:[m[K [01;31m[Kerror: [m[Krequest for member ‘[01m[Kvelocity[m[K’ in ‘[01m[Kstate_error[m[K’, which is of non-class type ‘[01m[Kconst int[m[K’
   90 |       error.qdot(i) = state_error.[01;31m[Kvelocity[m[K[i];
      |                                   [01;31m[K^~~~~~~~[m[K
[01m[K/home/sheila/march/ros1/src/control/computed_torque/include/computed_torque/computed_torque_controller.hpp:105:54:[m[K [01;31m[Kerror: [m[K‘[01m[Kchain[m[K’ was not declared in this scope
  105 |     KDL::ChainDynParam dynamics = KDL::ChainDynParam([01;31m[Kchain[m[K, KDL::Vector(0.0,0.0,-9.81));
      |                                                      [01;31m[K^~~~~[m[K
[01m[K/home/sheila/march/ros1/src/control/computed_torque/include/computed_torque/computed_torque_controller.hpp:108:27:[m[K [01;31m[Kerror: [m[K‘[01m[Kcurrent[m[K’ was not declared in this scope; did you mean ‘[01m[Kcurrent_vel[m[K’?
  108 |     dynamics.JntToGravity([01;31m[Kcurrent[m[K.q,G);
      |                           [01;31m[K^~~~~~~[m[K
      |                           [32m[Kcurrent_vel[m[K
[01m[K/home/sheila/march/ros1/src/control/computed_torque/include/computed_torque/computed_torque_controller.hpp:112:24:[m[K [01;31m[Kerror: [m[K‘[01m[Kdesired[m[K’ was not declared in this scope
  112 |     tau.data = M.data*([01;31m[Kdesired[m[K.qdotdot.data + Kp*error.q.data + Kv*error.qdot.data) + C.data + G.data - F * current.qdot.data;
      |                        [01;31m[K^~~~~~~[m[K
[01m[K/home/sheila/march/ros1/src/control/computed_torque/include/computed_torque/computed_torque_controller.hpp:112:50:[m[K [01;31m[Kerror: [m[K‘[01m[Kerror[m[K’ was not declared in this scope; did you mean ‘[01m[Kperror[m[K’?
  112 |     tau.data = M.data*(desired.qdotdot.data + Kp*[01;31m[Kerror[m[K.q.data + Kv*error.qdot.data) + C.data + G.data - F * current.qdot.data;
      |                                                  [01;31m[K^~~~~[m[K
      |                                                  [32m[Kperror[m[K
[01m[K/home/sheila/march/ros1/src/control/computed_torque/include/computed_torque/computed_torque_controller.hpp:117:54:[m[K [01;31m[Kerror: [m[K‘[01m[Kerrror[m[K’ was not declared in this scope; did you mean ‘[01m[Kperror[m[K’?
  117 |         const double command = -Kp*error.q.data - Kv*[01;31m[Kerrror[m[K.qdot.data;
      |                                                      [01;31m[K^~~~~~[m[K
      |                                                      [32m[Kperror[m[K
In file included from [01m[K/opt/ros/noetic/include/class_loader/class_loader_core.hpp:45[m[K,
                 from [01m[K/opt/ros/noetic/include/class_loader/class_loader.hpp:46[m[K,
                 from [01m[K/opt/ros/noetic/include/pluginlib/./class_list_macros.hpp:40[m[K,
                 from [01m[K/opt/ros/noetic/include/pluginlib/class_list_macros.h:35[m[K,
                 from [01m[K/home/sheila/march/ros1/src/control/computed_torque/src/computed_torque_controller.cpp:2[m[K:
/opt/ros/noetic/include/class_loader/meta_object.hpp: In instantiation of ‘[01m[KB* class_loader::impl::MetaObject<C, B>::create() const [with C = controller_ns::computed_torque_controller_class; B = controller_interface::ControllerBase][m[K’:
[01m[K/opt/ros/noetic/include/class_loader/meta_object.hpp:196:7:[m[K   required from here
[01m[K/opt/ros/noetic/include/class_loader/meta_object.hpp:198:12:[m[K [01;31m[Kerror: [m[Kinvalid new-expression of abstract class type ‘[01m[Kcontroller_ns::computed_torque_controller_class[m[K’
  198 |     return [01;31m[Knew C[m[K;
      |            [01;31m[K^~~~~[m[K
In file included from [01m[K/home/sheila/march/ros1/src/control/computed_torque/src/computed_torque_controller.cpp:5[m[K:
[01m[K/home/sheila/march/ros1/src/control/computed_torque/include/computed_torque/computed_torque_controller.h:62:11:[m[K [01;36m[Knote: [m[K  because the following virtual functions are pure within ‘[01m[Kcontroller_ns::computed_torque_controller_class[m[K’:
   62 |     class [01;36m[Kcomputed_torque_controller_class[m[K : public controller_interface::Controller<hardware_interface::EffortJointInterface> {
      |           [01;36m[K^~~~~~~~~~~~~~~~~~~~~~~~~~~~~~~~[m[K
In file included from [01m[K/opt/ros/noetic/include/controller_interface/controller.h:35[m[K,
                 from [01m[K/home/sheila/march/ros1/src/control/computed_torque/include/computed_torque/computed_torque_controller.h:23[m[K,
                 from [01m[K/home/sheila/march/ros1/src/control/computed_torque/src/computed_torque_controller.cpp:5[m[K:
[01m[K/opt/ros/noetic/include/controller_interface/controller_base.h:73:16:[m[K [01;36m[Knote: [m[K	‘[01m[Kvirtual void controller_interface::ControllerBase::update(const ros::Time&, const ros::Duration&)[m[K’
   73 |   virtual void [01;36m[Kupdate[m[K(const ros::Time& time, const ros::Duration& period) = 0;
      |                [01;36m[K^~~~~~[m[K
make[2]: *** [CMakeFiles/computed_torque_lib.dir/build.make:63: CMakeFiles/computed_torque_lib.dir/src/computed_torque_controller.cpp.o] Error 1
make[1]: *** [CMakeFiles/Makefile2:1811: CMakeFiles/computed_torque_lib.dir/all] Error 2
make: *** [Makefile:141: all] Error 2
