[0.018s] Invoking command in '/home/sheila/march/ros1/build/computed_torque': /usr/bin/cmake --build /home/sheila/march/ros1/build/computed_torque -- -j4 -l4
[0.102s] [  0%] Built target dynamic_reconfigure_generate_messages_nodejs
[0.103s] [  0%] Built target sensor_msgs_generate_messages_cpp
[0.103s] [  0%] Built target sensor_msgs_generate_messages_py
[0.104s] [  0%] Built target sensor_msgs_generate_messages_nodejs
[0.144s] [  0%] Built target march_shared_msgs_generate_messages_py
[0.147s] [  0%] Built target march_shared_msgs_generate_messages_eus
[0.150s] [  0%] Built target march_shared_msgs_generate_messages_nodejs
[0.152s] [  0%] Built target roscpp_generate_messages_eus
[0.183s] [  0%] Built target roscpp_generate_messages_cpp
[0.186s] [  0%] Built target control_toolbox_gencfg
[0.189s] [  0%] Built target std_msgs_generate_messages_py
[0.197s] [  0%] Built target march_shared_msgs_generate_messages_cpp
[0.227s] [  0%] Built target geometry_msgs_generate_messages_eus
[0.227s] [  0%] Built target std_msgs_generate_messages_nodejs
[0.230s] [  0%] Built target roscpp_generate_messages_nodejs
[0.239s] [  0%] Built target std_msgs_generate_messages_cpp
[0.267s] [  0%] Built target actionlib_msgs_generate_messages_py
[0.267s] [  0%] Built target actionlib_generate_messages_cpp
[0.269s] [  0%] Built target march_shared_msgs_generate_messages_lisp
[0.280s] [  0%] Built target rosgraph_msgs_generate_messages_nodejs
[0.306s] [  0%] Built target actionlib_generate_messages_py
[0.306s] [  0%] Built target rosgraph_msgs_generate_messages_lisp
[0.307s] [  0%] Built target actionlib_generate_messages_lisp
[0.324s] [  0%] Built target _catkin_empty_exported_target
[0.344s] [  0%] Built target actionlib_generate_messages_nodejs
[0.345s] [  0%] Built target control_msgs_generate_messages_eus
[0.345s] [  0%] Built target trajectory_msgs_generate_messages_nodejs
[0.365s] [  0%] Built target trajectory_msgs_generate_messages_cpp
[0.383s] [  0%] Built target control_toolbox_generate_messages_py
[0.383s] [  0%] Built target rosgraph_msgs_generate_messages_py
[0.386s] [  0%] Built target std_msgs_generate_messages_eus
[0.404s] [  0%] Built target actionlib_msgs_generate_messages_nodejs
[0.422s] [  0%] Built target actionlib_msgs_generate_messages_lisp
[0.422s] [  0%] Built target actionlib_msgs_generate_messages_cpp
[0.425s] [  0%] Built target rosgraph_msgs_generate_messages_eus
[0.443s] [  0%] Built target sensor_msgs_generate_messages_lisp
[0.463s] [  0%] Built target control_msgs_generate_messages_lisp
[0.463s] [  0%] Built target std_msgs_generate_messages_lisp
[0.463s] [  0%] Built target sensor_msgs_generate_messages_eus
[0.483s] [  0%] Built target control_msgs_generate_messages_cpp
[0.501s] [  0%] Built target roscpp_generate_messages_lisp
[0.501s] [  0%] Built target control_toolbox_generate_messages_nodejs
[0.503s] [  0%] Built target actionlib_msgs_generate_messages_eus
[0.521s] [  0%] Built target dynamic_reconfigure_generate_messages_py
[0.540s] [  0%] Built target control_msgs_generate_messages_py
[0.541s] [  0%] Built target geometry_msgs_generate_messages_cpp
[0.542s] [  0%] Built target control_msgs_generate_messages_nodejs
[0.560s] [  0%] Built target geometry_msgs_generate_messages_lisp
[0.579s] [  0%] Built target geometry_msgs_generate_messages_py
[0.579s] [  0%] Built target trajectory_msgs_generate_messages_lisp
[0.580s] [  0%] Built target rosgraph_msgs_generate_messages_cpp
[0.599s] [  0%] Built target actionlib_generate_messages_eus
[0.618s] [  0%] Built target trajectory_msgs_generate_messages_py
[0.618s] [  0%] Built target roscpp_generate_messages_py
[0.618s] [  0%] Built target trajectory_msgs_generate_messages_eus
[0.641s] [  0%] Built target control_toolbox_generate_messages_cpp
[0.656s] [  0%] Built target control_toolbox_generate_messages_eus
[0.657s] [  0%] Built target control_toolbox_generate_messages_lisp
[0.659s] [  0%] Built target dynamic_reconfigure_generate_messages_cpp
[0.680s] [  0%] Built target geometry_msgs_generate_messages_nodejs
[0.691s] [  0%] Built target dynamic_reconfigure_generate_messages_eus
[0.695s] [  0%] Built target dynamic_reconfigure_gencfg
[0.696s] [  0%] Built target dynamic_reconfigure_generate_messages_lisp
[0.711s] [35m[1mScanning dependencies of target computed_torque_lib[0m
[0.741s] [ 50%] [32mBuilding CXX object CMakeFiles/computed_torque_lib.dir/src/computed_torque_controller.cpp.o[0m
[3.609s] In file included from [01m[K/home/sheila/march/ros1/src/control/computed_torque/include/computed_torque/computed_torque_controller.h:32[m[K,
[3.609s]                  from [01m[K/home/sheila/march/ros1/src/control/computed_torque/src/computed_torque_controller.cpp:5[m[K:
[3.609s] [01m[K/home/sheila/march/ros1/src/control/computed_torque/include/trajectory_interface/joint_trajectory_segment.h:70:7:[m[K [01;31m[Kerror: [m[Kredefinition of ‘[01m[Kclass joint_trajectory_controller::JointTrajectorySegment<Segment>[m[K’
[3.609s]    70 | class [01;31m[KJointTrajectorySegment[m[K : public Segment
[3.609s]       |       [01;31m[K^~~~~~~~~~~~~~~~~~~~~~[m[K
[3.610s] In file included from [01m[K/opt/ros/noetic/include/joint_trajectory_controller/joint_trajectory_controller.h:73[m[K,
[3.610s]                  from [01m[K/home/sheila/march/ros1/src/control/computed_torque/include/computed_torque/computed_torque_controller.h:29[m[K,
[3.610s]                  from [01m[K/home/sheila/march/ros1/src/control/computed_torque/src/computed_torque_controller.cpp:5[m[K:
[3.610s] [01m[K/opt/ros/noetic/include/joint_trajectory_controller/joint_trajectory_segment.h:70:7:[m[K [01;36m[Knote: [m[Kprevious definition of ‘[01m[Kclass joint_trajectory_controller::JointTrajectorySegment<Segment>[m[K’
[3.610s]    70 | class [01;36m[KJointTrajectorySegment[m[K : public Segment
[3.610s]       |       [01;36m[K^~~~~~~~~~~~~~~~~~~~~~[m[K
[3.610s] In file included from [01m[K/home/sheila/march/ros1/src/control/computed_torque/include/computed_torque/computed_torque_controller.h:32[m[K,
[3.610s]                  from [01m[K/home/sheila/march/ros1/src/control/computed_torque/src/computed_torque_controller.cpp:5[m[K:
[3.610s] [01m[K/home/sheila/march/ros1/src/control/computed_torque/include/trajectory_interface/joint_trajectory_segment.h:221:8:[m[K [01;31m[Kerror: [m[Kredefinition of ‘[01m[Ktemplate<class Scalar> Scalar joint_trajectory_controller::wraparoundJointOffset(const Scalar&, const Scalar&, const bool&)[m[K’
[3.610s]   221 | Scalar [01;31m[KwraparoundJointOffset[m[K(const Scalar& prev_position,
[3.610s]       |        [01;31m[K^~~~~~~~~~~~~~~~~~~~~[m[K
[3.610s] In file included from [01m[K/opt/ros/noetic/include/joint_trajectory_controller/joint_trajectory_controller.h:73[m[K,
[3.610s]                  from [01m[K/home/sheila/march/ros1/src/control/computed_torque/include/computed_torque/computed_torque_controller.h:29[m[K,
[3.611s]                  from [01m[K/home/sheila/march/ros1/src/control/computed_torque/src/computed_torque_controller.cpp:5[m[K:
[3.611s] [01m[K/opt/ros/noetic/include/joint_trajectory_controller/joint_trajectory_segment.h:221:8:[m[K [01;36m[Knote: [m[K‘[01m[Ktemplate<class Scalar> Scalar joint_trajectory_controller::wraparoundJointOffset(const Scalar&, const Scalar&, const bool&)[m[K’ previously declared here
[3.611s]   221 | Scalar [01;36m[KwraparoundJointOffset[m[K(const Scalar& prev_position,
[3.611s]       |        [01;36m[K^~~~~~~~~~~~~~~~~~~~~[m[K
[4.091s] In file included from [01m[K/home/sheila/march/ros1/src/control/computed_torque/src/computed_torque_controller.cpp:5[m[K:
[4.091s] [01m[K/home/sheila/march/ros1/src/control/computed_torque/include/computed_torque/computed_torque_controller.h:81:31:[m[K [01;31m[Kerror: [m[K‘[01m[KState[m[K’ does not name a type
[4.092s]    81 |                         const [01;31m[KState[m[K& desired_state,
[4.092s]       |                               [01;31m[K^~~~~[m[K
[4.093s] [01m[K/home/sheila/march/ros1/src/control/computed_torque/include/computed_torque/computed_torque_controller.h:82:31:[m[K [01;31m[Kerror: [m[K‘[01m[KState[m[K’ does not name a type
[4.093s]    82 |                         const [01;31m[KState[m[K& state_error );
[4.093s]       |                               [01;31m[K^~~~~[m[K
[4.095s] [01m[K/home/sheila/march/ros1/src/control/computed_torque/include/computed_torque/computed_torque_controller.h:114:46:[m[K [01;31m[Kerror: [m[K‘[01m[KHardwareInterface[m[K’ was not declared in this scope; did you mean ‘[01m[Khardware_interface::HardwareInterface[m[K’?
[4.096s]   114 |             typedef HardwareInterfaceAdapter<[01;31m[KHardwareInterface[m[K, typename Segment::State> HwIfaceAdapter;
[4.096s]       |                                              [01;31m[K^~~~~~~~~~~~~~~~~[m[K
[4.096s]       |                                              [32m[Khardware_interface::HardwareInterface[m[K
[4.096s] In file included from [01m[K/opt/ros/noetic/include/hardware_interface/robot_hw.h:37[m[K,
[4.096s]                  from [01m[K/opt/ros/noetic/include/controller_interface/controller_base.h:36[m[K,
[4.096s]                  from [01m[K/opt/ros/noetic/include/controller_interface/controller.h:35[m[K,
[4.096s]                  from [01m[K/home/sheila/march/ros1/src/control/computed_torque/include/computed_torque/computed_torque_controller.h:24[m[K,
[4.096s]                  from [01m[K/home/sheila/march/ros1/src/control/computed_torque/src/computed_torque_controller.cpp:5[m[K:
[4.096s] [01m[K/opt/ros/noetic/include/hardware_interface/hardware_interface.h:46:7:[m[K [01;36m[Knote: [m[K‘[01m[Khardware_interface::HardwareInterface[m[K’ declared here
[4.096s]    46 | class [01;36m[KHardwareInterface[m[K
[4.096s]       |       [01;36m[K^~~~~~~~~~~~~~~~~[m[K
[4.096s] In file included from [01m[K/home/sheila/march/ros1/src/control/computed_torque/src/computed_torque_controller.cpp:5[m[K:
[4.097s] [01m[K/home/sheila/march/ros1/src/control/computed_torque/include/computed_torque/computed_torque_controller.h:114:88:[m[K [01;31m[Kerror: [m[Ktemplate argument 1 is invalid
[4.097s]   114 |             typedef HardwareInterfaceAdapter<HardwareInterface, typename Segment::State[01;31m[K>[m[K HwIfaceAdapter;
[4.097s]       |                                                                                        [01;31m[K^[m[K
[4.097s] [01m[K/home/sheila/march/ros1/src/control/computed_torque/include/computed_torque/computed_torque_controller.h:114:88:[m[K [01;31m[Kerror: [m[Ktemplate argument 2 is invalid
[4.097s] [01m[K/home/sheila/march/ros1/src/control/computed_torque/include/computed_torque/computed_torque_controller.h:115:22:[m[K [01;31m[Kerror: [m[K‘[01m[KSegment[m[K’ has not been declared
[4.097s]   115 |             typename [01;31m[KSegment[m[K::State state_error_;           ///< Preallocated workspace variable.
[4.097s]       |                      [01;31m[K^~~~~~~[m[K
[4.097s] [01m[K/home/sheila/march/ros1/src/control/computed_torque/include/computed_torque/computed_torque_controller.h:116:22:[m[K [01;31m[Kerror: [m[K‘[01m[KSegment[m[K’ has not been declared
[4.097s]   116 |             typename [01;31m[KSegment[m[K::State desired_joint_state_;   ///< Preallocated workspace variable.
[4.098s]       |                      [01;31m[K^~~~~~~[m[K
[4.128s] In file included from [01m[K/home/sheila/march/ros1/src/control/computed_torque/include/computed_torque/computed_torque_controller.h:159[m[K,
[4.128s]                  from [01m[K/home/sheila/march/ros1/src/control/computed_torque/src/computed_torque_controller.cpp:5[m[K:
[4.128s] [01m[K/home/sheila/march/ros1/src/control/computed_torque/include/computed_torque/computed_torque_controller.hpp:76:53:[m[K [01;31m[Kerror: [m[K‘[01m[KState[m[K’ does not name a type
[4.129s]    76 |                                               const [01;31m[KState[m[K& desired_state,
[4.129s]       |                                                     [01;31m[K^~~~~[m[K
[4.130s] [01m[K/home/sheila/march/ros1/src/control/computed_torque/include/computed_torque/computed_torque_controller.hpp:77:53:[m[K [01;31m[Kerror: [m[K‘[01m[KState[m[K’ does not name a type
[4.131s]    77 |                                               const [01;31m[KState[m[K& state_error ){
[4.131s]       |                                                     [01;31m[K^~~~~[m[K
[4.131s] [01m[K/home/sheila/march/ros1/src/control/computed_torque/include/computed_torque/computed_torque_controller.hpp:[m[K In member function ‘[01m[Kvoid controller_ns::computed_torque_controller_class::update(const ros::Time&, const ros::Duration&, const int&, const int&)[m[K’:
[4.131s] [01m[K/home/sheila/march/ros1/src/control/computed_torque/include/computed_torque/computed_torque_controller.hpp:88:42:[m[K [01;31m[Kerror: [m[Krequest for member ‘[01m[Kacceleration[m[K’ in ‘[01m[Kdesired_state[m[K’, which is of non-class type ‘[01m[Kconst int[m[K’
[4.131s]    88 |       desired.qdotdot(i) = desired_state.[01;31m[Kacceleration[m[K[i];
[4.131s]       |                                          [01;31m[K^~~~~~~~~~~~[m[K
[4.131s] [01m[K/home/sheila/march/ros1/src/control/computed_torque/include/computed_torque/computed_torque_controller.hpp:90:32:[m[K [01;31m[Kerror: [m[Krequest for member ‘[01m[Kposition[m[K’ in ‘[01m[Kstate_error[m[K’, which is of non-class type ‘[01m[Kconst int[m[K’
[4.132s]    90 |       error.q(i) = state_error.[01;31m[Kposition[m[K[i];
[4.132s]       |                                [01;31m[K^~~~~~~~[m[K
[4.132s] [01m[K/home/sheila/march/ros1/src/control/computed_torque/include/computed_torque/computed_torque_controller.hpp:91:35:[m[K [01;31m[Kerror: [m[Krequest for member ‘[01m[Kvelocity[m[K’ in ‘[01m[Kstate_error[m[K’, which is of non-class type ‘[01m[Kconst int[m[K’
[4.132s]    91 |       error.qdot(i) = state_error.[01;31m[Kvelocity[m[K[i];
[4.132s]       |                                   [01;31m[K^~~~~~~~[m[K
[4.232s] [01m[K/home/sheila/march/ros1/src/control/computed_torque/include/computed_torque/computed_torque_controller.hpp:118:54:[m[K [01;31m[Kerror: [m[K‘[01m[Kerrror[m[K’ was not declared in this scope; did you mean ‘[01m[Kerror[m[K’?
[4.232s]   118 |         const double command = -Kp*error.q.data - Kv*[01;31m[Kerrror[m[K.qdot.data;
[4.232s]       |                                                      [01;31m[K^~~~~~[m[K
[4.232s]       |                                                      [32m[Kerror[m[K
[5.162s] In file included from [01m[K/opt/ros/noetic/include/class_loader/class_loader_core.hpp:45[m[K,
[5.162s]                  from [01m[K/opt/ros/noetic/include/class_loader/class_loader.hpp:46[m[K,
[5.162s]                  from [01m[K/opt/ros/noetic/include/pluginlib/./class_list_macros.hpp:40[m[K,
[5.162s]                  from [01m[K/opt/ros/noetic/include/pluginlib/class_list_macros.h:35[m[K,
[5.162s]                  from [01m[K/home/sheila/march/ros1/src/control/computed_torque/src/computed_torque_controller.cpp:2[m[K:
[5.163s] /opt/ros/noetic/include/class_loader/meta_object.hpp: In instantiation of ‘[01m[KB* class_loader::impl::MetaObject<C, B>::create() const [with C = controller_ns::computed_torque_controller_class; B = controller_interface::ControllerBase][m[K’:
[5.163s] [01m[K/opt/ros/noetic/include/class_loader/meta_object.hpp:196:7:[m[K   required from here
[5.163s] [01m[K/opt/ros/noetic/include/class_loader/meta_object.hpp:198:12:[m[K [01;31m[Kerror: [m[Kinvalid new-expression of abstract class type ‘[01m[Kcontroller_ns::computed_torque_controller_class[m[K’
[5.163s]   198 |     return [01;31m[Knew C[m[K;
[5.163s]       |            [01;31m[K^~~~~[m[K
[5.163s] In file included from [01m[K/home/sheila/march/ros1/src/control/computed_torque/src/computed_torque_controller.cpp:5[m[K:
[5.163s] [01m[K/home/sheila/march/ros1/src/control/computed_torque/include/computed_torque/computed_torque_controller.h:75:11:[m[K [01;36m[Knote: [m[K  because the following virtual functions are pure within ‘[01m[Kcontroller_ns::computed_torque_controller_class[m[K’:
[5.163s]    75 |     class [01;36m[Kcomputed_torque_controller_class[m[K : public controller_interface::Controller<hardware_interface::EffortJointInterface> {
[5.163s]       |           [01;36m[K^~~~~~~~~~~~~~~~~~~~~~~~~~~~~~~~[m[K
[5.163s] In file included from [01m[K/opt/ros/noetic/include/controller_interface/controller.h:35[m[K,
[5.163s]                  from [01m[K/home/sheila/march/ros1/src/control/computed_torque/include/computed_torque/computed_torque_controller.h:24[m[K,
[5.163s]                  from [01m[K/home/sheila/march/ros1/src/control/computed_torque/src/computed_torque_controller.cpp:5[m[K:
[5.163s] [01m[K/opt/ros/noetic/include/controller_interface/controller_base.h:73:16:[m[K [01;36m[Knote: [m[K	‘[01m[Kvirtual void controller_interface::ControllerBase::update(const ros::Time&, const ros::Duration&)[m[K’
[5.164s]    73 |   virtual void [01;36m[Kupdate[m[K(const ros::Time& time, const ros::Duration& period) = 0;
[5.164s]       |                [01;36m[K^~~~~~[m[K
[5.527s] make[2]: *** [CMakeFiles/computed_torque_lib.dir/build.make:63: CMakeFiles/computed_torque_lib.dir/src/computed_torque_controller.cpp.o] Error 1
[5.527s] make[1]: *** [CMakeFiles/Makefile2:265: CMakeFiles/computed_torque_lib.dir/all] Error 2
[5.527s] make: *** [Makefile:141: all] Error 2
[5.529s] Invoked command in '/home/sheila/march/ros1/build/computed_torque' returned '2': /usr/bin/cmake --build /home/sheila/march/ros1/build/computed_torque -- -j4 -l4
