-- The C compiler identification is GNU 9.3.0
-- The CXX compiler identification is GNU 9.3.0
-- Check for working C compiler: /usr/bin/cc
-- Check for working C compiler: /usr/bin/cc -- works
-- Detecting C compiler ABI info
-- Detecting C compiler ABI info - done
-- Detecting C compile features
-- Detecting C compile features - done
-- Check for working CXX compiler: /usr/bin/c++
-- Check for working CXX compiler: /usr/bin/c++ -- works
-- Detecting CXX compiler ABI info
-- Detecting CXX compiler ABI info - done
-- Detecting CXX compile features
-- Detecting CXX compile features - done
-- Found ament_cmake: 0.9.8 (/opt/ros/foxy/share/ament_cmake/cmake)
-- Found PythonInterp: /usr/bin/python3 (found suitable version "3.8.5", minimum required is "3") 
-- Using PYTHON_EXECUTABLE: /usr/bin/python3
-- Configuring done
-- Generating done
-- Build files have been written to: /home/sheila/march/ros2/build/march_launch
-- Install configuration: ""
-- Installing: /home/sheila/march/ros2/install/march_launch/share/march_launch/launch
-- Installing: /home/sheila/march/ros2/install/march_launch/share/march_launch/launch/march_ros2_simulation.launch.py
-- Installing: /home/sheila/march/ros2/install/march_launch/share/ament_index/resource_index/package_run_dependencies/march_launch
-- Installing: /home/sheila/march/ros2/install/march_launch/share/ament_index/resource_index/parent_prefix_path/march_launch
-- Installing: /home/sheila/march/ros2/install/march_launch/share/march_launch/environment/ament_prefix_path.sh
-- Installing: /home/sheila/march/ros2/install/march_launch/share/march_launch/environment/ament_prefix_path.dsv
-- Installing: /home/sheila/march/ros2/install/march_launch/share/march_launch/environment/path.sh
-- Installing: /home/sheila/march/ros2/install/march_launch/share/march_launch/environment/path.dsv
-- Installing: /home/sheila/march/ros2/install/march_launch/share/march_launch/local_setup.bash
-- Installing: /home/sheila/march/ros2/install/march_launch/share/march_launch/local_setup.sh
-- Installing: /home/sheila/march/ros2/install/march_launch/share/march_launch/local_setup.zsh
-- Installing: /home/sheila/march/ros2/install/march_launch/share/march_launch/local_setup.dsv
-- Installing: /home/sheila/march/ros2/install/march_launch/share/march_launch/package.dsv
-- Installing: /home/sheila/march/ros2/install/march_launch/share/ament_index/resource_index/packages/march_launch
-- Installing: /home/sheila/march/ros2/install/march_launch/share/march_launch/cmake/march_launchConfig.cmake
-- Installing: /home/sheila/march/ros2/install/march_launch/share/march_launch/cmake/march_launchConfig-version.cmake
-- Installing: /home/sheila/march/ros2/install/march_launch/share/march_launch/package.xml
