[0.020s] Invoking command in '/home/sheila/march/ros2/build/march_launch': AMENT_PREFIX_PATH=/home/sheila/march/ros2/install/march_gait_selection:/home/sheila/march/ros2/install/march_fake_sensor_data:/home/sheila/march/ros2/install/march_utility:/home/sheila/march/ros2/install/march_rqt_input_device:/home/sheila/march/ros2/install/march_description:/home/sheila/march/ros2/install/march_shared_msgs:/home/sheila/march/ros2/install/march_robot_state_publisher:/home/sheila/march/ros2/install/march_gait_files:${AMENT_PREFIX_PATH} CMAKE_PREFIX_PATH=/home/sheila/march/ros2/install/march_fake_sensor_data:/home/sheila/march/ros2/install/march_utility:/home/sheila/march/ros2/install/march_description:/home/sheila/march/ros2/install/march_shared_msgs:/home/sheila/march/ros2/install/march_robot_state_publisher:/home/sheila/march/ros2/install/march_gait_files:/opt/ros/foxy LD_LIBRARY_PATH=/home/sheila/march/ros2/install/march_utility/lib:/home/sheila/march/ros2/install/march_shared_msgs/lib:${LD_LIBRARY_PATH} PYTHONPATH=/home/sheila/march/ros2/install/march_gait_selection/lib/python3.8/site-packages:/home/sheila/march/ros2/install/march_utility/lib/python3.8/site-packages:/home/sheila/march/ros2/install/march_rqt_input_device/lib/python3.8/site-packages:/home/sheila/march/ros2/install/march_shared_msgs/lib/python3.8/site-packages:${PYTHONPATH} /usr/bin/cmake /home/sheila/march/ros2/src/march_launch -DCMAKE_INSTALL_PREFIX=/home/sheila/march/ros2/install/march_launch
[0.137s] -- The C compiler identification is GNU 9.3.0
[0.206s] -- The CXX compiler identification is GNU 9.3.0
[0.212s] -- Check for working C compiler: /usr/bin/cc
[0.290s] -- Check for working C compiler: /usr/bin/cc -- works
[0.292s] -- Detecting C compiler ABI info
[0.375s] -- Detecting C compiler ABI info - done
[0.400s] -- Detecting C compile features
[0.401s] -- Detecting C compile features - done
[0.406s] -- Check for working CXX compiler: /usr/bin/c++
[0.546s] -- Check for working CXX compiler: /usr/bin/c++ -- works
[0.548s] -- Detecting CXX compiler ABI info
[0.687s] -- Detecting CXX compiler ABI info - done
[0.702s] -- Detecting CXX compile features
[0.702s] -- Detecting CXX compile features - done
[0.705s] -- Found ament_cmake: 0.9.8 (/opt/ros/foxy/share/ament_cmake/cmake)
[0.748s] -- Found PythonInterp: /usr/bin/python3 (found suitable version "3.8.5", minimum required is "3") 
[0.748s] -- Using PYTHON_EXECUTABLE: /usr/bin/python3
[1.071s] -- Configuring done
[1.073s] -- Generating done
[1.074s] -- Build files have been written to: /home/sheila/march/ros2/build/march_launch
[1.079s] Invoked command in '/home/sheila/march/ros2/build/march_launch' returned '0': AMENT_PREFIX_PATH=/home/sheila/march/ros2/install/march_gait_selection:/home/sheila/march/ros2/install/march_fake_sensor_data:/home/sheila/march/ros2/install/march_utility:/home/sheila/march/ros2/install/march_rqt_input_device:/home/sheila/march/ros2/install/march_description:/home/sheila/march/ros2/install/march_shared_msgs:/home/sheila/march/ros2/install/march_robot_state_publisher:/home/sheila/march/ros2/install/march_gait_files:${AMENT_PREFIX_PATH} CMAKE_PREFIX_PATH=/home/sheila/march/ros2/install/march_fake_sensor_data:/home/sheila/march/ros2/install/march_utility:/home/sheila/march/ros2/install/march_description:/home/sheila/march/ros2/install/march_shared_msgs:/home/sheila/march/ros2/install/march_robot_state_publisher:/home/sheila/march/ros2/install/march_gait_files:/opt/ros/foxy LD_LIBRARY_PATH=/home/sheila/march/ros2/install/march_utility/lib:/home/sheila/march/ros2/install/march_shared_msgs/lib:${LD_LIBRARY_PATH} PYTHONPATH=/home/sheila/march/ros2/install/march_gait_selection/lib/python3.8/site-packages:/home/sheila/march/ros2/install/march_utility/lib/python3.8/site-packages:/home/sheila/march/ros2/install/march_rqt_input_device/lib/python3.8/site-packages:/home/sheila/march/ros2/install/march_shared_msgs/lib/python3.8/site-packages:${PYTHONPATH} /usr/bin/cmake /home/sheila/march/ros2/src/march_launch -DCMAKE_INSTALL_PREFIX=/home/sheila/march/ros2/install/march_launch
[1.082s] Invoking command in '/home/sheila/march/ros2/build/march_launch': AMENT_PREFIX_PATH=/home/sheila/march/ros2/install/march_gait_selection:/home/sheila/march/ros2/install/march_fake_sensor_data:/home/sheila/march/ros2/install/march_utility:/home/sheila/march/ros2/install/march_rqt_input_device:/home/sheila/march/ros2/install/march_description:/home/sheila/march/ros2/install/march_shared_msgs:/home/sheila/march/ros2/install/march_robot_state_publisher:/home/sheila/march/ros2/install/march_gait_files:${AMENT_PREFIX_PATH} CMAKE_PREFIX_PATH=/home/sheila/march/ros2/install/march_fake_sensor_data:/home/sheila/march/ros2/install/march_utility:/home/sheila/march/ros2/install/march_description:/home/sheila/march/ros2/install/march_shared_msgs:/home/sheila/march/ros2/install/march_robot_state_publisher:/home/sheila/march/ros2/install/march_gait_files:/opt/ros/foxy LD_LIBRARY_PATH=/home/sheila/march/ros2/install/march_utility/lib:/home/sheila/march/ros2/install/march_shared_msgs/lib:${LD_LIBRARY_PATH} PYTHONPATH=/home/sheila/march/ros2/install/march_gait_selection/lib/python3.8/site-packages:/home/sheila/march/ros2/install/march_utility/lib/python3.8/site-packages:/home/sheila/march/ros2/install/march_rqt_input_device/lib/python3.8/site-packages:/home/sheila/march/ros2/install/march_shared_msgs/lib/python3.8/site-packages:${PYTHONPATH} /usr/bin/cmake --build /home/sheila/march/ros2/build/march_launch -- -j4 -l4
[1.129s] Invoked command in '/home/sheila/march/ros2/build/march_launch' returned '0': AMENT_PREFIX_PATH=/home/sheila/march/ros2/install/march_gait_selection:/home/sheila/march/ros2/install/march_fake_sensor_data:/home/sheila/march/ros2/install/march_utility:/home/sheila/march/ros2/install/march_rqt_input_device:/home/sheila/march/ros2/install/march_description:/home/sheila/march/ros2/install/march_shared_msgs:/home/sheila/march/ros2/install/march_robot_state_publisher:/home/sheila/march/ros2/install/march_gait_files:${AMENT_PREFIX_PATH} CMAKE_PREFIX_PATH=/home/sheila/march/ros2/install/march_fake_sensor_data:/home/sheila/march/ros2/install/march_utility:/home/sheila/march/ros2/install/march_description:/home/sheila/march/ros2/install/march_shared_msgs:/home/sheila/march/ros2/install/march_robot_state_publisher:/home/sheila/march/ros2/install/march_gait_files:/opt/ros/foxy LD_LIBRARY_PATH=/home/sheila/march/ros2/install/march_utility/lib:/home/sheila/march/ros2/install/march_shared_msgs/lib:${LD_LIBRARY_PATH} PYTHONPATH=/home/sheila/march/ros2/install/march_gait_selection/lib/python3.8/site-packages:/home/sheila/march/ros2/install/march_utility/lib/python3.8/site-packages:/home/sheila/march/ros2/install/march_rqt_input_device/lib/python3.8/site-packages:/home/sheila/march/ros2/install/march_shared_msgs/lib/python3.8/site-packages:${PYTHONPATH} /usr/bin/cmake --build /home/sheila/march/ros2/build/march_launch -- -j4 -l4
[1.154s] Invoking command in '/home/sheila/march/ros2/build/march_launch': AMENT_PREFIX_PATH=/home/sheila/march/ros2/install/march_gait_selection:/home/sheila/march/ros2/install/march_fake_sensor_data:/home/sheila/march/ros2/install/march_utility:/home/sheila/march/ros2/install/march_rqt_input_device:/home/sheila/march/ros2/install/march_description:/home/sheila/march/ros2/install/march_shared_msgs:/home/sheila/march/ros2/install/march_robot_state_publisher:/home/sheila/march/ros2/install/march_gait_files:${AMENT_PREFIX_PATH} CMAKE_PREFIX_PATH=/home/sheila/march/ros2/install/march_fake_sensor_data:/home/sheila/march/ros2/install/march_utility:/home/sheila/march/ros2/install/march_description:/home/sheila/march/ros2/install/march_shared_msgs:/home/sheila/march/ros2/install/march_robot_state_publisher:/home/sheila/march/ros2/install/march_gait_files:/opt/ros/foxy LD_LIBRARY_PATH=/home/sheila/march/ros2/install/march_utility/lib:/home/sheila/march/ros2/install/march_shared_msgs/lib:${LD_LIBRARY_PATH} PYTHONPATH=/home/sheila/march/ros2/install/march_gait_selection/lib/python3.8/site-packages:/home/sheila/march/ros2/install/march_utility/lib/python3.8/site-packages:/home/sheila/march/ros2/install/march_rqt_input_device/lib/python3.8/site-packages:/home/sheila/march/ros2/install/march_shared_msgs/lib/python3.8/site-packages:${PYTHONPATH} /usr/bin/cmake --install /home/sheila/march/ros2/build/march_launch
[1.165s] -- Install configuration: ""
[1.165s] -- Installing: /home/sheila/march/ros2/install/march_launch/share/march_launch/launch
[1.165s] -- Installing: /home/sheila/march/ros2/install/march_launch/share/march_launch/launch/march_ros2_simulation.launch.py
[1.165s] -- Installing: /home/sheila/march/ros2/install/march_launch/share/ament_index/resource_index/package_run_dependencies/march_launch
[1.166s] -- Installing: /home/sheila/march/ros2/install/march_launch/share/ament_index/resource_index/parent_prefix_path/march_launch
[1.166s] -- Installing: /home/sheila/march/ros2/install/march_launch/share/march_launch/environment/ament_prefix_path.sh
[1.166s] -- Installing: /home/sheila/march/ros2/install/march_launch/share/march_launch/environment/ament_prefix_path.dsv
[1.166s] -- Installing: /home/sheila/march/ros2/install/march_launch/share/march_launch/environment/path.sh
[1.167s] -- Installing: /home/sheila/march/ros2/install/march_launch/share/march_launch/environment/path.dsv
[1.167s] -- Installing: /home/sheila/march/ros2/install/march_launch/share/march_launch/local_setup.bash
[1.167s] -- Installing: /home/sheila/march/ros2/install/march_launch/share/march_launch/local_setup.sh
[1.167s] -- Installing: /home/sheila/march/ros2/install/march_launch/share/march_launch/local_setup.zsh
[1.167s] -- Installing: /home/sheila/march/ros2/install/march_launch/share/march_launch/local_setup.dsv
[1.168s] -- Installing: /home/sheila/march/ros2/install/march_launch/share/march_launch/package.dsv
[1.168s] -- Installing: /home/sheila/march/ros2/install/march_launch/share/ament_index/resource_index/packages/march_launch
[1.168s] -- Installing: /home/sheila/march/ros2/install/march_launch/share/march_launch/cmake/march_launchConfig.cmake
[1.168s] -- Installing: /home/sheila/march/ros2/install/march_launch/share/march_launch/cmake/march_launchConfig-version.cmake
[1.168s] -- Installing: /home/sheila/march/ros2/install/march_launch/share/march_launch/package.xml
[1.173s] Invoked command in '/home/sheila/march/ros2/build/march_launch' returned '0': AMENT_PREFIX_PATH=/home/sheila/march/ros2/install/march_gait_selection:/home/sheila/march/ros2/install/march_fake_sensor_data:/home/sheila/march/ros2/install/march_utility:/home/sheila/march/ros2/install/march_rqt_input_device:/home/sheila/march/ros2/install/march_description:/home/sheila/march/ros2/install/march_shared_msgs:/home/sheila/march/ros2/install/march_robot_state_publisher:/home/sheila/march/ros2/install/march_gait_files:${AMENT_PREFIX_PATH} CMAKE_PREFIX_PATH=/home/sheila/march/ros2/install/march_fake_sensor_data:/home/sheila/march/ros2/install/march_utility:/home/sheila/march/ros2/install/march_description:/home/sheila/march/ros2/install/march_shared_msgs:/home/sheila/march/ros2/install/march_robot_state_publisher:/home/sheila/march/ros2/install/march_gait_files:/opt/ros/foxy LD_LIBRARY_PATH=/home/sheila/march/ros2/install/march_utility/lib:/home/sheila/march/ros2/install/march_shared_msgs/lib:${LD_LIBRARY_PATH} PYTHONPATH=/home/sheila/march/ros2/install/march_gait_selection/lib/python3.8/site-packages:/home/sheila/march/ros2/install/march_utility/lib/python3.8/site-packages:/home/sheila/march/ros2/install/march_rqt_input_device/lib/python3.8/site-packages:/home/sheila/march/ros2/install/march_shared_msgs/lib/python3.8/site-packages:${PYTHONPATH} /usr/bin/cmake --install /home/sheila/march/ros2/build/march_launch
