/home/sheila/march/ros2/install/march_rqt_input_device/lib/python3.8/site-packages/march_rqt_input_device/__init__.py
/home/sheila/march/ros2/install/march_rqt_input_device/lib/python3.8/site-packages/march_rqt_input_device/image_button.py
/home/sheila/march/ros2/install/march_rqt_input_device/lib/python3.8/site-packages/march_rqt_input_device/input_device_plugin.py
/home/sheila/march/ros2/install/march_rqt_input_device/lib/python3.8/site-packages/march_rqt_input_device/input_device_controller.py
/home/sheila/march/ros2/install/march_rqt_input_device/lib/python3.8/site-packages/march_rqt_input_device/input_device_view.py
/home/sheila/march/ros2/install/march_rqt_input_device/lib/python3.8/site-packages/march_rqt_input_device/__pycache__/__init__.cpython-38.pyc
/home/sheila/march/ros2/install/march_rqt_input_device/lib/python3.8/site-packages/march_rqt_input_device/__pycache__/image_button.cpython-38.pyc
/home/sheila/march/ros2/install/march_rqt_input_device/lib/python3.8/site-packages/march_rqt_input_device/__pycache__/input_device_plugin.cpython-38.pyc
/home/sheila/march/ros2/install/march_rqt_input_device/lib/python3.8/site-packages/march_rqt_input_device/__pycache__/input_device_controller.cpython-38.pyc
/home/sheila/march/ros2/install/march_rqt_input_device/lib/python3.8/site-packages/march_rqt_input_device/__pycache__/input_device_view.cpython-38.pyc
/home/sheila/march/ros2/install/march_rqt_input_device/share/ament_index/resource_index/packages/march_rqt_input_device
/home/sheila/march/ros2/install/march_rqt_input_device/share/march_rqt_input_device/package.xml
/home/sheila/march/ros2/install/march_rqt_input_device/share/march_rqt_input_device/launch
/home/sheila/march/ros2/install/march_rqt_input_device/share/march_rqt_input_device/launch/input_device.launch.py
/home/sheila/march/ros2/install/march_rqt_input_device/share/march_rqt_input_device/plugin.xml
/home/sheila/march/ros2/install/march_rqt_input_device/share/march_rqt_input_device/input_device.ui
/home/sheila/march/ros2/install/march_rqt_input_device/share/march_rqt_input_device/resource/img/stop.png
/home/sheila/march/ros2/install/march_rqt_input_device/share/march_rqt_input_device/resource/img/gait_tilted_path_left_straight_start.png
/home/sheila/march/ros2/install/march_rqt_input_device/share/march_rqt_input_device/resource/img/gait_single_step_small.png
/home/sheila/march/ros2/install/march_rqt_input_device/share/march_rqt_input_device/resource/img/gait_tilted_path_right_single_step.png
/home/sheila/march/ros2/install/march_rqt_input_device/share/march_rqt_input_device/resource/img/gait_rough_terrain_second_middle_step.png
/home/sheila/march/ros2/install/march_rqt_input_device/share/march_rqt_input_device/resource/img/pause.png
/home/sheila/march/ros2/install/march_rqt_input_device/share/march_rqt_input_device/resource/img/march-walking.png
/home/sheila/march/ros2/install/march_rqt_input_device/share/march_rqt_input_device/resource/img/gait_sofa_sit.png
/home/sheila/march/ros2/install/march_rqt_input_device/share/march_rqt_input_device/resource/img/gait_rough_terrain_high_step.png
/home/sheila/march/ros2/install/march_rqt_input_device/share/march_rqt_input_device/resource/img/gait_ramp_door_slope_down.png
/home/sheila/march/ros2/install/march_rqt_input_device/share/march_rqt_input_device/resource/img/gait_single_step_medium.png
/home/sheila/march/ros2/install/march_rqt_input_device/share/march_rqt_input_device/resource/img/gait_walk.png
/home/sheila/march/ros2/install/march_rqt_input_device/share/march_rqt_input_device/resource/img/error.png
/home/sheila/march/ros2/install/march_rqt_input_device/share/march_rqt_input_device/resource/img/continue.png
/home/sheila/march/ros2/install/march_rqt_input_device/share/march_rqt_input_device/resource/img/gait_tilted_path_left_single_step.png
/home/sheila/march/ros2/install/march_rqt_input_device/share/march_rqt_input_device/resource/img/gait_tilted_path_right_straight_end.png
/home/sheila/march/ros2/install/march_rqt_input_device/share/march_rqt_input_device/resource/img/gait_ramp_door_slope_up.png
/home/sheila/march/ros2/install/march_rqt_input_device/share/march_rqt_input_device/resource/img/gait_tilted_path_right_straight_start.png
/home/sheila/march/ros2/install/march_rqt_input_device/share/march_rqt_input_device/resource/img/gait_side_step_right.png
/home/sheila/march/ros2/install/march_rqt_input_device/share/march_rqt_input_device/resource/img/gait_stairs_down.png
/home/sheila/march/ros2/install/march_rqt_input_device/share/march_rqt_input_device/resource/img/gait_walk_small.png
/home/sheila/march/ros2/install/march_rqt_input_device/share/march_rqt_input_device/resource/img/gait_walk_large.png
/home/sheila/march/ros2/install/march_rqt_input_device/share/march_rqt_input_device/resource/img/gait_stairs_up.png
/home/sheila/march/ros2/install/march_rqt_input_device/share/march_rqt_input_device/resource/img/gait_sit.png
/home/sheila/march/ros2/install/march_rqt_input_device/share/march_rqt_input_device/resource/img/gait_side_step_left.png
/home/sheila/march/ros2/install/march_rqt_input_device/share/march_rqt_input_device/resource/img/home_stand.png
/home/sheila/march/ros2/install/march_rqt_input_device/share/march_rqt_input_device/resource/img/gait_ramp_door_last_step.png
/home/sheila/march/ros2/install/march_rqt_input_device/share/march_rqt_input_device/resource/img/gait_stairs_down_single_step.png
/home/sheila/march/ros2/install/march_rqt_input_device/share/march_rqt_input_device/resource/img/home_sit.png
/home/sheila/march/ros2/install/march_rqt_input_device/share/march_rqt_input_device/resource/img/gait_rough_terrain_first_middle_step.png
/home/sheila/march/ros2/install/march_rqt_input_device/share/march_rqt_input_device/resource/img/rocker_switch_up.png
/home/sheila/march/ros2/install/march_rqt_input_device/share/march_rqt_input_device/resource/img/gait_rough_terrain_third_middle_step.png
/home/sheila/march/ros2/install/march_rqt_input_device/share/march_rqt_input_device/resource/img/rocker_switch_down.png
/home/sheila/march/ros2/install/march_rqt_input_device/share/march_rqt_input_device/resource/img/gait_tilted_path_left_straight_end.png
/home/sheila/march/ros2/install/march_rqt_input_device/share/march_rqt_input_device/resource/img/gait_stand.png
/home/sheila/march/ros2/install/march_rqt_input_device/share/march_rqt_input_device/resource/img/gait_sofa_stand.png
/home/sheila/march/ros2/install/march_rqt_input_device/share/march_rqt_input_device/resource/img/gait_stairs_up_single_step.png
/home/sheila/march/ros2/install/march_rqt_input_device/lib/python3.8/site-packages/march_rqt_input_device-0.0.0-py3.8.egg-info/SOURCES.txt
/home/sheila/march/ros2/install/march_rqt_input_device/lib/python3.8/site-packages/march_rqt_input_device-0.0.0-py3.8.egg-info/top_level.txt
/home/sheila/march/ros2/install/march_rqt_input_device/lib/python3.8/site-packages/march_rqt_input_device-0.0.0-py3.8.egg-info/requires.txt
/home/sheila/march/ros2/install/march_rqt_input_device/lib/python3.8/site-packages/march_rqt_input_device-0.0.0-py3.8.egg-info/PKG-INFO
/home/sheila/march/ros2/install/march_rqt_input_device/lib/python3.8/site-packages/march_rqt_input_device-0.0.0-py3.8.egg-info/dependency_links.txt
/home/sheila/march/ros2/install/march_rqt_input_device/lib/python3.8/site-packages/march_rqt_input_device-0.0.0-py3.8.egg-info/zip-safe
/home/sheila/march/ros2/install/march_rqt_input_device/lib/python3.8/site-packages/march_rqt_input_device-0.0.0-py3.8.egg-info/entry_points.txt
/home/sheila/march/ros2/install/march_rqt_input_device/lib/march_rqt_input_device/input_device
