[0.031s] Invoking command in '/home/sheila/march/ros2/build/diagnostic_updater': CMAKE_PREFIX_PATH=/opt/ros/foxy /usr/bin/cmake /home/sheila/march/ros2/src/libraries/diagnostic_updater -DCMAKE_INSTALL_PREFIX=/home/sheila/march/ros2/install/diagnostic_updater
[0.367s] -- The C compiler identification is GNU 9.3.0
[0.624s] -- The CXX compiler identification is GNU 9.3.0
[0.633s] -- Check for working C compiler: /usr/bin/cc
[0.750s] -- Check for working C compiler: /usr/bin/cc -- works
[0.789s] -- Detecting C compiler ABI info
[0.912s] -- Detecting C compiler ABI info - done
[0.966s] -- Detecting C compile features
[0.968s] -- Detecting C compile features - done
[0.973s] -- Check for working CXX compiler: /usr/bin/c++
[1.115s] -- Check for working CXX compiler: /usr/bin/c++ -- works
[1.117s] -- Detecting CXX compiler ABI info
[1.261s] -- Detecting CXX compiler ABI info - done
[1.286s] -- Detecting CXX compile features
[1.287s] -- Detecting CXX compile features - done
[1.330s] -- Found ament_cmake: 0.9.8 (/opt/ros/foxy/share/ament_cmake/cmake)
[1.380s] -- Found PythonInterp: /usr/bin/python3 (found suitable version "3.8.5", minimum required is "3") 
[1.381s] -- Using PYTHON_EXECUTABLE: /usr/bin/python3
[1.786s] -- Found diagnostic_msgs: 2.0.3 (/opt/ros/foxy/share/diagnostic_msgs/cmake)
[1.846s] -- Using all available rosidl_typesupport_c: rosidl_typesupport_fastrtps_c;rosidl_typesupport_introspection_c
[1.859s] -- Found rosidl_adapter: 1.2.0 (/opt/ros/foxy/share/rosidl_adapter/cmake)
[2.036s] -- Found OpenSSL: /usr/lib/x86_64-linux-gnu/libcrypto.so (found version "1.1.1f")  
[2.119s] -- Found FastRTPS: /opt/ros/foxy/include  
[2.443s] -- Using all available rosidl_typesupport_cpp: rosidl_typesupport_fastrtps_cpp;rosidl_typesupport_introspection_cpp
[2.568s] -- Found rclcpp: 2.3.0 (/opt/ros/foxy/share/rclcpp/cmake)
[2.651s] -- Found rmw_implementation_cmake: 1.0.2 (/opt/ros/foxy/share/rmw_implementation_cmake/cmake)
[2.654s] -- Using RMW implementation 'rmw_fastrtps_cpp' as default
[2.655s] -- Looking for pthread.h
[2.771s] -- Looking for pthread.h - found
[2.771s] -- Performing Test CMAKE_HAVE_LIBC_PTHREAD
[2.883s] -- Performing Test CMAKE_HAVE_LIBC_PTHREAD - Failed
[2.883s] -- Looking for pthread_create in pthreads
[2.952s] -- Looking for pthread_create in pthreads - not found
[2.953s] -- Looking for pthread_create in pthread
[3.031s] -- Looking for pthread_create in pthread - found
[3.032s] -- Found Threads: TRUE  
[3.204s] -- Found rclpy: 1.0.5 (/opt/ros/foxy/share/rclpy/cmake)
[3.208s] -- Found ament_cmake_gtest: 0.9.8 (/opt/ros/foxy/share/ament_cmake_gtest/cmake)
[3.210s] -- Found rclcpp_lifecycle: 2.3.0 (/opt/ros/foxy/share/rclcpp_lifecycle/cmake)
[3.260s] -- Found gtest sources under '/opt/ros/foxy/src/gtest_vendor': C++ tests using 'Google Test' will be built
[3.263s] -- Check if compiler accepts -pthread
[3.358s] -- Check if compiler accepts -pthread - yes
[3.365s] -- Found ament_cmake_pytest: 0.9.8 (/opt/ros/foxy/share/ament_cmake_pytest/cmake)
[5.168s] -- Configuring done
[5.185s] -- Generating done
[5.187s] -- Build files have been written to: /home/sheila/march/ros2/build/diagnostic_updater
[5.198s] Invoked command in '/home/sheila/march/ros2/build/diagnostic_updater' returned '0': CMAKE_PREFIX_PATH=/opt/ros/foxy /usr/bin/cmake /home/sheila/march/ros2/src/libraries/diagnostic_updater -DCMAKE_INSTALL_PREFIX=/home/sheila/march/ros2/install/diagnostic_updater
[5.202s] Invoking command in '/home/sheila/march/ros2/build/diagnostic_updater': CMAKE_PREFIX_PATH=/opt/ros/foxy /usr/bin/cmake --build /home/sheila/march/ros2/build/diagnostic_updater -- -j4 -l4
[5.269s] [35m[1mScanning dependencies of target example[0m
[5.271s] [35m[1mScanning dependencies of target gtest_main[0m
[5.290s] [35m[1mScanning dependencies of target gtest[0m
[5.300s] [ 12%] [32mBuilding CXX object gtest/CMakeFiles/gtest_main.dir/src/gtest_main.cc.o[0m
[5.372s] [ 25%] [32mBuilding CXX object gtest/CMakeFiles/gtest.dir/src/gtest-all.cc.o[0m
[5.404s] [ 37%] [32mBuilding CXX object CMakeFiles/example.dir/src/example.cpp.o[0m
[6.990s] [ 50%] [32m[1mLinking CXX static library libgtest_main.a[0m
[7.236s] [ 50%] Built target gtest_main
[15.694s] [ 62%] [32m[1mLinking CXX static library libgtest.a[0m
[15.954s] [ 62%] Built target gtest
[16.002s] [35m[1mScanning dependencies of target diagnostic_updater_test[0m
[16.202s] [ 75%] [32mBuilding CXX object CMakeFiles/diagnostic_updater_test.dir/test/diagnostic_updater_test.cpp.o[0m
[18.077s] [ 87%] [32m[1mLinking CXX executable example[0m
[19.061s] [ 87%] Built target example
[30.659s] [100%] [32m[1mLinking CXX executable diagnostic_updater_test[0m
[32.057s] [100%] Built target diagnostic_updater_test
[32.101s] Invoked command in '/home/sheila/march/ros2/build/diagnostic_updater' returned '0': CMAKE_PREFIX_PATH=/opt/ros/foxy /usr/bin/cmake --build /home/sheila/march/ros2/build/diagnostic_updater -- -j4 -l4
[32.407s] Invoking command in '/home/sheila/march/ros2/build/diagnostic_updater': CMAKE_PREFIX_PATH=/opt/ros/foxy /usr/bin/cmake --install /home/sheila/march/ros2/build/diagnostic_updater
[32.450s] -- Install configuration: ""
[32.451s] -- Installing: /home/sheila/march/ros2/install/diagnostic_updater/share/diagnostic_updater/environment/pythonpath.sh
[32.451s] -- Installing: /home/sheila/march/ros2/install/diagnostic_updater/share/diagnostic_updater/environment/pythonpath.dsv
[32.452s] -- Installing: /home/sheila/march/ros2/install/diagnostic_updater/lib/python3.8/site-packages/diagnostic_updater
[32.453s] -- Installing: /home/sheila/march/ros2/install/diagnostic_updater/lib/python3.8/site-packages/diagnostic_updater/_diagnostic_updater.py
[32.453s] -- Installing: /home/sheila/march/ros2/install/diagnostic_updater/lib/python3.8/site-packages/diagnostic_updater/__init__.py
[32.454s] -- Installing: /home/sheila/march/ros2/install/diagnostic_updater/lib/python3.8/site-packages/diagnostic_updater/_update_functions.py
[32.454s] -- Installing: /home/sheila/march/ros2/install/diagnostic_updater/lib/python3.8/site-packages/diagnostic_updater/_diagnostic_status_wrapper.py
[32.455s] -- Installing: /home/sheila/march/ros2/install/diagnostic_updater/lib/python3.8/site-packages/diagnostic_updater/example.py
[32.455s] -- Installing: /home/sheila/march/ros2/install/diagnostic_updater/lib/python3.8/site-packages/diagnostic_updater/_publisher.py
[32.572s] Listing '/home/sheila/march/ros2/install/diagnostic_updater/lib/python3.8/site-packages/diagnostic_updater'...
[32.572s] Compiling '/home/sheila/march/ros2/install/diagnostic_updater/lib/python3.8/site-packages/diagnostic_updater/__init__.py'...
[32.573s] Compiling '/home/sheila/march/ros2/install/diagnostic_updater/lib/python3.8/site-packages/diagnostic_updater/_diagnostic_status_wrapper.py'...
[32.573s] Compiling '/home/sheila/march/ros2/install/diagnostic_updater/lib/python3.8/site-packages/diagnostic_updater/_diagnostic_updater.py'...
[32.573s] Compiling '/home/sheila/march/ros2/install/diagnostic_updater/lib/python3.8/site-packages/diagnostic_updater/_publisher.py'...
[32.573s] Compiling '/home/sheila/march/ros2/install/diagnostic_updater/lib/python3.8/site-packages/diagnostic_updater/_update_functions.py'...
[32.573s] Compiling '/home/sheila/march/ros2/install/diagnostic_updater/lib/python3.8/site-packages/diagnostic_updater/example.py'...
[32.583s] -- Installing: /home/sheila/march/ros2/install/diagnostic_updater/lib/diagnostic_updater/example.py
[32.584s] -- Installing: /home/sheila/march/ros2/install/diagnostic_updater/lib/diagnostic_updater/example
[32.587s] -- Set runtime path of "/home/sheila/march/ros2/install/diagnostic_updater/lib/diagnostic_updater/example" to ""
[32.587s] -- Installing: /home/sheila/march/ros2/install/diagnostic_updater/include
[32.588s] -- Installing: /home/sheila/march/ros2/install/diagnostic_updater/include/diagnostic_updater
[32.588s] -- Installing: /home/sheila/march/ros2/install/diagnostic_updater/include/diagnostic_updater/diagnostic_status_wrapper.hpp
[32.589s] -- Installing: /home/sheila/march/ros2/install/diagnostic_updater/include/diagnostic_updater/publisher.hpp
[32.590s] -- Installing: /home/sheila/march/ros2/install/diagnostic_updater/include/diagnostic_updater/update_functions.hpp
[32.590s] -- Installing: /home/sheila/march/ros2/install/diagnostic_updater/include/diagnostic_updater/diagnostic_updater.hpp
[32.592s] -- Installing: /home/sheila/march/ros2/install/diagnostic_updater/share/ament_index/resource_index/package_run_dependencies/diagnostic_updater
[32.593s] -- Installing: /home/sheila/march/ros2/install/diagnostic_updater/share/ament_index/resource_index/parent_prefix_path/diagnostic_updater
[32.593s] -- Installing: /home/sheila/march/ros2/install/diagnostic_updater/share/diagnostic_updater/environment/ament_prefix_path.sh
[32.594s] -- Installing: /home/sheila/march/ros2/install/diagnostic_updater/share/diagnostic_updater/environment/ament_prefix_path.dsv
[32.595s] -- Installing: /home/sheila/march/ros2/install/diagnostic_updater/share/diagnostic_updater/environment/path.sh
[32.595s] -- Installing: /home/sheila/march/ros2/install/diagnostic_updater/share/diagnostic_updater/environment/path.dsv
[32.596s] -- Installing: /home/sheila/march/ros2/install/diagnostic_updater/share/diagnostic_updater/local_setup.bash
[32.597s] -- Installing: /home/sheila/march/ros2/install/diagnostic_updater/share/diagnostic_updater/local_setup.sh
[32.598s] -- Installing: /home/sheila/march/ros2/install/diagnostic_updater/share/diagnostic_updater/local_setup.zsh
[32.598s] -- Installing: /home/sheila/march/ros2/install/diagnostic_updater/share/diagnostic_updater/local_setup.dsv
[32.599s] -- Installing: /home/sheila/march/ros2/install/diagnostic_updater/share/diagnostic_updater/package.dsv
[32.600s] -- Installing: /home/sheila/march/ros2/install/diagnostic_updater/share/ament_index/resource_index/packages/diagnostic_updater
[32.601s] -- Installing: /home/sheila/march/ros2/install/diagnostic_updater/share/diagnostic_updater/cmake/ament_cmake_export_include_directories-extras.cmake
[32.601s] -- Installing: /home/sheila/march/ros2/install/diagnostic_updater/share/diagnostic_updater/cmake/ament_cmake_export_dependencies-extras.cmake
[32.601s] -- Installing: /home/sheila/march/ros2/install/diagnostic_updater/share/diagnostic_updater/cmake/diagnostic_updaterConfig.cmake
[32.602s] -- Installing: /home/sheila/march/ros2/install/diagnostic_updater/share/diagnostic_updater/cmake/diagnostic_updaterConfig-version.cmake
[32.602s] -- Installing: /home/sheila/march/ros2/install/diagnostic_updater/share/diagnostic_updater/package.xml
[32.609s] Invoked command in '/home/sheila/march/ros2/build/diagnostic_updater' returned '0': CMAKE_PREFIX_PATH=/opt/ros/foxy /usr/bin/cmake --install /home/sheila/march/ros2/build/diagnostic_updater
