[0.084s] Invoking command in '/home/sheila/march/ros1/build/direct_dynamic_controller': /usr/bin/cmake --build /home/sheila/march/ros1/build/direct_dynamic_controller -- -j4 -l4
[0.395s] [100%] Built target direct_dynamic_controller
[0.448s] Invoked command in '/home/sheila/march/ros1/build/direct_dynamic_controller' returned '0': /usr/bin/cmake --build /home/sheila/march/ros1/build/direct_dynamic_controller -- -j4 -l4
[0.810s] Invoking command in '/home/sheila/march/ros1/build/direct_dynamic_controller': /usr/bin/cmake --build /home/sheila/march/ros1/build/direct_dynamic_controller --target tests -- -j4 -l4
[1.154s] Built target tests
[1.210s] Invoked command in '/home/sheila/march/ros1/build/direct_dynamic_controller' returned '0': /usr/bin/cmake --build /home/sheila/march/ros1/build/direct_dynamic_controller --target tests -- -j4 -l4
[1.588s] Invoking command in '/home/sheila/march/ros1/build/direct_dynamic_controller': /usr/bin/cmake --install /home/sheila/march/ros1/build/direct_dynamic_controller
[1.640s] -- Install configuration: ""
[1.640s] -- Up-to-date: /home/sheila/march/ros1/install/direct_dynamic_controller/lib/pkgconfig/direct_dynamic_controller.pc
[1.641s] -- Up-to-date: /home/sheila/march/ros1/install/direct_dynamic_controller/share/direct_dynamic_controller/cmake/direct_dynamic_controllerConfig.cmake
[1.642s] -- Up-to-date: /home/sheila/march/ros1/install/direct_dynamic_controller/share/direct_dynamic_controller/cmake/direct_dynamic_controllerConfig-version.cmake
[1.642s] -- Up-to-date: /home/sheila/march/ros1/install/direct_dynamic_controller/share/direct_dynamic_controller/package.xml
[1.642s] -- Up-to-date: /home/sheila/march/ros1/install/direct_dynamic_controller/include/direct_dynamic_controller
[1.642s] -- Up-to-date: /home/sheila/march/ros1/install/direct_dynamic_controller/include/direct_dynamic_controller/joint_trajectory_segment.h
[1.652s] -- Up-to-date: /home/sheila/march/ros1/install/direct_dynamic_controller/include/direct_dynamic_controller/.vscode
[1.664s] -- Up-to-date: /home/sheila/march/ros1/install/direct_dynamic_controller/include/direct_dynamic_controller/.vscode/settings.json
[1.664s] -- Up-to-date: /home/sheila/march/ros1/install/direct_dynamic_controller/include/direct_dynamic_controller/joint_trajectory_msg_utils.h
[1.665s] -- Up-to-date: /home/sheila/march/ros1/install/direct_dynamic_controller/include/direct_dynamic_controller/tolerances.h
[1.666s] -- Up-to-date: /home/sheila/march/ros1/install/direct_dynamic_controller/include/direct_dynamic_controller/direct_dynamic_controller_impl.h
[1.667s] -- Up-to-date: /home/sheila/march/ros1/install/direct_dynamic_controller/include/direct_dynamic_controller/hardware_interface_adapter copy.h
[1.667s] -- Up-to-date: /home/sheila/march/ros1/install/direct_dynamic_controller/include/direct_dynamic_controller/direct_dynamic_controller.h
[1.667s] -- Up-to-date: /home/sheila/march/ros1/install/direct_dynamic_controller/include/direct_dynamic_controller/hardware_interface_adapter.h
[1.668s] -- Up-to-date: /home/sheila/march/ros1/install/direct_dynamic_controller/include/direct_dynamic_controller/init_joint_trajectory.h
[1.668s] -- Up-to-date: /home/sheila/march/ros1/install/direct_dynamic_controller/include/trajectory_interface/
[1.669s] -- Up-to-date: /home/sheila/march/ros1/install/direct_dynamic_controller/include/trajectory_interface//pos_vel_acc_state.h
[1.669s] -- Up-to-date: /home/sheila/march/ros1/install/direct_dynamic_controller/include/trajectory_interface//trajectory_interface.h
[1.669s] -- Up-to-date: /home/sheila/march/ros1/install/direct_dynamic_controller/include/trajectory_interface//quintic_spline_segment.h
[1.670s] -- Up-to-date: /home/sheila/march/ros1/install/direct_dynamic_controller/lib/libdirect_dynamic_controller.so
[1.670s] -- Up-to-date: /home/sheila/march/ros1/install/direct_dynamic_controller/share/direct_dynamic_controller/config
[1.670s] -- Up-to-date: /home/sheila/march/ros1/install/direct_dynamic_controller/share/direct_dynamic_controller/config/right_arm
[1.670s] -- Up-to-date: /home/sheila/march/ros1/install/direct_dynamic_controller/share/direct_dynamic_controller/config/right_arm/motor_params_simulation.yaml
[1.671s] -- Up-to-date: /home/sheila/march/ros1/install/direct_dynamic_controller/share/direct_dynamic_controller/config/right_arm/motor_params.yaml
[1.671s] -- Up-to-date: /home/sheila/march/ros1/install/direct_dynamic_controller/share/direct_dynamic_controller/config/right_arm/direct_dynamic_controller.yaml
[1.672s] -- Up-to-date: /home/sheila/march/ros1/install/direct_dynamic_controller/share/direct_dynamic_controller/config/direct_controller.yaml
[1.672s] -- Up-to-date: /home/sheila/march/ros1/install/direct_dynamic_controller/share/direct_dynamic_controller/config/left_arm
[1.673s] -- Up-to-date: /home/sheila/march/ros1/install/direct_dynamic_controller/share/direct_dynamic_controller/config/left_arm/motor_params_simulation.yaml
[1.680s] -- Up-to-date: /home/sheila/march/ros1/install/direct_dynamic_controller/share/direct_dynamic_controller/config/left_arm/motor_params.yaml
[1.683s] -- Up-to-date: /home/sheila/march/ros1/install/direct_dynamic_controller/share/direct_dynamic_controller/config/left_arm/direct_dynamic_controller.yaml
[1.684s] -- Up-to-date: /home/sheila/march/ros1/install/direct_dynamic_controller/share/direct_dynamic_controller/launch
[1.693s] -- Up-to-date: /home/sheila/march/ros1/install/direct_dynamic_controller/share/direct_dynamic_controller/launch/right_arm_direct_dynamic_controller.launch
[1.699s] -- Up-to-date: /home/sheila/march/ros1/install/direct_dynamic_controller/share/direct_dynamic_controller/launch/left_arm_direct_dynamic_controller.launch
[1.702s] -- Installing: /home/sheila/march/ros1/install/direct_dynamic_controller/share/direct_dynamic_controller/launch/direct_dynamic_controller.launch
[1.703s] -- Up-to-date: /home/sheila/march/ros1/install/direct_dynamic_controller/share/direct_dynamic_controller/ros_control_plugins.xml
[1.706s] Invoked command in '/home/sheila/march/ros1/build/direct_dynamic_controller' returned '0': /usr/bin/cmake --install /home/sheila/march/ros1/build/direct_dynamic_controller
