[0.045s] Invoking command in '/home/sheila/march/ros1/build/march_bridge_parameters': /usr/bin/cmake /home/sheila/march/ros1/src/bridge/march_bridge_parameters -DCATKIN_INSTALL_INTO_PREFIX_ROOT=0 -DCMAKE_INSTALL_PREFIX=/home/sheila/march/ros1/install/march_bridge_parameters
[0.438s] -- The C compiler identification is GNU 9.3.0
[0.794s] -- The CXX compiler identification is GNU 9.3.0
[0.821s] -- Check for working C compiler: /usr/bin/cc
[1.190s] -- Check for working C compiler: /usr/bin/cc -- works
[1.192s] -- Detecting C compiler ABI info
[1.598s] -- Detecting C compiler ABI info - done
[1.663s] -- Detecting C compile features
[1.669s] -- Detecting C compile features - done
[1.692s] -- Check for working CXX compiler: /usr/bin/c++
[2.190s] -- Check for working CXX compiler: /usr/bin/c++ -- works
[2.192s] -- Detecting CXX compiler ABI info
[2.643s] -- Detecting CXX compiler ABI info - done
[2.719s] -- Detecting CXX compile features
[2.724s] -- Detecting CXX compile features - done
[2.737s] -- Using CATKIN_DEVEL_PREFIX: /home/sheila/march/ros1/build/march_bridge_parameters/devel
[2.738s] -- Using CMAKE_PREFIX_PATH: /opt/ros/noetic
[2.738s] -- This workspace overlays: /opt/ros/noetic
[2.910s] -- Found PythonInterp: /usr/bin/python3 (found suitable version "3.8.5", minimum required is "3") 
[2.911s] -- Using PYTHON_EXECUTABLE: /usr/bin/python3
[2.911s] -- Using Debian Python package layout
[3.100s] -- Found PY_em: /usr/lib/python3/dist-packages/em.py  
[3.101s] -- Using empy: /usr/lib/python3/dist-packages/em.py
[3.877s] -- Using CATKIN_ENABLE_TESTING: ON
[3.877s] -- Call enable_testing()
[3.917s] -- Using CATKIN_TEST_RESULTS_DIR: /home/sheila/march/ros1/build/march_bridge_parameters/test_results
[5.777s] -- Forcing gtest/gmock from source, though one was otherwise available.
[5.777s] -- Found gtest sources under '/usr/src/googletest': gtests will be built
[5.777s] -- Found gmock sources under '/usr/src/googletest': gmock will be built
[5.909s] -- Found PythonInterp: /usr/bin/python3 (found version "3.8.5") 
[5.912s] -- Found Threads: TRUE  
[5.948s] -- Using Python nosetests: /usr/bin/nosetests3
[6.208s] -- catkin 0.8.9
[6.209s] -- BUILD_SHARED_LIBS is on
[7.562s] -- Configuring done
[7.618s] -- Generating done
[7.622s] -- Build files have been written to: /home/sheila/march/ros1/build/march_bridge_parameters
[7.639s] Invoked command in '/home/sheila/march/ros1/build/march_bridge_parameters' returned '0': /usr/bin/cmake /home/sheila/march/ros1/src/bridge/march_bridge_parameters -DCATKIN_INSTALL_INTO_PREFIX_ROOT=0 -DCMAKE_INSTALL_PREFIX=/home/sheila/march/ros1/install/march_bridge_parameters
[7.641s] Invoking command in '/home/sheila/march/ros1/build/march_bridge_parameters': /usr/bin/cmake --build /home/sheila/march/ros1/build/march_bridge_parameters -- -j4 -l4
[7.846s] Invoked command in '/home/sheila/march/ros1/build/march_bridge_parameters' returned '0': /usr/bin/cmake --build /home/sheila/march/ros1/build/march_bridge_parameters -- -j4 -l4
[8.305s] Invoking command in '/home/sheila/march/ros1/build/march_bridge_parameters': /usr/bin/cmake --build /home/sheila/march/ros1/build/march_bridge_parameters --target tests -- -j4 -l4
[8.658s] [35m[1mScanning dependencies of target tests[0m
[8.742s] Built target tests
[8.772s] Invoked command in '/home/sheila/march/ros1/build/march_bridge_parameters' returned '0': /usr/bin/cmake --build /home/sheila/march/ros1/build/march_bridge_parameters --target tests -- -j4 -l4
[9.195s] Invoking command in '/home/sheila/march/ros1/build/march_bridge_parameters': /usr/bin/cmake --install /home/sheila/march/ros1/build/march_bridge_parameters
[9.226s] -- Install configuration: ""
[9.227s] -- Installing: /home/sheila/march/ros1/install/march_bridge_parameters/lib/pkgconfig/march_bridge_parameters.pc
[9.238s] -- Installing: /home/sheila/march/ros1/install/march_bridge_parameters/share/march_bridge_parameters/cmake/march_bridge_parametersConfig.cmake
[9.239s] -- Installing: /home/sheila/march/ros1/install/march_bridge_parameters/share/march_bridge_parameters/cmake/march_bridge_parametersConfig-version.cmake
[9.240s] -- Installing: /home/sheila/march/ros1/install/march_bridge_parameters/share/march_bridge_parameters/package.xml
[9.240s] -- Installing: /home/sheila/march/ros1/install/march_bridge_parameters/share/march_bridge_parameters/config
[9.241s] -- Installing: /home/sheila/march/ros1/install/march_bridge_parameters/share/march_bridge_parameters/config/topics_services_to_bridge.yaml
[9.247s] Invoked command in '/home/sheila/march/ros1/build/march_bridge_parameters' returned '0': /usr/bin/cmake --install /home/sheila/march/ros1/build/march_bridge_parameters
