-- The C compiler identification is GNU 9.3.0
-- The CXX compiler identification is GNU 9.3.0
-- Check for working C compiler: /usr/bin/cc
-- Check for working C compiler: /usr/bin/cc -- works
-- Detecting C compiler ABI info
-- Detecting C compiler ABI info - done
-- Detecting C compile features
-- Detecting C compile features - done
-- Check for working CXX compiler: /usr/bin/c++
-- Check for working CXX compiler: /usr/bin/c++ -- works
-- Detecting CXX compiler ABI info
-- Detecting CXX compiler ABI info - done
-- Detecting CXX compile features
-- Detecting CXX compile features - done
-- Using CATKIN_DEVEL_PREFIX: /home/sheila/march/ros1/build/march_simulation/devel
-- Using CMAKE_PREFIX_PATH: /home/sheila/march/ros1/install/march_gazebo_plugins;/home/sheila/march/ros1/install/march_shared_msgs;/home/sheila/march/ros1/install/march_description;/home/sheila/march/ros1/install/joint_trajectory_controller;/opt/ros/noetic
-- This workspace overlays: /home/sheila/march/ros1/install/march_gazebo_plugins;/home/sheila/march/ros1/install/march_shared_msgs;/home/sheila/march/ros1/install/march_description;/home/sheila/march/ros1/install/joint_trajectory_controller;/opt/ros/noetic
-- Found PythonInterp: /usr/bin/python3 (found suitable version "3.8.5", minimum required is "3") 
-- Using PYTHON_EXECUTABLE: /usr/bin/python3
-- Using Debian Python package layout
-- Found PY_em: /usr/lib/python3/dist-packages/em.py  
-- Using empy: /usr/lib/python3/dist-packages/em.py
-- Using CATKIN_ENABLE_TESTING: ON
-- Call enable_testing()
-- Using CATKIN_TEST_RESULTS_DIR: /home/sheila/march/ros1/build/march_simulation/test_results
-- Forcing gtest/gmock from source, though one was otherwise available.
-- Found gtest sources under '/usr/src/googletest': gtests will be built
-- Found gmock sources under '/usr/src/googletest': gmock will be built
-- Found PythonInterp: /usr/bin/python3 (found version "3.8.5") 
-- Found Threads: TRUE  
-- Using Python nosetests: /usr/bin/nosetests3
-- catkin 0.8.9
-- BUILD_SHARED_LIBS is on
-- Installing devel-space wrapper /home/sheila/march/ros1/src/simulation/march_simulation/scripts/upload_joint_names to /home/sheila/march/ros1/build/march_simulation/devel/lib/march_simulation
-- Installing devel-space wrapper /home/sheila/march/ros1/src/simulation/march_simulation/scripts/set_obstacle_dimensions to /home/sheila/march/ros1/build/march_simulation/devel/lib/march_simulation
-- Configuring done
-- Generating done
-- Build files have been written to: /home/sheila/march/ros1/build/march_simulation
[35m[1mScanning dependencies of target tests[0m
Built target tests
-- Install configuration: ""
-- Installing: /home/sheila/march/ros1/install/march_simulation/lib/pkgconfig/march_simulation.pc
-- Installing: /home/sheila/march/ros1/install/march_simulation/share/march_simulation/cmake/march_simulationConfig.cmake
-- Installing: /home/sheila/march/ros1/install/march_simulation/share/march_simulation/cmake/march_simulationConfig-version.cmake
-- Installing: /home/sheila/march/ros1/install/march_simulation/share/march_simulation/package.xml
-- Installing: /home/sheila/march/ros1/install/march_simulation/lib/march_simulation/upload_joint_names
-- Installing: /home/sheila/march/ros1/install/march_simulation/lib/march_simulation/set_obstacle_dimensions
-- Installing: /home/sheila/march/ros1/install/march_simulation/share/march_simulation/config
-- Installing: /home/sheila/march/ros1/install/march_simulation/share/march_simulation/config/model_predictive_control
-- Installing: /home/sheila/march/ros1/install/march_simulation/share/march_simulation/config/model_predictive_control/march4.yaml
-- Installing: /home/sheila/march/ros1/install/march_simulation/share/march_simulation/config/model_predictive_control/test_joint_rotational.yaml
-- Installing: /home/sheila/march/ros1/install/march_simulation/share/march_simulation/config/effort_control
-- Installing: /home/sheila/march/ros1/install/march_simulation/share/march_simulation/config/effort_control/march4.yaml
-- Installing: /home/sheila/march/ros1/install/march_simulation/share/march_simulation/config/effort_control/march3.yaml
-- Installing: /home/sheila/march/ros1/install/march_simulation/share/march_simulation/config/effort_control/test_joint_rotational.yaml
-- Installing: /home/sheila/march/ros1/install/march_simulation/share/march_simulation/config/effort_control/march4_with_koen_lengths.yaml
-- Installing: /home/sheila/march/ros1/install/march_simulation/share/march_simulation/config/inertia_control
-- Installing: /home/sheila/march/ros1/install/march_simulation/share/march_simulation/config/inertia_control/march4.yaml
-- Installing: /home/sheila/march/ros1/install/march_simulation/share/march_simulation/config/inertia_control/march4_with_koen_lengths.yaml
-- Installing: /home/sheila/march/ros1/install/march_simulation/share/march_simulation/launch
-- Installing: /home/sheila/march/ros1/install/march_simulation/share/march_simulation/launch/march_world.launch
-- Installing: /home/sheila/march/ros1/install/march_simulation/share/march_simulation/obstacles
-- Installing: /home/sheila/march/ros1/install/march_simulation/share/march_simulation/obstacles/rough_terrain.xacro
-- Installing: /home/sheila/march/ros1/install/march_simulation/share/march_simulation/obstacles/ramp_and_door_macro.xacro
-- Installing: /home/sheila/march/ros1/install/march_simulation/share/march_simulation/obstacles/stairs_macro.xacro
-- Installing: /home/sheila/march/ros1/install/march_simulation/share/march_simulation/obstacles/tilted_path.xacro
-- Installing: /home/sheila/march/ros1/install/march_simulation/share/march_simulation/obstacles/curb.xacro
-- Installing: /home/sheila/march/ros1/install/march_simulation/share/march_simulation/obstacles/ramp_and_door.xacro
-- Installing: /home/sheila/march/ros1/install/march_simulation/share/march_simulation/obstacles/stairs.xacro
-- Installing: /home/sheila/march/ros1/install/march_simulation/share/march_simulation/obstacles/bench_macro.xacro
-- Installing: /home/sheila/march/ros1/install/march_simulation/share/march_simulation/obstacles/bench.xacro
-- Installing: /home/sheila/march/ros1/install/march_simulation/share/march_simulation/worlds
-- Installing: /home/sheila/march/ros1/install/march_simulation/share/march_simulation/worlds/march.world
