[0.027s] Invoking command in '/home/sheila/march/ros1/build/march_simulation': CMAKE_PREFIX_PATH=/home/sheila/march/ros1/install/march_gazebo_plugins:/home/sheila/march/ros1/install/march_shared_msgs:/home/sheila/march/ros1/install/march_description:/home/sheila/march/ros1/install/joint_trajectory_controller:${CMAKE_PREFIX_PATH} LD_LIBRARY_PATH=/home/sheila/march/ros1/install/march_gazebo_plugins/lib:/home/sheila/march/ros1/install/joint_trajectory_controller/lib:${LD_LIBRARY_PATH} PKG_CONFIG_PATH=/home/sheila/march/ros1/install/march_gazebo_plugins/lib/x86_64-linux-gnu/pkgconfig:/home/sheila/march/ros1/install/march_gazebo_plugins/lib/pkgconfig:/home/sheila/march/ros1/install/march_shared_msgs/lib/x86_64-linux-gnu/pkgconfig:/home/sheila/march/ros1/install/march_shared_msgs/lib/pkgconfig:/home/sheila/march/ros1/install/march_description/lib/x86_64-linux-gnu/pkgconfig:/home/sheila/march/ros1/install/march_description/lib/pkgconfig:/home/sheila/march/ros1/install/joint_trajectory_controller/lib/x86_64-linux-gnu/pkgconfig:/home/sheila/march/ros1/install/joint_trajectory_controller/lib/pkgconfig:${PKG_CONFIG_PATH} PYTHONPATH=/home/sheila/march/ros1/install/march_shared_msgs/lib/python3/dist-packages:${PYTHONPATH} ROS_PACKAGE_PATH=/home/sheila/march/ros1/install/march_gazebo_plugins/share:/home/sheila/march/ros1/install/march_shared_msgs/share:/home/sheila/march/ros1/install/march_description/share:/home/sheila/march/ros1/install/joint_trajectory_controller/share:${ROS_PACKAGE_PATH} /usr/bin/cmake /home/sheila/march/ros1/src/simulation/march_simulation -DCATKIN_INSTALL_INTO_PREFIX_ROOT=0 -DCMAKE_INSTALL_PREFIX=/home/sheila/march/ros1/install/march_simulation
[0.137s] -- The C compiler identification is GNU 9.3.0
[0.239s] -- The CXX compiler identification is GNU 9.3.0
[0.249s] -- Check for working C compiler: /usr/bin/cc
[0.382s] -- Check for working C compiler: /usr/bin/cc -- works
[0.385s] -- Detecting C compiler ABI info
[0.503s] -- Detecting C compiler ABI info - done
[0.530s] -- Detecting C compile features
[0.531s] -- Detecting C compile features - done
[0.537s] -- Check for working CXX compiler: /usr/bin/c++
[0.679s] -- Check for working CXX compiler: /usr/bin/c++ -- works
[0.681s] -- Detecting CXX compiler ABI info
[0.821s] -- Detecting CXX compiler ABI info - done
[0.849s] -- Detecting CXX compile features
[0.851s] -- Detecting CXX compile features - done
[0.857s] -- Using CATKIN_DEVEL_PREFIX: /home/sheila/march/ros1/build/march_simulation/devel
[0.858s] -- Using CMAKE_PREFIX_PATH: /home/sheila/march/ros1/install/march_gazebo_plugins;/home/sheila/march/ros1/install/march_shared_msgs;/home/sheila/march/ros1/install/march_description;/home/sheila/march/ros1/install/joint_trajectory_controller;/opt/ros/noetic
[0.858s] -- This workspace overlays: /home/sheila/march/ros1/install/march_gazebo_plugins;/home/sheila/march/ros1/install/march_shared_msgs;/home/sheila/march/ros1/install/march_description;/home/sheila/march/ros1/install/joint_trajectory_controller;/opt/ros/noetic
[0.908s] -- Found PythonInterp: /usr/bin/python3 (found suitable version "3.8.5", minimum required is "3") 
[0.909s] -- Using PYTHON_EXECUTABLE: /usr/bin/python3
[0.909s] -- Using Debian Python package layout
[0.976s] -- Found PY_em: /usr/lib/python3/dist-packages/em.py  
[0.977s] -- Using empy: /usr/lib/python3/dist-packages/em.py
[1.233s] -- Using CATKIN_ENABLE_TESTING: ON
[1.233s] -- Call enable_testing()
[1.236s] -- Using CATKIN_TEST_RESULTS_DIR: /home/sheila/march/ros1/build/march_simulation/test_results
[1.788s] -- Forcing gtest/gmock from source, though one was otherwise available.
[1.789s] -- Found gtest sources under '/usr/src/googletest': gtests will be built
[1.789s] -- Found gmock sources under '/usr/src/googletest': gmock will be built
[1.840s] -- Found PythonInterp: /usr/bin/python3 (found version "3.8.5") 
[1.844s] -- Found Threads: TRUE  
[1.858s] -- Using Python nosetests: /usr/bin/nosetests3
[1.978s] -- catkin 0.8.9
[1.979s] -- BUILD_SHARED_LIBS is on
[2.566s] -- Installing devel-space wrapper /home/sheila/march/ros1/src/simulation/march_simulation/scripts/upload_joint_names to /home/sheila/march/ros1/build/march_simulation/devel/lib/march_simulation
[2.568s] -- Installing devel-space wrapper /home/sheila/march/ros1/src/simulation/march_simulation/scripts/set_obstacle_dimensions to /home/sheila/march/ros1/build/march_simulation/devel/lib/march_simulation
[2.573s] -- Configuring done
[2.591s] -- Generating done
[2.595s] -- Build files have been written to: /home/sheila/march/ros1/build/march_simulation
[2.609s] Invoked command in '/home/sheila/march/ros1/build/march_simulation' returned '0': CMAKE_PREFIX_PATH=/home/sheila/march/ros1/install/march_gazebo_plugins:/home/sheila/march/ros1/install/march_shared_msgs:/home/sheila/march/ros1/install/march_description:/home/sheila/march/ros1/install/joint_trajectory_controller:${CMAKE_PREFIX_PATH} LD_LIBRARY_PATH=/home/sheila/march/ros1/install/march_gazebo_plugins/lib:/home/sheila/march/ros1/install/joint_trajectory_controller/lib:${LD_LIBRARY_PATH} PKG_CONFIG_PATH=/home/sheila/march/ros1/install/march_gazebo_plugins/lib/x86_64-linux-gnu/pkgconfig:/home/sheila/march/ros1/install/march_gazebo_plugins/lib/pkgconfig:/home/sheila/march/ros1/install/march_shared_msgs/lib/x86_64-linux-gnu/pkgconfig:/home/sheila/march/ros1/install/march_shared_msgs/lib/pkgconfig:/home/sheila/march/ros1/install/march_description/lib/x86_64-linux-gnu/pkgconfig:/home/sheila/march/ros1/install/march_description/lib/pkgconfig:/home/sheila/march/ros1/install/joint_trajectory_controller/lib/x86_64-linux-gnu/pkgconfig:/home/sheila/march/ros1/install/joint_trajectory_controller/lib/pkgconfig:${PKG_CONFIG_PATH} PYTHONPATH=/home/sheila/march/ros1/install/march_shared_msgs/lib/python3/dist-packages:${PYTHONPATH} ROS_PACKAGE_PATH=/home/sheila/march/ros1/install/march_gazebo_plugins/share:/home/sheila/march/ros1/install/march_shared_msgs/share:/home/sheila/march/ros1/install/march_description/share:/home/sheila/march/ros1/install/joint_trajectory_controller/share:${ROS_PACKAGE_PATH} /usr/bin/cmake /home/sheila/march/ros1/src/simulation/march_simulation -DCATKIN_INSTALL_INTO_PREFIX_ROOT=0 -DCMAKE_INSTALL_PREFIX=/home/sheila/march/ros1/install/march_simulation
[2.611s] Invoking command in '/home/sheila/march/ros1/build/march_simulation': CMAKE_PREFIX_PATH=/home/sheila/march/ros1/install/march_gazebo_plugins:/home/sheila/march/ros1/install/march_shared_msgs:/home/sheila/march/ros1/install/march_description:/home/sheila/march/ros1/install/joint_trajectory_controller:${CMAKE_PREFIX_PATH} LD_LIBRARY_PATH=/home/sheila/march/ros1/install/march_gazebo_plugins/lib:/home/sheila/march/ros1/install/joint_trajectory_controller/lib:${LD_LIBRARY_PATH} PKG_CONFIG_PATH=/home/sheila/march/ros1/install/march_gazebo_plugins/lib/x86_64-linux-gnu/pkgconfig:/home/sheila/march/ros1/install/march_gazebo_plugins/lib/pkgconfig:/home/sheila/march/ros1/install/march_shared_msgs/lib/x86_64-linux-gnu/pkgconfig:/home/sheila/march/ros1/install/march_shared_msgs/lib/pkgconfig:/home/sheila/march/ros1/install/march_description/lib/x86_64-linux-gnu/pkgconfig:/home/sheila/march/ros1/install/march_description/lib/pkgconfig:/home/sheila/march/ros1/install/joint_trajectory_controller/lib/x86_64-linux-gnu/pkgconfig:/home/sheila/march/ros1/install/joint_trajectory_controller/lib/pkgconfig:${PKG_CONFIG_PATH} PYTHONPATH=/home/sheila/march/ros1/install/march_shared_msgs/lib/python3/dist-packages:${PYTHONPATH} ROS_PACKAGE_PATH=/home/sheila/march/ros1/install/march_gazebo_plugins/share:/home/sheila/march/ros1/install/march_shared_msgs/share:/home/sheila/march/ros1/install/march_description/share:/home/sheila/march/ros1/install/joint_trajectory_controller/share:${ROS_PACKAGE_PATH} /usr/bin/cmake --build /home/sheila/march/ros1/build/march_simulation -- -j4 -l4
[2.685s] Invoked command in '/home/sheila/march/ros1/build/march_simulation' returned '0': CMAKE_PREFIX_PATH=/home/sheila/march/ros1/install/march_gazebo_plugins:/home/sheila/march/ros1/install/march_shared_msgs:/home/sheila/march/ros1/install/march_description:/home/sheila/march/ros1/install/joint_trajectory_controller:${CMAKE_PREFIX_PATH} LD_LIBRARY_PATH=/home/sheila/march/ros1/install/march_gazebo_plugins/lib:/home/sheila/march/ros1/install/joint_trajectory_controller/lib:${LD_LIBRARY_PATH} PKG_CONFIG_PATH=/home/sheila/march/ros1/install/march_gazebo_plugins/lib/x86_64-linux-gnu/pkgconfig:/home/sheila/march/ros1/install/march_gazebo_plugins/lib/pkgconfig:/home/sheila/march/ros1/install/march_shared_msgs/lib/x86_64-linux-gnu/pkgconfig:/home/sheila/march/ros1/install/march_shared_msgs/lib/pkgconfig:/home/sheila/march/ros1/install/march_description/lib/x86_64-linux-gnu/pkgconfig:/home/sheila/march/ros1/install/march_description/lib/pkgconfig:/home/sheila/march/ros1/install/joint_trajectory_controller/lib/x86_64-linux-gnu/pkgconfig:/home/sheila/march/ros1/install/joint_trajectory_controller/lib/pkgconfig:${PKG_CONFIG_PATH} PYTHONPATH=/home/sheila/march/ros1/install/march_shared_msgs/lib/python3/dist-packages:${PYTHONPATH} ROS_PACKAGE_PATH=/home/sheila/march/ros1/install/march_gazebo_plugins/share:/home/sheila/march/ros1/install/march_shared_msgs/share:/home/sheila/march/ros1/install/march_description/share:/home/sheila/march/ros1/install/joint_trajectory_controller/share:${ROS_PACKAGE_PATH} /usr/bin/cmake --build /home/sheila/march/ros1/build/march_simulation -- -j4 -l4
[2.730s] Invoking command in '/home/sheila/march/ros1/build/march_simulation': CMAKE_PREFIX_PATH=/home/sheila/march/ros1/install/march_gazebo_plugins:/home/sheila/march/ros1/install/march_shared_msgs:/home/sheila/march/ros1/install/march_description:/home/sheila/march/ros1/install/joint_trajectory_controller:${CMAKE_PREFIX_PATH} LD_LIBRARY_PATH=/home/sheila/march/ros1/install/march_gazebo_plugins/lib:/home/sheila/march/ros1/install/joint_trajectory_controller/lib:${LD_LIBRARY_PATH} PKG_CONFIG_PATH=/home/sheila/march/ros1/install/march_gazebo_plugins/lib/x86_64-linux-gnu/pkgconfig:/home/sheila/march/ros1/install/march_gazebo_plugins/lib/pkgconfig:/home/sheila/march/ros1/install/march_shared_msgs/lib/x86_64-linux-gnu/pkgconfig:/home/sheila/march/ros1/install/march_shared_msgs/lib/pkgconfig:/home/sheila/march/ros1/install/march_description/lib/x86_64-linux-gnu/pkgconfig:/home/sheila/march/ros1/install/march_description/lib/pkgconfig:/home/sheila/march/ros1/install/joint_trajectory_controller/lib/x86_64-linux-gnu/pkgconfig:/home/sheila/march/ros1/install/joint_trajectory_controller/lib/pkgconfig:${PKG_CONFIG_PATH} PYTHONPATH=/home/sheila/march/ros1/install/march_shared_msgs/lib/python3/dist-packages:${PYTHONPATH} ROS_PACKAGE_PATH=/home/sheila/march/ros1/install/march_gazebo_plugins/share:/home/sheila/march/ros1/install/march_shared_msgs/share:/home/sheila/march/ros1/install/march_description/share:/home/sheila/march/ros1/install/joint_trajectory_controller/share:${ROS_PACKAGE_PATH} /usr/bin/cmake --build /home/sheila/march/ros1/build/march_simulation --target tests -- -j4 -l4
[2.819s] [35m[1mScanning dependencies of target tests[0m
[2.836s] Built target tests
[2.858s] Invoked command in '/home/sheila/march/ros1/build/march_simulation' returned '0': CMAKE_PREFIX_PATH=/home/sheila/march/ros1/install/march_gazebo_plugins:/home/sheila/march/ros1/install/march_shared_msgs:/home/sheila/march/ros1/install/march_description:/home/sheila/march/ros1/install/joint_trajectory_controller:${CMAKE_PREFIX_PATH} LD_LIBRARY_PATH=/home/sheila/march/ros1/install/march_gazebo_plugins/lib:/home/sheila/march/ros1/install/joint_trajectory_controller/lib:${LD_LIBRARY_PATH} PKG_CONFIG_PATH=/home/sheila/march/ros1/install/march_gazebo_plugins/lib/x86_64-linux-gnu/pkgconfig:/home/sheila/march/ros1/install/march_gazebo_plugins/lib/pkgconfig:/home/sheila/march/ros1/install/march_shared_msgs/lib/x86_64-linux-gnu/pkgconfig:/home/sheila/march/ros1/install/march_shared_msgs/lib/pkgconfig:/home/sheila/march/ros1/install/march_description/lib/x86_64-linux-gnu/pkgconfig:/home/sheila/march/ros1/install/march_description/lib/pkgconfig:/home/sheila/march/ros1/install/joint_trajectory_controller/lib/x86_64-linux-gnu/pkgconfig:/home/sheila/march/ros1/install/joint_trajectory_controller/lib/pkgconfig:${PKG_CONFIG_PATH} PYTHONPATH=/home/sheila/march/ros1/install/march_shared_msgs/lib/python3/dist-packages:${PYTHONPATH} ROS_PACKAGE_PATH=/home/sheila/march/ros1/install/march_gazebo_plugins/share:/home/sheila/march/ros1/install/march_shared_msgs/share:/home/sheila/march/ros1/install/march_description/share:/home/sheila/march/ros1/install/joint_trajectory_controller/share:${ROS_PACKAGE_PATH} /usr/bin/cmake --build /home/sheila/march/ros1/build/march_simulation --target tests -- -j4 -l4
[2.904s] Invoking command in '/home/sheila/march/ros1/build/march_simulation': CMAKE_PREFIX_PATH=/home/sheila/march/ros1/install/march_gazebo_plugins:/home/sheila/march/ros1/install/march_shared_msgs:/home/sheila/march/ros1/install/march_description:/home/sheila/march/ros1/install/joint_trajectory_controller:${CMAKE_PREFIX_PATH} LD_LIBRARY_PATH=/home/sheila/march/ros1/install/march_gazebo_plugins/lib:/home/sheila/march/ros1/install/joint_trajectory_controller/lib:${LD_LIBRARY_PATH} PKG_CONFIG_PATH=/home/sheila/march/ros1/install/march_gazebo_plugins/lib/x86_64-linux-gnu/pkgconfig:/home/sheila/march/ros1/install/march_gazebo_plugins/lib/pkgconfig:/home/sheila/march/ros1/install/march_shared_msgs/lib/x86_64-linux-gnu/pkgconfig:/home/sheila/march/ros1/install/march_shared_msgs/lib/pkgconfig:/home/sheila/march/ros1/install/march_description/lib/x86_64-linux-gnu/pkgconfig:/home/sheila/march/ros1/install/march_description/lib/pkgconfig:/home/sheila/march/ros1/install/joint_trajectory_controller/lib/x86_64-linux-gnu/pkgconfig:/home/sheila/march/ros1/install/joint_trajectory_controller/lib/pkgconfig:${PKG_CONFIG_PATH} PYTHONPATH=/home/sheila/march/ros1/install/march_shared_msgs/lib/python3/dist-packages:${PYTHONPATH} ROS_PACKAGE_PATH=/home/sheila/march/ros1/install/march_gazebo_plugins/share:/home/sheila/march/ros1/install/march_shared_msgs/share:/home/sheila/march/ros1/install/march_description/share:/home/sheila/march/ros1/install/joint_trajectory_controller/share:${ROS_PACKAGE_PATH} /usr/bin/cmake --install /home/sheila/march/ros1/build/march_simulation
[2.922s] -- Install configuration: ""
[2.923s] -- Installing: /home/sheila/march/ros1/install/march_simulation/lib/pkgconfig/march_simulation.pc
[2.924s] -- Installing: /home/sheila/march/ros1/install/march_simulation/share/march_simulation/cmake/march_simulationConfig.cmake
[2.925s] -- Installing: /home/sheila/march/ros1/install/march_simulation/share/march_simulation/cmake/march_simulationConfig-version.cmake
[2.925s] -- Installing: /home/sheila/march/ros1/install/march_simulation/share/march_simulation/package.xml
[2.926s] -- Installing: /home/sheila/march/ros1/install/march_simulation/lib/march_simulation/upload_joint_names
[2.927s] -- Installing: /home/sheila/march/ros1/install/march_simulation/lib/march_simulation/set_obstacle_dimensions
[2.928s] -- Installing: /home/sheila/march/ros1/install/march_simulation/share/march_simulation/config
[2.928s] -- Installing: /home/sheila/march/ros1/install/march_simulation/share/march_simulation/config/model_predictive_control
[2.928s] -- Installing: /home/sheila/march/ros1/install/march_simulation/share/march_simulation/config/model_predictive_control/march4.yaml
[2.929s] -- Installing: /home/sheila/march/ros1/install/march_simulation/share/march_simulation/config/model_predictive_control/test_joint_rotational.yaml
[2.929s] -- Installing: /home/sheila/march/ros1/install/march_simulation/share/march_simulation/config/effort_control
[2.930s] -- Installing: /home/sheila/march/ros1/install/march_simulation/share/march_simulation/config/effort_control/march4.yaml
[2.930s] -- Installing: /home/sheila/march/ros1/install/march_simulation/share/march_simulation/config/effort_control/march3.yaml
[2.931s] -- Installing: /home/sheila/march/ros1/install/march_simulation/share/march_simulation/config/effort_control/test_joint_rotational.yaml
[2.931s] -- Installing: /home/sheila/march/ros1/install/march_simulation/share/march_simulation/config/effort_control/march4_with_koen_lengths.yaml
[2.932s] -- Installing: /home/sheila/march/ros1/install/march_simulation/share/march_simulation/config/inertia_control
[2.932s] -- Installing: /home/sheila/march/ros1/install/march_simulation/share/march_simulation/config/inertia_control/march4.yaml
[2.933s] -- Installing: /home/sheila/march/ros1/install/march_simulation/share/march_simulation/config/inertia_control/march4_with_koen_lengths.yaml
[2.933s] -- Installing: /home/sheila/march/ros1/install/march_simulation/share/march_simulation/launch
[2.934s] -- Installing: /home/sheila/march/ros1/install/march_simulation/share/march_simulation/launch/march_world.launch
[2.934s] -- Installing: /home/sheila/march/ros1/install/march_simulation/share/march_simulation/obstacles
[2.935s] -- Installing: /home/sheila/march/ros1/install/march_simulation/share/march_simulation/obstacles/rough_terrain.xacro
[2.935s] -- Installing: /home/sheila/march/ros1/install/march_simulation/share/march_simulation/obstacles/ramp_and_door_macro.xacro
[2.936s] -- Installing: /home/sheila/march/ros1/install/march_simulation/share/march_simulation/obstacles/stairs_macro.xacro
[2.936s] -- Installing: /home/sheila/march/ros1/install/march_simulation/share/march_simulation/obstacles/tilted_path.xacro
[2.937s] -- Installing: /home/sheila/march/ros1/install/march_simulation/share/march_simulation/obstacles/curb.xacro
[2.937s] -- Installing: /home/sheila/march/ros1/install/march_simulation/share/march_simulation/obstacles/ramp_and_door.xacro
[2.937s] -- Installing: /home/sheila/march/ros1/install/march_simulation/share/march_simulation/obstacles/stairs.xacro
[2.938s] -- Installing: /home/sheila/march/ros1/install/march_simulation/share/march_simulation/obstacles/bench_macro.xacro
[2.939s] -- Installing: /home/sheila/march/ros1/install/march_simulation/share/march_simulation/obstacles/bench.xacro
[2.939s] -- Installing: /home/sheila/march/ros1/install/march_simulation/share/march_simulation/worlds
[2.939s] -- Installing: /home/sheila/march/ros1/install/march_simulation/share/march_simulation/worlds/march.world
[2.947s] Invoked command in '/home/sheila/march/ros1/build/march_simulation' returned '0': CMAKE_PREFIX_PATH=/home/sheila/march/ros1/install/march_gazebo_plugins:/home/sheila/march/ros1/install/march_shared_msgs:/home/sheila/march/ros1/install/march_description:/home/sheila/march/ros1/install/joint_trajectory_controller:${CMAKE_PREFIX_PATH} LD_LIBRARY_PATH=/home/sheila/march/ros1/install/march_gazebo_plugins/lib:/home/sheila/march/ros1/install/joint_trajectory_controller/lib:${LD_LIBRARY_PATH} PKG_CONFIG_PATH=/home/sheila/march/ros1/install/march_gazebo_plugins/lib/x86_64-linux-gnu/pkgconfig:/home/sheila/march/ros1/install/march_gazebo_plugins/lib/pkgconfig:/home/sheila/march/ros1/install/march_shared_msgs/lib/x86_64-linux-gnu/pkgconfig:/home/sheila/march/ros1/install/march_shared_msgs/lib/pkgconfig:/home/sheila/march/ros1/install/march_description/lib/x86_64-linux-gnu/pkgconfig:/home/sheila/march/ros1/install/march_description/lib/pkgconfig:/home/sheila/march/ros1/install/joint_trajectory_controller/lib/x86_64-linux-gnu/pkgconfig:/home/sheila/march/ros1/install/joint_trajectory_controller/lib/pkgconfig:${PKG_CONFIG_PATH} PYTHONPATH=/home/sheila/march/ros1/install/march_shared_msgs/lib/python3/dist-packages:${PYTHONPATH} ROS_PACKAGE_PATH=/home/sheila/march/ros1/install/march_gazebo_plugins/share:/home/sheila/march/ros1/install/march_shared_msgs/share:/home/sheila/march/ros1/install/march_description/share:/home/sheila/march/ros1/install/joint_trajectory_controller/share:${ROS_PACKAGE_PATH} /usr/bin/cmake --install /home/sheila/march/ros1/build/march_simulation
