[0.025s] Invoking command in '/home/sheila/march/ros1/build/march_realsense_reader': CMAKE_PREFIX_PATH=/home/sheila/march/ros1/install/march_shared_msgs:${CMAKE_PREFIX_PATH} PKG_CONFIG_PATH=/home/sheila/march/ros1/install/march_shared_msgs/lib/x86_64-linux-gnu/pkgconfig:/home/sheila/march/ros1/install/march_shared_msgs/lib/pkgconfig:${PKG_CONFIG_PATH} PYTHONPATH=/home/sheila/march/ros1/install/march_shared_msgs/lib/python3/dist-packages:${PYTHONPATH} ROS_PACKAGE_PATH=/home/sheila/march/ros1/install/march_shared_msgs/share:${ROS_PACKAGE_PATH} /usr/bin/cmake /home/sheila/march/ros1/src/data/march_realsense_reader -DCATKIN_INSTALL_INTO_PREFIX_ROOT=0 -DCMAKE_INSTALL_PREFIX=/home/sheila/march/ros1/install/march_realsense_reader
[0.131s] -- The C compiler identification is GNU 9.3.0
[0.272s] -- The CXX compiler identification is GNU 9.3.0
[0.282s] -- Check for working C compiler: /usr/bin/cc
[0.423s] -- Check for working C compiler: /usr/bin/cc -- works
[0.425s] -- Detecting C compiler ABI info
[0.553s] -- Detecting C compiler ABI info - done
[0.581s] -- Detecting C compile features
[0.582s] -- Detecting C compile features - done
[0.588s] -- Check for working CXX compiler: /usr/bin/c++
[0.732s] -- Check for working CXX compiler: /usr/bin/c++ -- works
[0.735s] -- Detecting CXX compiler ABI info
[0.877s] -- Detecting CXX compiler ABI info - done
[0.904s] -- Detecting CXX compile features
[0.906s] -- Detecting CXX compile features - done
[0.910s] -- Using CATKIN_DEVEL_PREFIX: /home/sheila/march/ros1/build/march_realsense_reader/devel
[0.911s] -- Using CMAKE_PREFIX_PATH: /home/sheila/march/ros1/install/march_shared_msgs;/opt/ros/noetic
[0.911s] -- This workspace overlays: /home/sheila/march/ros1/install/march_shared_msgs;/opt/ros/noetic
[0.961s] -- Found PythonInterp: /usr/bin/python3 (found suitable version "3.8.5", minimum required is "3") 
[0.961s] -- Using PYTHON_EXECUTABLE: /usr/bin/python3
[0.961s] -- Using Debian Python package layout
[1.028s] -- Found PY_em: /usr/lib/python3/dist-packages/em.py  
[1.028s] -- Using empy: /usr/lib/python3/dist-packages/em.py
[1.405s] -- Using CATKIN_ENABLE_TESTING: ON
[1.405s] -- Call enable_testing()
[1.408s] -- Using CATKIN_TEST_RESULTS_DIR: /home/sheila/march/ros1/build/march_realsense_reader/test_results
[1.997s] -- Forcing gtest/gmock from source, though one was otherwise available.
[1.997s] -- Found gtest sources under '/usr/src/googletest': gtests will be built
[1.998s] -- Found gmock sources under '/usr/src/googletest': gmock will be built
[2.048s] -- Found PythonInterp: /usr/bin/python3 (found version "3.8.5") 
[2.051s] -- Found Threads: TRUE  
[2.063s] -- Using Python nosetests: /usr/bin/nosetests3
[2.182s] -- catkin 0.8.9
[2.183s] -- BUILD_SHARED_LIBS is on
[2.940s] -- Using these message generators: gencpp;geneus;genlisp;gennodejs;genpy
[3.636s] -- Configuring done
[3.804s] -- Generating done
[3.823s] -- Build files have been written to: /home/sheila/march/ros1/build/march_realsense_reader
[3.840s] Invoked command in '/home/sheila/march/ros1/build/march_realsense_reader' returned '0': CMAKE_PREFIX_PATH=/home/sheila/march/ros1/install/march_shared_msgs:${CMAKE_PREFIX_PATH} PKG_CONFIG_PATH=/home/sheila/march/ros1/install/march_shared_msgs/lib/x86_64-linux-gnu/pkgconfig:/home/sheila/march/ros1/install/march_shared_msgs/lib/pkgconfig:${PKG_CONFIG_PATH} PYTHONPATH=/home/sheila/march/ros1/install/march_shared_msgs/lib/python3/dist-packages:${PYTHONPATH} ROS_PACKAGE_PATH=/home/sheila/march/ros1/install/march_shared_msgs/share:${ROS_PACKAGE_PATH} /usr/bin/cmake /home/sheila/march/ros1/src/data/march_realsense_reader -DCATKIN_INSTALL_INTO_PREFIX_ROOT=0 -DCMAKE_INSTALL_PREFIX=/home/sheila/march/ros1/install/march_realsense_reader
[3.843s] Invoking command in '/home/sheila/march/ros1/build/march_realsense_reader': CMAKE_PREFIX_PATH=/home/sheila/march/ros1/install/march_shared_msgs:${CMAKE_PREFIX_PATH} PKG_CONFIG_PATH=/home/sheila/march/ros1/install/march_shared_msgs/lib/x86_64-linux-gnu/pkgconfig:/home/sheila/march/ros1/install/march_shared_msgs/lib/pkgconfig:${PKG_CONFIG_PATH} PYTHONPATH=/home/sheila/march/ros1/install/march_shared_msgs/lib/python3/dist-packages:${PYTHONPATH} ROS_PACKAGE_PATH=/home/sheila/march/ros1/install/march_shared_msgs/share:${ROS_PACKAGE_PATH} /usr/bin/cmake --build /home/sheila/march/ros1/build/march_realsense_reader -- -j4 -l4
[3.934s] [35m[1mScanning dependencies of target std_srvs_generate_messages_eus[0m
[3.955s] [  0%] Built target std_srvs_generate_messages_eus
[3.973s] [35m[1mScanning dependencies of target trajectory_msgs_generate_messages_cpp[0m
[3.991s] [  0%] Built target trajectory_msgs_generate_messages_cpp
[4.008s] [35m[1mScanning dependencies of target control_msgs_generate_messages_py[0m
[4.028s] [  0%] Built target control_msgs_generate_messages_py
[4.047s] [35m[1mScanning dependencies of target march_shared_msgs_generate_messages_py[0m
[4.065s] [  0%] Built target march_shared_msgs_generate_messages_py
[4.082s] [35m[1mScanning dependencies of target march_shared_msgs_generate_messages_nodejs[0m
[4.100s] [  0%] Built target march_shared_msgs_generate_messages_nodejs
[4.119s] [35m[1mScanning dependencies of target march_shared_msgs_generate_messages_eus[0m
[4.137s] [  0%] Built target march_shared_msgs_generate_messages_eus
[4.155s] [35m[1mScanning dependencies of target march_shared_msgs_generate_messages_cpp[0m
[4.174s] [  0%] Built target march_shared_msgs_generate_messages_cpp
[4.192s] [35m[1mScanning dependencies of target tf2_msgs_generate_messages_nodejs[0m
[4.211s] [  0%] Built target tf2_msgs_generate_messages_nodejs
[4.229s] [35m[1mScanning dependencies of target tf2_msgs_generate_messages_lisp[0m
[4.248s] [  0%] Built target tf2_msgs_generate_messages_lisp
[4.266s] [35m[1mScanning dependencies of target actionlib_msgs_generate_messages_py[0m
[4.283s] [  0%] Built target actionlib_msgs_generate_messages_py
[4.301s] [35m[1mScanning dependencies of target actionlib_msgs_generate_messages_cpp[0m
[4.320s] [  0%] Built target actionlib_msgs_generate_messages_cpp
[4.338s] [35m[1mScanning dependencies of target actionlib_generate_messages_py[0m
[4.356s] [  0%] Built target actionlib_generate_messages_py
[4.374s] [35m[1mScanning dependencies of target actionlib_generate_messages_nodejs[0m
[4.392s] [  0%] Built target actionlib_generate_messages_nodejs
[4.410s] [35m[1mScanning dependencies of target actionlib_generate_messages_cpp[0m
[4.427s] [  0%] Built target actionlib_generate_messages_cpp
[4.444s] [35m[1mScanning dependencies of target tf_generate_messages_nodejs[0m
[4.463s] [  0%] Built target tf_generate_messages_nodejs
[4.480s] [35m[1mScanning dependencies of target tf_generate_messages_lisp[0m
[4.497s] [  0%] Built target tf_generate_messages_lisp
[4.515s] [35m[1mScanning dependencies of target control_msgs_generate_messages_eus[0m
[4.533s] [  0%] Built target control_msgs_generate_messages_eus
[4.550s] [35m[1mScanning dependencies of target tf_generate_messages_cpp[0m
[4.566s] [  0%] Built target tf_generate_messages_cpp
[4.582s] [35m[1mScanning dependencies of target control_msgs_generate_messages_cpp[0m
[4.598s] [  0%] Built target control_msgs_generate_messages_cpp
[4.615s] [35m[1mScanning dependencies of target topic_tools_generate_messages_nodejs[0m
[4.630s] [  0%] Built target topic_tools_generate_messages_nodejs
[4.646s] [35m[1mScanning dependencies of target topic_tools_generate_messages_lisp[0m
[4.662s] [  0%] Built target topic_tools_generate_messages_lisp
[4.681s] [35m[1mScanning dependencies of target topic_tools_generate_messages_eus[0m
[4.699s] [  0%] Built target topic_tools_generate_messages_eus
[4.716s] [35m[1mScanning dependencies of target roscpp_generate_messages_eus[0m
[4.736s] [  0%] Built target roscpp_generate_messages_eus
[4.753s] [35m[1mScanning dependencies of target geometry_msgs_generate_messages_eus[0m
[4.769s] [  0%] Built target geometry_msgs_generate_messages_eus
[4.784s] [35m[1mScanning dependencies of target std_msgs_generate_messages_cpp[0m
[4.801s] [  0%] Built target std_msgs_generate_messages_cpp
[4.816s] [35m[1mScanning dependencies of target std_msgs_generate_messages_nodejs[0m
[4.834s] [  0%] Built target std_msgs_generate_messages_nodejs
[4.851s] [35m[1mScanning dependencies of target nodelet_generate_messages_lisp[0m
[4.868s] [  0%] Built target nodelet_generate_messages_lisp
[4.885s] [35m[1mScanning dependencies of target actionlib_generate_messages_lisp[0m
[4.902s] [  0%] Built target actionlib_generate_messages_lisp
[4.919s] [35m[1mScanning dependencies of target roscpp_generate_messages_lisp[0m
[4.935s] [  0%] Built target roscpp_generate_messages_lisp
[4.952s] [35m[1mScanning dependencies of target std_msgs_generate_messages_lisp[0m
[4.969s] [  0%] Built target std_msgs_generate_messages_lisp
[4.986s] [35m[1mScanning dependencies of target control_msgs_generate_messages_nodejs[0m
[5.003s] [  0%] Built target control_msgs_generate_messages_nodejs
[5.019s] [35m[1mScanning dependencies of target actionlib_msgs_generate_messages_eus[0m
[5.036s] [  0%] Built target actionlib_msgs_generate_messages_eus
[5.054s] [35m[1mScanning dependencies of target dynamic_reconfigure_generate_messages_py[0m
[5.071s] [  0%] Built target dynamic_reconfigure_generate_messages_py
[5.088s] [35m[1mScanning dependencies of target std_srvs_generate_messages_cpp[0m
[5.105s] [  0%] Built target std_srvs_generate_messages_cpp
[5.122s] [35m[1mScanning dependencies of target tf_generate_messages_eus[0m
[5.138s] [  0%] Built target tf_generate_messages_eus
[5.155s] [35m[1mScanning dependencies of target rosgraph_msgs_generate_messages_lisp[0m
[5.172s] [  0%] Built target rosgraph_msgs_generate_messages_lisp
[5.188s] [35m[1mScanning dependencies of target rosgraph_msgs_generate_messages_py[0m
[5.207s] [  0%] Built target rosgraph_msgs_generate_messages_py
[5.224s] [35m[1mScanning dependencies of target roscpp_generate_messages_nodejs[0m
[5.241s] [  0%] Built target roscpp_generate_messages_nodejs
[5.258s] [35m[1mScanning dependencies of target actionlib_msgs_generate_messages_nodejs[0m
[5.276s] [  0%] Built target actionlib_msgs_generate_messages_nodejs
[5.293s] [35m[1mScanning dependencies of target actionlib_msgs_generate_messages_lisp[0m
[5.311s] [  0%] Built target actionlib_msgs_generate_messages_lisp
[5.329s] [35m[1mScanning dependencies of target tf_generate_messages_py[0m
[5.347s] [  0%] Built target tf_generate_messages_py
[5.360s] [35m[1mScanning dependencies of target std_msgs_generate_messages_eus[0m
[5.375s] [  0%] Built target std_msgs_generate_messages_eus
[5.392s] [35m[1mScanning dependencies of target geometry_msgs_generate_messages_lisp[0m
[5.412s] [  0%] Built target geometry_msgs_generate_messages_lisp
[5.431s] [35m[1mScanning dependencies of target pcl_msgs_generate_messages_cpp[0m
[5.454s] [  0%] Built target pcl_msgs_generate_messages_cpp
[5.472s] [35m[1mScanning dependencies of target sensor_msgs_generate_messages_cpp[0m
[5.488s] [  0%] Built target sensor_msgs_generate_messages_cpp
[5.505s] [35m[1mScanning dependencies of target std_msgs_generate_messages_py[0m
[5.521s] [  0%] Built target std_msgs_generate_messages_py
[5.537s] [35m[1mScanning dependencies of target topic_tools_generate_messages_py[0m
[5.553s] [  0%] Built target topic_tools_generate_messages_py
[5.569s] [35m[1mScanning dependencies of target roscpp_generate_messages_cpp[0m
[5.585s] [  0%] Built target roscpp_generate_messages_cpp
[5.602s] [35m[1mScanning dependencies of target geometry_msgs_generate_messages_py[0m
[5.622s] [  0%] Built target geometry_msgs_generate_messages_py
[5.641s] [35m[1mScanning dependencies of target tf2_msgs_generate_messages_eus[0m
[5.659s] [  0%] Built target tf2_msgs_generate_messages_eus
[5.680s] [35m[1mScanning dependencies of target sensor_msgs_generate_messages_py[0m
[5.699s] [  0%] Built target sensor_msgs_generate_messages_py
[5.718s] [35m[1mScanning dependencies of target sensor_msgs_generate_messages_nodejs[0m
[5.737s] [  0%] Built target sensor_msgs_generate_messages_nodejs
[5.759s] [35m[1mScanning dependencies of target tf2_msgs_generate_messages_py[0m
[5.781s] [  0%] Built target tf2_msgs_generate_messages_py
[5.801s] [35m[1mScanning dependencies of target dynamic_reconfigure_generate_messages_nodejs[0m
[5.820s] [  0%] Built target dynamic_reconfigure_generate_messages_nodejs
[5.839s] [35m[1mScanning dependencies of target bond_generate_messages_cpp[0m
[5.861s] [  0%] Built target bond_generate_messages_cpp
[5.880s] [35m[1mScanning dependencies of target bond_generate_messages_eus[0m
[5.903s] [  0%] Built target bond_generate_messages_eus
[5.921s] [35m[1mScanning dependencies of target control_msgs_generate_messages_lisp[0m
[5.937s] [  0%] Built target control_msgs_generate_messages_lisp
[5.955s] [35m[1mScanning dependencies of target nodelet_topic_tools_gencfg[0m
[5.978s] [  0%] Built target nodelet_topic_tools_gencfg
[5.998s] [35m[1mScanning dependencies of target sensor_msgs_generate_messages_eus[0m
[6.017s] [  0%] Built target sensor_msgs_generate_messages_eus
[6.037s] [35m[1mScanning dependencies of target sensor_msgs_generate_messages_lisp[0m
[6.060s] [  0%] Built target sensor_msgs_generate_messages_lisp
[6.075s] [35m[1mScanning dependencies of target bond_generate_messages_lisp[0m
[6.092s] [  0%] Built target bond_generate_messages_lisp
[6.108s] [35m[1mScanning dependencies of target pcl_msgs_generate_messages_eus[0m
[6.128s] [  0%] Built target pcl_msgs_generate_messages_eus
[6.145s] [35m[1mScanning dependencies of target topic_tools_generate_messages_cpp[0m
[6.165s] [  0%] Built target topic_tools_generate_messages_cpp
[6.182s] [35m[1mScanning dependencies of target pcl_msgs_generate_messages_nodejs[0m
[6.198s] [  0%] Built target pcl_msgs_generate_messages_nodejs
[6.212s] [35m[1mScanning dependencies of target pcl_msgs_generate_messages_lisp[0m
[6.228s] [  0%] Built target pcl_msgs_generate_messages_lisp
[6.242s] [35m[1mScanning dependencies of target pcl_msgs_generate_messages_py[0m
[6.258s] [  0%] Built target pcl_msgs_generate_messages_py
[6.273s] [35m[1mScanning dependencies of target geometry_msgs_generate_messages_cpp[0m
[6.288s] [  0%] Built target geometry_msgs_generate_messages_cpp
[6.302s] [35m[1mScanning dependencies of target trajectory_msgs_generate_messages_eus[0m
[6.316s] [  0%] Built target trajectory_msgs_generate_messages_eus
[6.330s] [35m[1mScanning dependencies of target roscpp_generate_messages_py[0m
[6.347s] [  0%] Built target roscpp_generate_messages_py
[6.364s] [35m[1mScanning dependencies of target trajectory_msgs_generate_messages_py[0m
[6.381s] [  0%] Built target trajectory_msgs_generate_messages_py
[6.396s] [35m[1mScanning dependencies of target actionlib_generate_messages_eus[0m
[6.413s] [  0%] Built target actionlib_generate_messages_eus
[6.429s] [35m[1mScanning dependencies of target rosgraph_msgs_generate_messages_cpp[0m
[6.444s] [  0%] Built target rosgraph_msgs_generate_messages_cpp
[6.455s] [35m[1mScanning dependencies of target std_srvs_generate_messages_py[0m
[6.466s] [  0%] Built target std_srvs_generate_messages_py
[6.477s] [35m[1mScanning dependencies of target rosgraph_msgs_generate_messages_eus[0m
[6.487s] [  0%] Built target rosgraph_msgs_generate_messages_eus
[6.498s] [35m[1mScanning dependencies of target pcl_ros_gencfg[0m
[6.508s] [  0%] Built target pcl_ros_gencfg
[6.519s] [35m[1mScanning dependencies of target march_shared_msgs_generate_messages_lisp[0m
[6.530s] [  0%] Built target march_shared_msgs_generate_messages_lisp
[6.545s] [35m[1mScanning dependencies of target rosgraph_msgs_generate_messages_nodejs[0m
[6.560s] [  0%] Built target rosgraph_msgs_generate_messages_nodejs
[6.574s] [35m[1mScanning dependencies of target march_realsense_reader[0m
[6.866s] [ 12%] [32mBuilding CXX object CMakeFiles/march_realsense_reader.dir/src/realsense_reader.cpp.o[0m
[8.853s] [35m[1mScanning dependencies of target dynamic_reconfigure_generate_messages_cpp[0m
[8.867s] [ 12%] Built target dynamic_reconfigure_generate_messages_cpp
[8.880s] [ 25%] [32mBuilding CXX object CMakeFiles/march_realsense_reader.dir/src/pointcloud_processor/preprocessor.cpp.o[0m
[8.881s] [35m[1mScanning dependencies of target trajectory_msgs_generate_messages_lisp[0m
[8.897s] [ 25%] Built target trajectory_msgs_generate_messages_lisp
[8.912s] [35m[1mScanning dependencies of target trajectory_msgs_generate_messages_nodejs[0m
[8.928s] [ 25%] Built target trajectory_msgs_generate_messages_nodejs
[8.943s] [35m[1mScanning dependencies of target geometry_msgs_generate_messages_nodejs[0m
[8.958s] [ 25%] Built target geometry_msgs_generate_messages_nodejs
[8.973s] [35m[1mScanning dependencies of target dynamic_reconfigure_generate_messages_eus[0m
[8.989s] [ 25%] Built target dynamic_reconfigure_generate_messages_eus
[9.004s] [35m[1mScanning dependencies of target dynamic_reconfigure_gencfg[0m
[9.019s] [ 25%] Built target dynamic_reconfigure_gencfg
[9.034s] [35m[1mScanning dependencies of target nodelet_generate_messages_cpp[0m
[9.049s] [ 25%] Built target nodelet_generate_messages_cpp
[9.065s] [35m[1mScanning dependencies of target tf2_msgs_generate_messages_cpp[0m
[9.080s] [ 25%] Built target tf2_msgs_generate_messages_cpp
[9.095s] [35m[1mScanning dependencies of target dynamic_reconfigure_generate_messages_lisp[0m
[9.111s] [ 25%] Built target dynamic_reconfigure_generate_messages_lisp
[9.129s] [35m[1mScanning dependencies of target std_srvs_generate_messages_lisp[0m
[9.146s] [ 25%] Built target std_srvs_generate_messages_lisp
[9.182s] [35m[1mScanning dependencies of target nodelet_generate_messages_eus[0m
[9.224s] [ 25%] Built target nodelet_generate_messages_eus
[9.271s] [35m[1mScanning dependencies of target nodelet_generate_messages_nodejs[0m
[9.332s] [ 25%] Built target nodelet_generate_messages_nodejs
[9.395s] [35m[1mScanning dependencies of target bond_generate_messages_nodejs[0m
[9.456s] [ 25%] Built target bond_generate_messages_nodejs
[10.509s] [ 37%] [32mBuilding CXX object CMakeFiles/march_realsense_reader.dir/src/pointcloud_processor/hull_finder.cpp.o[0m
[10.573s] [ 50%] [32mBuilding CXX object CMakeFiles/march_realsense_reader.dir/src/pointcloud_processor/region_creator.cpp.o[0m
[28.156s] [35m[1mScanning dependencies of target nodelet_generate_messages_py[0m
[28.171s] [ 50%] Built target nodelet_generate_messages_py
[28.187s] [35m[1mScanning dependencies of target std_srvs_generate_messages_nodejs[0m
[28.203s] [ 50%] Built target std_srvs_generate_messages_nodejs
[28.218s] [35m[1mScanning dependencies of target bond_generate_messages_py[0m
[28.235s] [ 50%] Built target bond_generate_messages_py
[29.907s] [ 62%] [32mBuilding CXX object CMakeFiles/march_realsense_reader.dir/src/pointcloud_processor/parameter_determiner.cpp.o[0m
[38.337s] [ 75%] [32m[1mLinking CXX shared library devel/lib/libmarch_realsense_reader.so[0m
[45.217s] [ 75%] Built target march_realsense_reader
[45.229s] [35m[1mScanning dependencies of target march_realsense_reader_node[0m
[45.286s] [ 87%] [32mBuilding CXX object CMakeFiles/march_realsense_reader_node.dir/src/realsense_reader_node.cpp.o[0m
[53.428s] [100%] [32m[1mLinking CXX executable devel/lib/march_realsense_reader/march_realsense_reader_node[0m
[54.698s] [100%] Built target march_realsense_reader_node
[54.716s] Invoked command in '/home/sheila/march/ros1/build/march_realsense_reader' returned '0': CMAKE_PREFIX_PATH=/home/sheila/march/ros1/install/march_shared_msgs:${CMAKE_PREFIX_PATH} PKG_CONFIG_PATH=/home/sheila/march/ros1/install/march_shared_msgs/lib/x86_64-linux-gnu/pkgconfig:/home/sheila/march/ros1/install/march_shared_msgs/lib/pkgconfig:${PKG_CONFIG_PATH} PYTHONPATH=/home/sheila/march/ros1/install/march_shared_msgs/lib/python3/dist-packages:${PYTHONPATH} ROS_PACKAGE_PATH=/home/sheila/march/ros1/install/march_shared_msgs/share:${ROS_PACKAGE_PATH} /usr/bin/cmake --build /home/sheila/march/ros1/build/march_realsense_reader -- -j4 -l4
[54.840s] Invoking command in '/home/sheila/march/ros1/build/march_realsense_reader': CMAKE_PREFIX_PATH=/home/sheila/march/ros1/install/march_shared_msgs:${CMAKE_PREFIX_PATH} PKG_CONFIG_PATH=/home/sheila/march/ros1/install/march_shared_msgs/lib/x86_64-linux-gnu/pkgconfig:/home/sheila/march/ros1/install/march_shared_msgs/lib/pkgconfig:${PKG_CONFIG_PATH} PYTHONPATH=/home/sheila/march/ros1/install/march_shared_msgs/lib/python3/dist-packages:${PYTHONPATH} ROS_PACKAGE_PATH=/home/sheila/march/ros1/install/march_shared_msgs/share:${ROS_PACKAGE_PATH} /usr/bin/cmake --build /home/sheila/march/ros1/build/march_realsense_reader --target tests -- -j4 -l4
[54.935s] [35m[1mScanning dependencies of target tests[0m
[54.947s] Built target tests
[54.965s] Invoked command in '/home/sheila/march/ros1/build/march_realsense_reader' returned '0': CMAKE_PREFIX_PATH=/home/sheila/march/ros1/install/march_shared_msgs:${CMAKE_PREFIX_PATH} PKG_CONFIG_PATH=/home/sheila/march/ros1/install/march_shared_msgs/lib/x86_64-linux-gnu/pkgconfig:/home/sheila/march/ros1/install/march_shared_msgs/lib/pkgconfig:${PKG_CONFIG_PATH} PYTHONPATH=/home/sheila/march/ros1/install/march_shared_msgs/lib/python3/dist-packages:${PYTHONPATH} ROS_PACKAGE_PATH=/home/sheila/march/ros1/install/march_shared_msgs/share:${ROS_PACKAGE_PATH} /usr/bin/cmake --build /home/sheila/march/ros1/build/march_realsense_reader --target tests -- -j4 -l4
[55.103s] Invoking command in '/home/sheila/march/ros1/build/march_realsense_reader': CMAKE_PREFIX_PATH=/home/sheila/march/ros1/install/march_shared_msgs:${CMAKE_PREFIX_PATH} PKG_CONFIG_PATH=/home/sheila/march/ros1/install/march_shared_msgs/lib/x86_64-linux-gnu/pkgconfig:/home/sheila/march/ros1/install/march_shared_msgs/lib/pkgconfig:${PKG_CONFIG_PATH} PYTHONPATH=/home/sheila/march/ros1/install/march_shared_msgs/lib/python3/dist-packages:${PYTHONPATH} ROS_PACKAGE_PATH=/home/sheila/march/ros1/install/march_shared_msgs/share:${ROS_PACKAGE_PATH} /usr/bin/cmake --install /home/sheila/march/ros1/build/march_realsense_reader
[55.120s] -- Install configuration: ""
[55.121s] -- Installing: /home/sheila/march/ros1/install/march_realsense_reader/lib/pkgconfig/march_realsense_reader.pc
[55.121s] -- Installing: /home/sheila/march/ros1/install/march_realsense_reader/share/march_realsense_reader/cmake/march_realsense_readerConfig.cmake
[55.122s] -- Installing: /home/sheila/march/ros1/install/march_realsense_reader/share/march_realsense_reader/cmake/march_realsense_readerConfig-version.cmake
[55.123s] -- Installing: /home/sheila/march/ros1/install/march_realsense_reader/share/march_realsense_reader/package.xml
[55.123s] -- Installing: /home/sheila/march/ros1/install/march_realsense_reader/lib/march_realsense_reader/march_realsense_reader_node
[55.124s] -- Set runtime path of "/home/sheila/march/ros1/install/march_realsense_reader/lib/march_realsense_reader/march_realsense_reader_node" to ""
[55.125s] -- Installing: /home/sheila/march/ros1/install/march_realsense_reader/lib/libmarch_realsense_reader.so
[55.130s] -- Set runtime path of "/home/sheila/march/ros1/install/march_realsense_reader/lib/libmarch_realsense_reader.so" to ""
[55.130s] -- Installing: /home/sheila/march/ros1/install/march_realsense_reader/include/march_realsense_reader
[55.130s] -- Installing: /home/sheila/march/ros1/install/march_realsense_reader/include/march_realsense_reader/realsense_reader.h
[55.131s] -- Up-to-date: /home/sheila/march/ros1/install/march_realsense_reader/include/march_realsense_reader
[55.131s] -- Installing: /home/sheila/march/ros1/install/march_realsense_reader/include/march_realsense_reader/region_creator.h
[55.131s] -- Installing: /home/sheila/march/ros1/install/march_realsense_reader/include/march_realsense_reader/parameter_determiner.h
[55.131s] -- Installing: /home/sheila/march/ros1/install/march_realsense_reader/include/march_realsense_reader/preprocessor.h
[55.132s] -- Installing: /home/sheila/march/ros1/install/march_realsense_reader/include/march_realsense_reader/hull_finder.h
[55.132s] -- Up-to-date: /home/sheila/march/ros1/install/march_realsense_reader/include/march_realsense_reader
[55.132s] -- Installing: /home/sheila/march/ros1/install/march_realsense_reader/include/march_realsense_reader/realsense_gait_utilities.h
[55.132s] -- Installing: /home/sheila/march/ros1/install/march_realsense_reader/include/march_realsense_reader/yaml_utilities.h
[55.133s] -- Up-to-date: /home/sheila/march/ros1/install/march_realsense_reader/lib/libmarch_realsense_reader.so
[55.133s] -- Installing: /home/sheila/march/ros1/install/march_realsense_reader/share/march_realsense_reader/launch
[55.133s] -- Installing: /home/sheila/march/ros1/install/march_realsense_reader/share/march_realsense_reader/launch/realsense_reader.launch
[55.134s] -- Installing: /home/sheila/march/ros1/install/march_realsense_reader/share/march_realsense_reader/config
[55.134s] -- Installing: /home/sheila/march/ros1/install/march_realsense_reader/share/march_realsense_reader/config/pointcloud_parameters.yaml
[55.140s] Invoked command in '/home/sheila/march/ros1/build/march_realsense_reader' returned '0': CMAKE_PREFIX_PATH=/home/sheila/march/ros1/install/march_shared_msgs:${CMAKE_PREFIX_PATH} PKG_CONFIG_PATH=/home/sheila/march/ros1/install/march_shared_msgs/lib/x86_64-linux-gnu/pkgconfig:/home/sheila/march/ros1/install/march_shared_msgs/lib/pkgconfig:${PKG_CONFIG_PATH} PYTHONPATH=/home/sheila/march/ros1/install/march_shared_msgs/lib/python3/dist-packages:${PYTHONPATH} ROS_PACKAGE_PATH=/home/sheila/march/ros1/install/march_shared_msgs/share:${ROS_PACKAGE_PATH} /usr/bin/cmake --install /home/sheila/march/ros1/build/march_realsense_reader
