[0.019s] Invoking command in '/home/sheila/march/ros1/build/computed_torque': /usr/bin/cmake --build /home/sheila/march/ros1/build/computed_torque -- -j4 -l4
[0.106s] [  0%] Built target sensor_msgs_generate_messages_py
[0.106s] [  0%] Built target dynamic_reconfigure_generate_messages_nodejs
[0.112s] [  0%] Built target sensor_msgs_generate_messages_cpp
[0.120s] [  0%] Built target sensor_msgs_generate_messages_nodejs
[0.151s] [  0%] Built target march_shared_msgs_generate_messages_py
[0.153s] [  0%] Built target march_shared_msgs_generate_messages_nodejs
[0.163s] [  0%] Built target roscpp_generate_messages_eus
[0.169s] [  0%] Built target march_shared_msgs_generate_messages_eus
[0.195s] [  0%] Built target roscpp_generate_messages_cpp
[0.197s] [  0%] Built target control_toolbox_gencfg
[0.208s] [  0%] Built target std_msgs_generate_messages_py
[0.211s] [  0%] Built target march_shared_msgs_generate_messages_cpp
[0.239s] [  0%] Built target std_msgs_generate_messages_nodejs
[0.244s] [  0%] Built target geometry_msgs_generate_messages_eus
[0.250s] [  0%] Built target std_msgs_generate_messages_cpp
[0.253s] [  0%] Built target roscpp_generate_messages_nodejs
[0.285s] [  0%] Built target actionlib_msgs_generate_messages_py
[0.289s] [  0%] Built target actionlib_generate_messages_cpp
[0.291s] [  0%] Built target march_shared_msgs_generate_messages_lisp
[0.300s] [  0%] Built target rosgraph_msgs_generate_messages_nodejs
[0.331s] [  0%] Built target actionlib_generate_messages_py
[0.332s] [  0%] Built target actionlib_generate_messages_lisp
[0.332s] [  0%] Built target rosgraph_msgs_generate_messages_lisp
[0.342s] [  0%] Built target _catkin_empty_exported_target
[0.372s] [  0%] Built target actionlib_generate_messages_nodejs
[0.377s] [  0%] Built target control_msgs_generate_messages_eus
[0.384s] [  0%] Built target trajectory_msgs_generate_messages_nodejs
[0.385s] [  0%] Built target trajectory_msgs_generate_messages_cpp
[0.412s] [  0%] Built target control_toolbox_generate_messages_py
[0.427s] [  0%] Built target std_msgs_generate_messages_eus
[0.429s] [  0%] Built target actionlib_msgs_generate_messages_nodejs
[0.431s] [  0%] Built target rosgraph_msgs_generate_messages_py
[0.451s] [  0%] Built target actionlib_msgs_generate_messages_lisp
[0.471s] [  0%] Built target rosgraph_msgs_generate_messages_eus
[0.472s] [  0%] Built target sensor_msgs_generate_messages_lisp
[0.475s] [  0%] Built target actionlib_msgs_generate_messages_cpp
[0.495s] [  0%] Built target sensor_msgs_generate_messages_eus
[0.510s] [  0%] Built target control_msgs_generate_messages_lisp
[0.511s] [  0%] Built target std_msgs_generate_messages_lisp
[0.519s] [  0%] Built target control_msgs_generate_messages_cpp
[0.546s] [  0%] Built target roscpp_generate_messages_lisp
[0.552s] [  0%] Built target control_toolbox_generate_messages_nodejs
[0.553s] [  0%] Built target actionlib_msgs_generate_messages_eus
[0.564s] [  0%] Built target dynamic_reconfigure_generate_messages_py
[0.594s] [  0%] Built target geometry_msgs_generate_messages_cpp
[0.595s] [  0%] Built target control_msgs_generate_messages_nodejs
[0.595s] [  0%] Built target control_msgs_generate_messages_py
[0.613s] [  0%] Built target geometry_msgs_generate_messages_lisp
[0.636s] [  0%] Built target geometry_msgs_generate_messages_py
[0.636s] [  0%] Built target trajectory_msgs_generate_messages_lisp
[0.645s] [  0%] Built target rosgraph_msgs_generate_messages_cpp
[0.657s] [  0%] Built target actionlib_generate_messages_eus
[0.674s] [  0%] Built target trajectory_msgs_generate_messages_py
[0.678s] [  0%] Built target trajectory_msgs_generate_messages_eus
[0.697s] [  0%] Built target roscpp_generate_messages_py
[0.700s] [  0%] Built target control_toolbox_generate_messages_cpp
[0.713s] [  0%] Built target control_toolbox_generate_messages_eus
[0.733s] [  0%] Built target control_toolbox_generate_messages_lisp
[0.741s] [  0%] Built target dynamic_reconfigure_generate_messages_cpp
[0.743s] [  0%] Built target geometry_msgs_generate_messages_nodejs
[0.753s] [  0%] Built target dynamic_reconfigure_generate_messages_eus
[0.768s] [  0%] Built target dynamic_reconfigure_gencfg
[0.770s] [  0%] Built target dynamic_reconfigure_generate_messages_lisp
[0.786s] [35m[1mScanning dependencies of target computed_torque_lib[0m
[0.812s] [ 50%] [32mBuilding CXX object CMakeFiles/computed_torque_lib.dir/src/computed_torque_controller.cpp.o[0m
[3.921s] In file included from [01m[K/home/sheila/march/ros1/src/control/computed_torque/include/computed_torque/computed_torque_controller.h:32[m[K,
[3.921s]                  from [01m[K/home/sheila/march/ros1/src/control/computed_torque/src/computed_torque_controller.cpp:5[m[K:
[3.921s] [01m[K/home/sheila/march/ros1/src/control/computed_torque/include/trajectory_interface/joint_trajectory_segment.h:70:7:[m[K [01;31m[Kerror: [m[Kredefinition of ‘[01m[Kclass joint_trajectory_controller::JointTrajectorySegment<Segment>[m[K’
[3.921s]    70 | class [01;31m[KJointTrajectorySegment[m[K : public Segment
[3.921s]       |       [01;31m[K^~~~~~~~~~~~~~~~~~~~~~[m[K
[3.921s] In file included from [01m[K/opt/ros/noetic/include/joint_trajectory_controller/joint_trajectory_controller.h:73[m[K,
[3.921s]                  from [01m[K/home/sheila/march/ros1/src/control/computed_torque/include/computed_torque/computed_torque_controller.h:29[m[K,
[3.921s]                  from [01m[K/home/sheila/march/ros1/src/control/computed_torque/src/computed_torque_controller.cpp:5[m[K:
[3.921s] [01m[K/opt/ros/noetic/include/joint_trajectory_controller/joint_trajectory_segment.h:70:7:[m[K [01;36m[Knote: [m[Kprevious definition of ‘[01m[Kclass joint_trajectory_controller::JointTrajectorySegment<Segment>[m[K’
[3.921s]    70 | class [01;36m[KJointTrajectorySegment[m[K : public Segment
[3.921s]       |       [01;36m[K^~~~~~~~~~~~~~~~~~~~~~[m[K
[3.922s] In file included from [01m[K/home/sheila/march/ros1/src/control/computed_torque/include/computed_torque/computed_torque_controller.h:32[m[K,
[3.922s]                  from [01m[K/home/sheila/march/ros1/src/control/computed_torque/src/computed_torque_controller.cpp:5[m[K:
[3.922s] [01m[K/home/sheila/march/ros1/src/control/computed_torque/include/trajectory_interface/joint_trajectory_segment.h:221:8:[m[K [01;31m[Kerror: [m[Kredefinition of ‘[01m[Ktemplate<class Scalar> Scalar joint_trajectory_controller::wraparoundJointOffset(const Scalar&, const Scalar&, const bool&)[m[K’
[3.922s]   221 | Scalar [01;31m[KwraparoundJointOffset[m[K(const Scalar& prev_position,
[3.922s]       |        [01;31m[K^~~~~~~~~~~~~~~~~~~~~[m[K
[3.922s] In file included from [01m[K/opt/ros/noetic/include/joint_trajectory_controller/joint_trajectory_controller.h:73[m[K,
[3.922s]                  from [01m[K/home/sheila/march/ros1/src/control/computed_torque/include/computed_torque/computed_torque_controller.h:29[m[K,
[3.922s]                  from [01m[K/home/sheila/march/ros1/src/control/computed_torque/src/computed_torque_controller.cpp:5[m[K:
[3.922s] [01m[K/opt/ros/noetic/include/joint_trajectory_controller/joint_trajectory_segment.h:221:8:[m[K [01;36m[Knote: [m[K‘[01m[Ktemplate<class Scalar> Scalar joint_trajectory_controller::wraparoundJointOffset(const Scalar&, const Scalar&, const bool&)[m[K’ previously declared here
[3.922s]   221 | Scalar [01;36m[KwraparoundJointOffset[m[K(const Scalar& prev_position,
[3.922s]       |        [01;36m[K^~~~~~~~~~~~~~~~~~~~~[m[K
[4.433s] In file included from [01m[K/home/sheila/march/ros1/src/control/computed_torque/src/computed_torque_controller.cpp:5[m[K:
[4.433s] [01m[K/home/sheila/march/ros1/src/control/computed_torque/include/computed_torque/computed_torque_controller.h:81:31:[m[K [01;31m[Kerror: [m[K‘[01m[KState[m[K’ does not name a type
[4.434s]    81 |                         const [01;31m[KState[m[K& desired_state,
[4.434s]       |                               [01;31m[K^~~~~[m[K
[4.436s] [01m[K/home/sheila/march/ros1/src/control/computed_torque/include/computed_torque/computed_torque_controller.h:82:31:[m[K [01;31m[Kerror: [m[K‘[01m[KState[m[K’ does not name a type
[4.436s]    82 |                         const [01;31m[KState[m[K& state_error );
[4.436s]       |                               [01;31m[K^~~~~[m[K
[4.436s] [01m[K/home/sheila/march/ros1/src/control/computed_torque/include/computed_torque/computed_torque_controller.h:115:22:[m[K [01;31m[Kerror: [m[K‘[01m[KSegment[m[K’ has not been declared
[4.437s]   115 |             typename [01;31m[KSegment[m[K::State state_error_;           ///< Preallocated workspace variable.
[4.437s]       |                      [01;31m[K^~~~~~~[m[K
[4.437s] [01m[K/home/sheila/march/ros1/src/control/computed_torque/include/computed_torque/computed_torque_controller.h:116:22:[m[K [01;31m[Kerror: [m[K‘[01m[KSegment[m[K’ has not been declared
[4.437s]   116 |             typename [01;31m[KSegment[m[K::State desired_joint_state_;   ///< Preallocated workspace variable.
[4.437s]       |                      [01;31m[K^~~~~~~[m[K
[4.475s] In file included from [01m[K/home/sheila/march/ros1/src/control/computed_torque/include/computed_torque/computed_torque_controller.h:159[m[K,
[4.475s]                  from [01m[K/home/sheila/march/ros1/src/control/computed_torque/src/computed_torque_controller.cpp:5[m[K:
[4.475s] [01m[K/home/sheila/march/ros1/src/control/computed_torque/include/computed_torque/computed_torque_controller.hpp:76:53:[m[K [01;31m[Kerror: [m[K‘[01m[KState[m[K’ does not name a type
[4.476s]    76 |                                               const [01;31m[KState[m[K& desired_state,
[4.476s]       |                                                     [01;31m[K^~~~~[m[K
[4.477s] [01m[K/home/sheila/march/ros1/src/control/computed_torque/include/computed_torque/computed_torque_controller.hpp:77:53:[m[K [01;31m[Kerror: [m[K‘[01m[KState[m[K’ does not name a type
[4.477s]    77 |                                               const [01;31m[KState[m[K& state_error ){
[4.477s]       |                                                     [01;31m[K^~~~~[m[K
[4.478s] [01m[K/home/sheila/march/ros1/src/control/computed_torque/include/computed_torque/computed_torque_controller.hpp:[m[K In member function ‘[01m[Kvoid controller_ns::computed_torque_controller_class::update(const ros::Time&, const ros::Duration&, const int&, const int&)[m[K’:
[4.478s] [01m[K/home/sheila/march/ros1/src/control/computed_torque/include/computed_torque/computed_torque_controller.hpp:88:42:[m[K [01;31m[Kerror: [m[Krequest for member ‘[01m[Kacceleration[m[K’ in ‘[01m[Kdesired_state[m[K’, which is of non-class type ‘[01m[Kconst int[m[K’
[4.478s]    88 |       desired.qdotdot(i) = desired_state.[01;31m[Kacceleration[m[K[i];
[4.478s]       |                                          [01;31m[K^~~~~~~~~~~~[m[K
[4.478s] [01m[K/home/sheila/march/ros1/src/control/computed_torque/include/computed_torque/computed_torque_controller.hpp:90:32:[m[K [01;31m[Kerror: [m[Krequest for member ‘[01m[Kposition[m[K’ in ‘[01m[Kstate_error[m[K’, which is of non-class type ‘[01m[Kconst int[m[K’
[4.478s]    90 |       error.q(i) = state_error.[01;31m[Kposition[m[K[i];
[4.478s]       |                                [01;31m[K^~~~~~~~[m[K
[4.478s] [01m[K/home/sheila/march/ros1/src/control/computed_torque/include/computed_torque/computed_torque_controller.hpp:91:35:[m[K [01;31m[Kerror: [m[Krequest for member ‘[01m[Kvelocity[m[K’ in ‘[01m[Kstate_error[m[K’, which is of non-class type ‘[01m[Kconst int[m[K’
[4.478s]    91 |       error.qdot(i) = state_error.[01;31m[Kvelocity[m[K[i];
[4.478s]       |                                   [01;31m[K^~~~~~~~[m[K
[4.583s] [01m[K/home/sheila/march/ros1/src/control/computed_torque/include/computed_torque/computed_torque_controller.hpp:118:54:[m[K [01;31m[Kerror: [m[K‘[01m[Kerrror[m[K’ was not declared in this scope; did you mean ‘[01m[Kerror[m[K’?
[4.583s]   118 |         const double command = -Kp*error.q.data - Kv*[01;31m[Kerrror[m[K.qdot.data;
[4.583s]       |                                                      [01;31m[K^~~~~~[m[K
[4.583s]       |                                                      [32m[Kerror[m[K
[5.588s] In file included from [01m[K/opt/ros/noetic/include/class_loader/class_loader_core.hpp:45[m[K,
[5.588s]                  from [01m[K/opt/ros/noetic/include/class_loader/class_loader.hpp:46[m[K,
[5.588s]                  from [01m[K/opt/ros/noetic/include/pluginlib/./class_list_macros.hpp:40[m[K,
[5.588s]                  from [01m[K/opt/ros/noetic/include/pluginlib/class_list_macros.h:35[m[K,
[5.588s]                  from [01m[K/home/sheila/march/ros1/src/control/computed_torque/src/computed_torque_controller.cpp:2[m[K:
[5.589s] /opt/ros/noetic/include/class_loader/meta_object.hpp: In instantiation of ‘[01m[KB* class_loader::impl::MetaObject<C, B>::create() const [with C = controller_ns::computed_torque_controller_class; B = controller_interface::ControllerBase][m[K’:
[5.589s] [01m[K/opt/ros/noetic/include/class_loader/meta_object.hpp:196:7:[m[K   required from here
[5.589s] [01m[K/opt/ros/noetic/include/class_loader/meta_object.hpp:198:12:[m[K [01;31m[Kerror: [m[Kinvalid new-expression of abstract class type ‘[01m[Kcontroller_ns::computed_torque_controller_class[m[K’
[5.589s]   198 |     return [01;31m[Knew C[m[K;
[5.589s]       |            [01;31m[K^~~~~[m[K
[5.589s] In file included from [01m[K/home/sheila/march/ros1/src/control/computed_torque/src/computed_torque_controller.cpp:5[m[K:
[5.589s] [01m[K/home/sheila/march/ros1/src/control/computed_torque/include/computed_torque/computed_torque_controller.h:75:11:[m[K [01;36m[Knote: [m[K  because the following virtual functions are pure within ‘[01m[Kcontroller_ns::computed_torque_controller_class[m[K’:
[5.589s]    75 |     class [01;36m[Kcomputed_torque_controller_class[m[K : public controller_interface::Controller<hardware_interface::EffortJointInterface> {
[5.589s]       |           [01;36m[K^~~~~~~~~~~~~~~~~~~~~~~~~~~~~~~~[m[K
[5.589s] In file included from [01m[K/opt/ros/noetic/include/controller_interface/controller.h:35[m[K,
[5.589s]                  from [01m[K/home/sheila/march/ros1/src/control/computed_torque/include/computed_torque/computed_torque_controller.h:24[m[K,
[5.589s]                  from [01m[K/home/sheila/march/ros1/src/control/computed_torque/src/computed_torque_controller.cpp:5[m[K:
[5.589s] [01m[K/opt/ros/noetic/include/controller_interface/controller_base.h:73:16:[m[K [01;36m[Knote: [m[K	‘[01m[Kvirtual void controller_interface::ControllerBase::update(const ros::Time&, const ros::Duration&)[m[K’
[5.590s]    73 |   virtual void [01;36m[Kupdate[m[K(const ros::Time& time, const ros::Duration& period) = 0;
[5.590s]       |                [01;36m[K^~~~~~[m[K
[5.971s] make[2]: *** [CMakeFiles/computed_torque_lib.dir/build.make:63: CMakeFiles/computed_torque_lib.dir/src/computed_torque_controller.cpp.o] Error 1
[5.971s] make[1]: *** [CMakeFiles/Makefile2:265: CMakeFiles/computed_torque_lib.dir/all] Error 2
[5.971s] make: *** [Makefile:141: all] Error 2
[5.973s] Invoked command in '/home/sheila/march/ros1/build/computed_torque' returned '2': /usr/bin/cmake --build /home/sheila/march/ros1/build/computed_torque -- -j4 -l4
