[0.018s] Invoking command in '/home/sheila/march/ros1/build/computed_torque': /usr/bin/cmake --build /home/sheila/march/ros1/build/computed_torque -- -j4 -l4
[0.097s] [  0%] Built target actionlib_msgs_generate_messages_nodejs
[0.098s] [  0%] Built target dynamic_reconfigure_generate_messages_nodejs
[0.098s] [  0%] Built target rosgraph_msgs_generate_messages_py
[0.098s] [  0%] Built target std_msgs_generate_messages_eus
[0.135s] [  0%] Built target rosgraph_msgs_generate_messages_eus
[0.137s] [  0%] Built target control_msgs_generate_messages_lisp
[0.141s] [  0%] Built target actionlib_msgs_generate_messages_lisp
[0.141s] [  0%] Built target actionlib_msgs_generate_messages_cpp
[0.174s] [  0%] Built target std_msgs_generate_messages_lisp
[0.176s] [  0%] Built target control_msgs_generate_messages_cpp
[0.179s] [  0%] Built target roscpp_generate_messages_lisp
[0.179s] [  0%] Built target control_toolbox_generate_messages_nodejs
[0.212s] [  0%] Built target actionlib_msgs_generate_messages_eus
[0.215s] [  0%] Built target dynamic_reconfigure_generate_messages_py
[0.215s] [  0%] Built target rosgraph_msgs_generate_messages_lisp
[0.215s] [  0%] Built target control_msgs_generate_messages_nodejs
[0.250s] [  0%] Built target actionlib_generate_messages_py
[0.252s] [  0%] Built target _catkin_empty_exported_target
[0.255s] [  0%] Built target actionlib_generate_messages_lisp
[0.256s] [  0%] Built target actionlib_generate_messages_nodejs
[0.289s] [  0%] Built target trajectory_msgs_generate_messages_nodejs
[0.289s] [  0%] Built target control_msgs_generate_messages_eus
[0.293s] [  0%] Built target control_toolbox_generate_messages_py
[0.293s] [  0%] Built target trajectory_msgs_generate_messages_cpp
[0.326s] [  0%] Built target std_msgs_generate_messages_py
[0.326s] [  0%] Built target std_msgs_generate_messages_nodejs
[0.331s] [  0%] Built target geometry_msgs_generate_messages_eus
[0.332s] [  0%] Built target roscpp_generate_messages_nodejs
[0.364s] [  0%] Built target std_msgs_generate_messages_cpp
[0.366s] [  0%] Built target actionlib_msgs_generate_messages_py
[0.368s] [  0%] Built target actionlib_generate_messages_cpp
[0.372s] [  0%] Built target rosgraph_msgs_generate_messages_nodejs
[0.399s] [  0%] Built target roscpp_generate_messages_eus
[0.405s] [  0%] Built target roscpp_generate_messages_cpp
[0.405s] [  0%] Built target control_toolbox_gencfg
[0.417s] [  0%] Built target control_msgs_generate_messages_py
[0.437s] [  0%] Built target geometry_msgs_generate_messages_cpp
[0.443s] [  0%] Built target geometry_msgs_generate_messages_lisp
[0.443s] [  0%] Built target geometry_msgs_generate_messages_py
[0.455s] [  0%] Built target trajectory_msgs_generate_messages_lisp
[0.474s] [  0%] Built target rosgraph_msgs_generate_messages_cpp
[0.481s] [  0%] Built target actionlib_generate_messages_eus
[0.481s] [  0%] Built target trajectory_msgs_generate_messages_py
[0.492s] [  0%] Built target trajectory_msgs_generate_messages_eus
[0.511s] [  0%] Built target roscpp_generate_messages_py
[0.518s] [  0%] Built target control_toolbox_generate_messages_cpp
[0.519s] [  0%] Built target control_toolbox_generate_messages_eus
[0.530s] [  0%] Built target control_toolbox_generate_messages_lisp
[0.549s] [  0%] Built target dynamic_reconfigure_generate_messages_cpp
[0.556s] [  0%] Built target dynamic_reconfigure_generate_messages_eus
[0.557s] [  0%] Built target geometry_msgs_generate_messages_nodejs
[0.568s] [  0%] Built target dynamic_reconfigure_gencfg
[0.581s] [  0%] Built target dynamic_reconfigure_generate_messages_lisp
[0.616s] [ 50%] [32mBuilding CXX object CMakeFiles/computed_torque_lib.dir/src/computed_torque_controller.cpp.o[0m
[1.453s] In file included from [01m[K/home/sheila/march/ros1/src/control/computed_torque/src/computed_torque_controller.cpp:5[m[K:
[1.453s] [01m[K/home/sheila/march/ros1/src/control/computed_torque/include/computed_torque/computed_torque_controller.h:30:10:[m[K [01;31m[Kfatal error: [m[Kjoint_trajectory_controller/trajectory_interface/quintic_spline_segment.h: No existe el archivo o el directorio
[1.453s]    30 | #include [01;31m[K<joint_trajectory_controller/trajectory_interface/quintic_spline_segment.h>[m[K
[1.453s]       |          [01;31m[K^~~~~~~~~~~~~~~~~~~~~~~~~~~~~~~~~~~~~~~~~~~~~~~~~~~~~~~~~~~~~~~~~~~~~~~~~~~[m[K
[1.454s] compilation terminated.
[1.461s] make[2]: *** [CMakeFiles/computed_torque_lib.dir/build.make:63: CMakeFiles/computed_torque_lib.dir/src/computed_torque_controller.cpp.o] Error 1
[1.461s] make[1]: *** [CMakeFiles/Makefile2:1811: CMakeFiles/computed_torque_lib.dir/all] Error 2
[1.461s] make: *** [Makefile:141: all] Error 2
[1.464s] Invoked command in '/home/sheila/march/ros1/build/computed_torque' returned '2': /usr/bin/cmake --build /home/sheila/march/ros1/build/computed_torque -- -j4 -l4
