-- The C compiler identification is GNU 9.3.0
-- The CXX compiler identification is GNU 9.3.0
-- Check for working C compiler: /usr/bin/cc
-- Check for working C compiler: /usr/bin/cc -- works
-- Detecting C compiler ABI info
-- Detecting C compiler ABI info - done
-- Detecting C compile features
-- Detecting C compile features - done
-- Check for working CXX compiler: /usr/bin/c++
-- Check for working CXX compiler: /usr/bin/c++ -- works
-- Detecting CXX compiler ABI info
-- Detecting CXX compiler ABI info - done
-- Detecting CXX compile features
-- Detecting CXX compile features - done
-- Found ament_cmake: 0.9.8 (/opt/ros/foxy/share/ament_cmake/cmake)
-- Found PythonInterp: /usr/bin/python3 (found suitable version "3.8.5", minimum required is "3") 
-- Using PYTHON_EXECUTABLE: /usr/bin/python3
-- Configuring done
-- Generating done
-- Build files have been written to: /home/sheila/march/ros2/build/march_monitor
-- Install configuration: ""
-- Installing: /home/sheila/march/ros2/install/march_monitor/share/march_monitor/config
-- Installing: /home/sheila/march/ros2/install/march_monitor/share/march_monitor/config/full_monitor.perspective
-- Installing: /home/sheila/march/ros2/install/march_monitor/share/march_monitor/launch
-- Installing: /home/sheila/march/ros2/install/march_monitor/share/march_monitor/launch/monitor.launch.py
-- Installing: /home/sheila/march/ros2/install/march_monitor/share/ament_index/resource_index/package_run_dependencies/march_monitor
-- Installing: /home/sheila/march/ros2/install/march_monitor/share/ament_index/resource_index/parent_prefix_path/march_monitor
-- Installing: /home/sheila/march/ros2/install/march_monitor/share/march_monitor/environment/ament_prefix_path.sh
-- Installing: /home/sheila/march/ros2/install/march_monitor/share/march_monitor/environment/ament_prefix_path.dsv
-- Installing: /home/sheila/march/ros2/install/march_monitor/share/march_monitor/environment/path.sh
-- Installing: /home/sheila/march/ros2/install/march_monitor/share/march_monitor/environment/path.dsv
-- Installing: /home/sheila/march/ros2/install/march_monitor/share/march_monitor/local_setup.bash
-- Installing: /home/sheila/march/ros2/install/march_monitor/share/march_monitor/local_setup.sh
-- Installing: /home/sheila/march/ros2/install/march_monitor/share/march_monitor/local_setup.zsh
-- Installing: /home/sheila/march/ros2/install/march_monitor/share/march_monitor/local_setup.dsv
-- Installing: /home/sheila/march/ros2/install/march_monitor/share/march_monitor/package.dsv
-- Installing: /home/sheila/march/ros2/install/march_monitor/share/ament_index/resource_index/packages/march_monitor
-- Installing: /home/sheila/march/ros2/install/march_monitor/share/march_monitor/cmake/march_monitorConfig.cmake
-- Installing: /home/sheila/march/ros2/install/march_monitor/share/march_monitor/cmake/march_monitorConfig-version.cmake
-- Installing: /home/sheila/march/ros2/install/march_monitor/share/march_monitor/package.xml
