[0.024s] Invoking command in '/home/sheila/march/ros1/build/march_hardware_interface': CMAKE_PREFIX_PATH=/home/sheila/march/ros1/install/march_hardware_builder:/home/sheila/march/ros1/install/march_shared_msgs:/home/sheila/march/ros1/install/march_hardware:/home/sheila/march/ros1/install/march_description:/home/sheila/march/ros1/install/joint_trajectory_controller:${CMAKE_PREFIX_PATH} LD_LIBRARY_PATH=/home/sheila/march/ros1/install/march_hardware_builder/lib:/home/sheila/march/ros1/install/march_hardware/lib:/home/sheila/march/ros1/install/joint_trajectory_controller/lib:${LD_LIBRARY_PATH} PKG_CONFIG_PATH=/home/sheila/march/ros1/install/march_hardware_builder/lib/x86_64-linux-gnu/pkgconfig:/home/sheila/march/ros1/install/march_hardware_builder/lib/pkgconfig:/home/sheila/march/ros1/install/march_shared_msgs/lib/x86_64-linux-gnu/pkgconfig:/home/sheila/march/ros1/install/march_shared_msgs/lib/pkgconfig:/home/sheila/march/ros1/install/march_hardware/lib/x86_64-linux-gnu/pkgconfig:/home/sheila/march/ros1/install/march_hardware/lib/pkgconfig:/home/sheila/march/ros1/install/march_description/lib/x86_64-linux-gnu/pkgconfig:/home/sheila/march/ros1/install/march_description/lib/pkgconfig:/home/sheila/march/ros1/install/joint_trajectory_controller/lib/x86_64-linux-gnu/pkgconfig:/home/sheila/march/ros1/install/joint_trajectory_controller/lib/pkgconfig:${PKG_CONFIG_PATH} PYTHONPATH=/home/sheila/march/ros1/install/march_shared_msgs/lib/python3/dist-packages:${PYTHONPATH} ROS_PACKAGE_PATH=/home/sheila/march/ros1/install/march_hardware_builder/share:/home/sheila/march/ros1/install/march_shared_msgs/share:/home/sheila/march/ros1/install/march_hardware/share:/home/sheila/march/ros1/install/march_description/share:/home/sheila/march/ros1/install/joint_trajectory_controller/share:${ROS_PACKAGE_PATH} /usr/bin/cmake /home/sheila/march/ros1/src/hardware/interface/march_hardware_interface -DCATKIN_INSTALL_INTO_PREFIX_ROOT=0 -DCMAKE_INSTALL_PREFIX=/home/sheila/march/ros1/install/march_hardware_interface
[0.098s] -- The C compiler identification is GNU 9.3.0
[0.185s] -- The CXX compiler identification is GNU 9.3.0
[0.193s] -- Check for working C compiler: /usr/bin/cc
[0.267s] -- Check for working C compiler: /usr/bin/cc -- works
[0.269s] -- Detecting C compiler ABI info
[0.350s] -- Detecting C compiler ABI info - done
[0.367s] -- Detecting C compile features
[0.368s] -- Detecting C compile features - done
[0.373s] -- Check for working CXX compiler: /usr/bin/c++
[0.463s] -- Check for working CXX compiler: /usr/bin/c++ -- works
[0.465s] -- Detecting CXX compiler ABI info
[0.559s] -- Detecting CXX compiler ABI info - done
[0.586s] -- Detecting CXX compile features
[0.588s] -- Detecting CXX compile features - done
[0.592s] -- Using CATKIN_DEVEL_PREFIX: /home/sheila/march/ros1/build/march_hardware_interface/devel
[0.592s] -- Using CMAKE_PREFIX_PATH: /home/sheila/march/ros1/install/march_hardware_builder;/home/sheila/march/ros1/install/march_shared_msgs;/home/sheila/march/ros1/install/march_hardware;/home/sheila/march/ros1/install/march_description;/home/sheila/march/ros1/install/joint_trajectory_controller;/opt/ros/noetic
[0.592s] -- This workspace overlays: /home/sheila/march/ros1/install/march_hardware_builder;/home/sheila/march/ros1/install/march_shared_msgs;/home/sheila/march/ros1/install/march_hardware;/home/sheila/march/ros1/install/march_description;/home/sheila/march/ros1/install/joint_trajectory_controller;/opt/ros/noetic
[0.622s] -- Found PythonInterp: /usr/bin/python3 (found suitable version "3.8.5", minimum required is "3") 
[0.623s] -- Using PYTHON_EXECUTABLE: /usr/bin/python3
[0.623s] -- Using Debian Python package layout
[0.664s] -- Found PY_em: /usr/lib/python3/dist-packages/em.py  
[0.664s] -- Using empy: /usr/lib/python3/dist-packages/em.py
[0.815s] -- Using CATKIN_ENABLE_TESTING: ON
[0.816s] -- Call enable_testing()
[0.818s] -- Using CATKIN_TEST_RESULTS_DIR: /home/sheila/march/ros1/build/march_hardware_interface/test_results
[1.195s] -- Forcing gtest/gmock from source, though one was otherwise available.
[1.195s] -- Found gtest sources under '/usr/src/googletest': gtests will be built
[1.195s] -- Found gmock sources under '/usr/src/googletest': gmock will be built
[1.227s] -- Found PythonInterp: /usr/bin/python3 (found version "3.8.5") 
[1.229s] -- Found Threads: TRUE  
[1.238s] -- Using Python nosetests: /usr/bin/nosetests3
[1.309s] -- catkin 0.8.9
[1.309s] -- BUILD_SHARED_LIBS is on
[1.692s] -- Using these message generators: gencpp;geneus;genlisp;gennodejs;genpy
[2.153s] -- Configuring done
[2.205s] -- Generating done
[2.214s] -- Build files have been written to: /home/sheila/march/ros1/build/march_hardware_interface
[2.223s] Invoked command in '/home/sheila/march/ros1/build/march_hardware_interface' returned '0': CMAKE_PREFIX_PATH=/home/sheila/march/ros1/install/march_hardware_builder:/home/sheila/march/ros1/install/march_shared_msgs:/home/sheila/march/ros1/install/march_hardware:/home/sheila/march/ros1/install/march_description:/home/sheila/march/ros1/install/joint_trajectory_controller:${CMAKE_PREFIX_PATH} LD_LIBRARY_PATH=/home/sheila/march/ros1/install/march_hardware_builder/lib:/home/sheila/march/ros1/install/march_hardware/lib:/home/sheila/march/ros1/install/joint_trajectory_controller/lib:${LD_LIBRARY_PATH} PKG_CONFIG_PATH=/home/sheila/march/ros1/install/march_hardware_builder/lib/x86_64-linux-gnu/pkgconfig:/home/sheila/march/ros1/install/march_hardware_builder/lib/pkgconfig:/home/sheila/march/ros1/install/march_shared_msgs/lib/x86_64-linux-gnu/pkgconfig:/home/sheila/march/ros1/install/march_shared_msgs/lib/pkgconfig:/home/sheila/march/ros1/install/march_hardware/lib/x86_64-linux-gnu/pkgconfig:/home/sheila/march/ros1/install/march_hardware/lib/pkgconfig:/home/sheila/march/ros1/install/march_description/lib/x86_64-linux-gnu/pkgconfig:/home/sheila/march/ros1/install/march_description/lib/pkgconfig:/home/sheila/march/ros1/install/joint_trajectory_controller/lib/x86_64-linux-gnu/pkgconfig:/home/sheila/march/ros1/install/joint_trajectory_controller/lib/pkgconfig:${PKG_CONFIG_PATH} PYTHONPATH=/home/sheila/march/ros1/install/march_shared_msgs/lib/python3/dist-packages:${PYTHONPATH} ROS_PACKAGE_PATH=/home/sheila/march/ros1/install/march_hardware_builder/share:/home/sheila/march/ros1/install/march_shared_msgs/share:/home/sheila/march/ros1/install/march_hardware/share:/home/sheila/march/ros1/install/march_description/share:/home/sheila/march/ros1/install/joint_trajectory_controller/share:${ROS_PACKAGE_PATH} /usr/bin/cmake /home/sheila/march/ros1/src/hardware/interface/march_hardware_interface -DCATKIN_INSTALL_INTO_PREFIX_ROOT=0 -DCMAKE_INSTALL_PREFIX=/home/sheila/march/ros1/install/march_hardware_interface
[2.227s] Invoking command in '/home/sheila/march/ros1/build/march_hardware_interface': CMAKE_PREFIX_PATH=/home/sheila/march/ros1/install/march_hardware_builder:/home/sheila/march/ros1/install/march_shared_msgs:/home/sheila/march/ros1/install/march_hardware:/home/sheila/march/ros1/install/march_description:/home/sheila/march/ros1/install/joint_trajectory_controller:${CMAKE_PREFIX_PATH} LD_LIBRARY_PATH=/home/sheila/march/ros1/install/march_hardware_builder/lib:/home/sheila/march/ros1/install/march_hardware/lib:/home/sheila/march/ros1/install/joint_trajectory_controller/lib:${LD_LIBRARY_PATH} PKG_CONFIG_PATH=/home/sheila/march/ros1/install/march_hardware_builder/lib/x86_64-linux-gnu/pkgconfig:/home/sheila/march/ros1/install/march_hardware_builder/lib/pkgconfig:/home/sheila/march/ros1/install/march_shared_msgs/lib/x86_64-linux-gnu/pkgconfig:/home/sheila/march/ros1/install/march_shared_msgs/lib/pkgconfig:/home/sheila/march/ros1/install/march_hardware/lib/x86_64-linux-gnu/pkgconfig:/home/sheila/march/ros1/install/march_hardware/lib/pkgconfig:/home/sheila/march/ros1/install/march_description/lib/x86_64-linux-gnu/pkgconfig:/home/sheila/march/ros1/install/march_description/lib/pkgconfig:/home/sheila/march/ros1/install/joint_trajectory_controller/lib/x86_64-linux-gnu/pkgconfig:/home/sheila/march/ros1/install/joint_trajectory_controller/lib/pkgconfig:${PKG_CONFIG_PATH} PYTHONPATH=/home/sheila/march/ros1/install/march_shared_msgs/lib/python3/dist-packages:${PYTHONPATH} ROS_PACKAGE_PATH=/home/sheila/march/ros1/install/march_hardware_builder/share:/home/sheila/march/ros1/install/march_shared_msgs/share:/home/sheila/march/ros1/install/march_hardware/share:/home/sheila/march/ros1/install/march_description/share:/home/sheila/march/ros1/install/joint_trajectory_controller/share:${ROS_PACKAGE_PATH} /usr/bin/cmake --build /home/sheila/march/ros1/build/march_hardware_interface -- -j4 -l4
[2.276s] [35m[1mScanning dependencies of target march_shared_msgs_generate_messages_py[0m
[2.280s] [35m[1mScanning dependencies of target control_toolbox_generate_messages_lisp[0m
[2.290s] [  0%] Built target march_shared_msgs_generate_messages_py
[2.296s] [  0%] Built target control_toolbox_generate_messages_lisp
[2.307s] [35m[1mScanning dependencies of target dynamic_reconfigure_gencfg[0m
[2.308s] [35m[1mScanning dependencies of target march_shared_msgs_generate_messages_eus[0m
[2.324s] [  0%] Built target dynamic_reconfigure_gencfg
[2.324s] [35m[1mScanning dependencies of target dynamic_reconfigure_generate_messages_nodejs[0m
[2.325s] [  0%] Built target march_shared_msgs_generate_messages_eus
[2.341s] [  0%] Built target dynamic_reconfigure_generate_messages_nodejs
[2.341s] [35m[1mScanning dependencies of target dynamic_reconfigure_generate_messages_lisp[0m
[2.342s] [35m[1mScanning dependencies of target march_shared_msgs_generate_messages_nodejs[0m
[2.359s] [  0%] Built target dynamic_reconfigure_generate_messages_lisp
[2.359s] [35m[1mScanning dependencies of target dynamic_reconfigure_generate_messages_cpp[0m
[2.361s] [  0%] Built target march_shared_msgs_generate_messages_nodejs
[2.375s] [  0%] Built target dynamic_reconfigure_generate_messages_cpp
[2.376s] [35m[1mScanning dependencies of target sensor_msgs_generate_messages_nodejs[0m
[2.380s] [35m[1mScanning dependencies of target controller_manager_msgs_generate_messages_eus[0m
[2.392s] [35m[1mScanning dependencies of target actionlib_generate_messages_lisp[0m
[2.392s] [  0%] Built target sensor_msgs_generate_messages_nodejs
[2.398s] [  0%] Built target controller_manager_msgs_generate_messages_eus
[2.406s] [35m[1mScanning dependencies of target sensor_msgs_generate_messages_cpp[0m
[2.409s] [  0%] Built target actionlib_generate_messages_lisp
[2.422s] [35m[1mScanning dependencies of target std_msgs_generate_messages_py[0m
[2.423s] [  0%] Built target sensor_msgs_generate_messages_cpp
[2.430s] [35m[1mScanning dependencies of target std_msgs_generate_messages_nodejs[0m
[2.439s] [35m[1mScanning dependencies of target geometry_msgs_generate_messages_eus[0m
[2.440s] [  0%] Built target std_msgs_generate_messages_py
[2.449s] [  0%] Built target std_msgs_generate_messages_nodejs
[2.457s] [  0%] Built target geometry_msgs_generate_messages_eus
[2.457s] [35m[1mScanning dependencies of target std_msgs_generate_messages_cpp[0m
[2.467s] [35m[1mScanning dependencies of target control_toolbox_generate_messages_nodejs[0m
[2.473s] [  0%] Built target std_msgs_generate_messages_cpp
[2.473s] [35m[1mScanning dependencies of target roscpp_generate_messages_lisp[0m
[2.484s] [  0%] Built target control_toolbox_generate_messages_nodejs
[2.489s] [  0%] Built target roscpp_generate_messages_lisp
[2.489s] [35m[1mScanning dependencies of target controller_manager_msgs_generate_messages_lisp[0m
[2.501s] [35m[1mScanning dependencies of target march_shared_msgs_generate_messages_lisp[0m
[2.506s] [  0%] Built target controller_manager_msgs_generate_messages_lisp
[2.506s] [35m[1mScanning dependencies of target rosgraph_msgs_generate_messages_nodejs[0m
[2.519s] [  0%] Built target march_shared_msgs_generate_messages_lisp
[2.522s] [  0%] Built target rosgraph_msgs_generate_messages_nodejs
[2.522s] [35m[1mScanning dependencies of target actionlib_generate_messages_cpp[0m
[2.536s] [35m[1mScanning dependencies of target actionlib_msgs_generate_messages_py[0m
[2.539s] [  0%] Built target actionlib_generate_messages_cpp
[2.539s] [35m[1mScanning dependencies of target controller_manager_msgs_generate_messages_cpp[0m
[2.554s] [  0%] Built target actionlib_msgs_generate_messages_py
[2.555s] [35m[1mScanning dependencies of target std_msgs_generate_messages_lisp[0m
[2.555s] [  0%] Built target controller_manager_msgs_generate_messages_cpp
[2.571s] [  0%] Built target std_msgs_generate_messages_lisp
[2.572s] [35m[1mScanning dependencies of target march_shared_msgs_generate_messages_cpp[0m
[2.572s] [35m[1mScanning dependencies of target controller_manager_msgs_generate_messages_nodejs[0m
[2.585s] [35m[1mScanning dependencies of target rosgraph_msgs_generate_messages_lisp[0m
[2.598s] [  0%] Built target controller_manager_msgs_generate_messages_nodejs
[2.598s] [  0%] Built target march_shared_msgs_generate_messages_cpp
[2.602s] [  0%] Built target rosgraph_msgs_generate_messages_lisp
[2.613s] [35m[1mScanning dependencies of target control_toolbox_gencfg[0m
[2.615s] [35m[1mScanning dependencies of target rosgraph_msgs_generate_messages_py[0m
[2.629s] [  0%] Built target control_toolbox_gencfg
[2.631s] [  0%] Built target rosgraph_msgs_generate_messages_py
[2.645s] [35m[1mScanning dependencies of target roscpp_generate_messages_eus[0m
[2.649s] [35m[1mScanning dependencies of target roscpp_generate_messages_nodejs[0m
[2.659s] [  0%] Built target roscpp_generate_messages_eus
[2.664s] [  0%] Built target roscpp_generate_messages_nodejs
[2.672s] [35m[1mScanning dependencies of target rosgraph_msgs_generate_messages_eus[0m
[2.680s] [35m[1mScanning dependencies of target sensor_msgs_generate_messages_eus[0m
[2.689s] [  0%] Built target rosgraph_msgs_generate_messages_eus
[2.691s] [  0%] Built target sensor_msgs_generate_messages_eus
[2.706s] [35m[1mScanning dependencies of target sensor_msgs_generate_messages_lisp[0m
[2.707s] [35m[1mScanning dependencies of target control_msgs_generate_messages_lisp[0m
[2.721s] [  0%] Built target sensor_msgs_generate_messages_lisp
[2.723s] [  0%] Built target control_msgs_generate_messages_lisp
[2.734s] [35m[1mScanning dependencies of target sensor_msgs_generate_messages_py[0m
[2.739s] [35m[1mScanning dependencies of target geometry_msgs_generate_messages_py[0m
[2.747s] [  0%] Built target sensor_msgs_generate_messages_py
[2.756s] [  0%] Built target geometry_msgs_generate_messages_py
[2.762s] [35m[1mScanning dependencies of target geometry_msgs_generate_messages_cpp[0m
[2.773s] [35m[1mScanning dependencies of target control_msgs_generate_messages_py[0m
[2.774s] [  0%] Built target geometry_msgs_generate_messages_cpp
[2.789s] [  0%] Built target control_msgs_generate_messages_py
[2.790s] [35m[1mScanning dependencies of target geometry_msgs_generate_messages_lisp[0m
[2.805s] [  0%] Built target geometry_msgs_generate_messages_lisp
[2.806s] [35m[1mScanning dependencies of target dynamic_reconfigure_generate_messages_eus[0m
[2.821s] [  0%] Built target dynamic_reconfigure_generate_messages_eus
[2.821s] [35m[1mScanning dependencies of target geometry_msgs_generate_messages_nodejs[0m
[2.834s] [35m[1mScanning dependencies of target controller_manager_msgs_generate_messages_py[0m
[2.837s] [  0%] Built target geometry_msgs_generate_messages_nodejs
[2.846s] [  0%] Built target controller_manager_msgs_generate_messages_py
[2.854s] [35m[1mScanning dependencies of target actionlib_msgs_generate_messages_cpp[0m
[2.858s] [35m[1mScanning dependencies of target actionlib_generate_messages_nodejs[0m
[2.868s] [  0%] Built target actionlib_msgs_generate_messages_cpp
[2.875s] [  0%] Built target actionlib_generate_messages_nodejs
[2.881s] [35m[1mScanning dependencies of target control_msgs_generate_messages_eus[0m
[2.890s] [35m[1mScanning dependencies of target trajectory_msgs_generate_messages_nodejs[0m
[2.898s] [  0%] Built target control_msgs_generate_messages_eus
[2.902s] [  0%] Built target trajectory_msgs_generate_messages_nodejs
[2.912s] [35m[1mScanning dependencies of target actionlib_generate_messages_py[0m
[2.919s] [35m[1mScanning dependencies of target control_toolbox_generate_messages_py[0m
[2.924s] [  0%] Built target actionlib_generate_messages_py
[2.934s] [  0%] Built target control_toolbox_generate_messages_py
[2.941s] [35m[1mScanning dependencies of target trajectory_msgs_generate_messages_cpp[0m
[2.946s] [35m[1mScanning dependencies of target std_msgs_generate_messages_eus[0m
[2.957s] [  0%] Built target trajectory_msgs_generate_messages_cpp
[2.964s] [  0%] Built target std_msgs_generate_messages_eus
[2.970s] [35m[1mScanning dependencies of target actionlib_msgs_generate_messages_nodejs[0m
[2.979s] [35m[1mScanning dependencies of target actionlib_msgs_generate_messages_lisp[0m
[2.987s] [  0%] Built target actionlib_msgs_generate_messages_nodejs
[2.992s] [  0%] Built target actionlib_msgs_generate_messages_lisp
[3.004s] [35m[1mScanning dependencies of target control_msgs_generate_messages_cpp[0m
[3.009s] [35m[1mScanning dependencies of target dynamic_reconfigure_generate_messages_py[0m
[3.022s] [  0%] Built target dynamic_reconfigure_generate_messages_py
[3.022s] [  0%] Built target control_msgs_generate_messages_cpp
[3.034s] [35m[1mScanning dependencies of target roscpp_generate_messages_cpp[0m
[3.038s] [35m[1mScanning dependencies of target actionlib_msgs_generate_messages_eus[0m
[3.046s] [  0%] Built target roscpp_generate_messages_cpp
[3.054s] [  0%] Built target actionlib_msgs_generate_messages_eus
[3.059s] [35m[1mScanning dependencies of target trajectory_msgs_generate_messages_lisp[0m
[3.070s] [35m[1mScanning dependencies of target rosgraph_msgs_generate_messages_cpp[0m
[3.075s] [  0%] Built target trajectory_msgs_generate_messages_lisp
[3.087s] [35m[1mScanning dependencies of target actionlib_generate_messages_eus[0m
[3.087s] [  0%] Built target rosgraph_msgs_generate_messages_cpp
[3.099s] [35m[1mScanning dependencies of target trajectory_msgs_generate_messages_py[0m
[3.102s] [  0%] Built target actionlib_generate_messages_eus
[3.114s] [  0%] Built target trajectory_msgs_generate_messages_py
[3.117s] [35m[1mScanning dependencies of target roscpp_generate_messages_py[0m
[3.129s] [  0%] Built target roscpp_generate_messages_py
[3.130s] [35m[1mScanning dependencies of target trajectory_msgs_generate_messages_eus[0m
[3.144s] [35m[1mScanning dependencies of target control_toolbox_generate_messages_cpp[0m
[3.147s] [  0%] Built target trajectory_msgs_generate_messages_eus
[3.163s] [  0%] Built target control_toolbox_generate_messages_cpp
[3.163s] [35m[1mScanning dependencies of target control_toolbox_generate_messages_eus[0m
[3.175s] [35m[1mScanning dependencies of target control_msgs_generate_messages_nodejs[0m
[3.179s] [  0%] Built target control_toolbox_generate_messages_eus
[3.187s] [  0%] Built target control_msgs_generate_messages_nodejs
[3.198s] [35m[1mScanning dependencies of target march_hardware_interface_node[0m
[3.242s] [ 33%] [32mBuilding CXX object CMakeFiles/march_hardware_interface_node.dir/src/march_hardware_interface_node.cpp.o[0m
[3.243s] [ 66%] [32mBuilding CXX object CMakeFiles/march_hardware_interface_node.dir/src/march_hardware_interface.cpp.o[0m
[9.804s] [100%] [32m[1mLinking CXX executable devel/lib/march_hardware_interface/march_hardware_interface_node[0m
[10.146s] [100%] Built target march_hardware_interface_node
[10.158s] Invoked command in '/home/sheila/march/ros1/build/march_hardware_interface' returned '0': CMAKE_PREFIX_PATH=/home/sheila/march/ros1/install/march_hardware_builder:/home/sheila/march/ros1/install/march_shared_msgs:/home/sheila/march/ros1/install/march_hardware:/home/sheila/march/ros1/install/march_description:/home/sheila/march/ros1/install/joint_trajectory_controller:${CMAKE_PREFIX_PATH} LD_LIBRARY_PATH=/home/sheila/march/ros1/install/march_hardware_builder/lib:/home/sheila/march/ros1/install/march_hardware/lib:/home/sheila/march/ros1/install/joint_trajectory_controller/lib:${LD_LIBRARY_PATH} PKG_CONFIG_PATH=/home/sheila/march/ros1/install/march_hardware_builder/lib/x86_64-linux-gnu/pkgconfig:/home/sheila/march/ros1/install/march_hardware_builder/lib/pkgconfig:/home/sheila/march/ros1/install/march_shared_msgs/lib/x86_64-linux-gnu/pkgconfig:/home/sheila/march/ros1/install/march_shared_msgs/lib/pkgconfig:/home/sheila/march/ros1/install/march_hardware/lib/x86_64-linux-gnu/pkgconfig:/home/sheila/march/ros1/install/march_hardware/lib/pkgconfig:/home/sheila/march/ros1/install/march_description/lib/x86_64-linux-gnu/pkgconfig:/home/sheila/march/ros1/install/march_description/lib/pkgconfig:/home/sheila/march/ros1/install/joint_trajectory_controller/lib/x86_64-linux-gnu/pkgconfig:/home/sheila/march/ros1/install/joint_trajectory_controller/lib/pkgconfig:${PKG_CONFIG_PATH} PYTHONPATH=/home/sheila/march/ros1/install/march_shared_msgs/lib/python3/dist-packages:${PYTHONPATH} ROS_PACKAGE_PATH=/home/sheila/march/ros1/install/march_hardware_builder/share:/home/sheila/march/ros1/install/march_shared_msgs/share:/home/sheila/march/ros1/install/march_hardware/share:/home/sheila/march/ros1/install/march_description/share:/home/sheila/march/ros1/install/joint_trajectory_controller/share:${ROS_PACKAGE_PATH} /usr/bin/cmake --build /home/sheila/march/ros1/build/march_hardware_interface -- -j4 -l4
[10.245s] Invoking command in '/home/sheila/march/ros1/build/march_hardware_interface': CMAKE_PREFIX_PATH=/home/sheila/march/ros1/install/march_hardware_builder:/home/sheila/march/ros1/install/march_shared_msgs:/home/sheila/march/ros1/install/march_hardware:/home/sheila/march/ros1/install/march_description:/home/sheila/march/ros1/install/joint_trajectory_controller:${CMAKE_PREFIX_PATH} LD_LIBRARY_PATH=/home/sheila/march/ros1/install/march_hardware_builder/lib:/home/sheila/march/ros1/install/march_hardware/lib:/home/sheila/march/ros1/install/joint_trajectory_controller/lib:${LD_LIBRARY_PATH} PKG_CONFIG_PATH=/home/sheila/march/ros1/install/march_hardware_builder/lib/x86_64-linux-gnu/pkgconfig:/home/sheila/march/ros1/install/march_hardware_builder/lib/pkgconfig:/home/sheila/march/ros1/install/march_shared_msgs/lib/x86_64-linux-gnu/pkgconfig:/home/sheila/march/ros1/install/march_shared_msgs/lib/pkgconfig:/home/sheila/march/ros1/install/march_hardware/lib/x86_64-linux-gnu/pkgconfig:/home/sheila/march/ros1/install/march_hardware/lib/pkgconfig:/home/sheila/march/ros1/install/march_description/lib/x86_64-linux-gnu/pkgconfig:/home/sheila/march/ros1/install/march_description/lib/pkgconfig:/home/sheila/march/ros1/install/joint_trajectory_controller/lib/x86_64-linux-gnu/pkgconfig:/home/sheila/march/ros1/install/joint_trajectory_controller/lib/pkgconfig:${PKG_CONFIG_PATH} PYTHONPATH=/home/sheila/march/ros1/install/march_shared_msgs/lib/python3/dist-packages:${PYTHONPATH} ROS_PACKAGE_PATH=/home/sheila/march/ros1/install/march_hardware_builder/share:/home/sheila/march/ros1/install/march_shared_msgs/share:/home/sheila/march/ros1/install/march_hardware/share:/home/sheila/march/ros1/install/march_description/share:/home/sheila/march/ros1/install/joint_trajectory_controller/share:${ROS_PACKAGE_PATH} /usr/bin/cmake --build /home/sheila/march/ros1/build/march_hardware_interface --target tests -- -j4 -l4
[10.314s] [35m[1mScanning dependencies of target gtest[0m
[10.333s] [ 20%] [32mBuilding CXX object gtest/googletest/CMakeFiles/gtest.dir/src/gtest-all.cc.o[0m
[13.773s] [ 40%] [32m[1mLinking CXX shared library ../../lib/libgtest.so[0m
[13.941s] [ 40%] Built target gtest
[13.953s] [35m[1mScanning dependencies of target march_hardware_interface_test[0m
[13.982s] [ 80%] [32mBuilding CXX object CMakeFiles/march_hardware_interface_test.dir/test/pdb_state_interface_test.cpp.o[0m
[13.983s] [ 80%] [32mBuilding CXX object CMakeFiles/march_hardware_interface_test.dir/test/test_runner.cpp.o[0m
[17.056s] [100%] [32m[1mLinking CXX executable devel/lib/march_hardware_interface/march_hardware_interface_test[0m
[17.272s] [100%] Built target march_hardware_interface_test
[17.283s] [35m[1mScanning dependencies of target tests[0m
[17.296s] [100%] Built target tests
[17.310s] Invoked command in '/home/sheila/march/ros1/build/march_hardware_interface' returned '0': CMAKE_PREFIX_PATH=/home/sheila/march/ros1/install/march_hardware_builder:/home/sheila/march/ros1/install/march_shared_msgs:/home/sheila/march/ros1/install/march_hardware:/home/sheila/march/ros1/install/march_description:/home/sheila/march/ros1/install/joint_trajectory_controller:${CMAKE_PREFIX_PATH} LD_LIBRARY_PATH=/home/sheila/march/ros1/install/march_hardware_builder/lib:/home/sheila/march/ros1/install/march_hardware/lib:/home/sheila/march/ros1/install/joint_trajectory_controller/lib:${LD_LIBRARY_PATH} PKG_CONFIG_PATH=/home/sheila/march/ros1/install/march_hardware_builder/lib/x86_64-linux-gnu/pkgconfig:/home/sheila/march/ros1/install/march_hardware_builder/lib/pkgconfig:/home/sheila/march/ros1/install/march_shared_msgs/lib/x86_64-linux-gnu/pkgconfig:/home/sheila/march/ros1/install/march_shared_msgs/lib/pkgconfig:/home/sheila/march/ros1/install/march_hardware/lib/x86_64-linux-gnu/pkgconfig:/home/sheila/march/ros1/install/march_hardware/lib/pkgconfig:/home/sheila/march/ros1/install/march_description/lib/x86_64-linux-gnu/pkgconfig:/home/sheila/march/ros1/install/march_description/lib/pkgconfig:/home/sheila/march/ros1/install/joint_trajectory_controller/lib/x86_64-linux-gnu/pkgconfig:/home/sheila/march/ros1/install/joint_trajectory_controller/lib/pkgconfig:${PKG_CONFIG_PATH} PYTHONPATH=/home/sheila/march/ros1/install/march_shared_msgs/lib/python3/dist-packages:${PYTHONPATH} ROS_PACKAGE_PATH=/home/sheila/march/ros1/install/march_hardware_builder/share:/home/sheila/march/ros1/install/march_shared_msgs/share:/home/sheila/march/ros1/install/march_hardware/share:/home/sheila/march/ros1/install/march_description/share:/home/sheila/march/ros1/install/joint_trajectory_controller/share:${ROS_PACKAGE_PATH} /usr/bin/cmake --build /home/sheila/march/ros1/build/march_hardware_interface --target tests -- -j4 -l4
[17.389s] Invoking command in '/home/sheila/march/ros1/build/march_hardware_interface': CMAKE_PREFIX_PATH=/home/sheila/march/ros1/install/march_hardware_builder:/home/sheila/march/ros1/install/march_shared_msgs:/home/sheila/march/ros1/install/march_hardware:/home/sheila/march/ros1/install/march_description:/home/sheila/march/ros1/install/joint_trajectory_controller:${CMAKE_PREFIX_PATH} LD_LIBRARY_PATH=/home/sheila/march/ros1/install/march_hardware_builder/lib:/home/sheila/march/ros1/install/march_hardware/lib:/home/sheila/march/ros1/install/joint_trajectory_controller/lib:${LD_LIBRARY_PATH} PKG_CONFIG_PATH=/home/sheila/march/ros1/install/march_hardware_builder/lib/x86_64-linux-gnu/pkgconfig:/home/sheila/march/ros1/install/march_hardware_builder/lib/pkgconfig:/home/sheila/march/ros1/install/march_shared_msgs/lib/x86_64-linux-gnu/pkgconfig:/home/sheila/march/ros1/install/march_shared_msgs/lib/pkgconfig:/home/sheila/march/ros1/install/march_hardware/lib/x86_64-linux-gnu/pkgconfig:/home/sheila/march/ros1/install/march_hardware/lib/pkgconfig:/home/sheila/march/ros1/install/march_description/lib/x86_64-linux-gnu/pkgconfig:/home/sheila/march/ros1/install/march_description/lib/pkgconfig:/home/sheila/march/ros1/install/joint_trajectory_controller/lib/x86_64-linux-gnu/pkgconfig:/home/sheila/march/ros1/install/joint_trajectory_controller/lib/pkgconfig:${PKG_CONFIG_PATH} PYTHONPATH=/home/sheila/march/ros1/install/march_shared_msgs/lib/python3/dist-packages:${PYTHONPATH} ROS_PACKAGE_PATH=/home/sheila/march/ros1/install/march_hardware_builder/share:/home/sheila/march/ros1/install/march_shared_msgs/share:/home/sheila/march/ros1/install/march_hardware/share:/home/sheila/march/ros1/install/march_description/share:/home/sheila/march/ros1/install/joint_trajectory_controller/share:${ROS_PACKAGE_PATH} /usr/bin/cmake --install /home/sheila/march/ros1/build/march_hardware_interface
[17.398s] -- Install configuration: ""
[17.398s] -- Installing: /home/sheila/march/ros1/install/march_hardware_interface/lib/pkgconfig/march_hardware_interface.pc
[17.398s] -- Installing: /home/sheila/march/ros1/install/march_hardware_interface/share/march_hardware_interface/cmake/march_hardware_interfaceConfig.cmake
[17.399s] -- Installing: /home/sheila/march/ros1/install/march_hardware_interface/share/march_hardware_interface/cmake/march_hardware_interfaceConfig-version.cmake
[17.399s] -- Installing: /home/sheila/march/ros1/install/march_hardware_interface/share/march_hardware_interface/package.xml
[17.399s] -- Installing: /home/sheila/march/ros1/install/march_hardware_interface/include/march_hardware_interface
[17.399s] -- Installing: /home/sheila/march/ros1/install/march_hardware_interface/include/march_hardware_interface/march_pdb_state_interface.h
[17.399s] -- Installing: /home/sheila/march/ros1/install/march_hardware_interface/include/march_hardware_interface/power_net_type.h
[17.399s] -- Installing: /home/sheila/march/ros1/install/march_hardware_interface/include/march_hardware_interface/power_net_on_off_command.h
[17.400s] -- Installing: /home/sheila/march/ros1/install/march_hardware_interface/include/march_hardware_interface/march_temperature_sensor_interface.h
[17.400s] -- Installing: /home/sheila/march/ros1/install/march_hardware_interface/include/march_hardware_interface/march_hardware_interface.h
[17.400s] -- Installing: /home/sheila/march/ros1/install/march_hardware_interface/lib/march_hardware_interface/march_hardware_interface_node
[17.402s] -- Set runtime path of "/home/sheila/march/ros1/install/march_hardware_interface/lib/march_hardware_interface/march_hardware_interface_node" to "/home/sheila/march/ros1/install/march_hardware_interface/lib:/home/sheila/march/ros1/install/march_hardware_builder/lib:/home/sheila/march/ros1/install/march_hardware/lib:/home/sheila/march/ros1/install/joint_trajectory_controller/lib:/opt/ros/noetic/lib:/opt/ros/noetic/lib/x86_64-linux-gnu"
[17.403s] -- Installing: /home/sheila/march/ros1/install/march_hardware_interface/share/march_hardware_interface/config
[17.403s] -- Installing: /home/sheila/march/ros1/install/march_hardware_interface/share/march_hardware_interface/config/test_joint_rotational
[17.403s] -- Installing: /home/sheila/march/ros1/install/march_hardware_interface/share/march_hardware_interface/config/test_joint_rotational/controllers.yaml
[17.403s] -- Installing: /home/sheila/march/ros1/install/march_hardware_interface/share/march_hardware_interface/config/march4
[17.403s] -- Installing: /home/sheila/march/ros1/install/march_hardware_interface/share/march_hardware_interface/config/march4/controllers.yaml
[17.403s] -- Installing: /home/sheila/march/ros1/install/march_hardware_interface/share/march_hardware_interface/config/test_joint_linear
[17.404s] -- Installing: /home/sheila/march/ros1/install/march_hardware_interface/share/march_hardware_interface/config/test_joint_linear/controllers.yaml
[17.404s] -- Installing: /home/sheila/march/ros1/install/march_hardware_interface/share/march_hardware_interface/config/march3
[17.404s] -- Installing: /home/sheila/march/ros1/install/march_hardware_interface/share/march_hardware_interface/config/march3/controllers.yaml
[17.404s] -- Installing: /home/sheila/march/ros1/install/march_hardware_interface/share/march_hardware_interface/config/march3/joint_limits.yaml
[17.404s] -- Installing: /home/sheila/march/ros1/install/march_hardware_interface/share/march_hardware_interface/launch
[17.404s] -- Installing: /home/sheila/march/ros1/install/march_hardware_interface/share/march_hardware_interface/launch/hardware.launch
[17.406s] Invoked command in '/home/sheila/march/ros1/build/march_hardware_interface' returned '0': CMAKE_PREFIX_PATH=/home/sheila/march/ros1/install/march_hardware_builder:/home/sheila/march/ros1/install/march_shared_msgs:/home/sheila/march/ros1/install/march_hardware:/home/sheila/march/ros1/install/march_description:/home/sheila/march/ros1/install/joint_trajectory_controller:${CMAKE_PREFIX_PATH} LD_LIBRARY_PATH=/home/sheila/march/ros1/install/march_hardware_builder/lib:/home/sheila/march/ros1/install/march_hardware/lib:/home/sheila/march/ros1/install/joint_trajectory_controller/lib:${LD_LIBRARY_PATH} PKG_CONFIG_PATH=/home/sheila/march/ros1/install/march_hardware_builder/lib/x86_64-linux-gnu/pkgconfig:/home/sheila/march/ros1/install/march_hardware_builder/lib/pkgconfig:/home/sheila/march/ros1/install/march_shared_msgs/lib/x86_64-linux-gnu/pkgconfig:/home/sheila/march/ros1/install/march_shared_msgs/lib/pkgconfig:/home/sheila/march/ros1/install/march_hardware/lib/x86_64-linux-gnu/pkgconfig:/home/sheila/march/ros1/install/march_hardware/lib/pkgconfig:/home/sheila/march/ros1/install/march_description/lib/x86_64-linux-gnu/pkgconfig:/home/sheila/march/ros1/install/march_description/lib/pkgconfig:/home/sheila/march/ros1/install/joint_trajectory_controller/lib/x86_64-linux-gnu/pkgconfig:/home/sheila/march/ros1/install/joint_trajectory_controller/lib/pkgconfig:${PKG_CONFIG_PATH} PYTHONPATH=/home/sheila/march/ros1/install/march_shared_msgs/lib/python3/dist-packages:${PYTHONPATH} ROS_PACKAGE_PATH=/home/sheila/march/ros1/install/march_hardware_builder/share:/home/sheila/march/ros1/install/march_shared_msgs/share:/home/sheila/march/ros1/install/march_hardware/share:/home/sheila/march/ros1/install/march_description/share:/home/sheila/march/ros1/install/joint_trajectory_controller/share:${ROS_PACKAGE_PATH} /usr/bin/cmake --install /home/sheila/march/ros1/build/march_hardware_interface
