[0.017s] Invoking command in '/home/sheila/march/ros1/build/computed_torque': /usr/bin/cmake --build /home/sheila/march/ros1/build/computed_torque -- -j4 -l4
[0.103s] [  0%] Built target dynamic_reconfigure_generate_messages_nodejs
[0.104s] [  0%] Built target rosgraph_msgs_generate_messages_py
[0.104s] [  0%] Built target actionlib_msgs_generate_messages_nodejs
[0.104s] [  0%] Built target std_msgs_generate_messages_eus
[0.142s] [  0%] Built target rosgraph_msgs_generate_messages_eus
[0.142s] [  0%] Built target actionlib_msgs_generate_messages_lisp
[0.144s] [  0%] Built target actionlib_msgs_generate_messages_cpp
[0.159s] [  0%] Built target control_msgs_generate_messages_lisp
[0.180s] [  0%] Built target std_msgs_generate_messages_lisp
[0.181s] [  0%] Built target control_msgs_generate_messages_cpp
[0.181s] [  0%] Built target roscpp_generate_messages_lisp
[0.201s] [  0%] Built target control_toolbox_generate_messages_nodejs
[0.219s] [  0%] Built target dynamic_reconfigure_generate_messages_py
[0.219s] [  0%] Built target actionlib_msgs_generate_messages_eus
[0.221s] [  0%] Built target control_msgs_generate_messages_nodejs
[0.240s] [  0%] Built target rosgraph_msgs_generate_messages_lisp
[0.258s] [  0%] Built target actionlib_generate_messages_py
[0.259s] [  0%] Built target actionlib_generate_messages_lisp
[0.263s] [  0%] Built target _catkin_empty_exported_target
[0.280s] [  0%] Built target actionlib_generate_messages_nodejs
[0.298s] [  0%] Built target control_msgs_generate_messages_eus
[0.301s] [  0%] Built target trajectory_msgs_generate_messages_cpp
[0.301s] [  0%] Built target trajectory_msgs_generate_messages_nodejs
[0.323s] [  0%] Built target control_toolbox_generate_messages_py
[0.339s] [  0%] Built target geometry_msgs_generate_messages_eus
[0.339s] [  0%] Built target std_msgs_generate_messages_nodejs
[0.340s] [  0%] Built target std_msgs_generate_messages_py
[0.371s] [  0%] Built target roscpp_generate_messages_nodejs
[0.378s] [  0%] Built target std_msgs_generate_messages_cpp
[0.379s] [  0%] Built target actionlib_generate_messages_cpp
[0.379s] [  0%] Built target actionlib_msgs_generate_messages_py
[0.411s] [  0%] Built target rosgraph_msgs_generate_messages_nodejs
[0.418s] [  0%] Built target roscpp_generate_messages_eus
[0.420s] [  0%] Built target control_toolbox_gencfg
[0.421s] [  0%] Built target roscpp_generate_messages_cpp
[0.454s] [  0%] Built target control_msgs_generate_messages_py
[0.458s] [  0%] Built target geometry_msgs_generate_messages_cpp
[0.458s] [  0%] Built target geometry_msgs_generate_messages_py
[0.459s] [  0%] Built target geometry_msgs_generate_messages_lisp
[0.496s] [  0%] Built target trajectory_msgs_generate_messages_lisp
[0.496s] [  0%] Built target rosgraph_msgs_generate_messages_cpp
[0.497s] [  0%] Built target actionlib_generate_messages_eus
[0.498s] [  0%] Built target trajectory_msgs_generate_messages_py
[0.530s] [  0%] Built target roscpp_generate_messages_py
[0.536s] [  0%] Built target trajectory_msgs_generate_messages_eus
[0.536s] [  0%] Built target control_toolbox_generate_messages_cpp
[0.552s] [  0%] Built target control_toolbox_generate_messages_eus
[0.573s] [  0%] Built target control_toolbox_generate_messages_lisp
[0.575s] [  0%] Built target geometry_msgs_generate_messages_nodejs
[0.576s] [  0%] Built target dynamic_reconfigure_generate_messages_cpp
[0.589s] [  0%] Built target dynamic_reconfigure_generate_messages_eus
[0.607s] [  0%] Built target dynamic_reconfigure_gencfg
[0.609s] [  0%] Built target dynamic_reconfigure_generate_messages_lisp
[0.640s] [ 50%] [32mBuilding CXX object CMakeFiles/computed_torque_lib.dir/src/computed_torque_controller.cpp.o[0m
[3.907s] In file included from [01m[K/home/sheila/march/ros1/src/control/computed_torque/src/computed_torque_controller.cpp:5[m[K:
[3.907s] [01m[K/home/sheila/march/ros1/src/control/computed_torque/include/computed_torque/computed_torque_controller.h:64:83:[m[K [01;31m[Kerror: [m[K‘[01m[KState[m[K’ does not name a type
[3.908s]    64 | d update(const ros::Time &time, const ros::Duration &period, const [01;31m[KState[m[K& desired_state, const State& state_error );
[3.908s]       |                                                                    [01;31m[K^~~~~[m[K
[3.908s] 
[3.909s] [01m[K/home/sheila/march/ros1/src/control/computed_torque/include/computed_torque/computed_torque_controller.h:64:111:[m[K [01;31m[Kerror: [m[K‘[01m[KState[m[K’ does not name a type
[3.909s]    64 | me, const ros::Duration &period, const State& desired_state, const [01;31m[KState[m[K& state_error );
[3.910s]       |                                                                    [01;31m[K^~~~~[m[K
[3.910s] 
[3.941s] In file included from [01m[K/home/sheila/march/ros1/src/control/computed_torque/include/computed_torque/computed_torque_controller.h:119[m[K,
[3.941s]                  from [01m[K/home/sheila/march/ros1/src/control/computed_torque/src/computed_torque_controller.cpp:5[m[K:
[3.941s] [01m[K/home/sheila/march/ros1/src/control/computed_torque/include/computed_torque/computed_torque_controller.hpp:75:53:[m[K [01;31m[Kerror: [m[K‘[01m[KState[m[K’ does not name a type
[3.941s]    75 |                                               const [01;31m[KState[m[K& desired_state, const State& state_error ){
[3.941s]       |                                                     [01;31m[K^~~~~[m[K
[3.943s] [01m[K/home/sheila/march/ros1/src/control/computed_torque/include/computed_torque/computed_torque_controller.hpp:75:81:[m[K [01;31m[Kerror: [m[K‘[01m[KState[m[K’ does not name a type
[3.943s]    75 |                                  const State& desired_state, const [01;31m[KState[m[K& state_error ){
[3.943s]       |                                                                    [01;31m[K^~~~~[m[K
[3.943s] 
[3.946s] [01m[K/home/sheila/march/ros1/src/control/computed_torque/include/computed_torque/computed_torque_controller.hpp:[m[K In member function ‘[01m[Kvoid controller_ns::computed_torque_controller_class::update(const ros::Time&, const ros::Duration&, const int&, const int&)[m[K’:
[3.947s] [01m[K/home/sheila/march/ros1/src/control/computed_torque/include/computed_torque/computed_torque_controller.hpp:80:7:[m[K [01;31m[Kerror: [m[K‘[01m[Kcurrent[m[K’ was not declared in this scope; did you mean ‘[01m[Kcurrent_vel[m[K’?
[3.947s]    80 |       [01;31m[Kcurrent[m[K.q(i) = (*joint_handles_ptr_)[i].getPosition();
[3.947s]       |       [01;31m[K^~~~~~~[m[K
[3.947s]       |       [32m[Kcurrent_vel[m[K
[3.950s] [01m[K/home/sheila/march/ros1/src/control/computed_torque/include/computed_torque/computed_torque_controller.hpp:84:7:[m[K [01;31m[Kerror: [m[K‘[01m[Kdesired[m[K’ was not declared in this scope
[3.950s]    84 |       [01;31m[Kdesired[m[K.q(i) = desired_state.position[i];
[3.950s]       |       [01;31m[K^~~~~~~[m[K
[3.951s] [01m[K/home/sheila/march/ros1/src/control/computed_torque/include/computed_torque/computed_torque_controller.hpp:84:36:[m[K [01;31m[Kerror: [m[Krequest for member ‘[01m[Kposition[m[K’ in ‘[01m[Kdesired_state[m[K’, which is of non-class type ‘[01m[Kconst int[m[K’
[3.951s]    84 |       desired.q(i) = desired_state.[01;31m[Kposition[m[K[i];
[3.951s]       |                                    [01;31m[K^~~~~~~~[m[K
[3.951s] [01m[K/home/sheila/march/ros1/src/control/computed_torque/include/computed_torque/computed_torque_controller.hpp:85:39:[m[K [01;31m[Kerror: [m[Krequest for member ‘[01m[Kvelocity[m[K’ in ‘[01m[Kdesired_state[m[K’, which is of non-class type ‘[01m[Kconst int[m[K’
[3.951s]    85 |       desired.qdot(i) = desired_state.[01;31m[Kvelocity[m[K[i];
[3.951s]       |                                       [01;31m[K^~~~~~~~[m[K
[3.951s] [01m[K/home/sheila/march/ros1/src/control/computed_torque/include/computed_torque/computed_torque_controller.hpp:86:42:[m[K [01;31m[Kerror: [m[Krequest for member ‘[01m[Kacceleration[m[K’ in ‘[01m[Kdesired_state[m[K’, which is of non-class type ‘[01m[Kconst int[m[K’
[3.951s]    86 |       desired.qdotdot(i) = desired_state.[01;31m[Kacceleration[m[K[i];
[3.952s]       |                                          [01;31m[K^~~~~~~~~~~~[m[K
[3.953s] [01m[K/home/sheila/march/ros1/src/control/computed_torque/include/computed_torque/computed_torque_controller.hpp:88:7:[m[K [01;31m[Kerror: [m[K‘[01m[Kerror[m[K’ was not declared in this scope; did you mean ‘[01m[Kperror[m[K’?
[3.953s]    88 |       [01;31m[Kerror[m[K.q(i) = state_error.position[i];
[3.954s]       |       [01;31m[K^~~~~[m[K
[3.954s]       |       [32m[Kperror[m[K
[3.954s] [01m[K/home/sheila/march/ros1/src/control/computed_torque/include/computed_torque/computed_torque_controller.hpp:88:32:[m[K [01;31m[Kerror: [m[Krequest for member ‘[01m[Kposition[m[K’ in ‘[01m[Kstate_error[m[K’, which is of non-class type ‘[01m[Kconst int[m[K’
[3.954s]    88 |       error.q(i) = state_error.[01;31m[Kposition[m[K[i];
[3.954s]       |                                [01;31m[K^~~~~~~~[m[K
[3.954s] [01m[K/home/sheila/march/ros1/src/control/computed_torque/include/computed_torque/computed_torque_controller.hpp:89:35:[m[K [01;31m[Kerror: [m[Krequest for member ‘[01m[Kvelocity[m[K’ in ‘[01m[Kstate_error[m[K’, which is of non-class type ‘[01m[Kconst int[m[K’
[3.954s]    89 |       error.qdot(i) = state_error.[01;31m[Kvelocity[m[K[i];
[3.954s]       |                                   [01;31m[K^~~~~~~~[m[K
[3.956s] [01m[K/home/sheila/march/ros1/src/control/computed_torque/include/computed_torque/computed_torque_controller.hpp:104:54:[m[K [01;31m[Kerror: [m[K‘[01m[Kchain[m[K’ was not declared in this scope
[3.957s]   104 |     KDL::ChainDynParam dynamics = KDL::ChainDynParam([01;31m[Kchain[m[K, KDL::Vector(0.0,0.0,-9.81));
[3.957s]       |                                                      [01;31m[K^~~~~[m[K
[3.960s] [01m[K/home/sheila/march/ros1/src/control/computed_torque/include/computed_torque/computed_torque_controller.hpp:107:27:[m[K [01;31m[Kerror: [m[K‘[01m[Kcurrent[m[K’ was not declared in this scope; did you mean ‘[01m[Kcurrent_vel[m[K’?
[3.960s]   107 |     dynamics.JntToGravity([01;31m[Kcurrent[m[K.q,G);
[3.960s]       |                           [01;31m[K^~~~~~~[m[K
[3.961s]       |                           [32m[Kcurrent_vel[m[K
[3.963s] [01m[K/home/sheila/march/ros1/src/control/computed_torque/include/computed_torque/computed_torque_controller.hpp:111:24:[m[K [01;31m[Kerror: [m[K‘[01m[Kdesired[m[K’ was not declared in this scope
[3.964s]   111 |     tau.data = M.data*([01;31m[Kdesired[m[K.qdotdot.data + Kp*error.q.data + Kv*error.qdot.data) + C.data + G.data - F * current.qdot.data;
[3.964s]       |                        [01;31m[K^~~~~~~[m[K
[3.966s] [01m[K/home/sheila/march/ros1/src/control/computed_torque/include/computed_torque/computed_torque_controller.hpp:111:50:[m[K [01;31m[Kerror: [m[K‘[01m[Kerror[m[K’ was not declared in this scope; did you mean ‘[01m[Kperror[m[K’?
[3.966s]   111 |     tau.data = M.data*(desired.qdotdot.data + Kp*[01;31m[Kerror[m[K.q.data + Kv*error.qdot.data) + C.data + G.data - F * current.qdot.data;
[3.967s]       |                                                  [01;31m[K^~~~~[m[K
[3.967s]       |                                                  [32m[Kperror[m[K
[3.978s] [01m[K/home/sheila/march/ros1/src/control/computed_torque/include/computed_torque/computed_torque_controller.hpp:116:54:[m[K [01;31m[Kerror: [m[K‘[01m[Kerrror[m[K’ was not declared in this scope; did you mean ‘[01m[Kperror[m[K’?
[3.978s]   116 |         const double command = -Kp*error.q.data - Kv*[01;31m[Kerrror[m[K.qdot.data;
[3.978s]       |                                                      [01;31m[K^~~~~~[m[K
[3.978s]       |                                                      [32m[Kperror[m[K
[4.764s] In file included from [01m[K/opt/ros/noetic/include/class_loader/class_loader_core.hpp:45[m[K,
[4.764s]                  from [01m[K/opt/ros/noetic/include/class_loader/class_loader.hpp:46[m[K,
[4.764s]                  from [01m[K/opt/ros/noetic/include/pluginlib/./class_list_macros.hpp:40[m[K,
[4.765s]                  from [01m[K/opt/ros/noetic/include/pluginlib/class_list_macros.h:35[m[K,
[4.765s]                  from [01m[K/home/sheila/march/ros1/src/control/computed_torque/src/computed_torque_controller.cpp:2[m[K:
[4.765s] /opt/ros/noetic/include/class_loader/meta_object.hpp: In instantiation of ‘[01m[KB* class_loader::impl::MetaObject<C, B>::create() const [with C = controller_ns::computed_torque_controller_class; B = controller_interface::ControllerBase][m[K’:
[4.765s] [01m[K/opt/ros/noetic/include/class_loader/meta_object.hpp:196:7:[m[K   required from here
[4.765s] [01m[K/opt/ros/noetic/include/class_loader/meta_object.hpp:198:12:[m[K [01;31m[Kerror: [m[Kinvalid new-expression of abstract class type ‘[01m[Kcontroller_ns::computed_torque_controller_class[m[K’
[4.765s]   198 |     return [01;31m[Knew C[m[K;
[4.765s]       |            [01;31m[K^~~~~[m[K
[4.766s] In file included from [01m[K/home/sheila/march/ros1/src/control/computed_torque/src/computed_torque_controller.cpp:5[m[K:
[4.766s] [01m[K/home/sheila/march/ros1/src/control/computed_torque/include/computed_torque/computed_torque_controller.h:59:11:[m[K [01;36m[Knote: [m[K  because the following virtual functions are pure within ‘[01m[Kcontroller_ns::computed_torque_controller_class[m[K’:
[4.766s]    59 |     class [01;36m[Kcomputed_torque_controller_class[m[K : public controller_interface::Controller<hardware_interface::EffortJointInterface> {
[4.766s]       |           [01;36m[K^~~~~~~~~~~~~~~~~~~~~~~~~~~~~~~~[m[K
[4.766s] In file included from [01m[K/opt/ros/noetic/include/controller_interface/controller.h:35[m[K,
[4.766s]                  from [01m[K/home/sheila/march/ros1/src/control/computed_torque/include/computed_torque/computed_torque_controller.h:23[m[K,
[4.767s]                  from [01m[K/home/sheila/march/ros1/src/control/computed_torque/src/computed_torque_controller.cpp:5[m[K:
[4.767s] [01m[K/opt/ros/noetic/include/controller_interface/controller_base.h:73:16:[m[K [01;36m[Knote: [m[K	‘[01m[Kvirtual void controller_interface::ControllerBase::update(const ros::Time&, const ros::Duration&)[m[K’
[4.767s]    73 |   virtual void [01;36m[Kupdate[m[K(const ros::Time& time, const ros::Duration& period) = 0;
[4.767s]       |                [01;36m[K^~~~~~[m[K
[5.101s] make[2]: *** [CMakeFiles/computed_torque_lib.dir/build.make:63: CMakeFiles/computed_torque_lib.dir/src/computed_torque_controller.cpp.o] Error 1
[5.101s] make[1]: *** [CMakeFiles/Makefile2:1811: CMakeFiles/computed_torque_lib.dir/all] Error 2
[5.101s] make: *** [Makefile:141: all] Error 2
[5.103s] Invoked command in '/home/sheila/march/ros1/build/computed_torque' returned '2': /usr/bin/cmake --build /home/sheila/march/ros1/build/computed_torque -- -j4 -l4
