-- The C compiler identification is GNU 9.3.0
-- The CXX compiler identification is GNU 9.3.0
-- Check for working C compiler: /usr/bin/cc
-- Check for working C compiler: /usr/bin/cc -- works
-- Detecting C compiler ABI info
-- Detecting C compiler ABI info - done
-- Detecting C compile features
-- Detecting C compile features - done
-- Check for working CXX compiler: /usr/bin/c++
-- Check for working CXX compiler: /usr/bin/c++ -- works
-- Detecting CXX compiler ABI info
-- Detecting CXX compiler ABI info - done
-- Detecting CXX compile features
-- Detecting CXX compile features - done
-- Found ament_cmake: 0.9.8 (/opt/ros/foxy/share/ament_cmake/cmake)
-- Found PythonInterp: /usr/bin/python3 (found suitable version "3.8.5", minimum required is "3") 
-- Using PYTHON_EXECUTABLE: /usr/bin/python3
-- Found builtin_interfaces: 1.0.0 (/opt/ros/foxy/share/builtin_interfaces/cmake)
-- Using all available rosidl_typesupport_c: rosidl_typesupport_fastrtps_c;rosidl_typesupport_introspection_c
-- Found rosidl_adapter: 1.2.0 (/opt/ros/foxy/share/rosidl_adapter/cmake)
-- Found OpenSSL: /usr/lib/x86_64-linux-gnu/libcrypto.so (found version "1.1.1f")  
-- Found FastRTPS: /opt/ros/foxy/include  
-- Using all available rosidl_typesupport_cpp: rosidl_typesupport_fastrtps_cpp;rosidl_typesupport_introspection_cpp
-- Found geometry_msgs: 2.0.3 (/opt/ros/foxy/share/geometry_msgs/cmake)
-- Found kdl_parser: 2.4.1 (/opt/ros/foxy/share/kdl_parser/cmake)
-- Found eigen3_cmake_module: 0.1.1 (/opt/ros/foxy/share/eigen3_cmake_module/cmake)
-- Found Eigen3: TRUE (found version "3.3.7") 
-- Found rclcpp: 2.3.0 (/opt/ros/foxy/share/rclcpp/cmake)
-- Found rmw_implementation_cmake: 1.0.2 (/opt/ros/foxy/share/rmw_implementation_cmake/cmake)
-- Using RMW implementation 'rmw_fastrtps_cpp' as default
-- Looking for pthread.h
-- Looking for pthread.h - found
-- Performing Test CMAKE_HAVE_LIBC_PTHREAD
-- Performing Test CMAKE_HAVE_LIBC_PTHREAD - Failed
-- Looking for pthread_create in pthreads
-- Looking for pthread_create in pthreads - not found
-- Looking for pthread_create in pthread
-- Looking for pthread_create in pthread - found
-- Found Threads: TRUE  
-- Found rclcpp_components: 2.3.0 (/opt/ros/foxy/share/rclcpp_components/cmake)
-- Found sensor_msgs: 2.0.3 (/opt/ros/foxy/share/sensor_msgs/cmake)
-- Found gazebo_msgs: 3.5.0 (/opt/ros/foxy/share/gazebo_msgs/cmake)
-- Found tf2_ros: 0.13.9 (/opt/ros/foxy/share/tf2_ros/cmake)
-- Found urdf: 2.4.0 (/opt/ros/foxy/share/urdf/cmake)
-- Found xacro: 2.0.4 (/opt/ros/foxy/share/xacro/cmake)
-- Found ament_cmake_gtest: 0.9.8 (/opt/ros/foxy/share/ament_cmake_gtest/cmake)
-- Found launch_testing_ament_cmake: 0.10.4 (/opt/ros/foxy/share/launch_testing_ament_cmake/cmake)
-- Found python_cmake_module: 0.8.0 (/opt/ros/foxy/share/python_cmake_module/cmake)
-- Found PythonInterp: /usr/bin/python3 (found suitable version "3.8.5", minimum required is "3.5") 
-- Found PythonLibs: /usr/lib/x86_64-linux-gnu/libpython3.8.so (found suitable version "3.8.5", minimum required is "3.5") 
-- Using PYTHON_EXECUTABLE: /usr/bin/python3
-- Using PYTHON_INCLUDE_DIRS: /usr/include/python3.8
-- Using PYTHON_LIBRARIES: /usr/lib/x86_64-linux-gnu/libpython3.8.so
-- Found PythonExtra: .so  
-- Found gtest sources under '/opt/ros/foxy/src/gtest_vendor': C++ tests using 'Google Test' will be built
-- Configuring done
-- Generating done
-- Build files have been written to: /home/sheila/march/ros2/build/march_robot_state_publisher
[35m[1mScanning dependencies of target march_robot_state_publisher[0m
[35m[1mScanning dependencies of target gtest[0m
[ 10%] [32mBuilding CXX object gtest/CMakeFiles/gtest.dir/src/gtest-all.cc.o[0m
[ 20%] [32mBuilding CXX object CMakeFiles/march_robot_state_publisher.dir/src/robot_state_publisher.cpp.o[0m
[ 30%] [32m[1mLinking CXX static library libgtest.a[0m
[ 30%] Built target gtest
[35m[1mScanning dependencies of target test_two_links_fixed_joint[0m
[35m[1mScanning dependencies of target test_two_links_moving_joint[0m
[ 40%] [32mBuilding CXX object CMakeFiles/test_two_links_fixed_joint.dir/test/test_two_links_fixed_joint.cpp.o[0m
[ 50%] [32mBuilding CXX object CMakeFiles/test_two_links_moving_joint.dir/test/test_two_links_moving_joint.cpp.o[0m
[ 60%] [32m[1mLinking CXX static library libmarch_robot_state_publisher.a[0m
[ 60%] Built target march_robot_state_publisher
[35m[1mScanning dependencies of target march_robot_state_publisher_node[0m
[ 70%] [32mBuilding CXX object CMakeFiles/march_robot_state_publisher_node.dir/src/main.cpp.o[0m
[ 80%] [32m[1mLinking CXX executable test_two_links_fixed_joint[0m
[ 90%] [32m[1mLinking CXX executable test_two_links_moving_joint[0m
[ 90%] Built target test_two_links_fixed_joint
[ 90%] Built target test_two_links_moving_joint
[100%] [32m[1mLinking CXX executable march_robot_state_publisher_node[0m
[100%] Built target march_robot_state_publisher_node
-- Install configuration: ""
-- Installing: /home/sheila/march/ros2/install/march_robot_state_publisher/lib/libmarch_robot_state_publisher.a
-- Installing: /home/sheila/march/ros2/install/march_robot_state_publisher/lib/march_robot_state_publisher/march_robot_state_publisher_node
-- Set runtime path of "/home/sheila/march/ros2/install/march_robot_state_publisher/lib/march_robot_state_publisher/march_robot_state_publisher_node" to ""
-- Installing: /home/sheila/march/ros2/install/march_robot_state_publisher/share/march_robot_state_publisher/launch
-- Installing: /home/sheila/march/ros2/install/march_robot_state_publisher/share/march_robot_state_publisher/launch/march_robot_state_publisher.launch.py
-- Installing: /home/sheila/march/ros2/install/march_robot_state_publisher/share/march_robot_state_publisher/urdf
-- Installing: /home/sheila/march/ros2/install/march_robot_state_publisher/share/march_robot_state_publisher/urdf/test-desc.urdf
-- Installing: /home/sheila/march/ros2/install/march_robot_state_publisher/share/march_robot_state_publisher/urdf/test-desc.urdf.xacro
-- Installing: /home/sheila/march/ros2/install/march_robot_state_publisher/share/ament_index/resource_index/package_run_dependencies/march_robot_state_publisher
-- Installing: /home/sheila/march/ros2/install/march_robot_state_publisher/share/ament_index/resource_index/parent_prefix_path/march_robot_state_publisher
-- Installing: /home/sheila/march/ros2/install/march_robot_state_publisher/share/march_robot_state_publisher/environment/ament_prefix_path.sh
-- Installing: /home/sheila/march/ros2/install/march_robot_state_publisher/share/march_robot_state_publisher/environment/ament_prefix_path.dsv
-- Installing: /home/sheila/march/ros2/install/march_robot_state_publisher/share/march_robot_state_publisher/environment/path.sh
-- Installing: /home/sheila/march/ros2/install/march_robot_state_publisher/share/march_robot_state_publisher/environment/path.dsv
-- Installing: /home/sheila/march/ros2/install/march_robot_state_publisher/share/march_robot_state_publisher/local_setup.bash
-- Installing: /home/sheila/march/ros2/install/march_robot_state_publisher/share/march_robot_state_publisher/local_setup.sh
-- Installing: /home/sheila/march/ros2/install/march_robot_state_publisher/share/march_robot_state_publisher/local_setup.zsh
-- Installing: /home/sheila/march/ros2/install/march_robot_state_publisher/share/march_robot_state_publisher/local_setup.dsv
-- Installing: /home/sheila/march/ros2/install/march_robot_state_publisher/share/march_robot_state_publisher/package.dsv
-- Installing: /home/sheila/march/ros2/install/march_robot_state_publisher/share/ament_index/resource_index/packages/march_robot_state_publisher
-- Installing: /home/sheila/march/ros2/install/march_robot_state_publisher/share/march_robot_state_publisher/cmake/march_robot_state_publisherConfig.cmake
-- Installing: /home/sheila/march/ros2/install/march_robot_state_publisher/share/march_robot_state_publisher/cmake/march_robot_state_publisherConfig-version.cmake
-- Installing: /home/sheila/march/ros2/install/march_robot_state_publisher/share/march_robot_state_publisher/package.xml
