[0.032s] Invoking command in '/home/sheila/march/ros2/build/march_robot_state_publisher': CMAKE_PREFIX_PATH=/opt/ros/foxy /usr/bin/cmake /home/sheila/march/ros2/src/libraries/march_robot_state_publisher -DCMAKE_INSTALL_PREFIX=/home/sheila/march/ros2/install/march_robot_state_publisher
[0.374s] -- The C compiler identification is GNU 9.3.0
[0.636s] -- The CXX compiler identification is GNU 9.3.0
[0.640s] -- Check for working C compiler: /usr/bin/cc
[0.759s] -- Check for working C compiler: /usr/bin/cc -- works
[0.796s] -- Detecting C compiler ABI info
[0.913s] -- Detecting C compiler ABI info - done
[0.973s] -- Detecting C compile features
[0.974s] -- Detecting C compile features - done
[0.980s] -- Check for working CXX compiler: /usr/bin/c++
[1.120s] -- Check for working CXX compiler: /usr/bin/c++ -- works
[1.121s] -- Detecting CXX compiler ABI info
[1.274s] -- Detecting CXX compiler ABI info - done
[1.301s] -- Detecting CXX compile features
[1.302s] -- Detecting CXX compile features - done
[1.337s] -- Found ament_cmake: 0.9.8 (/opt/ros/foxy/share/ament_cmake/cmake)
[1.388s] -- Found PythonInterp: /usr/bin/python3 (found suitable version "3.8.5", minimum required is "3") 
[1.388s] -- Using PYTHON_EXECUTABLE: /usr/bin/python3
[1.790s] -- Found builtin_interfaces: 1.0.0 (/opt/ros/foxy/share/builtin_interfaces/cmake)
[1.845s] -- Using all available rosidl_typesupport_c: rosidl_typesupport_fastrtps_c;rosidl_typesupport_introspection_c
[1.857s] -- Found rosidl_adapter: 1.2.0 (/opt/ros/foxy/share/rosidl_adapter/cmake)
[2.043s] -- Found OpenSSL: /usr/lib/x86_64-linux-gnu/libcrypto.so (found version "1.1.1f")  
[2.220s] -- Found FastRTPS: /opt/ros/foxy/include  
[2.421s] -- Using all available rosidl_typesupport_cpp: rosidl_typesupport_fastrtps_cpp;rosidl_typesupport_introspection_cpp
[2.468s] -- Found geometry_msgs: 2.0.3 (/opt/ros/foxy/share/geometry_msgs/cmake)
[2.551s] -- Found kdl_parser: 2.4.1 (/opt/ros/foxy/share/kdl_parser/cmake)
[2.555s] -- Found eigen3_cmake_module: 0.1.1 (/opt/ros/foxy/share/eigen3_cmake_module/cmake)
[2.561s] -- Found Eigen3: TRUE (found version "3.3.7") 
[2.575s] -- Found rclcpp: 2.3.0 (/opt/ros/foxy/share/rclcpp/cmake)
[2.643s] -- Found rmw_implementation_cmake: 1.0.2 (/opt/ros/foxy/share/rmw_implementation_cmake/cmake)
[2.646s] -- Using RMW implementation 'rmw_fastrtps_cpp' as default
[2.649s] -- Looking for pthread.h
[2.741s] -- Looking for pthread.h - found
[2.741s] -- Performing Test CMAKE_HAVE_LIBC_PTHREAD
[2.840s] -- Performing Test CMAKE_HAVE_LIBC_PTHREAD - Failed
[2.840s] -- Looking for pthread_create in pthreads
[2.914s] -- Looking for pthread_create in pthreads - not found
[2.914s] -- Looking for pthread_create in pthread
[3.024s] -- Looking for pthread_create in pthread - found
[3.026s] -- Found Threads: TRUE  
[3.328s] -- Found rclcpp_components: 2.3.0 (/opt/ros/foxy/share/rclcpp_components/cmake)
[3.416s] -- Found sensor_msgs: 2.0.3 (/opt/ros/foxy/share/sensor_msgs/cmake)
[3.513s] -- Found gazebo_msgs: 3.5.0 (/opt/ros/foxy/share/gazebo_msgs/cmake)
[3.950s] -- Found tf2_ros: 0.13.9 (/opt/ros/foxy/share/tf2_ros/cmake)
[4.570s] -- Found urdf: 2.4.0 (/opt/ros/foxy/share/urdf/cmake)
[4.611s] -- Found xacro: 2.0.4 (/opt/ros/foxy/share/xacro/cmake)
[4.628s] -- Found ament_cmake_gtest: 0.9.8 (/opt/ros/foxy/share/ament_cmake_gtest/cmake)
[4.631s] -- Found launch_testing_ament_cmake: 0.10.4 (/opt/ros/foxy/share/launch_testing_ament_cmake/cmake)
[4.634s] -- Found python_cmake_module: 0.8.0 (/opt/ros/foxy/share/python_cmake_module/cmake)
[4.672s] -- Found PythonInterp: /usr/bin/python3 (found suitable version "3.8.5", minimum required is "3.5") 
[4.685s] -- Found PythonLibs: /usr/lib/x86_64-linux-gnu/libpython3.8.so (found suitable version "3.8.5", minimum required is "3.5") 
[4.686s] -- Using PYTHON_EXECUTABLE: /usr/bin/python3
[4.686s] -- Using PYTHON_INCLUDE_DIRS: /usr/include/python3.8
[4.686s] -- Using PYTHON_LIBRARIES: /usr/lib/x86_64-linux-gnu/libpython3.8.so
[4.724s] -- Found PythonExtra: .so  
[4.727s] -- Found gtest sources under '/opt/ros/foxy/src/gtest_vendor': C++ tests using 'Google Test' will be built
[4.852s] -- Configuring done
[4.933s] -- Generating done
[4.937s] -- Build files have been written to: /home/sheila/march/ros2/build/march_robot_state_publisher
[4.956s] Invoked command in '/home/sheila/march/ros2/build/march_robot_state_publisher' returned '0': CMAKE_PREFIX_PATH=/opt/ros/foxy /usr/bin/cmake /home/sheila/march/ros2/src/libraries/march_robot_state_publisher -DCMAKE_INSTALL_PREFIX=/home/sheila/march/ros2/install/march_robot_state_publisher
[4.960s] Invoking command in '/home/sheila/march/ros2/build/march_robot_state_publisher': CMAKE_PREFIX_PATH=/opt/ros/foxy /usr/bin/cmake --build /home/sheila/march/ros2/build/march_robot_state_publisher -- -j4 -l4
[5.029s] [35m[1mScanning dependencies of target march_robot_state_publisher[0m
[5.031s] [35m[1mScanning dependencies of target gtest[0m
[5.112s] [ 10%] [32mBuilding CXX object gtest/CMakeFiles/gtest.dir/src/gtest-all.cc.o[0m
[5.300s] [ 20%] [32mBuilding CXX object CMakeFiles/march_robot_state_publisher.dir/src/robot_state_publisher.cpp.o[0m
[14.376s] [ 30%] [32m[1mLinking CXX static library libgtest.a[0m
[14.661s] [ 30%] Built target gtest
[14.718s] [35m[1mScanning dependencies of target test_two_links_fixed_joint[0m
[14.721s] [35m[1mScanning dependencies of target test_two_links_moving_joint[0m
[14.976s] [ 40%] [32mBuilding CXX object CMakeFiles/test_two_links_fixed_joint.dir/test/test_two_links_fixed_joint.cpp.o[0m
[14.987s] [ 50%] [32mBuilding CXX object CMakeFiles/test_two_links_moving_joint.dir/test/test_two_links_moving_joint.cpp.o[0m
[30.916s] [ 60%] [32m[1mLinking CXX static library libmarch_robot_state_publisher.a[0m
[31.387s] [ 60%] Built target march_robot_state_publisher
[31.451s] [35m[1mScanning dependencies of target march_robot_state_publisher_node[0m
[31.644s] [ 70%] [32mBuilding CXX object CMakeFiles/march_robot_state_publisher_node.dir/src/main.cpp.o[0m
[34.790s] [ 80%] [32m[1mLinking CXX executable test_two_links_fixed_joint[0m
[35.865s] [ 90%] [32m[1mLinking CXX executable test_two_links_moving_joint[0m
[36.233s] [ 90%] Built target test_two_links_fixed_joint
[37.035s] [ 90%] Built target test_two_links_moving_joint
[39.704s] [100%] [32m[1mLinking CXX executable march_robot_state_publisher_node[0m
[41.290s] [100%] Built target march_robot_state_publisher_node
[41.339s] Invoked command in '/home/sheila/march/ros2/build/march_robot_state_publisher' returned '0': CMAKE_PREFIX_PATH=/opt/ros/foxy /usr/bin/cmake --build /home/sheila/march/ros2/build/march_robot_state_publisher -- -j4 -l4
[41.727s] Invoking command in '/home/sheila/march/ros2/build/march_robot_state_publisher': CMAKE_PREFIX_PATH=/opt/ros/foxy /usr/bin/cmake --install /home/sheila/march/ros2/build/march_robot_state_publisher
[41.762s] -- Install configuration: ""
[41.762s] -- Installing: /home/sheila/march/ros2/install/march_robot_state_publisher/lib/libmarch_robot_state_publisher.a
[41.792s] -- Installing: /home/sheila/march/ros2/install/march_robot_state_publisher/lib/march_robot_state_publisher/march_robot_state_publisher_node
[41.797s] -- Set runtime path of "/home/sheila/march/ros2/install/march_robot_state_publisher/lib/march_robot_state_publisher/march_robot_state_publisher_node" to ""
[41.797s] -- Installing: /home/sheila/march/ros2/install/march_robot_state_publisher/share/march_robot_state_publisher/launch
[41.797s] -- Installing: /home/sheila/march/ros2/install/march_robot_state_publisher/share/march_robot_state_publisher/launch/march_robot_state_publisher.launch.py
[41.798s] -- Installing: /home/sheila/march/ros2/install/march_robot_state_publisher/share/march_robot_state_publisher/urdf
[41.798s] -- Installing: /home/sheila/march/ros2/install/march_robot_state_publisher/share/march_robot_state_publisher/urdf/test-desc.urdf
[41.798s] -- Installing: /home/sheila/march/ros2/install/march_robot_state_publisher/share/march_robot_state_publisher/urdf/test-desc.urdf.xacro
[41.798s] -- Installing: /home/sheila/march/ros2/install/march_robot_state_publisher/share/ament_index/resource_index/package_run_dependencies/march_robot_state_publisher
[41.798s] -- Installing: /home/sheila/march/ros2/install/march_robot_state_publisher/share/ament_index/resource_index/parent_prefix_path/march_robot_state_publisher
[41.799s] -- Installing: /home/sheila/march/ros2/install/march_robot_state_publisher/share/march_robot_state_publisher/environment/ament_prefix_path.sh
[41.799s] -- Installing: /home/sheila/march/ros2/install/march_robot_state_publisher/share/march_robot_state_publisher/environment/ament_prefix_path.dsv
[41.800s] -- Installing: /home/sheila/march/ros2/install/march_robot_state_publisher/share/march_robot_state_publisher/environment/path.sh
[41.808s] -- Installing: /home/sheila/march/ros2/install/march_robot_state_publisher/share/march_robot_state_publisher/environment/path.dsv
[41.808s] -- Installing: /home/sheila/march/ros2/install/march_robot_state_publisher/share/march_robot_state_publisher/local_setup.bash
[41.808s] -- Installing: /home/sheila/march/ros2/install/march_robot_state_publisher/share/march_robot_state_publisher/local_setup.sh
[41.809s] -- Installing: /home/sheila/march/ros2/install/march_robot_state_publisher/share/march_robot_state_publisher/local_setup.zsh
[41.809s] -- Installing: /home/sheila/march/ros2/install/march_robot_state_publisher/share/march_robot_state_publisher/local_setup.dsv
[41.809s] -- Installing: /home/sheila/march/ros2/install/march_robot_state_publisher/share/march_robot_state_publisher/package.dsv
[41.809s] -- Installing: /home/sheila/march/ros2/install/march_robot_state_publisher/share/ament_index/resource_index/packages/march_robot_state_publisher
[41.810s] -- Installing: /home/sheila/march/ros2/install/march_robot_state_publisher/share/march_robot_state_publisher/cmake/march_robot_state_publisherConfig.cmake
[41.810s] -- Installing: /home/sheila/march/ros2/install/march_robot_state_publisher/share/march_robot_state_publisher/cmake/march_robot_state_publisherConfig-version.cmake
[41.810s] -- Installing: /home/sheila/march/ros2/install/march_robot_state_publisher/share/march_robot_state_publisher/package.xml
[41.816s] Invoked command in '/home/sheila/march/ros2/build/march_robot_state_publisher' returned '0': CMAKE_PREFIX_PATH=/opt/ros/foxy /usr/bin/cmake --install /home/sheila/march/ros2/build/march_robot_state_publisher
