running egg_info
creating ../../../build/march_rqt_gait_version_tool/march_rqt_gait_version_tool.egg-info
writing ../../../build/march_rqt_gait_version_tool/march_rqt_gait_version_tool.egg-info/PKG-INFO
writing dependency_links to ../../../build/march_rqt_gait_version_tool/march_rqt_gait_version_tool.egg-info/dependency_links.txt
writing entry points to ../../../build/march_rqt_gait_version_tool/march_rqt_gait_version_tool.egg-info/entry_points.txt
writing requirements to ../../../build/march_rqt_gait_version_tool/march_rqt_gait_version_tool.egg-info/requires.txt
writing top-level names to ../../../build/march_rqt_gait_version_tool/march_rqt_gait_version_tool.egg-info/top_level.txt
writing manifest file '../../../build/march_rqt_gait_version_tool/march_rqt_gait_version_tool.egg-info/SOURCES.txt'
reading manifest file '../../../build/march_rqt_gait_version_tool/march_rqt_gait_version_tool.egg-info/SOURCES.txt'
writing manifest file '../../../build/march_rqt_gait_version_tool/march_rqt_gait_version_tool.egg-info/SOURCES.txt'
running build
running build_py
creating /home/sheila/march/ros2/build/march_rqt_gait_version_tool/build
creating /home/sheila/march/ros2/build/march_rqt_gait_version_tool/build/lib
creating /home/sheila/march/ros2/build/march_rqt_gait_version_tool/build/lib/march_rqt_gait_version_tool
copying march_rqt_gait_version_tool/gait_version_tool_pop_up.py -> /home/sheila/march/ros2/build/march_rqt_gait_version_tool/build/lib/march_rqt_gait_version_tool
copying march_rqt_gait_version_tool/__init__.py -> /home/sheila/march/ros2/build/march_rqt_gait_version_tool/build/lib/march_rqt_gait_version_tool
copying march_rqt_gait_version_tool/gait_version_tool_view.py -> /home/sheila/march/ros2/build/march_rqt_gait_version_tool/build/lib/march_rqt_gait_version_tool
copying march_rqt_gait_version_tool/gait_version_tool_errors.py -> /home/sheila/march/ros2/build/march_rqt_gait_version_tool/build/lib/march_rqt_gait_version_tool
copying march_rqt_gait_version_tool/gait_version_tool_controller.py -> /home/sheila/march/ros2/build/march_rqt_gait_version_tool/build/lib/march_rqt_gait_version_tool
copying march_rqt_gait_version_tool/gait_version_tool_plugin.py -> /home/sheila/march/ros2/build/march_rqt_gait_version_tool/build/lib/march_rqt_gait_version_tool
copying march_rqt_gait_version_tool/parametric_pop_up.py -> /home/sheila/march/ros2/build/march_rqt_gait_version_tool/build/lib/march_rqt_gait_version_tool
running install
running install_lib
creating /home/sheila/march/ros2/install/march_rqt_gait_version_tool/lib/python3.8/site-packages/march_rqt_gait_version_tool
copying /home/sheila/march/ros2/build/march_rqt_gait_version_tool/build/lib/march_rqt_gait_version_tool/gait_version_tool_pop_up.py -> /home/sheila/march/ros2/install/march_rqt_gait_version_tool/lib/python3.8/site-packages/march_rqt_gait_version_tool
copying /home/sheila/march/ros2/build/march_rqt_gait_version_tool/build/lib/march_rqt_gait_version_tool/__init__.py -> /home/sheila/march/ros2/install/march_rqt_gait_version_tool/lib/python3.8/site-packages/march_rqt_gait_version_tool
copying /home/sheila/march/ros2/build/march_rqt_gait_version_tool/build/lib/march_rqt_gait_version_tool/gait_version_tool_view.py -> /home/sheila/march/ros2/install/march_rqt_gait_version_tool/lib/python3.8/site-packages/march_rqt_gait_version_tool
copying /home/sheila/march/ros2/build/march_rqt_gait_version_tool/build/lib/march_rqt_gait_version_tool/gait_version_tool_errors.py -> /home/sheila/march/ros2/install/march_rqt_gait_version_tool/lib/python3.8/site-packages/march_rqt_gait_version_tool
copying /home/sheila/march/ros2/build/march_rqt_gait_version_tool/build/lib/march_rqt_gait_version_tool/gait_version_tool_controller.py -> /home/sheila/march/ros2/install/march_rqt_gait_version_tool/lib/python3.8/site-packages/march_rqt_gait_version_tool
copying /home/sheila/march/ros2/build/march_rqt_gait_version_tool/build/lib/march_rqt_gait_version_tool/gait_version_tool_plugin.py -> /home/sheila/march/ros2/install/march_rqt_gait_version_tool/lib/python3.8/site-packages/march_rqt_gait_version_tool
copying /home/sheila/march/ros2/build/march_rqt_gait_version_tool/build/lib/march_rqt_gait_version_tool/parametric_pop_up.py -> /home/sheila/march/ros2/install/march_rqt_gait_version_tool/lib/python3.8/site-packages/march_rqt_gait_version_tool
byte-compiling /home/sheila/march/ros2/install/march_rqt_gait_version_tool/lib/python3.8/site-packages/march_rqt_gait_version_tool/gait_version_tool_pop_up.py to gait_version_tool_pop_up.cpython-38.pyc
byte-compiling /home/sheila/march/ros2/install/march_rqt_gait_version_tool/lib/python3.8/site-packages/march_rqt_gait_version_tool/__init__.py to __init__.cpython-38.pyc
byte-compiling /home/sheila/march/ros2/install/march_rqt_gait_version_tool/lib/python3.8/site-packages/march_rqt_gait_version_tool/gait_version_tool_view.py to gait_version_tool_view.cpython-38.pyc
byte-compiling /home/sheila/march/ros2/install/march_rqt_gait_version_tool/lib/python3.8/site-packages/march_rqt_gait_version_tool/gait_version_tool_errors.py to gait_version_tool_errors.cpython-38.pyc
byte-compiling /home/sheila/march/ros2/install/march_rqt_gait_version_tool/lib/python3.8/site-packages/march_rqt_gait_version_tool/gait_version_tool_controller.py to gait_version_tool_controller.cpython-38.pyc
byte-compiling /home/sheila/march/ros2/install/march_rqt_gait_version_tool/lib/python3.8/site-packages/march_rqt_gait_version_tool/gait_version_tool_plugin.py to gait_version_tool_plugin.cpython-38.pyc
byte-compiling /home/sheila/march/ros2/install/march_rqt_gait_version_tool/lib/python3.8/site-packages/march_rqt_gait_version_tool/parametric_pop_up.py to parametric_pop_up.cpython-38.pyc
running install_data
creating /home/sheila/march/ros2/install/march_rqt_gait_version_tool/share/ament_index
creating /home/sheila/march/ros2/install/march_rqt_gait_version_tool/share/ament_index/resource_index
creating /home/sheila/march/ros2/install/march_rqt_gait_version_tool/share/ament_index/resource_index/packages
copying resource/march_rqt_gait_version_tool -> /home/sheila/march/ros2/install/march_rqt_gait_version_tool/share/ament_index/resource_index/packages
copying package.xml -> /home/sheila/march/ros2/install/march_rqt_gait_version_tool/share/march_rqt_gait_version_tool
creating /home/sheila/march/ros2/install/march_rqt_gait_version_tool/share/march_rqt_gait_version_tool/launch
copying launch/gait_version_tool.launch.py -> /home/sheila/march/ros2/install/march_rqt_gait_version_tool/share/march_rqt_gait_version_tool/launch
copying plugin.xml -> /home/sheila/march/ros2/install/march_rqt_gait_version_tool/share/march_rqt_gait_version_tool
copying resource/gait_selection.ui -> /home/sheila/march/ros2/install/march_rqt_gait_version_tool/share/march_rqt_gait_version_tool
copying resource/parametric_pop_up.ui -> /home/sheila/march/ros2/install/march_rqt_gait_version_tool/share/march_rqt_gait_version_tool
creating /home/sheila/march/ros2/install/march_rqt_gait_version_tool/share/march_rqt_gait_version_tool/resource
creating /home/sheila/march/ros2/install/march_rqt_gait_version_tool/share/march_rqt_gait_version_tool/resource/img
copying resource/img/march-walking.png -> /home/sheila/march/ros2/install/march_rqt_gait_version_tool/share/march_rqt_gait_version_tool/resource/img
running install_egg_info
Copying ../../../build/march_rqt_gait_version_tool/march_rqt_gait_version_tool.egg-info to /home/sheila/march/ros2/install/march_rqt_gait_version_tool/lib/python3.8/site-packages/march_rqt_gait_version_tool-0.0.0-py3.8.egg-info
running install_scripts
Installing gait_version_tool script to /home/sheila/march/ros2/install/march_rqt_gait_version_tool/lib/march_rqt_gait_version_tool
writing list of installed files to '/home/sheila/march/ros2/build/march_rqt_gait_version_tool/install.log'
