[0.366s] Invoking command in '/home/sheila/march/ros2/src/visualization/march_rqt_gait_version_tool': AMENT_PREFIX_PATH=/home/sheila/march/ros2/install/march_shared_msgs:${AMENT_PREFIX_PATH} CMAKE_PREFIX_PATH=/home/sheila/march/ros2/install/march_shared_msgs LD_LIBRARY_PATH=/home/sheila/march/ros2/install/march_shared_msgs/lib:${LD_LIBRARY_PATH} PYTHONPATH=/home/sheila/march/ros2/install/march_rqt_gait_version_tool/lib/python3.8/site-packages:/home/sheila/march/ros2/install/march_shared_msgs/lib/python3.8/site-packages:${PYTHONPATH} /usr/bin/python3 setup.py egg_info --egg-base ../../../build/march_rqt_gait_version_tool build --build-base /home/sheila/march/ros2/build/march_rqt_gait_version_tool/build install --prefix /home/sheila/march/ros2/install/march_rqt_gait_version_tool --record /home/sheila/march/ros2/build/march_rqt_gait_version_tool/install.log --single-version-externally-managed
[0.797s] running egg_info
[0.798s] creating ../../../build/march_rqt_gait_version_tool/march_rqt_gait_version_tool.egg-info
[0.798s] writing ../../../build/march_rqt_gait_version_tool/march_rqt_gait_version_tool.egg-info/PKG-INFO
[0.799s] writing dependency_links to ../../../build/march_rqt_gait_version_tool/march_rqt_gait_version_tool.egg-info/dependency_links.txt
[0.799s] writing entry points to ../../../build/march_rqt_gait_version_tool/march_rqt_gait_version_tool.egg-info/entry_points.txt
[0.799s] writing requirements to ../../../build/march_rqt_gait_version_tool/march_rqt_gait_version_tool.egg-info/requires.txt
[0.799s] writing top-level names to ../../../build/march_rqt_gait_version_tool/march_rqt_gait_version_tool.egg-info/top_level.txt
[0.802s] writing manifest file '../../../build/march_rqt_gait_version_tool/march_rqt_gait_version_tool.egg-info/SOURCES.txt'
[0.868s] reading manifest file '../../../build/march_rqt_gait_version_tool/march_rqt_gait_version_tool.egg-info/SOURCES.txt'
[0.870s] writing manifest file '../../../build/march_rqt_gait_version_tool/march_rqt_gait_version_tool.egg-info/SOURCES.txt'
[0.870s] running build
[0.870s] running build_py
[0.871s] creating /home/sheila/march/ros2/build/march_rqt_gait_version_tool/build
[0.871s] creating /home/sheila/march/ros2/build/march_rqt_gait_version_tool/build/lib
[0.871s] creating /home/sheila/march/ros2/build/march_rqt_gait_version_tool/build/lib/march_rqt_gait_version_tool
[0.871s] copying march_rqt_gait_version_tool/gait_version_tool_pop_up.py -> /home/sheila/march/ros2/build/march_rqt_gait_version_tool/build/lib/march_rqt_gait_version_tool
[0.872s] copying march_rqt_gait_version_tool/__init__.py -> /home/sheila/march/ros2/build/march_rqt_gait_version_tool/build/lib/march_rqt_gait_version_tool
[0.872s] copying march_rqt_gait_version_tool/gait_version_tool_view.py -> /home/sheila/march/ros2/build/march_rqt_gait_version_tool/build/lib/march_rqt_gait_version_tool
[0.872s] copying march_rqt_gait_version_tool/gait_version_tool_errors.py -> /home/sheila/march/ros2/build/march_rqt_gait_version_tool/build/lib/march_rqt_gait_version_tool
[0.872s] copying march_rqt_gait_version_tool/gait_version_tool_controller.py -> /home/sheila/march/ros2/build/march_rqt_gait_version_tool/build/lib/march_rqt_gait_version_tool
[0.873s] copying march_rqt_gait_version_tool/gait_version_tool_plugin.py -> /home/sheila/march/ros2/build/march_rqt_gait_version_tool/build/lib/march_rqt_gait_version_tool
[0.873s] copying march_rqt_gait_version_tool/parametric_pop_up.py -> /home/sheila/march/ros2/build/march_rqt_gait_version_tool/build/lib/march_rqt_gait_version_tool
[0.873s] running install
[0.874s] running install_lib
[0.876s] creating /home/sheila/march/ros2/install/march_rqt_gait_version_tool/lib/python3.8/site-packages/march_rqt_gait_version_tool
[0.876s] copying /home/sheila/march/ros2/build/march_rqt_gait_version_tool/build/lib/march_rqt_gait_version_tool/gait_version_tool_pop_up.py -> /home/sheila/march/ros2/install/march_rqt_gait_version_tool/lib/python3.8/site-packages/march_rqt_gait_version_tool
[0.876s] copying /home/sheila/march/ros2/build/march_rqt_gait_version_tool/build/lib/march_rqt_gait_version_tool/__init__.py -> /home/sheila/march/ros2/install/march_rqt_gait_version_tool/lib/python3.8/site-packages/march_rqt_gait_version_tool
[0.877s] copying /home/sheila/march/ros2/build/march_rqt_gait_version_tool/build/lib/march_rqt_gait_version_tool/gait_version_tool_view.py -> /home/sheila/march/ros2/install/march_rqt_gait_version_tool/lib/python3.8/site-packages/march_rqt_gait_version_tool
[0.877s] copying /home/sheila/march/ros2/build/march_rqt_gait_version_tool/build/lib/march_rqt_gait_version_tool/gait_version_tool_errors.py -> /home/sheila/march/ros2/install/march_rqt_gait_version_tool/lib/python3.8/site-packages/march_rqt_gait_version_tool
[0.877s] copying /home/sheila/march/ros2/build/march_rqt_gait_version_tool/build/lib/march_rqt_gait_version_tool/gait_version_tool_controller.py -> /home/sheila/march/ros2/install/march_rqt_gait_version_tool/lib/python3.8/site-packages/march_rqt_gait_version_tool
[0.877s] copying /home/sheila/march/ros2/build/march_rqt_gait_version_tool/build/lib/march_rqt_gait_version_tool/gait_version_tool_plugin.py -> /home/sheila/march/ros2/install/march_rqt_gait_version_tool/lib/python3.8/site-packages/march_rqt_gait_version_tool
[0.877s] copying /home/sheila/march/ros2/build/march_rqt_gait_version_tool/build/lib/march_rqt_gait_version_tool/parametric_pop_up.py -> /home/sheila/march/ros2/install/march_rqt_gait_version_tool/lib/python3.8/site-packages/march_rqt_gait_version_tool
[0.878s] byte-compiling /home/sheila/march/ros2/install/march_rqt_gait_version_tool/lib/python3.8/site-packages/march_rqt_gait_version_tool/gait_version_tool_pop_up.py to gait_version_tool_pop_up.cpython-38.pyc
[0.881s] byte-compiling /home/sheila/march/ros2/install/march_rqt_gait_version_tool/lib/python3.8/site-packages/march_rqt_gait_version_tool/__init__.py to __init__.cpython-38.pyc
[0.882s] byte-compiling /home/sheila/march/ros2/install/march_rqt_gait_version_tool/lib/python3.8/site-packages/march_rqt_gait_version_tool/gait_version_tool_view.py to gait_version_tool_view.cpython-38.pyc
[0.885s] byte-compiling /home/sheila/march/ros2/install/march_rqt_gait_version_tool/lib/python3.8/site-packages/march_rqt_gait_version_tool/gait_version_tool_errors.py to gait_version_tool_errors.cpython-38.pyc
[0.886s] byte-compiling /home/sheila/march/ros2/install/march_rqt_gait_version_tool/lib/python3.8/site-packages/march_rqt_gait_version_tool/gait_version_tool_controller.py to gait_version_tool_controller.cpython-38.pyc
[0.887s] byte-compiling /home/sheila/march/ros2/install/march_rqt_gait_version_tool/lib/python3.8/site-packages/march_rqt_gait_version_tool/gait_version_tool_plugin.py to gait_version_tool_plugin.cpython-38.pyc
[0.888s] byte-compiling /home/sheila/march/ros2/install/march_rqt_gait_version_tool/lib/python3.8/site-packages/march_rqt_gait_version_tool/parametric_pop_up.py to parametric_pop_up.cpython-38.pyc
[0.889s] running install_data
[0.889s] creating /home/sheila/march/ros2/install/march_rqt_gait_version_tool/share/ament_index
[0.890s] creating /home/sheila/march/ros2/install/march_rqt_gait_version_tool/share/ament_index/resource_index
[0.890s] creating /home/sheila/march/ros2/install/march_rqt_gait_version_tool/share/ament_index/resource_index/packages
[0.890s] copying resource/march_rqt_gait_version_tool -> /home/sheila/march/ros2/install/march_rqt_gait_version_tool/share/ament_index/resource_index/packages
[0.890s] copying package.xml -> /home/sheila/march/ros2/install/march_rqt_gait_version_tool/share/march_rqt_gait_version_tool
[0.890s] creating /home/sheila/march/ros2/install/march_rqt_gait_version_tool/share/march_rqt_gait_version_tool/launch
[0.890s] copying launch/gait_version_tool.launch.py -> /home/sheila/march/ros2/install/march_rqt_gait_version_tool/share/march_rqt_gait_version_tool/launch
[0.890s] copying plugin.xml -> /home/sheila/march/ros2/install/march_rqt_gait_version_tool/share/march_rqt_gait_version_tool
[0.891s] copying resource/gait_selection.ui -> /home/sheila/march/ros2/install/march_rqt_gait_version_tool/share/march_rqt_gait_version_tool
[0.891s] copying resource/parametric_pop_up.ui -> /home/sheila/march/ros2/install/march_rqt_gait_version_tool/share/march_rqt_gait_version_tool
[0.891s] creating /home/sheila/march/ros2/install/march_rqt_gait_version_tool/share/march_rqt_gait_version_tool/resource
[0.891s] creating /home/sheila/march/ros2/install/march_rqt_gait_version_tool/share/march_rqt_gait_version_tool/resource/img
[0.891s] copying resource/img/march-walking.png -> /home/sheila/march/ros2/install/march_rqt_gait_version_tool/share/march_rqt_gait_version_tool/resource/img
[0.892s] running install_egg_info
[0.894s] Copying ../../../build/march_rqt_gait_version_tool/march_rqt_gait_version_tool.egg-info to /home/sheila/march/ros2/install/march_rqt_gait_version_tool/lib/python3.8/site-packages/march_rqt_gait_version_tool-0.0.0-py3.8.egg-info
[0.896s] running install_scripts
[0.930s] Installing gait_version_tool script to /home/sheila/march/ros2/install/march_rqt_gait_version_tool/lib/march_rqt_gait_version_tool
[0.931s] writing list of installed files to '/home/sheila/march/ros2/build/march_rqt_gait_version_tool/install.log'
[0.971s] Invoked command in '/home/sheila/march/ros2/src/visualization/march_rqt_gait_version_tool' returned '0': AMENT_PREFIX_PATH=/home/sheila/march/ros2/install/march_shared_msgs:${AMENT_PREFIX_PATH} CMAKE_PREFIX_PATH=/home/sheila/march/ros2/install/march_shared_msgs LD_LIBRARY_PATH=/home/sheila/march/ros2/install/march_shared_msgs/lib:${LD_LIBRARY_PATH} PYTHONPATH=/home/sheila/march/ros2/install/march_rqt_gait_version_tool/lib/python3.8/site-packages:/home/sheila/march/ros2/install/march_shared_msgs/lib/python3.8/site-packages:${PYTHONPATH} /usr/bin/python3 setup.py egg_info --egg-base ../../../build/march_rqt_gait_version_tool build --build-base /home/sheila/march/ros2/build/march_rqt_gait_version_tool/build install --prefix /home/sheila/march/ros2/install/march_rqt_gait_version_tool --record /home/sheila/march/ros2/build/march_rqt_gait_version_tool/install.log --single-version-externally-managed
