[0.037s] Invoking command in '/home/sheila/march/ros1/build/march_acado_mpc': CMAKE_PREFIX_PATH=/home/sheila/march/ros1/install/march_shared_msgs:/home/sheila/march/ros1/install/joint_trajectory_controller:${CMAKE_PREFIX_PATH} LD_LIBRARY_PATH=/home/sheila/march/ros1/install/joint_trajectory_controller/lib:${LD_LIBRARY_PATH} PKG_CONFIG_PATH=/home/sheila/march/ros1/install/march_shared_msgs/lib/x86_64-linux-gnu/pkgconfig:/home/sheila/march/ros1/install/march_shared_msgs/lib/pkgconfig:/home/sheila/march/ros1/install/joint_trajectory_controller/lib/x86_64-linux-gnu/pkgconfig:/home/sheila/march/ros1/install/joint_trajectory_controller/lib/pkgconfig:${PKG_CONFIG_PATH} PYTHONPATH=/home/sheila/march/ros1/install/march_shared_msgs/lib/python3/dist-packages:${PYTHONPATH} ROS_PACKAGE_PATH=/home/sheila/march/ros1/install/march_shared_msgs/share:/home/sheila/march/ros1/install/joint_trajectory_controller/share:${ROS_PACKAGE_PATH} /usr/bin/cmake /home/sheila/march/ros1/src/control/march_acado_mpc -DCATKIN_INSTALL_INTO_PREFIX_ROOT=0 -DCMAKE_INSTALL_PREFIX=/home/sheila/march/ros1/install/march_acado_mpc
[0.170s] -- The CXX compiler identification is GNU 9.3.0
[0.263s] -- The C compiler identification is GNU 9.3.0
[0.273s] -- Check for working CXX compiler: /usr/bin/c++
[0.430s] -- Check for working CXX compiler: /usr/bin/c++ -- works
[0.433s] -- Detecting CXX compiler ABI info
[0.609s] -- Detecting CXX compiler ABI info - done
[0.637s] -- Detecting CXX compile features
[0.638s] -- Detecting CXX compile features - done
[0.643s] -- Check for working C compiler: /usr/bin/cc
[0.760s] -- Check for working C compiler: /usr/bin/cc -- works
[0.762s] -- Detecting C compiler ABI info
[0.881s] -- Detecting C compiler ABI info - done
[0.908s] -- Detecting C compile features
[0.909s] -- Detecting C compile features - done
[0.929s] -- Using CATKIN_DEVEL_PREFIX: /home/sheila/march/ros1/build/march_acado_mpc/devel
[0.929s] -- Using CMAKE_PREFIX_PATH: /home/sheila/march/ros1/install/march_shared_msgs;/home/sheila/march/ros1/install/joint_trajectory_controller;/opt/ros/noetic
[0.929s] -- This workspace overlays: /home/sheila/march/ros1/install/march_shared_msgs;/home/sheila/march/ros1/install/joint_trajectory_controller;/opt/ros/noetic
[0.970s] -- Found PythonInterp: /usr/bin/python3 (found suitable version "3.8.5", minimum required is "3") 
[0.970s] -- Using PYTHON_EXECUTABLE: /usr/bin/python3
[0.971s] -- Using Debian Python package layout
[1.038s] -- Found PY_em: /usr/lib/python3/dist-packages/em.py  
[1.038s] -- Using empy: /usr/lib/python3/dist-packages/em.py
[1.318s] -- Using CATKIN_ENABLE_TESTING: ON
[1.319s] -- Call enable_testing()
[1.321s] -- Using CATKIN_TEST_RESULTS_DIR: /home/sheila/march/ros1/build/march_acado_mpc/test_results
[1.895s] -- Forcing gtest/gmock from source, though one was otherwise available.
[1.895s] -- Found gtest sources under '/usr/src/googletest': gtests will be built
[1.895s] -- Found gmock sources under '/usr/src/googletest': gmock will be built
[1.950s] -- Found PythonInterp: /usr/bin/python3 (found version "3.8.5") 
[1.951s] -- Found Threads: TRUE  
[1.965s] -- Using Python nosetests: /usr/bin/nosetests3
[2.090s] -- catkin 0.8.9
[2.090s] -- BUILD_SHARED_LIBS is on
[2.427s] -- Using these message generators: gencpp;geneus;genlisp;gennodejs;genpy
[11.262s] -- Configuring done
[11.341s] -- Generating done
[11.357s] -- Build files have been written to: /home/sheila/march/ros1/build/march_acado_mpc
[11.378s] Invoked command in '/home/sheila/march/ros1/build/march_acado_mpc' returned '0': CMAKE_PREFIX_PATH=/home/sheila/march/ros1/install/march_shared_msgs:/home/sheila/march/ros1/install/joint_trajectory_controller:${CMAKE_PREFIX_PATH} LD_LIBRARY_PATH=/home/sheila/march/ros1/install/joint_trajectory_controller/lib:${LD_LIBRARY_PATH} PKG_CONFIG_PATH=/home/sheila/march/ros1/install/march_shared_msgs/lib/x86_64-linux-gnu/pkgconfig:/home/sheila/march/ros1/install/march_shared_msgs/lib/pkgconfig:/home/sheila/march/ros1/install/joint_trajectory_controller/lib/x86_64-linux-gnu/pkgconfig:/home/sheila/march/ros1/install/joint_trajectory_controller/lib/pkgconfig:${PKG_CONFIG_PATH} PYTHONPATH=/home/sheila/march/ros1/install/march_shared_msgs/lib/python3/dist-packages:${PYTHONPATH} ROS_PACKAGE_PATH=/home/sheila/march/ros1/install/march_shared_msgs/share:/home/sheila/march/ros1/install/joint_trajectory_controller/share:${ROS_PACKAGE_PATH} /usr/bin/cmake /home/sheila/march/ros1/src/control/march_acado_mpc -DCATKIN_INSTALL_INTO_PREFIX_ROOT=0 -DCMAKE_INSTALL_PREFIX=/home/sheila/march/ros1/install/march_acado_mpc
[11.380s] Invoking command in '/home/sheila/march/ros1/build/march_acado_mpc': CMAKE_PREFIX_PATH=/home/sheila/march/ros1/install/march_shared_msgs:/home/sheila/march/ros1/install/joint_trajectory_controller:${CMAKE_PREFIX_PATH} LD_LIBRARY_PATH=/home/sheila/march/ros1/install/joint_trajectory_controller/lib:${LD_LIBRARY_PATH} PKG_CONFIG_PATH=/home/sheila/march/ros1/install/march_shared_msgs/lib/x86_64-linux-gnu/pkgconfig:/home/sheila/march/ros1/install/march_shared_msgs/lib/pkgconfig:/home/sheila/march/ros1/install/joint_trajectory_controller/lib/x86_64-linux-gnu/pkgconfig:/home/sheila/march/ros1/install/joint_trajectory_controller/lib/pkgconfig:${PKG_CONFIG_PATH} PYTHONPATH=/home/sheila/march/ros1/install/march_shared_msgs/lib/python3/dist-packages:${PYTHONPATH} ROS_PACKAGE_PATH=/home/sheila/march/ros1/install/march_shared_msgs/share:/home/sheila/march/ros1/install/joint_trajectory_controller/share:${ROS_PACKAGE_PATH} /usr/bin/cmake --build /home/sheila/march/ros1/build/march_acado_mpc -- -j4 -l4
[11.470s] [35m[1mScanning dependencies of target march_acado_mpc[0m
[11.534s] [  5%] [32mBuilding CXX object CMakeFiles/march_acado_mpc.dir/_deps/acado-src/external_packages/qpoases/SRC/Bounds.cpp.o[0m
[11.695s] [ 11%] [32mBuilding CXX object CMakeFiles/march_acado_mpc.dir/_deps/acado-src/external_packages/qpoases/SRC/Indexlist.cpp.o[0m
[11.847s] [ 17%] [32mBuilding CXX object CMakeFiles/march_acado_mpc.dir/_deps/acado-src/external_packages/qpoases/SRC/MessageHandling.cpp.o[0m
[12.000s] [ 23%] [32mBuilding CXX object CMakeFiles/march_acado_mpc.dir/_deps/acado-src/external_packages/qpoases/SRC/QProblem.cpp.o[0m
[12.595s] [ 29%] [32mBuilding CXX object CMakeFiles/march_acado_mpc.dir/_deps/acado-src/external_packages/qpoases/SRC/QProblemB.cpp.o[0m
[12.957s] [ 35%] [32mBuilding CXX object CMakeFiles/march_acado_mpc.dir/_deps/acado-src/external_packages/qpoases/SRC/SubjectTo.cpp.o[0m
[13.101s] [ 41%] [32mBuilding CXX object CMakeFiles/march_acado_mpc.dir/_deps/acado-src/external_packages/qpoases/SRC/Utils.cpp.o[0m
[13.230s] [ 47%] [32mBuilding C object CMakeFiles/march_acado_mpc.dir/_deps/acado-solver-src/mpc_export/acado_auxiliary_functions.c.o[0m
[13.316s] [ 52%] [32mBuilding C object CMakeFiles/march_acado_mpc.dir/_deps/acado-solver-src/mpc_export/acado_integrator.c.o[0m
[13.404s] [ 58%] [32mBuilding CXX object CMakeFiles/march_acado_mpc.dir/_deps/acado-solver-src/mpc_export/acado_qpoases_interface.cpp.o[0m
[13.647s] [ 64%] [32mBuilding C object CMakeFiles/march_acado_mpc.dir/_deps/acado-solver-src/mpc_export/acado_solver.c.o[0m
[14.396s] [ 70%] [32mBuilding CXX object CMakeFiles/march_acado_mpc.dir/src/joint_trajectory_mpc.cpp.o[0m
[29.865s] [ 76%] [32mBuilding CXX object CMakeFiles/march_acado_mpc.dir/src/model_predictive_controller.cpp.o[0m
[31.527s] [ 82%] [32mBuilding CXX object CMakeFiles/march_acado_mpc.dir/src/mpc_references.cpp.o[0m
[32.016s] [ 88%] [32mBuilding CXX object CMakeFiles/march_acado_mpc.dir/_deps/acado-src/external_packages/qpoases/SRC/CyclingManager.cpp.o[0m
[32.151s] [ 94%] [32mBuilding CXX object CMakeFiles/march_acado_mpc.dir/_deps/acado-src/external_packages/qpoases/SRC/Constraints.cpp.o[0m
[32.304s] [100%] [32m[1mLinking CXX shared library devel/lib/libmarch_acado_mpc.so[0m
[32.971s] [100%] Built target march_acado_mpc
[32.991s] Invoked command in '/home/sheila/march/ros1/build/march_acado_mpc' returned '0': CMAKE_PREFIX_PATH=/home/sheila/march/ros1/install/march_shared_msgs:/home/sheila/march/ros1/install/joint_trajectory_controller:${CMAKE_PREFIX_PATH} LD_LIBRARY_PATH=/home/sheila/march/ros1/install/joint_trajectory_controller/lib:${LD_LIBRARY_PATH} PKG_CONFIG_PATH=/home/sheila/march/ros1/install/march_shared_msgs/lib/x86_64-linux-gnu/pkgconfig:/home/sheila/march/ros1/install/march_shared_msgs/lib/pkgconfig:/home/sheila/march/ros1/install/joint_trajectory_controller/lib/x86_64-linux-gnu/pkgconfig:/home/sheila/march/ros1/install/joint_trajectory_controller/lib/pkgconfig:${PKG_CONFIG_PATH} PYTHONPATH=/home/sheila/march/ros1/install/march_shared_msgs/lib/python3/dist-packages:${PYTHONPATH} ROS_PACKAGE_PATH=/home/sheila/march/ros1/install/march_shared_msgs/share:/home/sheila/march/ros1/install/joint_trajectory_controller/share:${ROS_PACKAGE_PATH} /usr/bin/cmake --build /home/sheila/march/ros1/build/march_acado_mpc -- -j4 -l4
[33.154s] Invoking command in '/home/sheila/march/ros1/build/march_acado_mpc': CMAKE_PREFIX_PATH=/home/sheila/march/ros1/install/march_shared_msgs:/home/sheila/march/ros1/install/joint_trajectory_controller:${CMAKE_PREFIX_PATH} LD_LIBRARY_PATH=/home/sheila/march/ros1/install/joint_trajectory_controller/lib:${LD_LIBRARY_PATH} PKG_CONFIG_PATH=/home/sheila/march/ros1/install/march_shared_msgs/lib/x86_64-linux-gnu/pkgconfig:/home/sheila/march/ros1/install/march_shared_msgs/lib/pkgconfig:/home/sheila/march/ros1/install/joint_trajectory_controller/lib/x86_64-linux-gnu/pkgconfig:/home/sheila/march/ros1/install/joint_trajectory_controller/lib/pkgconfig:${PKG_CONFIG_PATH} PYTHONPATH=/home/sheila/march/ros1/install/march_shared_msgs/lib/python3/dist-packages:${PYTHONPATH} ROS_PACKAGE_PATH=/home/sheila/march/ros1/install/march_shared_msgs/share:/home/sheila/march/ros1/install/joint_trajectory_controller/share:${ROS_PACKAGE_PATH} /usr/bin/cmake --build /home/sheila/march/ros1/build/march_acado_mpc --target tests -- -j4 -l4
[33.248s] [35m[1mScanning dependencies of target tests[0m
[33.264s] Built target tests
[33.284s] Invoked command in '/home/sheila/march/ros1/build/march_acado_mpc' returned '0': CMAKE_PREFIX_PATH=/home/sheila/march/ros1/install/march_shared_msgs:/home/sheila/march/ros1/install/joint_trajectory_controller:${CMAKE_PREFIX_PATH} LD_LIBRARY_PATH=/home/sheila/march/ros1/install/joint_trajectory_controller/lib:${LD_LIBRARY_PATH} PKG_CONFIG_PATH=/home/sheila/march/ros1/install/march_shared_msgs/lib/x86_64-linux-gnu/pkgconfig:/home/sheila/march/ros1/install/march_shared_msgs/lib/pkgconfig:/home/sheila/march/ros1/install/joint_trajectory_controller/lib/x86_64-linux-gnu/pkgconfig:/home/sheila/march/ros1/install/joint_trajectory_controller/lib/pkgconfig:${PKG_CONFIG_PATH} PYTHONPATH=/home/sheila/march/ros1/install/march_shared_msgs/lib/python3/dist-packages:${PYTHONPATH} ROS_PACKAGE_PATH=/home/sheila/march/ros1/install/march_shared_msgs/share:/home/sheila/march/ros1/install/joint_trajectory_controller/share:${ROS_PACKAGE_PATH} /usr/bin/cmake --build /home/sheila/march/ros1/build/march_acado_mpc --target tests -- -j4 -l4
[33.450s] Invoking command in '/home/sheila/march/ros1/build/march_acado_mpc': CMAKE_PREFIX_PATH=/home/sheila/march/ros1/install/march_shared_msgs:/home/sheila/march/ros1/install/joint_trajectory_controller:${CMAKE_PREFIX_PATH} LD_LIBRARY_PATH=/home/sheila/march/ros1/install/joint_trajectory_controller/lib:${LD_LIBRARY_PATH} PKG_CONFIG_PATH=/home/sheila/march/ros1/install/march_shared_msgs/lib/x86_64-linux-gnu/pkgconfig:/home/sheila/march/ros1/install/march_shared_msgs/lib/pkgconfig:/home/sheila/march/ros1/install/joint_trajectory_controller/lib/x86_64-linux-gnu/pkgconfig:/home/sheila/march/ros1/install/joint_trajectory_controller/lib/pkgconfig:${PKG_CONFIG_PATH} PYTHONPATH=/home/sheila/march/ros1/install/march_shared_msgs/lib/python3/dist-packages:${PYTHONPATH} ROS_PACKAGE_PATH=/home/sheila/march/ros1/install/march_shared_msgs/share:/home/sheila/march/ros1/install/joint_trajectory_controller/share:${ROS_PACKAGE_PATH} /usr/bin/cmake --install /home/sheila/march/ros1/build/march_acado_mpc
[33.470s] -- Install configuration: ""
[33.470s] -- Installing: /home/sheila/march/ros1/install/march_acado_mpc/lib/pkgconfig/march_acado_mpc.pc
[33.471s] -- Installing: /home/sheila/march/ros1/install/march_acado_mpc/share/march_acado_mpc/cmake/march_acado_mpcConfig.cmake
[33.471s] -- Installing: /home/sheila/march/ros1/install/march_acado_mpc/share/march_acado_mpc/cmake/march_acado_mpcConfig-version.cmake
[33.472s] -- Installing: /home/sheila/march/ros1/install/march_acado_mpc/share/march_acado_mpc/package.xml
[33.472s] -- Installing: /home/sheila/march/ros1/install/march_acado_mpc/include/march_acado_mpc/include
[33.472s] -- Installing: /home/sheila/march/ros1/install/march_acado_mpc/include/march_acado_mpc/include/joint_trajectory_mpc.hpp
[33.473s] -- Installing: /home/sheila/march/ros1/install/march_acado_mpc/include/march_acado_mpc/include/model_predictive_controller.hpp
[33.473s] -- Installing: /home/sheila/march/ros1/install/march_acado_mpc/include/march_acado_mpc/include/mpc_references.h
[33.473s] -- Installing: /home/sheila/march/ros1/install/march_acado_mpc/lib/libmarch_acado_mpc.so
[33.480s] -- Set runtime path of "/home/sheila/march/ros1/install/march_acado_mpc/lib/libmarch_acado_mpc.so" to ""
[33.480s] -- Installing: /home/sheila/march/ros1/install/march_acado_mpc/share/march_acado_mpc/controller_plugins.xml
[33.486s] Invoked command in '/home/sheila/march/ros1/build/march_acado_mpc' returned '0': CMAKE_PREFIX_PATH=/home/sheila/march/ros1/install/march_shared_msgs:/home/sheila/march/ros1/install/joint_trajectory_controller:${CMAKE_PREFIX_PATH} LD_LIBRARY_PATH=/home/sheila/march/ros1/install/joint_trajectory_controller/lib:${LD_LIBRARY_PATH} PKG_CONFIG_PATH=/home/sheila/march/ros1/install/march_shared_msgs/lib/x86_64-linux-gnu/pkgconfig:/home/sheila/march/ros1/install/march_shared_msgs/lib/pkgconfig:/home/sheila/march/ros1/install/joint_trajectory_controller/lib/x86_64-linux-gnu/pkgconfig:/home/sheila/march/ros1/install/joint_trajectory_controller/lib/pkgconfig:${PKG_CONFIG_PATH} PYTHONPATH=/home/sheila/march/ros1/install/march_shared_msgs/lib/python3/dist-packages:${PYTHONPATH} ROS_PACKAGE_PATH=/home/sheila/march/ros1/install/march_shared_msgs/share:/home/sheila/march/ros1/install/joint_trajectory_controller/share:${ROS_PACKAGE_PATH} /usr/bin/cmake --install /home/sheila/march/ros1/build/march_acado_mpc
