/home/sheila/march/ros2/install/march_rqt_gait_version_tool/lib/python3.8/site-packages/march_rqt_gait_version_tool/gait_version_tool_pop_up.py
/home/sheila/march/ros2/install/march_rqt_gait_version_tool/lib/python3.8/site-packages/march_rqt_gait_version_tool/__init__.py
/home/sheila/march/ros2/install/march_rqt_gait_version_tool/lib/python3.8/site-packages/march_rqt_gait_version_tool/gait_version_tool_view.py
/home/sheila/march/ros2/install/march_rqt_gait_version_tool/lib/python3.8/site-packages/march_rqt_gait_version_tool/gait_version_tool_errors.py
/home/sheila/march/ros2/install/march_rqt_gait_version_tool/lib/python3.8/site-packages/march_rqt_gait_version_tool/gait_version_tool_controller.py
/home/sheila/march/ros2/install/march_rqt_gait_version_tool/lib/python3.8/site-packages/march_rqt_gait_version_tool/gait_version_tool_plugin.py
/home/sheila/march/ros2/install/march_rqt_gait_version_tool/lib/python3.8/site-packages/march_rqt_gait_version_tool/parametric_pop_up.py
/home/sheila/march/ros2/install/march_rqt_gait_version_tool/lib/python3.8/site-packages/march_rqt_gait_version_tool/__pycache__/gait_version_tool_pop_up.cpython-38.pyc
/home/sheila/march/ros2/install/march_rqt_gait_version_tool/lib/python3.8/site-packages/march_rqt_gait_version_tool/__pycache__/__init__.cpython-38.pyc
/home/sheila/march/ros2/install/march_rqt_gait_version_tool/lib/python3.8/site-packages/march_rqt_gait_version_tool/__pycache__/gait_version_tool_view.cpython-38.pyc
/home/sheila/march/ros2/install/march_rqt_gait_version_tool/lib/python3.8/site-packages/march_rqt_gait_version_tool/__pycache__/gait_version_tool_errors.cpython-38.pyc
/home/sheila/march/ros2/install/march_rqt_gait_version_tool/lib/python3.8/site-packages/march_rqt_gait_version_tool/__pycache__/gait_version_tool_controller.cpython-38.pyc
/home/sheila/march/ros2/install/march_rqt_gait_version_tool/lib/python3.8/site-packages/march_rqt_gait_version_tool/__pycache__/gait_version_tool_plugin.cpython-38.pyc
/home/sheila/march/ros2/install/march_rqt_gait_version_tool/lib/python3.8/site-packages/march_rqt_gait_version_tool/__pycache__/parametric_pop_up.cpython-38.pyc
/home/sheila/march/ros2/install/march_rqt_gait_version_tool/share/ament_index/resource_index/packages/march_rqt_gait_version_tool
/home/sheila/march/ros2/install/march_rqt_gait_version_tool/share/march_rqt_gait_version_tool/package.xml
/home/sheila/march/ros2/install/march_rqt_gait_version_tool/share/march_rqt_gait_version_tool/launch
/home/sheila/march/ros2/install/march_rqt_gait_version_tool/share/march_rqt_gait_version_tool/launch/gait_version_tool.launch.py
/home/sheila/march/ros2/install/march_rqt_gait_version_tool/share/march_rqt_gait_version_tool/plugin.xml
/home/sheila/march/ros2/install/march_rqt_gait_version_tool/share/march_rqt_gait_version_tool/gait_selection.ui
/home/sheila/march/ros2/install/march_rqt_gait_version_tool/share/march_rqt_gait_version_tool/parametric_pop_up.ui
/home/sheila/march/ros2/install/march_rqt_gait_version_tool/share/march_rqt_gait_version_tool/resource/img/march-walking.png
/home/sheila/march/ros2/install/march_rqt_gait_version_tool/lib/python3.8/site-packages/march_rqt_gait_version_tool-0.0.0-py3.8.egg-info/SOURCES.txt
/home/sheila/march/ros2/install/march_rqt_gait_version_tool/lib/python3.8/site-packages/march_rqt_gait_version_tool-0.0.0-py3.8.egg-info/top_level.txt
/home/sheila/march/ros2/install/march_rqt_gait_version_tool/lib/python3.8/site-packages/march_rqt_gait_version_tool-0.0.0-py3.8.egg-info/requires.txt
/home/sheila/march/ros2/install/march_rqt_gait_version_tool/lib/python3.8/site-packages/march_rqt_gait_version_tool-0.0.0-py3.8.egg-info/PKG-INFO
/home/sheila/march/ros2/install/march_rqt_gait_version_tool/lib/python3.8/site-packages/march_rqt_gait_version_tool-0.0.0-py3.8.egg-info/dependency_links.txt
/home/sheila/march/ros2/install/march_rqt_gait_version_tool/lib/python3.8/site-packages/march_rqt_gait_version_tool-0.0.0-py3.8.egg-info/zip-safe
/home/sheila/march/ros2/install/march_rqt_gait_version_tool/lib/python3.8/site-packages/march_rqt_gait_version_tool-0.0.0-py3.8.egg-info/entry_points.txt
/home/sheila/march/ros2/install/march_rqt_gait_version_tool/lib/march_rqt_gait_version_tool/gait_version_tool
