-- The C compiler identification is GNU 9.3.0
-- The CXX compiler identification is GNU 9.3.0
-- Check for working C compiler: /usr/bin/cc
-- Check for working C compiler: /usr/bin/cc -- works
-- Detecting C compiler ABI info
-- Detecting C compiler ABI info - done
-- Detecting C compile features
-- Detecting C compile features - done
-- Check for working CXX compiler: /usr/bin/c++
-- Check for working CXX compiler: /usr/bin/c++ -- works
-- Detecting CXX compiler ABI info
-- Detecting CXX compiler ABI info - done
-- Detecting CXX compile features
-- Detecting CXX compile features - done
-- Using CATKIN_DEVEL_PREFIX: /home/sheila/march/ros1/build/direct_dynamic_controller/devel
-- Using CMAKE_PREFIX_PATH: /home/sheila/march/ros1/install/realsense_gazebo_plugin;/home/sheila/march/ros1/install/march_temperature_sensor_controller;/home/sheila/march/ros1/install/march_launch;/home/sheila/march/ros1/install/march_simulation;/home/sheila/march/ros1/install/march_rqt_gait_generator;/home/sheila/march/ros1/install/march_shared_classes;/home/sheila/march/ros1/install/march_realsense_reader;/home/sheila/march/ros1/install/march_pdb_state_controller;/home/sheila/march/ros1/install/march_parameter_server;/home/sheila/march/ros1/install/march_moveit_interface;/home/sheila/march/ros1/install/march_joint_inertia_controller;/home/sheila/march/ros1/install/march_hardware_interface;/home/sheila/march/ros1/install/march_gazebo_plugins;/home/sheila/march/ros1/install/march_gain_scheduling;/home/sheila/march/ros1/install/march_data_collector;/home/sheila/march/ros1/install/march_acado_mpc;/home/sheila/march/ros1/install/march_shared_msgs;/home/sheila/march/ros1/install/march_moveit;/home/sheila/march/ros1/install/march_imu_manager;/home/sheila/march/ros1/install/march_hardware_builder;/home/sheila/march/ros1/install/march_hardware;/home/sheila/march/ros1/install/march_description;/home/sheila/march/ros1/install/march_bridge_parameters;/home/sheila/march/ros1/install/joint_trajectory_controller;/opt/ros/noetic
-- This workspace overlays: /home/sheila/march/ros1/install/realsense_gazebo_plugin;/home/sheila/march/ros1/install/march_temperature_sensor_controller;/home/sheila/march/ros1/install/march_launch;/home/sheila/march/ros1/install/march_simulation;/home/sheila/march/ros1/install/march_rqt_gait_generator;/home/sheila/march/ros1/install/march_shared_classes;/home/sheila/march/ros1/install/march_realsense_reader;/home/sheila/march/ros1/install/march_pdb_state_controller;/home/sheila/march/ros1/install/march_parameter_server;/home/sheila/march/ros1/install/march_moveit_interface;/home/sheila/march/ros1/install/march_joint_inertia_controller;/home/sheila/march/ros1/install/march_hardware_interface;/home/sheila/march/ros1/install/march_gazebo_plugins;/home/sheila/march/ros1/install/march_gain_scheduling;/home/sheila/march/ros1/install/march_data_collector;/home/sheila/march/ros1/install/march_acado_mpc;/home/sheila/march/ros1/install/march_shared_msgs;/home/sheila/march/ros1/install/march_moveit;/home/sheila/march/ros1/install/march_imu_manager;/home/sheila/march/ros1/install/march_hardware_builder;/home/sheila/march/ros1/install/march_hardware;/home/sheila/march/ros1/install/march_description;/home/sheila/march/ros1/install/march_bridge_parameters;/home/sheila/march/ros1/install/joint_trajectory_controller;/opt/ros/noetic
-- Found PythonInterp: /usr/bin/python3 (found suitable version "3.8.5", minimum required is "3") 
-- Using PYTHON_EXECUTABLE: /usr/bin/python3
-- Using Debian Python package layout
-- Found PY_em: /usr/lib/python3/dist-packages/em.py  
-- Using empy: /usr/lib/python3/dist-packages/em.py
-- Using CATKIN_ENABLE_TESTING: ON
-- Call enable_testing()
-- Using CATKIN_TEST_RESULTS_DIR: /home/sheila/march/ros1/build/direct_dynamic_controller/test_results
-- Forcing gtest/gmock from source, though one was otherwise available.
-- Found gtest sources under '/usr/src/googletest': gtests will be built
-- Found gmock sources under '/usr/src/googletest': gmock will be built
-- Found PythonInterp: /usr/bin/python3 (found version "3.8.5") 
-- Found Threads: TRUE  
-- Using Python nosetests: /usr/bin/nosetests3
-- catkin 0.8.9
-- BUILD_SHARED_LIBS is on
-- Using these message generators: gencpp;geneus;genlisp;gennodejs;genpy
-- Configuring done
-- Generating done
-- Build files have been written to: /home/sheila/march/ros1/build/direct_dynamic_controller
[35m[1mScanning dependencies of target direct_dynamic_controller[0m
[ 50%] [32mBuilding CXX object CMakeFiles/direct_dynamic_controller.dir/src/direct_dynamic_controller.cpp.o[0m
[100%] [32m[1mLinking CXX shared library devel/lib/libdirect_dynamic_controller.so[0m
[100%] Built target direct_dynamic_controller
[35m[1mScanning dependencies of target tests[0m
Built target tests
-- Install configuration: ""
-- Installing: /home/sheila/march/ros1/install/direct_dynamic_controller/lib/pkgconfig/direct_dynamic_controller.pc
-- Installing: /home/sheila/march/ros1/install/direct_dynamic_controller/share/direct_dynamic_controller/cmake/direct_dynamic_controllerConfig.cmake
-- Installing: /home/sheila/march/ros1/install/direct_dynamic_controller/share/direct_dynamic_controller/cmake/direct_dynamic_controllerConfig-version.cmake
-- Installing: /home/sheila/march/ros1/install/direct_dynamic_controller/share/direct_dynamic_controller/package.xml
-- Installing: /home/sheila/march/ros1/install/direct_dynamic_controller/include/direct_dynamic_controller
-- Installing: /home/sheila/march/ros1/install/direct_dynamic_controller/include/direct_dynamic_controller/joint_trajectory_segment.h
-- Installing: /home/sheila/march/ros1/install/direct_dynamic_controller/include/direct_dynamic_controller/.vscode
-- Installing: /home/sheila/march/ros1/install/direct_dynamic_controller/include/direct_dynamic_controller/.vscode/settings.json
-- Installing: /home/sheila/march/ros1/install/direct_dynamic_controller/include/direct_dynamic_controller/joint_trajectory_msg_utils.h
-- Installing: /home/sheila/march/ros1/install/direct_dynamic_controller/include/direct_dynamic_controller/tolerances.h
-- Installing: /home/sheila/march/ros1/install/direct_dynamic_controller/include/direct_dynamic_controller/direct_dynamic_controller_impl.h
-- Installing: /home/sheila/march/ros1/install/direct_dynamic_controller/include/direct_dynamic_controller/hardware_interface_adapter copy.h
-- Installing: /home/sheila/march/ros1/install/direct_dynamic_controller/include/direct_dynamic_controller/direct_dynamic_controller.h
-- Installing: /home/sheila/march/ros1/install/direct_dynamic_controller/include/direct_dynamic_controller/hardware_interface_adapter.h
-- Installing: /home/sheila/march/ros1/install/direct_dynamic_controller/include/direct_dynamic_controller/init_joint_trajectory.h
-- Installing: /home/sheila/march/ros1/install/direct_dynamic_controller/include/trajectory_interface/
-- Installing: /home/sheila/march/ros1/install/direct_dynamic_controller/include/trajectory_interface//pos_vel_acc_state.h
-- Installing: /home/sheila/march/ros1/install/direct_dynamic_controller/include/trajectory_interface//trajectory_interface.h
-- Installing: /home/sheila/march/ros1/install/direct_dynamic_controller/include/trajectory_interface//quintic_spline_segment.h
-- Installing: /home/sheila/march/ros1/install/direct_dynamic_controller/lib/libdirect_dynamic_controller.so
-- Set runtime path of "/home/sheila/march/ros1/install/direct_dynamic_controller/lib/libdirect_dynamic_controller.so" to ""
-- Installing: /home/sheila/march/ros1/install/direct_dynamic_controller/share/direct_dynamic_controller/config
-- Installing: /home/sheila/march/ros1/install/direct_dynamic_controller/share/direct_dynamic_controller/config/right_arm
-- Installing: /home/sheila/march/ros1/install/direct_dynamic_controller/share/direct_dynamic_controller/config/right_arm/motor_params_simulation.yaml
-- Installing: /home/sheila/march/ros1/install/direct_dynamic_controller/share/direct_dynamic_controller/config/right_arm/motor_params.yaml
-- Installing: /home/sheila/march/ros1/install/direct_dynamic_controller/share/direct_dynamic_controller/config/right_arm/direct_dynamic_controller.yaml
-- Installing: /home/sheila/march/ros1/install/direct_dynamic_controller/share/direct_dynamic_controller/config/left_arm
-- Installing: /home/sheila/march/ros1/install/direct_dynamic_controller/share/direct_dynamic_controller/config/left_arm/motor_params_simulation.yaml
-- Installing: /home/sheila/march/ros1/install/direct_dynamic_controller/share/direct_dynamic_controller/config/left_arm/motor_params.yaml
-- Installing: /home/sheila/march/ros1/install/direct_dynamic_controller/share/direct_dynamic_controller/config/left_arm/direct_dynamic_controller.yaml
-- Installing: /home/sheila/march/ros1/install/direct_dynamic_controller/share/direct_dynamic_controller/launch
-- Installing: /home/sheila/march/ros1/install/direct_dynamic_controller/share/direct_dynamic_controller/launch/right_arm_direct_dynamic_controller.launch
-- Installing: /home/sheila/march/ros1/install/direct_dynamic_controller/share/direct_dynamic_controller/launch/left_arm_direct_dynamic_controller.launch
-- Installing: /home/sheila/march/ros1/install/direct_dynamic_controller/share/direct_dynamic_controller/launch/direct_dynamic_controller.launch
-- Installing: /home/sheila/march/ros1/install/direct_dynamic_controller/share/direct_dynamic_controller/ros_control_plugins.xml
