[0.023s] Invoking command in '/home/sheila/march/ros1/build/direct_dynamic_controller': /usr/bin/cmake /home/sheila/march/ros1/src/control/direct_dynamic_controller -DCATKIN_INSTALL_INTO_PREFIX_ROOT=0 -DCMAKE_INSTALL_PREFIX=/home/sheila/march/ros1/install/direct_dynamic_controller
[0.366s] -- The C compiler identification is GNU 9.3.0
[0.590s] -- The CXX compiler identification is GNU 9.3.0
[0.606s] -- Check for working C compiler: /usr/bin/cc
[0.704s] -- Check for working C compiler: /usr/bin/cc -- works
[0.710s] -- Detecting C compiler ABI info
[0.808s] -- Detecting C compiler ABI info - done
[0.926s] -- Detecting C compile features
[0.929s] -- Detecting C compile features - done
[0.938s] -- Check for working CXX compiler: /usr/bin/c++
[1.046s] -- Check for working CXX compiler: /usr/bin/c++ -- works
[1.048s] -- Detecting CXX compiler ABI info
[1.156s] -- Detecting CXX compiler ABI info - done
[1.176s] -- Detecting CXX compile features
[1.177s] -- Detecting CXX compile features - done
[1.195s] -- Using CATKIN_DEVEL_PREFIX: /home/sheila/march/ros1/build/direct_dynamic_controller/devel
[1.196s] -- Using CMAKE_PREFIX_PATH: /home/sheila/march/ros1/install/realsense_gazebo_plugin;/home/sheila/march/ros1/install/march_temperature_sensor_controller;/home/sheila/march/ros1/install/march_launch;/home/sheila/march/ros1/install/march_simulation;/home/sheila/march/ros1/install/march_rqt_gait_generator;/home/sheila/march/ros1/install/march_shared_classes;/home/sheila/march/ros1/install/march_realsense_reader;/home/sheila/march/ros1/install/march_pdb_state_controller;/home/sheila/march/ros1/install/march_parameter_server;/home/sheila/march/ros1/install/march_moveit_interface;/home/sheila/march/ros1/install/march_joint_inertia_controller;/home/sheila/march/ros1/install/march_hardware_interface;/home/sheila/march/ros1/install/march_gazebo_plugins;/home/sheila/march/ros1/install/march_gain_scheduling;/home/sheila/march/ros1/install/march_data_collector;/home/sheila/march/ros1/install/march_acado_mpc;/home/sheila/march/ros1/install/march_shared_msgs;/home/sheila/march/ros1/install/march_moveit;/home/sheila/march/ros1/install/march_imu_manager;/home/sheila/march/ros1/install/march_hardware_builder;/home/sheila/march/ros1/install/march_hardware;/home/sheila/march/ros1/install/march_description;/home/sheila/march/ros1/install/march_bridge_parameters;/home/sheila/march/ros1/install/joint_trajectory_controller;/opt/ros/noetic
[1.198s] -- This workspace overlays: /home/sheila/march/ros1/install/realsense_gazebo_plugin;/home/sheila/march/ros1/install/march_temperature_sensor_controller;/home/sheila/march/ros1/install/march_launch;/home/sheila/march/ros1/install/march_simulation;/home/sheila/march/ros1/install/march_rqt_gait_generator;/home/sheila/march/ros1/install/march_shared_classes;/home/sheila/march/ros1/install/march_realsense_reader;/home/sheila/march/ros1/install/march_pdb_state_controller;/home/sheila/march/ros1/install/march_parameter_server;/home/sheila/march/ros1/install/march_moveit_interface;/home/sheila/march/ros1/install/march_joint_inertia_controller;/home/sheila/march/ros1/install/march_hardware_interface;/home/sheila/march/ros1/install/march_gazebo_plugins;/home/sheila/march/ros1/install/march_gain_scheduling;/home/sheila/march/ros1/install/march_data_collector;/home/sheila/march/ros1/install/march_acado_mpc;/home/sheila/march/ros1/install/march_shared_msgs;/home/sheila/march/ros1/install/march_moveit;/home/sheila/march/ros1/install/march_imu_manager;/home/sheila/march/ros1/install/march_hardware_builder;/home/sheila/march/ros1/install/march_hardware;/home/sheila/march/ros1/install/march_description;/home/sheila/march/ros1/install/march_bridge_parameters;/home/sheila/march/ros1/install/joint_trajectory_controller;/opt/ros/noetic
[1.240s] -- Found PythonInterp: /usr/bin/python3 (found suitable version "3.8.5", minimum required is "3") 
[1.240s] -- Using PYTHON_EXECUTABLE: /usr/bin/python3
[1.240s] -- Using Debian Python package layout
[1.286s] -- Found PY_em: /usr/lib/python3/dist-packages/em.py  
[1.286s] -- Using empy: /usr/lib/python3/dist-packages/em.py
[1.445s] -- Using CATKIN_ENABLE_TESTING: ON
[1.445s] -- Call enable_testing()
[1.449s] -- Using CATKIN_TEST_RESULTS_DIR: /home/sheila/march/ros1/build/direct_dynamic_controller/test_results
[1.884s] -- Forcing gtest/gmock from source, though one was otherwise available.
[1.884s] -- Found gtest sources under '/usr/src/googletest': gtests will be built
[1.884s] -- Found gmock sources under '/usr/src/googletest': gmock will be built
[1.925s] -- Found PythonInterp: /usr/bin/python3 (found version "3.8.5") 
[1.928s] -- Found Threads: TRUE  
[1.941s] -- Using Python nosetests: /usr/bin/nosetests3
[2.016s] -- catkin 0.8.9
[2.016s] -- BUILD_SHARED_LIBS is on
[2.305s] -- Using these message generators: gencpp;geneus;genlisp;gennodejs;genpy
[2.901s] -- Configuring done
[2.990s] -- Generating done
[2.996s] -- Build files have been written to: /home/sheila/march/ros1/build/direct_dynamic_controller
[3.004s] Invoked command in '/home/sheila/march/ros1/build/direct_dynamic_controller' returned '0': /usr/bin/cmake /home/sheila/march/ros1/src/control/direct_dynamic_controller -DCATKIN_INSTALL_INTO_PREFIX_ROOT=0 -DCMAKE_INSTALL_PREFIX=/home/sheila/march/ros1/install/direct_dynamic_controller
[3.006s] Invoking command in '/home/sheila/march/ros1/build/direct_dynamic_controller': /usr/bin/cmake --build /home/sheila/march/ros1/build/direct_dynamic_controller -- -j4 -l4
[3.065s] [35m[1mScanning dependencies of target direct_dynamic_controller[0m
[3.423s] [ 50%] [32mBuilding CXX object CMakeFiles/direct_dynamic_controller.dir/src/direct_dynamic_controller.cpp.o[0m
[36.715s] [100%] [32m[1mLinking CXX shared library devel/lib/libdirect_dynamic_controller.so[0m
[37.831s] [100%] Built target direct_dynamic_controller
[37.845s] Invoked command in '/home/sheila/march/ros1/build/direct_dynamic_controller' returned '0': /usr/bin/cmake --build /home/sheila/march/ros1/build/direct_dynamic_controller -- -j4 -l4
[37.926s] Invoking command in '/home/sheila/march/ros1/build/direct_dynamic_controller': /usr/bin/cmake --build /home/sheila/march/ros1/build/direct_dynamic_controller --target tests -- -j4 -l4
[37.994s] [35m[1mScanning dependencies of target tests[0m
[38.008s] Built target tests
[38.025s] Invoked command in '/home/sheila/march/ros1/build/direct_dynamic_controller' returned '0': /usr/bin/cmake --build /home/sheila/march/ros1/build/direct_dynamic_controller --target tests -- -j4 -l4
[38.136s] Invoking command in '/home/sheila/march/ros1/build/direct_dynamic_controller': /usr/bin/cmake --install /home/sheila/march/ros1/build/direct_dynamic_controller
[38.148s] -- Install configuration: ""
[38.150s] -- Installing: /home/sheila/march/ros1/install/direct_dynamic_controller/lib/pkgconfig/direct_dynamic_controller.pc
[38.150s] -- Installing: /home/sheila/march/ros1/install/direct_dynamic_controller/share/direct_dynamic_controller/cmake/direct_dynamic_controllerConfig.cmake
[38.151s] -- Installing: /home/sheila/march/ros1/install/direct_dynamic_controller/share/direct_dynamic_controller/cmake/direct_dynamic_controllerConfig-version.cmake
[38.151s] -- Installing: /home/sheila/march/ros1/install/direct_dynamic_controller/share/direct_dynamic_controller/package.xml
[38.151s] -- Installing: /home/sheila/march/ros1/install/direct_dynamic_controller/include/direct_dynamic_controller
[38.151s] -- Installing: /home/sheila/march/ros1/install/direct_dynamic_controller/include/direct_dynamic_controller/joint_trajectory_segment.h
[38.151s] -- Installing: /home/sheila/march/ros1/install/direct_dynamic_controller/include/direct_dynamic_controller/.vscode
[38.152s] -- Installing: /home/sheila/march/ros1/install/direct_dynamic_controller/include/direct_dynamic_controller/.vscode/settings.json
[38.152s] -- Installing: /home/sheila/march/ros1/install/direct_dynamic_controller/include/direct_dynamic_controller/joint_trajectory_msg_utils.h
[38.152s] -- Installing: /home/sheila/march/ros1/install/direct_dynamic_controller/include/direct_dynamic_controller/tolerances.h
[38.152s] -- Installing: /home/sheila/march/ros1/install/direct_dynamic_controller/include/direct_dynamic_controller/direct_dynamic_controller_impl.h
[38.152s] -- Installing: /home/sheila/march/ros1/install/direct_dynamic_controller/include/direct_dynamic_controller/hardware_interface_adapter copy.h
[38.153s] -- Installing: /home/sheila/march/ros1/install/direct_dynamic_controller/include/direct_dynamic_controller/direct_dynamic_controller.h
[38.153s] -- Installing: /home/sheila/march/ros1/install/direct_dynamic_controller/include/direct_dynamic_controller/hardware_interface_adapter.h
[38.154s] -- Installing: /home/sheila/march/ros1/install/direct_dynamic_controller/include/direct_dynamic_controller/init_joint_trajectory.h
[38.154s] -- Installing: /home/sheila/march/ros1/install/direct_dynamic_controller/include/trajectory_interface/
[38.154s] -- Installing: /home/sheila/march/ros1/install/direct_dynamic_controller/include/trajectory_interface//pos_vel_acc_state.h
[38.154s] -- Installing: /home/sheila/march/ros1/install/direct_dynamic_controller/include/trajectory_interface//trajectory_interface.h
[38.154s] -- Installing: /home/sheila/march/ros1/install/direct_dynamic_controller/include/trajectory_interface//quintic_spline_segment.h
[38.155s] -- Installing: /home/sheila/march/ros1/install/direct_dynamic_controller/lib/libdirect_dynamic_controller.so
[38.171s] -- Set runtime path of "/home/sheila/march/ros1/install/direct_dynamic_controller/lib/libdirect_dynamic_controller.so" to ""
[38.171s] -- Installing: /home/sheila/march/ros1/install/direct_dynamic_controller/share/direct_dynamic_controller/config
[38.171s] -- Installing: /home/sheila/march/ros1/install/direct_dynamic_controller/share/direct_dynamic_controller/config/right_arm
[38.171s] -- Installing: /home/sheila/march/ros1/install/direct_dynamic_controller/share/direct_dynamic_controller/config/right_arm/motor_params_simulation.yaml
[38.172s] -- Installing: /home/sheila/march/ros1/install/direct_dynamic_controller/share/direct_dynamic_controller/config/right_arm/motor_params.yaml
[38.172s] -- Installing: /home/sheila/march/ros1/install/direct_dynamic_controller/share/direct_dynamic_controller/config/right_arm/direct_dynamic_controller.yaml
[38.172s] -- Installing: /home/sheila/march/ros1/install/direct_dynamic_controller/share/direct_dynamic_controller/config/left_arm
[38.172s] -- Installing: /home/sheila/march/ros1/install/direct_dynamic_controller/share/direct_dynamic_controller/config/left_arm/motor_params_simulation.yaml
[38.173s] -- Installing: /home/sheila/march/ros1/install/direct_dynamic_controller/share/direct_dynamic_controller/config/left_arm/motor_params.yaml
[38.173s] -- Installing: /home/sheila/march/ros1/install/direct_dynamic_controller/share/direct_dynamic_controller/config/left_arm/direct_dynamic_controller.yaml
[38.173s] -- Installing: /home/sheila/march/ros1/install/direct_dynamic_controller/share/direct_dynamic_controller/launch
[38.174s] -- Installing: /home/sheila/march/ros1/install/direct_dynamic_controller/share/direct_dynamic_controller/launch/right_arm_direct_dynamic_controller.launch
[38.174s] -- Installing: /home/sheila/march/ros1/install/direct_dynamic_controller/share/direct_dynamic_controller/launch/left_arm_direct_dynamic_controller.launch
[38.174s] -- Installing: /home/sheila/march/ros1/install/direct_dynamic_controller/share/direct_dynamic_controller/launch/direct_dynamic_controller.launch
[38.175s] -- Installing: /home/sheila/march/ros1/install/direct_dynamic_controller/share/direct_dynamic_controller/ros_control_plugins.xml
[38.177s] Invoked command in '/home/sheila/march/ros1/build/direct_dynamic_controller' returned '0': /usr/bin/cmake --install /home/sheila/march/ros1/build/direct_dynamic_controller
