In file included from [01m[K/home/sheila/march/ros1/src/control/computed_torque/src/computed_torque_controller.cpp:5[m[K:
[01m[K/home/sheila/march/ros1/src/control/computed_torque/include/computed_torque/computed_torque_controller.h:70:31:[m[K [01;31m[Kerror: [m[K‘[01m[KSegment[m[K’ does not name a type
   70 |                         const [01;31m[KSegment[m[K::State& desired_state,
      |                               [01;31m[K^~~~~~~[m[K
[01m[K/home/sheila/march/ros1/src/control/computed_torque/include/computed_torque/computed_torque_controller.h:70:45:[m[K [01;31m[Kerror: [m[Kexpected unqualified-id before ‘[01m[K&[m[K’ token
   70 |                         const Segment::State[01;31m[K&[m[K desired_state,
      |                                             [01;31m[K^[m[K
[01m[K/home/sheila/march/ros1/src/control/computed_torque/include/computed_torque/computed_torque_controller.h:70:45:[m[K [01;31m[Kerror: [m[Kexpected ‘[01m[K)[m[K’ before ‘[01m[K&[m[K’ token
   70 |                         const Segment::State[01;31m[K&[m[K desired_state,
      |                                             [01;31m[K^[m[K
      |                                             [32m[K)[m[K
[01m[K/home/sheila/march/ros1/src/control/computed_torque/include/computed_torque/computed_torque_controller.h:69:24:[m[K [01;36m[Knote: [m[Kto match this ‘[01m[K([m[K’
   69 |             void update[01;36m[K([m[Kconst ros::Time &time, const ros::Duration &period,
      |                        [01;36m[K^[m[K
[01m[K/home/sheila/march/ros1/src/control/computed_torque/include/computed_torque/computed_torque_controller.h:70:45:[m[K [01;31m[Kerror: [m[Kexpected ‘[01m[K;[m[K’ at end of member declaration
   70 |                         const Segment::State[01;31m[K&[m[K desired_state,
      |                                             [01;31m[K^[m[K
      |                                              [32m[K;[m[K
[01m[K/home/sheila/march/ros1/src/control/computed_torque/include/computed_torque/computed_torque_controller.h:70:47:[m[K [01;31m[Kerror: [m[K‘[01m[Kdesired_state[m[K’ does not name a type
   70 |                         const Segment::State& [01;31m[Kdesired_state[m[K,
      |                                               [01;31m[K^~~~~~~~~~~~~[m[K
In file included from [01m[K/home/sheila/march/ros1/src/control/computed_torque/include/computed_torque/computed_torque_controller.h:140[m[K,
                 from [01m[K/home/sheila/march/ros1/src/control/computed_torque/src/computed_torque_controller.cpp:5[m[K:
[01m[K/home/sheila/march/ros1/src/control/computed_torque/include/computed_torque/computed_torque_controller.hpp:75:53:[m[K [01;31m[Kerror: [m[K‘[01m[KSegment[m[K’ does not name a type
   75 |                                               const [01;31m[KSegment[m[K::State& desired_state,
      |                                                     [01;31m[K^~~~~~~[m[K
[01m[K/home/sheila/march/ros1/src/control/computed_torque/include/computed_torque/computed_torque_controller.hpp:75:67:[m[K [01;31m[Kerror: [m[Kexpected unqualified-id before ‘[01m[K&[m[K’ token
   75 |                                           const Segment::State[01;31m[K&[m[K desired_state,
      |                                                               [01;31m[K^[m[K

[01m[K/home/sheila/march/ros1/src/control/computed_torque/include/computed_torque/computed_torque_controller.hpp:75:67:[m[K [01;31m[Kerror: [m[Kexpected ‘[01m[K)[m[K’ before ‘[01m[K&[m[K’ token
   75 |                                           const Segment::State[01;31m[K&[m[K desired_state,
      |                                                               [01;31m[K^[m[K
      |                                                               [32m[K)[m[K
[01m[K/home/sheila/march/ros1/src/control/computed_torque/include/computed_torque/computed_torque_controller.hpp:74:46:[m[K [01;36m[Knote: [m[Kto match this ‘[01m[K([m[K’
   74 | void computed_torque_controller_class::update[01;36m[K([m[Kconst ros::Time &time, const ros::Duration &period,
      |                                              [01;36m[K^[m[K
[01m[K/home/sheila/march/ros1/src/control/computed_torque/include/computed_torque/computed_torque_controller.hpp:75:69:[m[K [01;31m[Kerror: [m[Kexpected initializer before ‘[01m[Kdesired_state[m[K’
   75 |                                           const Segment::State& [01;31m[Kdesired_state[m[K,
      |                                                                 [01;31m[K^~~~~~~~~~~~~[m[K

In file included from [01m[K/opt/ros/noetic/include/class_loader/class_loader_core.hpp:45[m[K,
                 from [01m[K/opt/ros/noetic/include/class_loader/class_loader.hpp:46[m[K,
                 from [01m[K/opt/ros/noetic/include/pluginlib/./class_list_macros.hpp:40[m[K,
                 from [01m[K/opt/ros/noetic/include/pluginlib/class_list_macros.h:35[m[K,
                 from [01m[K/home/sheila/march/ros1/src/control/computed_torque/src/computed_torque_controller.cpp:2[m[K:
/opt/ros/noetic/include/class_loader/meta_object.hpp: In instantiation of ‘[01m[KB* class_loader::impl::MetaObject<C, B>::create() const [with C = controller_ns::computed_torque_controller_class; B = controller_interface::ControllerBase][m[K’:
[01m[K/opt/ros/noetic/include/class_loader/meta_object.hpp:196:7:[m[K   required from here
[01m[K/opt/ros/noetic/include/class_loader/meta_object.hpp:198:12:[m[K [01;31m[Kerror: [m[Kinvalid new-expression of abstract class type ‘[01m[Kcontroller_ns::computed_torque_controller_class[m[K’
  198 |     return [01;31m[Knew C[m[K;
      |            [01;31m[K^~~~~[m[K
In file included from [01m[K/home/sheila/march/ros1/src/control/computed_torque/src/computed_torque_controller.cpp:5[m[K:
[01m[K/home/sheila/march/ros1/src/control/computed_torque/include/computed_torque/computed_torque_controller.h:64:11:[m[K [01;36m[Knote: [m[K  because the following virtual functions are pure within ‘[01m[Kcontroller_ns::computed_torque_controller_class[m[K’:
   64 |     class [01;36m[Kcomputed_torque_controller_class[m[K : public controller_interface::Controller<hardware_interface::EffortJointInterface> {
      |           [01;36m[K^~~~~~~~~~~~~~~~~~~~~~~~~~~~~~~~[m[K
In file included from [01m[K/opt/ros/noetic/include/controller_interface/controller.h:35[m[K,
                 from [01m[K/home/sheila/march/ros1/src/control/computed_torque/include/computed_torque/computed_torque_controller.h:24[m[K,
                 from [01m[K/home/sheila/march/ros1/src/control/computed_torque/src/computed_torque_controller.cpp:5[m[K:
[01m[K/opt/ros/noetic/include/controller_interface/controller_base.h:73:16:[m[K [01;36m[Knote: [m[K	‘[01m[Kvirtual void controller_interface::ControllerBase::update(const ros::Time&, const ros::Duration&)[m[K’
   73 |   virtual void [01;36m[Kupdate[m[K(const ros::Time& time, const ros::Duration& period) = 0;
      |                [01;36m[K^~~~~~[m[K
make[2]: *** [CMakeFiles/computed_torque_lib.dir/build.make:63: CMakeFiles/computed_torque_lib.dir/src/computed_torque_controller.cpp.o] Error 1
make[1]: *** [CMakeFiles/Makefile2:1811: CMakeFiles/computed_torque_lib.dir/all] Error 2
make: *** [Makefile:141: all] Error 2
